309

503 141 1 0
34 122 7 0
494 167 34 1
426 496 507 42 8 2
426 457 469 109 3 2
426 439 176 6 2
426 438 16 15 2
426 362 373 174 10 2
426 362 371 162 5 2
426 167 177 237 18 2
426 131 573 590 173 2 2
51 427 442 46 6 1
51 360 366 55 1 1
51 63 131 2 1
51 62 220 27 1
51 54 72 48 4 1
51 50 60 181 2 1
316 76 10 0
200 471 481 81 13 2
200 471 472 482 11 8 2
200 456 463 17 3 2
200 341 346 52 9 2
200 206 164 10 2
200 205 51 16 2
200 203 54 1 2
22 33 28 1
502 145 15 0
79 6 4 0
275 570 577 124 8 5
275 496 507 42 2 5
275 457 469 109 4 5
275 457 468 90 12 5
275 457 466 193 8 5
275 430 454 190 18 5
275 430 453 168 4 5
275 430 379 399 196 9 5
275 430 379 398 135 1 5
275 430 379 397 191 1 5
275 379 397 191 6 5
275 360 366 55 11 5
275 360 365 144 13 5
275 360 363 154 10 5
275 360 88 124 206 12 5
275 278 74 24 5
275 256 265 4 19 5
275 256 264 185 3 5
275 201 55 470 478 8 1 5
275 201 50 60 181 18 5
275 132 145 474 493 93 5 5
275 132 145 474 491 44 10 5
275 132 144 183 9 5
275 132 143 226 8 5
275 132 141 22 6 5
275 132 131 573 590 173 3 5
275 83 107 58 3 5
275 18 362 371 162 8 5
275 18 36 188 8 5
275 18 35 166 3 5
275 18 33 161 3 5
499 571 583 180 17 2
499 571 582 138 9 2
499 571 581 95 10 2
499 571 573 590 173 3 2
499 519 194 15 2
499 518 84 16 2
499 515 0 1 2
499 514 41 23 2
499 513 235 6 2
425 436 230 8 2
425 435 155 19 2
425 434 233 3 2
425 432 60 10 2
425 428 446 231 10 2
425 428 444 64 4 2
71 28 3 0
520 532 197 16 3
520 529 15 23 3
520 528 2 13 3
520 523 524 542 172 4 3
520 130 136 111 11 3
520 130 134 29 11 3
520 130 82 104 139 8 3
520 130 82 103 10 14 3
520 54 72 48 24 3
455 495 500 14 8 3
455 495 496 507 42 4 3
455 495 496 506 96 7 3
455 495 496 505 18 1 3
455 470 478 8 10 3
455 470 477 177 16 3
455 461 128 9 3
455 459 36 7 3
455 458 236 16 3
455 429 428 443 212 14 3
455 377 467 38 19 3
455 377 380 403 71 9 3
455 219 242 232 10 3
146 561 569 113 13 5
146 376 379 397 191 12 5
146 376 341 346 52 3 5
146 376 341 343 359 223 4 5
146 295 303 25 9 5
146 295 246 253 106 3 5
146 258 342 353 171 4 5
146 258 342 349 1 4 5
146 258 342 348 40 19 5
146 258 272 92 3 5
146 258 271 87 5 5
146 245 498 511 67 1 5
146 245 498 509 217 5 5
146 245 248 148 11 5
146 245 247 32 21 5
146 185 189 120 2 5
146 185 188 50 16 5
146 156 89 25 5
146 152 204 9 5
146 151 151 4 5
146 82 103 10 15 5
146 82 99 198 6 5
146 55 470 477 177 3 5
146 55 470 476 129 1 5
146 55 75 186 19 5
504 39 1 0
180 159 16 0
533 215 14 0
9 66 32 1
120 143 7 0
207 94 9 0
190 187 12 0
58 107 22 0
530 12 16 0
479 170 13 0
406 521 537 211 13 4
406 521 522 538 219 11 4
406 521 522 360 88 123 108 1 4
406 497 379 397 191 2 4
406 418 75 11 4
406 417 30 16 4
406 416 133 18 4
406 415 27 27 4
406 413 182 21 4
406 407 422 65 14 4
406 407 421 205 12 4
406 407 420 9 10 4
406 407 419 125 8 4
406 298 315 88 10 4
406 298 312 101 7 4
406 83 107 58 1 4
406 0 256 264 185 3 4
406 0 8 184 10 4
412 147 18 0
178 78 10 0
596 163 8 0
19 43 195 19 1
19 42 115 9 1
19 41 201 9 1
19 40 45 13 1
17 32 216 4 2
17 29 69 17 2
17 28 209 7 2
17 20 44 169 10 2
17 20 16 24 61 20 2
17 18 33 161 12 2
525 570 577 124 1 2
525 570 575 63 9 2
525 570 573 590 173 3 2
525 570 379 397 191 4 2
525 570 379 396 83 2 2
525 570 379 394 85 5 2
525 570 87 117 98 2 2
525 570 87 80 92 189 1 2
525 547 77 13 2
525 546 158 14 2
525 544 23 15 2
1 473 485 140 7 4
1 375 385 100 23 4
1 375 384 110 7 4
1 375 383 179 12 4
1 299 560 565 47 18 4
1 299 318 20 6 4
1 299 317 228 15 4
1 246 253 106 21 4
1 219 242 232 9 4
1 219 240 142 11 4
1 168 183 214 11 4
1 168 182 238 2 4
1 132 131 457 466 193 8 4
1 132 131 139 119 4 4
1 13 112 2 4
296 561 569 113 10 2
296 524 542 172 6 2
296 327 338 53 2 2
296 327 337 72 2 2
296 320 574 593 117 16 2
296 320 323 3 2 2
296 309 146 12 2
296 306 13 3 2
296 305 224 10 2
216 571 573 590 173 4 3
216 571 572 589 68 9 3
216 571 572 573 590 173 9 3
216 571 572 573 378 391 225 9 3
216 571 131 139 119 3 3
216 571 131 138 56 6 3
216 560 565 47 1 3
216 380 403 71 8 3
216 380 402 150 13 3
216 380 401 114 17 3
216 380 400 105 11 3
216 230 37 19 3
216 229 222 3 3
216 227 178 17 3
215 498 509 217 3 2
215 407 419 125 18 2
215 226 208 21 2
215 222 149 13 2
215 221 153 2 2
85 405 409 227 8 2
85 114 103 8 2
85 113 207 18 2
85 112 104 9 2
85 88 123 108 18 2
85 87 80 92 189 1 2
85 83 107 58 5 2
85 82 99 198 6 2
85 82 80 92 189 11 2
85 81 80 92 189 2 2
85 80 92 189 13 2
486 49 14 0
125 571 131 138 56 23 4
125 496 505 18 3 4
125 342 347 116 8 4
125 326 333 192 16 4
125 326 331 82 9 4
125 326 186 561 569 113 1 4
125 326 186 198 137 1 4
125 281 574 593 117 1 4
125 281 299 317 228 12 4
125 281 290 59 6 4
125 281 289 86 18 4
125 258 271 87 7 4
125 202 378 391 225 1 4
125 202 213 57 4 4
125 186 198 137 15 4
125 186 195 102 12 4
125 186 193 97 1 4
125 128 80 22 4
125 127 91 4 4
125 86 115 199 4 4
125 86 80 92 189 3 4
125 86 80 89 121 7 4
125 53 50 60 181 7 4
125 53 50 56 73 5 4
526 552 62 7 3
526 551 21 7 3
526 550 35 5 3
526 549 118 7 3
526 527 558 132 28 3
526 527 557 123 7 3
526 527 556 7 7 3
526 2 380 400 105 3 3
526 2 362 371 162 1 3
526 2 340 344 31 21 3
526 0 8 184 1 3
526 0 7 126 21 3
526 0 4 165 11 3
526 0 3 234 2 3
389 175 2 0
389 378 391 225 3 0
12 157 28 1
595 598 200 6 5
595 597 203 1 5
595 560 565 47 1 5
595 560 564 24 19 5
595 560 562 229 16 5
595 377 380 400 105 1 5
595 377 55 75 186 1 5
595 362 371 162 5 5
595 362 370 136 23 5
595 343 359 223 2 5
595 343 354 134 23 5
595 326 186 193 97 18 5
595 325 375 383 179 1 5
595 325 375 378 391 225 3 5
595 325 330 70 24 5
595 148 164 202 23 5
595 148 163 5 6 5
595 148 162 160 13 5
595 147 457 466 193 10 5
595 147 457 465 152 2 5
595 147 160 213 16 5
595 21 257 379 394 85 8 5
595 21 46 127 3 5
220 280 472 482 11 8 2
220 280 284 218 9 2
220 244 130 14 2
220 243 239 9 2
220 218 217 231 26 17 2
220 52 67 19 14 2
566 156 1 0
368 34 9 0
165 572 573 378 391 225 1 1
165 572 573 378 390 43 10 1
165 457 465 152 5 1
165 457 378 390 43 1 1
165 170 221 11 1
165 169 210 4 1
460 79 34 1
236 99 15 0

