317

58 119 12 0
5 586 587 599 171 3 3
5 586 587 598 159 3 3
5 571 576 212 15 3
5 571 72 84 22 3 3
5 571 72 83 156 12 3
5 571 72 82 214 6 3
5 522 533 226 3 3
5 285 296 190 1 3
5 285 287 308 161 3 3
5 285 41 53 120 2 3
5 161 172 86 8 3
5 161 170 131 5 3
5 161 160 169 112 10 3
5 11 6 5 3
5 8 56 15 3
5 6 459 481 33 2 3
5 6 410 413 36 3 3
5 6 185 23 38 1 7 3
5 6 14 228 6 3
311 30 11 0
148 111 8 0
90 571 72 82 214 1 5
90 455 463 200 13 5
90 455 460 520 526 85 2 5
90 455 460 484 68 13 5
90 455 147 549 569 76 6 5
90 455 147 157 164 7 5
90 455 147 156 80 4 5
90 290 321 29 14 5
90 290 319 10 5 5
90 201 546 557 103 2 5
90 201 546 555 45 6 5
90 201 546 548 566 174 3 5
90 201 546 548 565 155 15 5
90 201 546 548 564 83 9 5
90 201 546 348 384 94 1 5
90 201 211 71 3 5
90 101 100 11 5
90 100 46 21 5
90 97 160 11 5
90 96 91 12 5
90 94 170 11 5
90 92 571 72 82 214 4 5
90 92 485 489 163 13 5
90 92 485 488 50 23 5
90 92 225 229 73 9 5
370 47 11 0
282 52 17 0
107 113 7 0
103 150 10 0
152 87 13 0
286 586 587 598 159 1 4
286 586 587 597 64 11 4
286 546 348 384 94 3 4
286 456 521 532 204 8 4
286 301 147 11 4
286 299 114 31 4
286 297 194 2 4
286 292 289 318 88 6 4
286 292 289 317 9 13 4
286 292 287 308 161 1 4
286 292 287 307 151 7 4
286 290 319 10 13 4
286 290 289 317 9 3 4
286 290 287 307 151 13 4
286 289 317 9 11 4
286 289 316 115 3 4
286 288 312 230 8 4
286 288 310 77 2 4
286 288 289 316 115 4 4
286 287 307 151 4 4
286 234 263 207 12 4
286 234 261 220 13 4
143 11 14 0
175 143 17 0
184 236 21 0
254 201 18 0
306 48 19 0
513 199 29 1
511 195 9 0
182 125 8 0
42 547 562 8 10 3
42 547 561 109 12 3
42 547 560 146 9 3
42 547 559 136 3 3
42 547 521 532 204 1 3
42 547 521 529 202 11 3
42 547 234 261 220 1 3
42 91 43 62 238 3 3
42 70 429 449 93 4 3
42 59 144 14 3
42 56 118 20 3
42 55 209 14 3
42 54 237 3 3
42 43 62 238 14 3
42 43 61 74 1 3
0 587 597 64 1 5
0 587 596 108 8 5
0 547 234 261 220 3 5
0 492 503 187 17 5
0 492 502 167 8 5
0 492 501 205 7 5
0 426 434 233 5 5
0 426 432 72 7 5
0 426 346 375 176 12 5
0 426 346 374 23 3 5
0 426 346 373 158 2 5
0 287 307 151 4 5
0 287 303 206 29 5
0 187 289 316 115 11 5
0 125 132 197 13 5
0 125 129 162 10 5
0 41 53 120 8 5
0 40 49 110 18 5
0 40 47 31 22 5
0 23 38 1 14 5
0 21 160 169 112 18 5
0 21 26 84 7 5
0 21 20 24 175 12 5
0 2 26 11 5
99 107 19 0
200 491 496 154 13 3
200 491 40 47 31 1 3
200 456 521 528 51 2 3
200 456 469 43 2 3
200 456 467 219 18 3
200 209 231 4 3
200 208 124 13 3
200 207 44 31 3
200 203 429 449 93 5 3
200 203 429 446 62 4 3
200 203 221 183 28 3
200 111 121 213 17 3
200 72 82 214 7 3
73 506 410 413 36 4 3
73 506 348 384 94 9 3
73 506 331 339 5 1 3
73 389 408 79 8 3
73 389 407 19 13 3
73 389 405 42 17 3
73 331 339 5 7 3
73 88 229 19 3
73 87 140 21 3
73 71 520 526 85 24 3
73 71 520 525 75 17 3
365 172 3 0
468 66 7 0
284 95 12 0
530 227 11 0
451 14 5 0
404 128 9 0
226 224 23 0
74 132 11 0
194 101 20 0
412 545 553 99 13 5
412 545 225 229 73 3 5
412 545 225 228 217 4 5
412 545 91 43 61 74 2 5
412 545 91 43 60 13 4 5
412 540 289 316 115 6 5
412 540 289 315 0 4 5
412 540 289 313 234 2 5
412 540 164 162 179 210 7 5
412 424 59 5 5
412 423 235 3 5
412 411 418 222 11 5
412 411 410 413 36 4 5
412 411 289 313 234 6 5
412 387 126 138 186 6 5
412 387 126 135 117 21 5
412 387 126 134 130 9 5
412 344 367 69 2 5
412 344 347 379 39 17 5
412 330 549 569 76 11 5
412 330 549 568 168 2 5
412 330 337 127 5 5
412 330 336 17 5 5
412 330 332 211 16 5
412 128 144 198 11 5
412 23 37 12 12 5
412 23 36 116 12 5
243 98 3 0
457 540 164 162 179 210 13 4
457 540 164 162 178 189 11 4
457 540 164 162 176 221 2 4
457 540 162 176 221 10 4
457 476 38 18 4
457 475 139 19 4
457 474 34 21 4
457 471 153 2 4
457 460 484 68 16 4
457 460 483 96 20 4
457 460 482 122 1 4
457 459 481 33 12 4
457 459 480 166 10 4
457 459 479 126 5 4
457 388 402 27 30 4
457 388 401 123 1 4
457 388 389 405 42 5 4
202 490 494 25 3 2
202 386 427 438 182 9 2
202 386 427 436 239 10 2
202 386 22 34 4 9 2
202 386 22 33 81 4 2
202 386 22 30 58 6 2
202 219 173 12 2
202 218 70 12 2
202 214 16 4 2
202 212 105 11 2
572 583 3 3 2
572 580 92 2 2
572 577 142 29 2
572 492 501 205 6 2
572 492 499 134 13 2
572 385 393 102 15 2
572 111 121 213 8 2
572 0 2 26 7 2
450 585 592 203 1 5
450 585 591 63 21 5
450 523 539 121 8 5
450 523 385 393 102 6 5
450 523 385 392 165 2 5
450 523 112 122 67 15 5
450 490 494 25 12 5
450 452 32 6 5
450 341 358 137 13 5
450 341 356 208 10 5
450 341 342 363 15 6 5
450 341 342 360 89 19 5
450 236 272 135 2 5
450 201 211 71 1 5
450 201 210 152 18 5
450 201 146 154 21 11 5
450 44 570 574 149 11 5
450 44 570 573 54 4 5
450 44 570 428 440 7 4 5
450 44 238 235 268 215 12 5
450 44 65 169 10 5
450 7 427 436 239 4 5
450 7 427 45 68 185 6 5
450 7 18 133 10 5
195 178 21 0
127 485 488 50 2 3
127 485 487 97 11 3
127 485 346 373 158 3 3
127 485 45 68 185 8 3
127 429 446 62 16 3
127 429 444 145 13 3
127 204 347 379 39 5 3
127 186 189 104 13 3
127 142 138 17 3
127 140 37 1 3
127 139 177 19 3
127 128 144 198 11 3
127 126 134 130 15 3
127 126 133 141 11 3
593 193 13 0
398 53 17 0
414 2 7 0
233 520 525 75 5 3
233 520 524 148 13 3
233 259 55 8 3
233 255 41 7 3
233 240 236 272 135 16 3
233 240 236 271 18 5 3
233 240 232 253 191 2 3
233 239 279 106 15 3
233 239 236 271 18 8 3
233 239 236 270 192 4 3
233 237 277 223 13 3
233 237 276 78 8 3
233 235 268 215 2 3
233 235 267 218 6 3
233 235 265 157 3 3
233 232 253 191 3 3
233 231 245 35 1 3
233 231 232 253 191 7 3
233 231 232 252 82 3 3
233 230 239 236 270 192 5 3
120 129 2 0
163 585 521 528 51 23 4
163 585 385 392 165 6 4
163 505 510 179 21 4
163 505 225 228 217 12 4
163 505 225 227 196 3 4
163 460 482 122 11 4
163 460 428 440 7 17 4
163 330 332 211 2 4
163 330 162 176 221 11 4
163 162 176 221 1 4
163 160 169 112 2 4
163 160 166 57 32 4
163 126 133 141 1 4
163 70 429 444 145 1 4
163 70 232 252 82 8 4
163 70 79 188 3 4
163 70 76 60 12 4
163 70 71 520 524 148 9 4
163 70 71 80 24 8 4
340 354 180 8 3
340 353 40 11 3
340 352 225 1 3
340 351 216 6 3
340 350 90 3 3
340 348 384 94 1 3
340 348 383 184 14 3
340 348 381 65 17 3
340 347 379 39 4 3
340 347 378 28 7 3
340 345 372 181 5 3
340 145 153 232 13 3
340 145 149 49 14 3
340 110 426 346 373 158 2 3
340 110 113 61 18 3
340 41 53 120 7 3
340 41 50 20 18 3

