318

462 84 9 0
462 451 465 117 13 0
288 289 312 58 8 1
288 287 309 136 5 1
288 285 294 82 4 1
288 285 182 192 119 3 1
288 154 471 477 233 16 1
288 35 56 231 4 1
288 35 55 174 4 1
251 453 451 465 117 8 4
251 453 451 464 40 2 4
251 453 266 277 212 12 4
251 453 102 112 221 13 4
251 371 416 427 187 11 4
251 260 217 24 4
251 259 238 11 4
251 258 130 23 4
251 257 23 1 4
251 255 63 20 4
251 250 470 2 17 103 2 4
251 250 254 33 18 4
251 250 253 81 17 4
251 154 471 477 233 6 4
251 154 174 97 4 4
365 85 11 0
448 0 8 0
86 571 585 74 2 3
86 571 583 230 5 3
86 481 485 192 7 3
86 481 471 475 199 1 3
86 481 471 474 26 13 3
86 481 101 110 106 8 3
86 481 101 33 48 16 1 3
86 481 101 33 47 182 2 3
86 370 415 424 67 10 3
86 370 415 422 94 1 3
86 370 377 22 10 3
86 370 374 73 13 3
86 370 372 387 218 2 3
86 93 6 15 3
86 92 49 7 3
86 91 113 9 3
86 87 99 223 9 3
86 87 97 96 7 3
86 87 96 109 19 3
222 79 12 0
45 55 6 0
45 33 47 182 8 0
279 171 9 0
229 17 5 0
6 190 14 0
71 572 589 206 5 2
71 572 588 183 4 2
71 324 347 186 4 2
71 182 192 119 4 2
71 83 41 26 2
71 81 140 7 2
71 80 195 4 2
71 79 34 3 2
499 83 19 0
340 197 7 0
233 547 558 72 11 2
233 547 287 309 136 3 2
233 547 287 306 43 1 2
233 441 440 445 11 3 2
233 441 440 444 35 16 2
233 441 440 443 175 2 2
233 441 325 353 237 3 2
233 249 234 31 2
233 247 3 1 2
233 231 244 50 1 2
286 303 204 7 1
286 301 198 7 1
286 291 319 21 3 1
286 290 313 116 20 1
360 595 599 44 2 5
360 595 598 112 10 5
360 595 596 209 25 5
360 595 418 433 66 3 5
360 595 266 277 212 1 5
360 595 266 276 127 3 5
360 595 266 275 210 4 5
360 549 569 38 11 5
360 549 568 25 2 5
360 549 567 193 1 5
360 470 2 17 103 5 5
360 470 2 16 203 14 5
360 364 143 18 5
360 363 216 10 5
360 362 169 22 5
360 361 369 194 3 5
360 361 367 122 8 5
360 323 343 118 12 5
360 323 327 359 19 9 5
360 323 327 358 46 8 5
360 323 327 322 342 60 2 5
360 323 327 322 341 31 2 5
360 180 187 219 75 9 5
360 180 185 209 124 11 5
360 180 185 206 211 12 5
360 150 160 8 3 5
360 150 158 239 17 5
399 121 14 0
269 129 7 0
594 139 10 0
300 57 14 0
3 491 497 9 12 3
3 491 5 29 68 6 3
3 450 460 228 8 3
3 450 457 138 2 3
3 450 456 90 19 3
3 135 322 337 220 7 3
3 135 250 253 81 15 3
3 135 102 112 221 4 3
3 32 41 229 17 3
3 32 34 51 184 3 3
3 21 160 21 3
447 144 12 0
518 180 17 1
518 506 508 530 87 9 1
220 595 266 275 210 1 2
220 595 266 231 244 50 3 2
220 573 593 177 2 2
220 573 590 18 20 2
220 450 456 90 3 2
220 440 443 175 12 2
220 373 389 159 26 2
220 372 387 218 1 2
220 285 182 192 119 6 2
220 285 182 191 24 1 2
220 226 150 2 2
220 30 36 148 10 2
220 30 34 51 184 3 2
220 1 9 101 1 2
220 1 7 151 4 2
239 15 21 0
528 181 8 0
394 417 431 92 17 4
394 417 429 69 8 4
394 417 428 236 9 4
394 417 416 427 187 11 4
394 414 51 10 4
394 407 188 7 4
394 393 405 45 4 4
394 393 404 189 1 4
394 393 403 80 8 4
394 393 402 146 8 4
394 393 400 201 21 4
394 393 392 398 145 4 4
394 392 398 145 19 4
394 391 397 163 8 4
394 70 416 427 187 8 4
394 70 75 232 10 4
394 70 73 89 10 4
85 392 398 145 7 3
85 326 419 438 5 7 3
85 326 419 436 176 2 3
85 326 356 156 6 3
85 326 355 36 18 3
85 326 354 70 6 3
85 326 324 347 186 4 3
85 291 319 21 10 3
85 291 316 205 9 3
85 265 548 545 555 142 9 3
85 265 273 215 7 3
85 265 270 39 8 3
85 187 219 75 2 3
85 187 218 62 2 3
85 187 217 170 6 3
85 187 33 47 182 4 3
85 136 451 464 40 15 3
85 102 103 117 225 1 3
85 100 108 71 3 3
85 100 105 78 6 3
85 90 178 1 3
85 88 196 2 3
50 161 17 0
227 120 18 0
439 1 6 0
61 595 266 231 244 50 1 3
61 549 567 193 20 3
61 549 566 222 19 3
61 452 35 55 174 2 3
61 452 35 54 91 14 3
61 452 35 52 108 12 3
61 372 387 218 15 3
61 372 386 131 5 3
61 372 385 125 11 3
61 320 331 48 7 3
61 68 224 4 3
61 66 100 4 3
449 77 4 0
267 508 530 87 8 4
267 508 529 114 3 4
267 453 102 103 115 110 4 4
267 321 334 98 2 4
267 321 332 173 17 4
267 321 155 177 128 5 4
267 281 164 22 4
267 280 133 15 4
267 268 284 207 10 4
267 268 283 88 8 4
267 232 231 244 50 2 4
267 232 231 243 12 7 4
267 232 185 206 211 8 4
267 150 158 239 1 4
267 150 151 185 206 211 2 4
267 60 416 427 187 1 4
267 60 324 347 186 4 4
267 60 64 147 2 4
267 60 63 76 31 4
267 60 35 52 108 4 4
267 32 34 51 184 1 4
267 32 34 49 29 10 4
267 1 7 151 22 4
142 157 12 0
94 47 32 1
292 155 7 0
153 252 261 95 5 1
153 172 37 10 1
153 170 235 3 1
153 169 137 17 1
524 102 9 0
203 65 6 0
570 580 86 5 3
570 578 149 17 3
570 576 166 6 3
570 575 152 16 3
570 572 588 183 17 3
570 572 587 208 18 3
570 545 555 142 11 3
570 545 554 13 15 3
570 545 553 4 7 3
570 418 433 66 10 3
183 491 5 29 68 17 2
183 201 226 6 2
183 199 132 3 2
183 186 418 433 66 8 2
183 184 205 52 25 2
183 184 187 33 47 182 3 2
183 184 100 105 78 20 2
521 154 1 0
510 533 227 4 3
510 512 471 474 26 1 3
510 511 541 99 11 3
510 511 539 56 17 3
510 511 535 20 7 3
510 511 509 532 126 1 3
510 509 532 126 16 3
510 508 529 114 26 3
510 508 525 54 8 3
510 505 515 115 9 3
510 505 506 508 525 54 10 3
510 505 506 508 509 532 126 8 3
510 490 493 61 5 3
510 2 16 203 3 3
510 2 15 64 3 3
510 2 14 214 20 3
500 595 266 231 243 12 8 4
500 595 266 231 242 200 9 4
500 595 266 231 241 28 5 4
500 595 34 49 29 2 4
500 545 553 4 6 4
500 545 552 167 7 4
500 503 185 10 4
500 502 134 1 4
500 501 123 27 4
500 452 35 52 108 4 4
500 419 436 176 4 4
500 419 418 433 66 4 4
500 419 2 14 214 1 4
500 419 2 13 59 6 4
500 361 367 122 5 4
500 320 331 48 13 4
500 320 330 2 8 4
500 266 231 241 28 1 4
500 266 231 240 53 7 4
500 136 451 464 40 1 4
500 136 440 443 175 4 4
500 136 145 179 23 4
500 136 144 10 7 4
500 136 141 42 3 4
500 100 105 78 1 4
500 100 104 153 16 4
500 87 96 109 3 4
31 506 508 509 532 126 1 2
31 415 422 94 14 2
31 415 421 111 5 2
31 415 420 14 25 2
31 323 327 322 337 220 7 2
31 231 240 53 14 2
31 39 191 7 2
31 33 46 107 5 2
31 33 43 172 15 2
122 480 572 587 208 5 2
122 480 483 135 2 2
122 137 470 2 13 59 2 2
122 137 440 443 175 1 2
122 137 440 442 93 11 2
122 137 148 158 3 2
122 137 70 73 89 3 2
122 134 202 15 2
122 133 168 2 2
122 132 7 11 2
122 131 162 7 2
122 130 27 4 2
122 120 123 30 2 2
122 120 34 49 29 1 2
122 72 84 32 3 2
59 141 28 1
563 219 10 0
152 390 395 165 1 2
152 230 490 493 61 7 2
152 230 471 474 26 10 2
152 230 373 103 115 110 5 2
152 230 238 213 16 2
152 165 104 19 2
152 163 105 11 2

