341

107 194 30 1
441 196 27 1
174 141 12 0
144 168 23 11 2
144 167 225 5 2
144 166 115 27 2
144 147 179 1 4 2
144 147 140 153 43 2 2
144 147 50 60 9 11 2
16 101 31 1
10 81 10 0
73 316 585 473 489 167 7 4
73 316 376 531 537 61 1 4
73 316 376 472 484 203 2 4
73 316 325 70 1 4
73 316 324 114 5 4
73 316 323 221 6 4
73 310 531 537 61 2 4
73 310 473 489 167 1 4
73 310 335 301 305 109 1 4
73 310 314 35 3 4
73 310 313 58 26 4
73 310 50 60 9 1 4
73 310 50 59 175 1 4
73 300 472 484 203 3 4
73 95 205 23 4
73 75 99 157 14 4
73 75 98 12 5 4
73 75 45 586 531 537 61 5 4
73 75 45 568 584 90 2 4
73 75 45 335 301 305 109 4 4
73 75 45 335 53 69 78 1 4
73 75 45 120 125 124 9 4
73 75 45 48 178 2 4
73 74 585 473 489 167 13 4
73 74 230 254 142 5 4
73 74 228 243 214 18 4
73 74 70 472 484 203 4 4
73 70 472 484 203 2 4
73 70 80 233 7 4
73 22 33 45 4 4
73 22 24 44 237 4 4
271 550 554 202 26 5
271 550 492 503 63 8 5
271 362 373 92 24 5
271 362 131 533 549 143 8 5
271 362 131 533 548 41 4 5
271 330 341 182 15 5
271 330 339 84 12 5
271 282 199 7 5
271 280 83 19 5
271 279 120 11 5
271 277 238 1 5
271 276 127 6 5
271 270 586 531 537 61 1 5
271 270 586 531 533 548 41 4 5
271 270 586 473 489 167 6 5
271 270 586 473 488 65 2 5
271 270 274 71 5 5
271 199 229 247 138 1 5
271 199 220 94 6 5
271 196 209 152 5 5
271 196 199 220 94 4 5
271 196 181 187 192 6 5
271 196 2 14 125 2 5
271 182 190 131 4 5
271 101 112 144 13 5
271 101 111 119 11 5
271 71 84 97 14 5
271 71 51 506 517 44 1 5
271 71 51 506 516 55 7 5
271 71 2 14 125 11 5
271 51 506 516 55 1 5
271 51 53 69 78 5 5
206 186 14 0
5 100 11 0
207 122 18 0
31 116 1 0
149 8 12 0
6 95 18 1
6 1 471 477 150 9 1
6 1 11 172 12 1
417 2 22 0
213 216 8 0
213 197 473 488 65 1 0
510 161 21 0
42 11 6 0
535 15 25 0
591 6 12 0
133 30 2 0
133 130 568 584 90 4 0
567 580 110 1 3
567 579 229 15 3
567 578 37 13 3
567 577 102 14 3
567 576 206 5 3
567 568 584 90 8 3
567 568 583 27 1 3
567 566 575 99 14 3
567 566 573 235 9 3
567 566 568 583 27 4 3
567 391 414 184 2 3
567 391 285 289 64 4 3
567 391 285 288 89 8 3
567 391 285 272 284 189 5 3
567 317 328 148 15 3
567 317 327 195 2 3
567 301 305 109 18 3
567 301 304 51 2 3
72 315 507 525 209 11 2
72 315 320 159 11 2
72 100 105 49 6 2
72 100 101 111 119 1 2
72 100 20 471 477 150 2 2
72 93 163 14 2
72 92 19 5 2
72 88 103 28 2
72 85 38 5 2
72 70 80 233 3 2
141 228 243 214 3 3
141 228 241 126 6 3
141 228 240 207 25 3
141 228 239 107 8 3
141 158 145 23 3
141 156 85 5 3
141 154 22 8 3
141 145 140 153 43 7 3
141 142 163 231 3 3
141 140 153 43 17 3
141 70 77 29 20 3
431 465 4 10 5
431 461 76 7 5
431 433 427 446 24 4 5
431 432 507 525 209 3 5
431 432 507 524 155 17 5
431 432 507 521 173 6 5
431 432 131 533 548 41 3 5
431 430 455 111 11 5
431 429 530 333 352 166 2 5
431 429 530 333 351 57 10 5
431 429 530 50 58 169 2 5
431 429 430 455 111 3 5
431 429 427 446 24 5 5
431 429 182 190 131 26 5
431 428 452 53 12 5
431 428 451 187 3 5
431 427 446 24 6 5
431 427 445 222 3 5
431 427 428 451 187 14 5
431 426 121 568 583 27 1 5
431 426 121 128 180 2 5
431 426 121 126 36 4 5
431 230 254 142 16 5
431 230 253 198 4 5
431 230 252 223 16 5
431 140 152 10 16 5
431 140 151 162 11 5
431 140 148 21 2 5
292 14 16 0
234 74 6 0
389 531 533 548 41 8 2
389 405 146 3 2
389 404 210 8 2
389 390 411 34 25 2
389 390 410 121 5 2
389 390 408 219 13 2
389 390 407 28 5 2
389 388 403 26 7 2
551 561 79 2 3
551 560 200 23 3
551 559 137 22 3
551 557 129 2 3
551 473 488 65 18 3
551 473 487 208 6 3
551 181 187 192 2 3
551 131 533 548 41 13 3
551 131 533 547 86 1 3
551 131 139 16 11 3
551 131 138 228 10 3
551 102 117 52 5 3
551 51 53 69 78 3 3
551 51 53 67 201 22 3
294 73 4 0
504 183 4 0
500 179 3 0
204 106 2 0
170 60 8 0
448 68 4 0
402 232 18 0
361 370 168 14 3
361 369 117 8 3
361 316 323 221 11 3
361 316 322 113 1 3
361 229 247 138 13 3
361 229 246 96 7 3
361 229 245 88 9 3
361 143 164 226 6 3
361 143 140 148 21 9 3
361 143 24 44 237 2 3
361 45 48 178 21 3
592 147 21 0
562 20 27 1
249 158 28 1
331 376 472 484 203 4 3
331 376 472 483 67 5 3
331 344 46 5 3
331 343 154 14 3
331 342 104 12 3
331 334 356 18 6 3
331 334 355 156 26 3
331 255 50 58 169 7 3
331 228 239 107 13 3
331 228 230 252 223 9 3
588 62 25 0
496 91 42 2
496 575 99 9 2
257 391 285 181 187 192 1 5
257 390 407 28 1 5
257 390 181 187 192 8 5
257 390 181 186 13 13 5
257 376 472 483 67 1 5
257 376 472 481 224 5 5
257 376 229 245 88 6 5
257 310 50 58 169 7 5
257 272 284 189 16 5
257 269 47 8 5
257 268 151 8 5
257 267 190 17 5
257 266 93 21 5
257 265 77 1 5
257 264 48 8 5
257 263 128 18 5
257 256 300 472 481 224 4 5
257 256 300 472 480 230 23 5
257 256 300 428 451 187 3 5
257 256 300 428 449 174 4 5
257 256 300 302 17 5 5
257 256 261 56 4 5
257 70 77 29 2 5
257 70 76 170 12 5
257 45 48 178 3 5
257 45 46 236 14 5
257 3 50 58 169 9 5
257 3 50 57 204 2 5
257 3 17 123 26 5
62 188 8 0
392 532 543 136 7 3
392 532 542 25 8 3
392 532 540 134 10 3
392 532 539 213 12 3
392 532 538 31 2 3
392 532 362 131 138 228 1 3
392 532 362 131 137 177 9 3
392 420 165 10 3
392 391 285 181 186 13 1 3
392 391 285 130 568 583 27 2 3
392 390 181 186 13 4 3
392 390 181 185 50 4 3
392 388 403 26 2 3
392 316 322 113 7 3
392 316 180 533 547 86 5 3
392 316 180 181 185 50 1 3
392 316 180 181 184 135 8 3
392 131 137 177 1 3
392 131 136 40 11 3
392 121 126 36 15 3
307 3 20 0
23 586 473 487 208 3 3
23 586 473 485 133 11 3
23 586 181 184 135 7 3
23 533 547 86 8 3
23 317 327 195 2 3
23 287 332 348 139 7 3
23 287 301 304 51 5 3
23 287 285 130 568 583 27 1 3
23 287 120 125 124 1 3
23 199 220 94 2 3
23 199 218 212 8 3
23 43 80 6 3
23 41 234 11 3
23 40 108 13 3
23 38 5 3 3
23 36 75 4 3
23 24 44 237 6 3
23 21 28 176 3 3
23 20 471 477 150 1 3
23 20 300 302 17 5 3
23 20 26 153 2 3
495 59 1 0
193 181 3 0
354 105 20 0
200 533 547 86 14 3
200 533 545 160 11 3
200 507 521 173 6 3
200 507 520 66 22 3
200 471 477 150 15 3
200 224 82 12 3
200 222 211 8 3
200 195 202 39 17 3
200 195 24 44 237 6 3
200 50 57 204 5 3
200 50 55 220 11 3
200 1 11 172 5 3
470 565 569 239 21 3
470 565 568 583 27 6 3
470 565 490 492 503 63 2 3
470 565 490 492 501 7 4 3
470 565 360 364 217 11 3
470 491 498 32 2 3
470 491 497 98 22 3
470 475 191 13 3
470 474 72 17 3
470 473 485 133 11 3
470 472 480 230 5 3
470 130 568 583 27 3 3
470 130 568 582 171 6 3
386 398 118 9 2
386 397 215 4 2
386 395 130 7 2
386 387 399 42 2 2
386 385 393 140 12 2
386 375 382 227 3 2
386 375 381 193 7 2
386 375 379 164 10 2
386 375 377 218 23 2
386 146 140 148 21 16 2
321 33 4 0
558 185 1 0
508 552 563 149 7 3
508 552 531 533 545 160 8 3
508 552 360 364 217 11 3
508 552 360 363 87 3 3
508 552 0 4 197 5 3
508 526 69 6 3
508 506 516 55 12 3
508 505 566 430 455 111 2 3
508 505 566 286 293 112 17 3
508 505 512 54 5 3
508 505 511 132 12 3
508 315 320 159 1 3
508 315 319 0 19 3

