322

387 84 11 1
387 385 516 526 177 17 1
387 385 516 524 134 15 1
122 88 11 0
576 238 13 0
230 583 598 222 2 3
230 583 593 216 11 3
230 583 515 519 170 6 3
230 534 561 149 12 3
230 534 560 169 3 3
230 242 80 12 3
230 241 85 6 3
230 240 87 18 3
230 239 98 2 3
230 238 107 18 3
230 236 214 13 3
230 152 164 60 11 3
50 0 30 1
163 49 11 0
308 466 473 48 11 4
308 363 381 75 4 4
308 363 379 199 1 4
308 326 176 34 4
308 325 192 28 4
308 324 110 12 4
308 320 37 3 4
308 309 328 112 4 4
308 307 448 464 150 10 4
308 307 448 463 232 17 4
308 307 448 462 156 6 4
308 307 445 455 62 9 4
308 307 445 453 187 2 4
308 307 318 6 6 4
308 100 112 148 8 4
308 100 111 142 12 4
410 55 18 0
285 291 184 13 1
285 290 22 7 1
285 289 61 2 1
285 288 531 547 68 12 1
285 288 302 236 4 1
285 288 301 171 5 1
285 150 160 89 4 1
127 17 11 0
319 190 4 0
317 34 30 1
578 83 22 0
131 392 406 200 5 2
131 392 402 213 14 2
131 391 566 575 69 8 2
131 391 566 565 573 175 6 2
131 391 399 197 7 2
131 287 489 509 159 10 2
131 287 489 507 20 10 2
131 287 489 506 174 6 2
131 287 489 502 118 3 2
131 138 9 17 2
510 468 484 33 18 5
510 467 485 490 153 1 5
510 467 478 172 5 5
510 467 474 79 7 5
510 362 515 519 170 8 5
510 362 364 382 40 13 5
510 362 360 369 86 1 5
510 362 360 368 26 6 5
510 362 309 328 112 15 5
510 362 231 393 411 23 2 5
510 331 393 411 23 7 5
510 331 340 205 8 5
510 331 338 39 8 5
510 331 336 53 2 5
510 231 393 411 23 6 5
510 231 243 13 1 5
510 231 232 250 96 1 5
510 202 363 379 199 13 5
510 185 191 167 8 5
510 155 182 94 8 5
510 155 181 71 19 5
510 155 176 212 2 5
510 155 174 183 7 5
510 37 48 25 13 5
510 37 46 16 5 5
510 36 44 201 15 5
510 36 43 117 1 5
510 2 12 113 14 5
510 2 11 124 1 5
510 1 332 344 73 24 5
510 1 332 343 139 4 5
510 1 9 168 7 5
430 198 11 0
87 52 17 1
87 67 70 97 90 7 1
87 67 66 84 181 15 1
87 67 66 83 8 6 1
87 67 66 70 97 90 4 1
87 67 66 70 95 81 1 1
277 121 5 0
267 129 20 0
200 517 528 51 2 2
200 425 431 195 2 2
200 332 343 139 9 2
200 330 385 516 524 134 1 2
200 330 335 138 8 2
200 330 332 343 139 8 2
200 330 332 342 97 1 2
200 306 515 518 145 14 2
200 306 315 44 11 2
200 306 314 147 10 2
200 262 465 469 125 3 2
200 262 465 100 111 142 9 2
200 262 271 78 6 2
200 202 363 379 199 1 2
497 128 36 1
497 574 57 13 1
599 160 6 0
121 144 12 0
14 180 7 0
85 101 11 0
286 580 587 157 3 4
286 425 431 195 18 4
286 425 429 31 2 4
286 425 428 444 186 11 4
286 425 2 11 124 2 4
286 393 411 23 1 4
286 393 408 131 9 4
286 297 15 11 4
286 294 163 21 4
286 293 123 6 4
286 275 278 119 25 4
286 186 445 453 187 8 4
286 186 445 17 531 547 68 1 4
286 186 445 17 531 546 35 3 4
286 186 445 17 31 166 12 4
286 186 445 17 30 217 5 4
286 186 194 109 1 4
286 186 193 204 12 4
286 186 192 103 3 4
286 17 30 217 5 4
286 17 29 233 18 4
447 517 528 51 15 3
447 517 527 14 10 3
447 517 363 379 199 3 3
447 517 363 377 211 3 3
447 460 19 11 3
447 448 462 156 3 3
447 448 461 50 5 3
447 448 364 382 40 4 3
447 446 456 207 7 3
447 333 516 524 134 3 3
447 333 515 518 145 2 3
447 333 332 342 97 7 3
447 261 515 518 145 2 3
447 261 270 158 10 3
447 261 269 106 10 3
447 100 111 142 1 3
447 100 109 70 2 3
447 70 95 81 5 3
447 70 94 229 22 3
447 35 385 516 524 134 2 3
447 35 385 389 221 12 3
447 35 41 100 7 3
483 188 4 0
483 468 484 33 4 0
483 468 482 63 2 0
483 468 481 104 7 0
483 468 480 234 3 0
130 535 531 546 35 5 3
130 535 531 545 208 9 3
130 516 524 134 5 3
130 465 100 109 70 9 3
130 201 211 231 1 3
130 201 209 146 1 3
130 134 58 6 3
130 35 41 100 3 3
130 35 40 196 4 3
130 35 38 56 130 14 3
130 35 38 55 116 2 3
130 15 566 565 573 175 17 3
130 15 465 100 109 70 1 3
130 15 150 160 89 4 3
130 15 21 21 16 3
130 2 11 124 13 3
415 466 473 48 6 5
415 466 472 56 26 5
415 466 471 235 14 5
415 428 444 186 6 5
415 428 441 137 14 5
415 428 439 206 16 5
415 420 10 1 5
415 419 2 13 5
415 418 5 2 5
415 385 389 221 4 5
415 385 388 12 2 5
415 276 100 109 70 7 5
415 276 100 107 218 16 5
415 261 269 106 8 5
415 261 268 239 14 5
415 153 170 11 5 5
415 153 155 174 183 6 5
415 16 26 161 13 5
415 16 25 173 20 5
415 0 364 382 40 5 5
415 0 4 164 12 5
415 0 3 135 11 5
415 0 2 11 124 10 5
203 428 438 72 12 2
203 233 253 162 18 2
203 220 120 23 2
203 204 225 38 19 2
203 204 224 3 7 2
203 1 9 168 10 2
132 360 368 26 5 1
132 360 367 42 10 1
132 360 365 27 7 1
132 287 489 502 118 3 1
132 141 1 9 1
132 133 149 193 14 1
530 565 573 175 11 2
530 565 571 127 5 2
530 565 569 210 12 2
530 565 568 108 8 2
530 538 224 2 2
530 537 189 6 2
530 532 393 408 131 12 2
349 77 21 0
496 126 16 0
416 582 591 237 20 3
416 485 446 456 207 3 3
416 485 363 377 211 1 3
416 423 215 12 3
416 422 74 20 3
416 421 230 25 3
416 330 332 342 97 6 3
416 234 385 388 12 4 3
416 234 385 386 136 16 3
416 234 276 100 107 218 4 3
416 234 257 151 11 3
416 234 36 43 117 8 3
105 394 414 194 7 3
105 394 390 396 115 7 3
105 394 390 395 185 1 3
105 394 38 55 116 1 3
105 355 393 408 131 2 3
105 355 359 59 26 3
105 355 260 263 82 4 3
105 204 224 3 11 3
105 204 221 76 2 3
105 124 45 6 3
105 120 24 23 3
105 104 119 47 6 3
105 38 55 116 6 3
105 38 54 28 2 3
105 38 53 191 8 3
105 38 52 140 16 3
282 155 7 0
427 533 556 228 2 2
427 533 555 143 1 2
427 533 554 36 1 2
427 533 536 564 227 1 2
427 436 226 14 2
427 428 438 72 1 2
427 428 437 122 11 2
427 426 435 133 16 2
427 426 432 99 6 2
427 426 232 250 96 15 2
427 426 154 171 7 5 2
427 103 102 115 165 3 2
427 103 102 2 11 124 7 2
427 103 102 2 10 32 1 2
427 0 2 10 32 6 2
486 495 95 5 3
486 494 93 16 3
486 492 178 19 3
486 491 102 23 3
486 487 499 114 10 3
486 487 489 502 118 6 3
486 487 185 191 167 7 3
486 487 185 190 43 8 3
486 385 386 136 4 3
486 151 155 174 183 2 3
486 151 150 160 89 14 3
486 151 150 159 202 4 3
486 101 536 564 227 15 3
486 101 448 364 382 40 8 3
65 363 377 211 8 2
65 363 376 54 11 2
65 104 119 47 2 2
65 104 118 203 5 2
65 81 182 8 2
65 76 179 18 2
65 74 65 6 2
65 71 334 354 223 10 2
65 71 334 353 41 1 2
65 71 99 29 2 2
65 69 66 70 94 229 1 2
65 68 88 92 5 2
65 68 67 66 70 94 229 5 2
219 152 1 0
552 132 7 0
82 154 19 0
498 64 2 0
557 4 1 0
60 516 524 134 1 4
60 516 522 91 12 4
60 468 480 234 14 4
60 361 371 225 23 4
60 305 70 94 229 1 4
60 305 70 92 209 3 4
60 261 268 239 3 4
60 235 259 18 9 4
60 204 221 76 2 4
60 100 106 220 30 4
60 63 111 2 4
60 62 67 20 4
60 17 29 233 8 4
60 17 28 66 13 4
60 17 27 46 16 4
60 2 10 32 15 4
525 30 8 0
113 141 11 0
549 219 6 0
24 105 4 0

