316

354 29 11 0
411 222 8 0
411 397 419 90 97 96 11 0
407 210 25 0
575 232 30 1
440 527 538 66 8 2
440 527 529 550 194 8 2
440 447 67 2 2
440 446 116 12 2
440 445 467 179 7 2
440 443 462 176 10 2
440 443 461 201 10 2
440 443 459 140 3 2
440 255 260 27 13 2
440 71 80 90 6 2
440 71 77 115 18 2
322 31 4 0
99 218 5 0
300 352 416 425 185 7 2
300 352 361 117 8 2
300 352 360 183 5 2
300 330 473 495 146 4 2
300 330 473 492 202 2 2
300 307 133 17 2
300 306 57 3 2
300 304 23 9 2
177 19 7 0
256 415 420 22 16 3
256 415 321 555 564 197 7 3
256 415 321 555 563 599 162 10 3
256 415 321 329 224 10 3
256 415 321 150 154 198 4 3
256 415 321 150 153 100 1 3
256 277 293 227 4 3
256 277 291 127 3 3
256 265 175 10 3
256 263 171 11 3
256 11 28 150 24 3
256 11 27 212 9 3
256 11 13 34 60 11 3
528 546 149 11 4
528 545 235 8 4
528 543 77 2 4
528 541 110 5 4
528 540 14 34 4
528 539 10 22 4
528 529 550 194 15 4
528 529 549 145 11 4
528 507 129 149 151 5 4
528 507 85 505 511 164 1 4
528 507 85 89 207 1 4
528 441 449 141 14 4
528 441 352 360 183 5 4
528 441 352 359 0 4 4
528 441 85 89 207 9 4
528 365 444 463 30 2 4
528 180 186 136 13 4
528 15 333 349 82 18 4
528 15 333 72 226 254 239 5 4
528 15 333 72 84 119 6 4
528 15 38 68 5 4
42 505 511 164 5 2
42 150 153 100 9 2
42 71 77 115 5 2
42 71 72 84 119 5 2
42 56 99 2 2
42 45 67 206 8 2
42 45 66 71 10 2
42 41 51 193 10 2
42 40 46 216 7 2
42 12 32 5 2 2
42 12 31 65 23 2
596 88 13 0
10 505 511 164 5 4
10 505 509 138 32 4
10 445 467 179 14 4
10 418 438 3 6 4
10 418 41 51 193 9 4
10 418 41 50 64 12 4
10 24 41 5 4
10 23 13 12 4
10 22 124 17 4
10 20 75 17 4
10 19 39 11 4
10 16 78 7 4
10 13 34 60 3 4
10 11 13 34 60 1 4
151 555 563 599 162 4 3
151 396 365 444 463 30 1 3
151 396 365 371 217 5 3
151 396 279 277 291 127 11 3
151 396 279 275 283 107 7 3
151 396 279 275 282 169 7 3
151 320 223 244 43 2 3
151 158 74 27 3
151 157 61 20 3
151 155 196 16 3
151 126 135 228 11 3
151 126 134 69 24 3
558 581 35 3 2
558 580 165 2 2
558 576 238 25 2
558 561 591 188 3 2
558 559 582 51 5 2
558 557 574 105 5 2
558 555 563 599 162 2 2
558 555 563 598 120 4 2
558 116 258 398 412 209 8 2
267 173 5 0
5 526 536 86 11 5
5 475 498 70 4 5
5 416 425 185 10 5
5 390 526 536 86 12 5
5 365 371 217 6 5
5 352 359 0 3 5
5 352 226 254 239 6 5
5 275 282 169 5 5
5 220 230 199 35 5
5 220 229 181 12 5
5 181 193 191 27 5
5 181 192 121 6 5
5 181 187 42 5 5
5 160 164 135 11 5
5 125 45 66 71 3 5
5 125 45 65 200 9 5
5 125 45 64 221 14 5
5 41 49 182 10 5
5 9 132 22 5
5 8 131 10 5
5 7 53 19 5
5 6 208 10 5
506 518 187 25 2
506 517 20 8 2
506 516 168 13 2
506 515 49 15 2
506 514 47 8 2
115 560 587 95 7 5
115 560 586 79 30 5
115 560 556 566 40 4 5
115 444 463 30 2 5
115 368 386 72 2 5
115 368 385 137 15 5
115 368 382 167 8 5
115 257 271 233 4 5
115 257 269 109 3 5
115 257 268 211 1 5
115 257 127 139 2 22 5
115 127 139 2 2 5
115 120 33 17 5
115 119 166 21 5
115 118 7 31 5
115 117 111 10 5
115 40 46 216 4 5
115 40 43 60 4 7 5
115 40 43 59 28 13 5
469 103 19 0
296 12 9 0
174 163 14 0
17 234 5 0
513 147 4 0
577 84 9 0
426 204 8 0
202 219 6 0
336 205 5 0
233 46 14 1
233 221 235 48 5 1
233 221 232 170 7 1
233 221 231 94 10 1
233 221 225 250 154 3 1
472 529 549 145 2 3
472 529 548 83 2 3
472 487 16 26 3
472 485 130 14 3
472 484 177 3 3
472 483 129 9 3
472 473 492 202 14 3
472 302 316 159 4 3
472 302 301 310 192 19 3
472 302 301 309 98 6 3
472 302 92 104 134 2 3
472 91 101 195 14 3
286 55 4 0
176 45 2 0
33 118 21 0
222 442 476 504 236 4 5
222 442 454 229 9 5
222 442 445 467 179 3 5
222 390 526 536 86 7 5
222 390 526 525 533 237 3 5
222 390 526 301 309 98 5 5
222 237 213 5 5
222 226 254 239 7 5
222 226 253 38 6 5
222 224 470 480 24 7 5
222 224 470 477 37 7 5
222 224 247 58 6 5
222 224 226 253 38 6 5
222 224 226 251 161 2 5
222 224 225 250 154 6 5
222 224 225 249 97 3 5
222 224 223 244 43 13 5
222 223 244 43 8 5
222 223 242 214 9 5
222 223 241 21 12 5
222 220 229 181 21 5
222 210 445 467 179 7 5
222 210 258 398 412 209 7 5
222 210 215 101 9 5
222 128 145 8 6 5
222 128 143 102 20 5
222 116 258 398 412 209 5 5
222 116 258 273 87 18 5
222 116 258 127 139 2 7 5
222 116 123 1 5 5
222 92 104 134 6 5
222 92 103 148 11 5
228 11 5 0
262 63 11 0
331 390 526 301 309 98 4 3
331 390 445 467 179 6 3
331 390 445 465 18 6 3
331 390 394 178 13 3
331 390 393 114 9 3
331 367 417 434 180 14 3
331 367 379 184 6 3
331 343 92 20 3
331 342 56 7 3
331 341 32 4 3
331 340 226 15 3
331 338 76 6 3
331 337 25 6 3
331 332 345 160 2 3
331 332 344 153 3 3
331 332 126 134 69 1 3
331 332 126 132 220 6 3
334 62 15 0
468 190 17 0
395 405 59 11 2
395 404 112 12 2
395 403 128 6 2
395 402 85 5 2
395 400 113 2 2
395 182 200 80 20 2
395 182 197 142 2 2
395 182 196 93 15 2
395 43 59 28 19 2
395 43 57 215 7 2
335 223 17 0
553 52 19 0
562 594 186 1 3
562 593 143 30 3
562 592 122 30 3
562 557 574 105 7 3
562 557 572 174 6 3
562 557 570 155 8 3
562 557 568 144 18 3
562 556 566 40 10 3
562 556 565 156 21 3
562 181 187 42 4 3
211 368 382 167 8 2
211 255 260 27 10 2
211 255 259 123 13 2
211 219 230 14 2
211 217 89 11 2
211 210 215 101 2 2
211 210 214 158 12 2
211 210 213 50 16 2
211 210 45 64 221 1 2
0 529 548 83 8 3
0 445 465 18 8 3
0 442 445 465 18 7 3
0 442 445 464 172 2 3
0 417 434 180 11 3
0 417 433 126 9 3
0 417 432 152 4 3
0 367 379 184 17 3
0 279 275 282 169 5 3
0 279 275 280 125 14 3
0 162 170 6 7 3
0 162 169 139 10 3
0 162 168 225 5 3
0 93 108 73 12 3
0 93 107 44 16 3
205 473 492 202 10 5
205 473 490 157 1 5
205 473 488 15 7 5
205 473 475 498 70 5 5
205 473 471 475 498 70 9 5
205 445 464 172 1 5
205 416 425 185 3 5
205 416 424 36 11 5
205 416 423 231 9 5
205 397 419 90 97 96 10 5
205 351 357 104 7 5
205 351 356 189 5 5
205 321 150 153 100 3 5
205 321 150 152 91 2 5
205 321 126 132 220 1 5
205 321 44 62 54 8 5
205 303 318 106 11 5
205 303 301 309 98 13 5
205 225 249 97 22 5
205 209 108 11 5
205 207 26 21 5
205 163 179 81 23 5
205 163 178 17 10 5
205 163 162 168 225 2 5
205 163 85 89 207 1 5
205 128 143 102 2 5
205 128 142 9 14 5
205 128 126 132 220 3 5
205 128 90 97 96 8 5
205 116 123 1 6 5
205 116 122 34 7 5
205 91 101 195 4 5
270 203 7 0

