300

219 84 33 1
106 88 12 0
206 586 595 151 16 5
206 586 594 194 6 5
206 586 593 3 6 5
206 441 445 122 21 5
206 213 236 11 5
206 212 221 8 5
206 208 223 173 9 5
206 208 221 127 11 5
206 208 205 210 56 8 5
206 207 220 35 19 5
206 207 216 114 5 5
206 190 567 580 115 1 5
206 190 531 538 24 5 5
206 152 196 419 439 63 10 5
206 152 196 201 8 3 5
206 152 166 14 9 5
206 152 165 238 10 5
206 152 151 160 87 12 5
206 0 585 589 81 19 5
206 0 368 384 162 7 5
206 0 368 383 128 5 5
206 0 7 37 3 5
77 85 10 0
435 0 5 0
67 282 295 89 9 2
67 282 293 5 5 2
67 113 134 39 12 2
67 113 110 119 73 11 2
67 113 110 116 2 4 2
67 83 178 25 2
67 82 49 15 2
67 80 163 5 2
67 68 85 36 6 2
2 490 497 223 4 3
2 140 541 554 225 1 3
2 140 541 549 235 9 3
2 140 207 216 114 5 3
2 140 144 193 29 3
2 16 97 26 3
2 15 153 8 3
2 14 79 5 3
2 3 505 514 116 7 3
2 3 505 510 124 6 3
2 3 19 142 6 3
2 3 17 208 5 3
559 55 14 0
131 171 8 0
181 17 4 0
255 190 4 0
450 530 534 23 2 5
450 530 533 41 5 5
450 530 532 19 9 5
450 530 260 367 381 206 6 5
450 530 260 267 66 7 5
450 507 509 529 111 1 5
450 507 416 428 38 1 5
450 507 348 491 503 62 18 5
450 507 348 362 74 20 5
450 462 473 203 14 5
450 462 472 186 20 5
450 456 94 1 5
450 455 70 3 5
450 454 71 10 5
450 452 179 5 5
450 441 445 122 7 5
450 441 346 567 580 115 6 5
450 441 346 567 577 117 1 5
450 441 346 353 189 2 5
450 441 190 531 538 24 4 5
450 441 68 85 36 5 5
450 395 505 510 124 3 5
450 395 400 217 1 5
450 347 359 123 22 5
450 24 262 540 547 119 29 5
450 24 44 50 18 5
450 24 42 199 1 5
450 24 41 207 1 5
450 0 7 37 15 5
450 0 5 68 6 5
450 0 1 11 69 7 5
599 83 29 1
270 197 26 1
418 437 234 16 1
418 436 46 7 1
418 432 9 25 1
322 198 28 1
581 52 17 0
335 121 10 0
545 129 5 0
117 139 26 1
562 57 10 0
571 160 8 0
150 416 428 38 28 2
150 318 334 209 18 2
150 318 332 229 14 2
150 318 320 344 31 2 2
150 280 282 293 5 3 2
150 262 540 547 119 2 2
150 158 148 9 2
150 154 144 4 2
8 180 1 0
544 567 577 117 3 3
544 567 575 233 18 3
544 567 574 159 14 3
544 564 228 15 3
544 560 172 30 3
544 557 101 10 3
544 543 556 237 1 3
544 543 416 428 38 1 3
544 543 416 427 176 11 3
544 543 415 490 497 223 1 3
544 543 415 490 496 12 1 3
544 543 415 421 42 2 3
243 15 25 0
263 316 329 72 21 3
263 316 328 44 3 3
263 316 326 26 20 3
263 279 181 6 3
263 278 174 7 3
263 261 275 192 17 3
263 261 274 95 9 3
263 170 176 99 6 3
263 170 174 205 16 3
263 110 116 2 1 3
451 587 598 147 9 4
451 587 596 113 13 4
451 587 586 593 3 1 4
451 587 586 592 28 8 4
451 587 491 503 62 2 4
451 566 572 188 4 4
451 566 68 85 36 2 4
451 506 520 168 6 4
451 506 518 20 10 4
451 460 464 150 9 4
451 460 347 359 123 3 4
451 460 347 357 125 2 4
451 458 204 14 4
451 417 431 13 5 4
451 417 397 408 45 2 4
451 417 397 407 149 8 4
451 417 397 406 61 7 4
451 417 397 405 131 2 4
451 370 394 227 8 4
451 370 389 7 31 4
451 318 320 344 31 4 4
451 318 320 342 211 16 4
451 318 320 341 140 6 4
451 318 320 340 184 2 4
451 318 320 339 165 2 4
451 208 205 210 56 6 4
451 152 151 160 87 1 4
453 21 16 0
66 398 440 443 32 3 3
66 398 411 161 1 3
66 229 251 60 29 3
66 229 231 283 301 80 2 3
66 229 225 234 230 2 3
66 78 91 15 3
66 76 43 25 3
66 75 96 4 3
66 73 108 157 3 3
66 72 105 152 18 3
66 72 103 195 1 3
66 70 97 16 6 3
66 70 95 158 5 3
66 70 94 33 3 3
66 70 91 48 13 3
66 20 509 529 111 2 3
573 120 5 0
364 1 4 0
141 531 226 242 51 21 3
141 490 496 12 12 3
141 490 495 185 11 3
141 490 494 11 11 3
141 490 493 107 4 3
141 440 443 32 1 3
141 348 362 74 9 3
141 260 267 66 16 3
141 226 242 51 1 3
141 226 241 224 2 3
141 226 238 22 21 3
141 208 205 210 56 4 3
141 208 205 209 76 4 3
141 148 216 18 3
141 146 164 8 3
141 20 509 529 111 4 3
376 77 24 0
69 90 175 6 1
69 87 126 6 1
69 71 490 493 107 6 1
69 71 101 213 7 1
69 71 100 78 7 1
476 479 75 3 3
476 396 403 64 8 3
476 396 402 218 14 3
476 396 401 98 5 3
476 395 400 217 3 3
476 395 399 187 9 3
476 395 369 388 108 20 3
476 395 369 387 29 6 3
476 395 369 386 25 3 3
476 345 416 427 176 8 3
476 345 416 425 58 8 3
476 345 350 210 7 3
476 345 349 232 7 3
476 195 112 130 231 7 3
476 195 112 126 92 9 3
197 47 5 0
111 347 357 125 22 2
111 347 355 169 7 2
111 125 18 13 2
111 124 155 21 2
111 123 170 17 2
111 121 27 20 2
167 137 12 0
477 587 491 503 62 4 4
477 488 112 11 4
477 487 102 15 4
477 484 177 15 4
477 483 135 6 4
477 482 215 6 4
477 481 59 22 4
477 475 541 549 235 5 4
477 475 478 109 7 4
477 440 443 32 1 4
477 440 442 167 16 4
477 440 367 381 206 8 4
477 369 386 25 2 4
477 365 371 34 4 4
477 365 369 386 25 4 4
477 283 301 80 14 4
477 283 299 143 13 4
477 283 298 145 2 4
477 190 531 226 238 22 4 4
477 190 531 226 237 103 15 4
477 190 509 529 111 13 4
477 190 193 196 13 4
414 65 10 0
173 188 6 13 3
173 187 191 15 3
173 186 222 11 3
173 183 40 10 3
173 172 178 90 22 3
173 65 172 178 90 8 3
173 65 172 140 144 193 2 3
173 65 172 140 142 200 4 3
173 47 509 529 111 5 3
173 47 509 527 239 15 3
173 47 509 526 104 6 3
173 47 227 244 166 10 3
173 47 59 226 2 3
173 47 45 260 267 66 7 3
46 506 518 20 6 3
46 461 467 133 10 3
46 461 466 212 20 3
46 461 196 201 8 10 3
46 461 196 1 11 69 3 3
46 347 355 169 7 3
46 281 585 589 81 6 3
46 281 292 10 3 3
46 281 289 183 22 3
46 114 367 381 206 4 3
46 58 132 24 3
46 57 134 3 3
256 154 26 1
21 367 381 206 1 3
21 367 379 106 3 3
21 153 509 526 104 1 3
21 153 168 182 32 3
21 36 136 1 3
21 34 118 2 3
21 32 53 18 3
21 31 138 12 3
21 29 100 10 3
21 28 54 5 3
21 27 82 17 3
21 26 214 17 3
285 309 202 6 2
285 308 146 24 2
285 306 156 10 2
285 304 4 19 2
285 303 86 21 2
448 67 23 0
200 30 15 0
310 565 570 93 16 2
310 565 22 38 130 3 2
310 492 504 201 8 2
310 492 1 11 69 1 2
310 462 472 186 1 2
310 395 369 386 25 5 2
310 312 141 5 2
310 230 254 220 11 2
310 230 253 110 13 2
310 205 209 76 11 2
310 171 208 205 209 76 5 2
310 3 17 208 19 2
232 219 2 0
459 105 11 0

