339

573 25 40 1
550 572 177 2 4
550 571 73 9 4
550 548 561 144 19 4
550 548 514 539 11 13 4
550 548 28 45 145 6 4
550 547 555 44 7 4
550 547 546 136 433 449 99 2 4
550 547 96 136 433 449 99 2 4
550 497 509 103 5 4
550 497 221 234 219 2 4
550 497 180 203 159 1 4
550 497 121 301 309 138 9 4
550 497 121 301 308 171 2 4
550 350 357 116 5 4
550 350 351 366 83 4 4
550 324 351 366 83 23 4
550 324 351 363 207 14 4
550 320 578 595 48 2 4
550 320 329 229 3 4
550 320 327 192 12 4
550 320 322 331 186 6 4
550 320 322 225 249 113 13 4
550 320 322 225 247 203 10 4
550 258 273 19 13 4
550 175 185 29 5 4
495 502 230 3 2
495 498 49 6 2
495 496 507 108 5 2
495 258 273 19 8 2
495 131 166 394 413 182 5 2
495 131 166 174 126 2 2
495 131 141 55 6 2
495 131 140 31 2 2
495 131 139 7 11 2
495 131 135 155 45 6 2
495 131 135 132 145 181 3 2
495 1 11 56 5 2
478 475 480 188 5 3
478 475 479 115 2 3
478 354 373 95 9 3
478 301 308 171 12 3
478 281 289 67 1 3
478 281 136 433 449 99 24 3
478 281 1 11 56 10 3
478 206 215 235 9 3
478 206 214 109 13 3
478 206 213 208 8 3
478 90 579 599 189 8 3
478 51 224 245 20 15 3
478 51 224 244 124 10 3
478 51 132 145 181 4 3
478 51 59 69 11 3
478 1 11 56 3 3
478 1 10 174 5 3
476 487 82 9 3
476 486 71 22 3
476 485 78 8 3
476 484 148 6 3
476 477 578 595 48 6 3
476 477 578 594 6 3 3
476 477 578 593 204 8 3
476 477 491 76 18 3
476 477 489 223 7 3
476 477 301 308 171 2 3
476 477 301 307 21 3 3
476 475 479 115 3 3
476 475 1 10 174 4 3
476 432 442 234 5 3
476 432 440 130 15 3
476 432 434 454 33 5 3
476 280 286 209 5 3
476 166 174 126 2 3
458 496 507 108 1 4
458 474 43 9 4
458 472 60 13 4
458 471 217 18 4
458 456 577 591 65 5 4
458 456 464 155 5 4
458 433 449 99 1 4
458 433 447 10 2 4
458 433 446 53 8 4
458 433 445 139 12 4
458 433 444 52 7 4
458 431 578 593 204 12 4
458 431 433 444 52 6 4
458 431 432 434 454 33 7 4
458 431 432 434 451 140 2 4
458 394 413 182 6 4
458 280 285 153 3 4
458 207 217 91 21 4
458 205 575 580 231 1 4
458 205 212 22 7 4
458 205 209 120 8 4
458 205 208 194 10 4
458 205 136 433 444 52 2 4
458 205 136 161 38 5 4
458 130 575 580 231 10 4
458 130 138 214 1 4
458 130 137 64 8 4
455 516 511 528 88 13 3
455 516 511 513 534 121 9 3
455 516 165 169 233 19 3
455 510 524 187 1 3
455 510 512 531 28 10 3
455 510 512 514 539 11 1 3
455 510 512 514 136 161 38 5 3
455 510 512 514 136 159 63 4 3
455 510 512 301 307 21 7 3
455 461 179 14 3
455 460 14 7 3
455 60 577 591 65 13 3
455 60 577 590 226 5 3
455 60 577 589 161 4 3
455 60 222 237 68 8 3
455 2 13 59 26 3
393 409 191 17 3
393 408 79 1 3
393 407 74 14 3
393 396 418 164 4 3
393 396 394 413 182 1 3
393 395 394 413 182 1 3
393 395 394 412 200 2 3
393 395 394 410 163 4 3
393 395 4 23 105 11 3
393 391 403 142 12 3
393 391 402 170 8 3
393 280 285 153 1 3
393 255 265 70 26 3
393 255 263 4 10 3
393 255 262 136 7 3
393 133 151 100 4 3
393 133 149 237 13 3
393 133 147 221 3 3
356 545 576 587 205 14 4
356 545 576 585 8 4 4
356 545 576 583 169 6 4
356 545 552 112 13 4
356 383 2 2 4
356 382 50 2 4
356 381 3 18 4
356 355 430 436 216 16 4
356 355 379 114 5 4
356 355 351 363 207 8 4
356 355 351 362 23 3 4
356 355 351 361 172 2 4
356 355 351 360 213 2 4
356 166 174 126 16 4
356 166 173 119 4 4
356 166 172 151 8 4
356 60 222 237 68 4 4
356 60 121 301 307 21 16 4
356 60 121 301 306 190 1 4
356 60 121 301 304 127 1 4
356 60 121 257 269 218 7 4
356 60 63 141 1 4
356 27 130 137 64 7 4
356 27 42 228 22 4
356 27 39 185 11 4
353 370 80 11 1
353 369 101 13 1
353 351 360 213 4 1
310 515 546 136 159 63 11 3
310 515 543 166 23 3
310 515 542 86 3 3
310 515 225 247 203 4 3
310 317 157 11 3
310 316 17 11 3
310 315 118 12 3
310 314 178 4 3
310 222 237 68 3 3
310 222 236 211 30 3
310 222 224 244 124 2 3
283 322 225 247 203 2 2
283 322 1 10 174 7 2
283 299 61 14 2
283 298 15 18 2
283 296 123 4 2
283 224 244 124 10 2
283 175 185 29 17 2
283 175 183 111 6 2
283 175 182 220 19 2
282 391 402 170 3 1
282 391 401 107 3 1
282 295 62 18 1
282 294 92 8 1
282 26 256 267 201 7 1
259 323 339 239 14 2
259 323 336 150 6 2
259 323 325 349 24 4 2
259 323 325 348 1 1 2
259 255 262 136 20 2
259 255 260 40 6 2
259 65 385 389 81 12 2
259 65 385 388 168 3 2
259 65 385 386 238 3 2
259 65 325 348 1 12 2
259 65 325 347 102 5 2
259 65 325 346 30 3 2
259 65 324 351 360 213 3 2
259 65 324 344 167 5 2
179 516 165 169 233 5 2
179 516 165 167 131 4 2
179 516 29 49 198 1 2
179 385 386 238 1 2
179 385 180 203 159 3 2
179 385 29 49 198 9 2
179 280 285 153 17 2
179 280 284 224 4 2
179 280 224 244 124 11 2
179 280 224 243 135 4 2
179 180 203 159 4 2
179 180 202 117 9 2
179 177 255 260 40 5 2
179 177 193 128 3 2
179 177 192 96 4 2
176 390 399 146 9 2
176 190 210 16 2
176 188 87 20 2
176 65 324 344 167 9 2
176 65 257 269 218 11 2
176 65 257 268 222 5 2
176 65 223 239 27 3 2
176 65 166 172 151 4 2
176 60 63 141 1 2
112 98 117 149 18 0
112 98 60 63 141 6 0
99 576 583 169 15 2
99 576 582 206 8 2
99 180 202 117 5 2
99 130 137 64 18 2
99 130 132 145 181 3 2
99 130 132 144 16 21 2
99 130 132 142 9 8 2
99 119 184 2 2
90 579 598 195 7 5
90 579 597 46 15 5
90 579 577 588 41 2 5
90 579 226 254 106 6 5
90 579 226 251 158 7 5
90 547 96 136 159 63 6 5
90 547 96 136 158 66 10 5
90 475 1 9 176 2 5
90 475 1 8 18 16 5
90 397 427 212 8 5
90 397 426 162 4 5
90 321 434 451 140 21 5
90 311 392 513 534 121 9 5
90 311 392 513 533 196 5 5
90 311 392 405 51 9 5
90 311 392 404 90 7 5
90 311 318 132 2 5
90 300 223 239 27 2 5
90 300 206 213 208 10 5
90 300 133 147 221 2 5
90 300 133 0 5 93 9 5
90 220 230 5 2 5
90 120 126 215 11 5
90 120 125 58 7 5
90 120 122 160 1 5
90 97 110 32 1 5
90 97 107 110 11 5
90 97 104 12 5 5
90 94 26 27 5
90 93 97 9 5
90 91 37 11 5
90 60 63 141 6 5
85 514 136 158 66 5 5
85 512 301 304 127 3 5
85 391 401 107 9 5
85 391 352 367 42 4 5
85 351 360 213 18 5
85 351 352 367 42 4 5
85 301 304 127 9 5
85 256 267 201 6 5
85 256 266 183 9 5
85 180 202 117 1 5
85 180 199 232 2 5
85 166 172 151 17 5
85 166 171 152 5 5
85 165 167 131 1 5
85 121 128 36 11 5
85 121 127 147 21 5
85 121 120 122 160 2 5
85 97 104 12 7 5
85 86 173 12 5
85 65 69 143 12 5
85 65 68 35 12 5
85 65 67 13 5 5
85 29 49 198 4 5
85 29 48 193 10 5
85 4 22 156 14 5
85 3 432 434 451 140 2 5
85 3 19 85 28 5
85 3 15 34 17 5
72 430 436 216 4 2
72 430 435 89 18 2
72 220 229 94 4 2
72 220 227 39 10 2
72 83 154 19 2
72 82 72 4 2
72 81 199 23 2
71 456 464 155 4 3
71 397 426 162 14 3
71 397 423 122 22 3
71 397 390 394 410 163 13 3
71 80 133 11 3
71 77 125 21 3
71 76 225 13 3
71 75 202 3 3
71 51 59 69 10 3
71 51 58 77 21 3
71 28 45 145 12 3
71 28 43 47 6 3
70 549 569 57 12 2
70 549 568 129 14 2
70 549 567 104 4 2
70 549 565 180 7 2
70 549 221 234 219 1 2
70 549 221 233 236 3 2
70 258 273 19 12 2
70 74 197 20 2
70 73 227 14 2
50 457 465 137 21 2
50 456 464 155 8 2
50 225 247 203 6 2
50 134 154 75 17 2
50 134 136 158 66 3 2
50 96 136 158 66 1 2
50 52 98 30 2
25 385 29 48 193 10 2
25 221 233 236 5 2
25 221 224 243 135 6 2
25 221 224 242 84 9 2
25 37 0 3 2
25 34 165 28 2
25 33 54 10 2
25 31 175 6 2
25 30 134 21 2

