320

577 119 19 0
340 86 23 0
300 527 539 233 23 5
300 527 537 135 4 5
300 527 535 117 6 5
300 527 534 67 5 5
300 396 451 462 196 13 5
300 396 410 238 24 5
300 396 14 37 165 2 5
300 353 367 29 2 5
300 353 366 1 9 5
300 353 351 364 162 14 5
300 351 364 162 4 5
300 351 363 164 1 5
300 336 351 363 164 10 5
300 336 344 212 3 5
300 307 34 13 5
300 306 93 8 5
300 305 80 10 5
300 303 134 26 5
300 302 30 9 5
300 46 61 92 9 5
300 46 60 139 22 5
300 46 57 44 3 5
304 111 10 0
412 152 3 0
546 573 9 4 2
546 570 47 18 2
546 569 149 5 2
546 568 200 4 2
546 544 561 90 7 2
546 544 540 547 171 8 2
546 540 547 171 6 2
74 52 10 0
328 113 5 0
575 583 599 2 4 5
575 579 188 4 5
575 542 556 37 9 5
575 542 555 43 2 5
575 542 554 150 8 5
575 542 545 566 104 3 5
575 542 481 453 472 217 18 5
575 542 481 452 467 12 5 5
575 542 455 450 458 189 1 5
575 542 455 450 457 72 1 5
575 510 514 97 11 5
575 501 508 27 7 5
575 500 583 599 2 15 5
575 500 271 281 61 3 5
575 451 462 196 4 5
575 451 455 450 457 72 4 5
575 451 452 467 12 2 5
575 451 240 245 5 4 5
575 420 448 181 1 5
575 420 445 23 33 5
575 352 374 392 88 7 5
575 311 323 167 2 5
575 311 313 331 175 16 5
575 261 268 57 2 5
575 210 582 596 82 14 5
575 210 582 595 210 2 5
575 210 453 472 217 9 5
575 210 129 156 133 16 5
575 210 129 152 168 1 5
575 163 540 547 171 10 5
575 163 183 202 49 4 5
575 163 179 39 3 5
575 127 143 110 2 5
575 81 98 40 14 5
575 0 5 127 9 5
370 480 489 99 27 3
370 378 138 6 3
370 377 70 13 3
370 376 87 9 3
370 335 338 232 2 3
370 335 337 26 7 3
370 260 395 407 28 10 3
370 260 263 41 13 3
370 260 46 57 44 17 3
370 49 70 71 20 3
370 49 67 42 23 3
318 174 26 1
48 527 534 67 10 3
48 512 523 46 9 3
48 301 455 450 457 72 1 3
48 301 455 450 456 239 2 3
48 301 312 326 69 13 3
48 301 312 314 334 115 8 3
48 301 312 314 81 98 40 5 3
48 301 312 314 81 97 55 1 3
48 301 271 281 61 1 3
48 301 161 171 160 17 3
48 301 161 169 154 1 3
48 223 501 508 27 3 3
48 223 450 456 239 3 3
48 223 450 49 67 42 2 3
48 223 238 11 9 3
48 223 222 237 85 8 3
48 223 222 15 42 22 3 3
48 223 222 15 39 51 1 3
48 223 222 15 14 37 165 1 3
48 223 222 15 14 34 229 6 3
48 223 222 15 13 33 148 2 3
48 64 76 26 3
48 63 54 14 3
48 50 181 194 145 4 3
38 143 11 0
553 236 16 0
101 201 5 0
449 48 11 0
244 199 13 0
330 195 11 0
108 125 11 0
274 512 523 46 11 3
274 454 477 62 1 3
274 291 118 1 3
274 289 65 31 3
274 288 60 13 3
274 287 108 7 3
274 273 286 223 15 3
274 273 271 281 61 3 3
274 270 276 17 8 3
274 270 275 156 11 3
274 115 450 49 67 42 1 3
274 115 395 407 28 9 3
274 115 395 406 187 6 3
274 115 220 226 173 4 3
274 115 119 197 7 3
274 1 8 83 3 3
186 109 8 0
155 107 12 0
73 124 1 0
73 50 181 194 145 1 0
73 50 181 193 214 1 0
322 140 25 0
248 172 8 0
182 419 442 103 5 2
182 419 441 130 2 2
182 419 440 192 2 2
182 419 436 6 4 2
182 197 66 2 2
182 196 36 13 2
182 185 350 355 21 14 2
182 185 350 354 225 10 2
182 185 209 185 15 2
182 185 208 114 6 2
182 183 202 49 6 2
182 183 201 131 1 2
182 183 199 64 5 2
144 95 9 0
95 227 6 0
80 92 218 21 3
80 91 14 13 3
80 89 198 11 3
80 88 137 18 3
80 85 501 508 27 1 3
80 85 501 505 3 10 3
80 83 452 467 12 6 3
80 83 452 466 228 11 3
80 83 102 205 1 3
80 82 545 566 104 2 3
80 82 100 204 2 3
80 82 99 163 6 3
80 82 83 102 205 14 3
278 128 7 0
371 382 74 14 3
371 381 79 20 3
371 379 146 11 3
371 272 284 224 14 3
371 272 283 25 9 3
371 85 501 505 3 1 3
371 85 501 503 78 5 3
371 85 106 213 16 3
371 85 86 114 122 2 3
371 85 86 111 220 12 3
371 1 8 83 17 3
371 1 7 59 9 3
170 132 16 0
397 581 589 230 1 5
397 581 587 147 20 5
397 398 526 531 106 9 5
397 398 413 101 7 5
397 395 406 187 5 5
397 395 405 237 10 5
397 395 404 126 8 5
397 395 185 208 114 10 5
397 350 354 225 22 5
397 350 351 363 164 13 5
397 350 351 362 100 11 5
397 220 226 173 15 5
397 220 13 33 148 4 5
397 220 13 31 4 8 5
397 220 13 29 184 2 5
397 211 541 552 68 2 5
397 211 541 551 208 11 5
397 211 541 545 566 104 8 5
397 211 219 19 10 5
397 211 216 155 2 5
397 129 152 168 24 5
397 129 151 8 11 5
397 129 150 207 7 5
397 126 139 136 16 5
397 126 129 150 207 5 5
380 235 24 0
180 373 387 123 20 1
180 221 232 81 3 1
180 221 231 234 3 1
180 192 112 7 1
180 190 98 4 1
116 511 519 91 17 5
116 511 515 38 10 5
116 511 1 7 59 5 5
116 418 434 222 6 5
116 372 374 392 88 8 5
116 372 374 390 58 7 5
116 372 374 389 219 2 5
116 345 349 179 6 5
116 345 348 161 11 5
116 345 347 202 8 5
116 345 346 221 7 5
116 312 314 81 97 55 24 5
116 312 313 331 175 2 5
116 184 203 73 10 5
116 162 452 466 228 18 5
116 162 452 465 31 2 5
116 161 169 154 11 5
116 161 168 33 16 5
116 123 32 1 5
116 122 94 23 5
116 121 215 6 5
116 120 153 14 5
116 49 67 42 1 5
116 0 5 127 1 5
116 0 3 77 34 5
214 105 1 0
295 582 595 210 3 5
295 582 593 226 1 5
295 582 591 216 18 5
295 582 590 169 7 5
295 582 450 49 67 42 5 5
295 540 547 171 5 5
295 510 514 97 17 5
295 510 513 158 6 5
295 510 271 281 61 16 5
295 510 271 279 116 5 5
295 453 472 217 5 5
295 453 471 206 3 5
295 453 468 141 15 5
295 373 387 123 10 5
295 352 374 389 219 7 5
295 352 365 75 10 5
295 352 351 362 100 3 5
295 352 351 360 0 1 5
295 336 344 212 7 5
295 336 341 120 4 5
295 297 45 4 5
295 296 176 9 5
295 261 268 57 3 5
295 261 266 151 11 5
295 261 240 245 5 13 5
295 241 246 10 4 5
295 241 242 255 56 1 5
295 241 51 76 209 3 5
295 211 216 155 6 5
295 211 215 84 12 5
295 51 76 209 14 5
295 45 55 186 9 5
295 45 52 144 13 5
483 543 557 89 11 4
483 499 142 7 4
483 495 231 40 4
483 495 573 9 4 4
483 494 96 15 4
483 419 436 6 12 4
483 345 346 221 2 4
483 345 313 331 175 4 4
483 345 242 255 56 16 4
483 345 242 254 121 16 4
483 345 242 250 15 4 4
483 336 341 120 7 4
483 160 165 24 7 4
483 12 415 423 182 14 4
483 12 28 203 8 4
483 12 26 35 2 4
187 178 9 0
459 177 5 0
124 193 4 0
235 53 3 0
310 545 566 104 16 3
310 525 351 360 0 11 3
310 500 271 279 116 4 3
310 500 51 76 209 17 3
310 500 50 181 193 214 5 3
310 421 418 434 222 1 3
310 421 418 431 190 9 3
310 421 417 429 102 7 3
310 421 417 428 183 8 3
310 398 413 101 13 3
310 320 170 4 3
310 316 18 12 3
310 312 313 331 175 3 3
310 312 313 329 157 3 3
310 10 544 540 547 171 2 3
310 10 544 374 389 219 1 3
310 10 17 50 7 3
310 10 11 22 13 6 3
310 10 11 20 16 2 3
310 10 11 19 63 2 3
128 147 7 26 2
128 131 159 191 1 2
128 130 157 159 11 2
128 130 129 150 207 10 2
128 127 143 110 1 2
128 127 142 166 8 2
128 125 133 20 2 2
128 125 132 194 25 2
315 129 33 1
62 211 15 0
530 180 1 0
530 526 531 106 1 0

