445

595 201 13 1
595 575 598 130 1 1
595 575 597 132 3 1
595 72 137 11 1
545 555 0 6 4
545 554 82 10 4
545 552 101 29 4
545 549 568 451 193 16 4
545 549 567 223 3 4
545 548 565 168 3 4
545 548 564 183 62 1 4
545 548 563 218 12 4
545 548 562 340 142 17 4
545 547 561 1 11 4
545 547 559 119 9 4
512 544 206 15 4
512 542 31 16 4
512 541 107 24 4
512 541 447 148 4 4
512 508 522 496 85 1 4
512 508 521 115 34 4
512 508 279 299 156 3 4
512 5 28 194 190 1 4
512 5 27 183 13 4
506 519 73 23 5
506 519 52 37 1 5
506 516 224 2 5
506 511 537 104 16 5
506 511 509 530 12 8 5
506 511 91 460 482 116 5 5
506 511 91 411 423 159 8 5
506 509 530 12 39 5
506 509 529 8 3 5
506 507 520 197 20 5
506 507 509 529 8 12 5
506 507 509 528 79 13 5
505 513 439 182 5 4
505 509 528 79 15 4
505 509 524 3 20 4
505 508 279 299 156 14 4
505 338 354 140 28 4
505 338 337 350 27 1 4
505 338 337 349 41 11 4
505 227 440 445 32 4 4
505 227 440 444 98 27 4
502 488 503 126 19 2
502 67 28 28 2
502 67 165 55 16 2
495 94 78 5
495 565 168 39 5
495 219 149 22 5
457 574 573 590 30 9 7
457 574 337 349 41 4 7
457 472 6 12 7
457 471 210 13 7
457 470 87 123 14 7
457 469 143 17 7
457 459 477 173 12 7
457 456 463 96 15 7
457 455 458 459 477 173 10 7
457 455 458 459 477 471 210 2 7
457 306 375 383 113 10 7
457 306 375 383 448 161 3 7
457 306 314 270 165 11 7
457 306 313 323 232 2 7
457 305 415 439 182 5 7
457 305 308 49 22 7
457 305 308 399 131 1 7
457 225 233 164 7 7
457 31 42 141 20 7
457 31 41 214 2 7
442 571 580 286 88 7 3
442 486 494 236 9 3
442 486 492 33 11 3
442 376 378 393 153 1 3
442 376 378 392 136 15 3
442 108 377 386 535 342 71 1 3
442 108 377 385 110 2 3
442 108 76 84 217 9 3
442 108 76 83 23 6 3
442 34 53 211 14 3
442 34 52 37 10 3
442 34 50 84 1 3
442 34 31 41 214 11 3
397 487 498 282 117 4 6
397 487 497 167 5 6
397 487 496 85 20 6
397 405 93 6 6
397 404 233 3 6
397 402 237 18 6
397 401 54 9 6
397 401 44 198 4 6
397 395 399 131 7 6
397 395 398 238 21 6
397 260 269 7 9 6
397 260 268 226 4 6
397 260 267 52 2 6
397 227 440 444 98 5 6
397 227 238 120 9 6
397 107 415 439 182 10 6
397 107 130 260 267 52 9 6
397 107 120 312 128 14 6
397 107 119 58 11 6
397 0 6 147 2 6
380 121 52 3
380 112 568 451 193 9 3
380 50 84 35 3
358 376 378 392 136 13 3
358 376 378 390 188 6 3
358 376 378 76 83 23 1 3
358 376 240 246 248 219 24 3
358 225 233 164 10 3
358 225 232 38 14 3
358 132 146 103 14 3
358 132 144 21 6 3
358 62 74 111 11 3
357 410 417 46 1 6
357 372 67 17 6
357 371 18 41 6
357 368 171 8 6
357 356 367 229 34 7 6
357 356 365 163 13 6
357 125 549 567 223 21 6
357 125 487 496 85 2 6
357 77 89 166 7 6
357 77 87 123 10 6
357 77 85 61 4 6
357 31 41 214 9 6
357 31 40 59 31 6
336 346 66 20 4
336 345 2 2 4
336 343 503 126 28 4
336 338 337 349 41 10 4
336 316 488 503 126 14 4
336 91 411 423 159 5 4
336 91 411 420 529 8 6 4
336 91 99 234 21 4
336 2 17 202 4 4
336 2 14 10 4 4
335 412 426 119 58 1 6
335 412 425 587 87 7 6
335 412 424 19 17 6
335 342 71 13 6
335 341 178 18 6
335 340 142 5 6
335 339 203 19 6
335 337 349 41 22 6
335 337 347 156 154 16 6
335 337 347 42 141 7 6
335 300 570 573 590 30 2 6
335 279 299 156 1 6
335 243 259 9 9 6
335 226 237 124 12 6
335 61 70 83 8 6
317 510 536 172 19 4
317 510 535 342 71 1 4
317 510 534 149 144 9 4
317 510 534 16 11 11 4
317 329 106 29 4
317 325 423 159 23 4
317 324 170 25 4
315 488 503 126 1 4
315 321 86 3 4
315 320 186 34 4
315 319 177 9 597 132 11 4
315 276 290 174 1 4
315 225 232 38 17 4
315 225 232 448 161 3 4
315 225 232 119 58 5 4
315 225 230 108 12 4
315 62 74 111 35 4
311 199 30 3
311 404 233 20 3
311 118 74 37 3
310 306 313 323 232 6 3
310 306 312 128 8 3
310 306 260 267 52 4 3
310 214 56 42 3
310 178 169 20 3
310 178 251 192 1 3
302 160 50 3
302 286 88 44 3
300 570 573 590 30 18 9
300 570 573 589 189 2 9
300 570 572 581 475 90 20 9
300 570 572 581 42 141 6 9
300 441 453 105 14 9
300 441 451 193 3 9
300 441 448 161 21 9
300 441 447 148 3 9
300 441 440 444 98 3 9
300 305 308 399 131 7 9
300 304 53 15 9
300 303 95 9 9
300 276 290 174 25 9
300 198 210 584 469 143 2 9
300 198 209 176 7 9
300 185 260 267 52 4 9
300 185 189 77 12 9
300 185 187 40 6 9
300 134 153 109 14 9
300 125 487 496 85 20 9
300 90 130 260 267 52 6 9
300 90 130 138 26 9 9
300 90 93 426 119 58 4 9
300 62 74 111 3 9
300 62 73 16 17 9
293 185 55 6
293 531 195 28 6
293 394 203 257 15 25 6
293 234 99 13 6
293 124 222 14 10 6
293 44 198 7 6
293 44 138 26 14 6
275 413 429 181 12 4
275 413 411 420 529 8 1 4
275 286 88 20 4
275 284 216 34 4
275 282 117 2 4
275 281 180 14 4
275 280 81 1 4
275 276 289 492 33 28 4
275 276 289 78 215 9 4
273 102 47 2
273 398 238 17 2
261 549 567 223 13 4
261 410 417 46 17 4
261 410 416 45 3 4
261 356 365 163 7 4
261 356 363 383 448 161 4 4
261 356 362 200 9 4
261 262 243 259 9 1 4
261 262 243 257 15 21 4
261 262 196 202 145 5 4
261 262 31 40 59 2 4
261 260 267 52 3 4
261 242 411 420 529 8 3 4
261 242 253 57 7 4
261 225 230 108 8 4
261 225 229 34 4 4
241 441 440 444 98 9 3
241 441 91 98 213 13 3
241 441 91 95 64 7 3
241 414 437 44 4 3
241 414 435 175 20 3
241 318 332 125 24 3
241 305 308 399 131 3 3
241 305 307 47 1 3
241 249 169 146 2 3
241 240 246 248 219 3 3
241 225 229 34 8 3
239 138 38 3
239 587 87 11 3
239 497 167 18 3
239 399 131 22 3
239 399 501 177 10 3
236 209 50 4
236 343 503 126 8 4
236 343 503 499 227 2 4
236 228 201 152 15 4
236 205 35 43 4
236 205 343 503 499 227 5 4
215 459 477 471 210 5 9
215 459 475 90 27 9
215 459 260 267 52 1 9
215 459 260 266 133 5 9
215 412 424 19 5 9
215 412 415 439 182 6 9
215 412 276 289 78 215 3 9
215 318 332 125 3 9
215 305 307 47 10 9
215 276 289 78 215 6 9
215 276 277 292 194 11 9
215 276 277 291 13 5 9
215 260 266 133 18 9
215 260 266 53 211 9 9
215 195 571 580 286 88 1 9
215 195 571 579 69 6 9
215 195 571 578 496 85 2 9
215 195 571 578 496 115 151 4 9
215 195 277 291 13 2 9
215 106 488 503 499 227 3 9
215 106 488 501 177 3 9
215 106 488 499 227 9 9
215 106 488 460 482 116 8 9
215 106 118 74 2 9
215 106 117 187 23 9
215 91 95 64 1 9
215 61 70 83 18 9
215 61 69 75 25 9
215 30 575 597 132 7 9
215 30 575 596 127 6 9
215 30 216 546 557 112 6 9
215 30 37 24 10 9
211 36 50 3
211 579 69 39 3
186 549 567 223 2 6
186 488 460 482 116 5 6
186 488 460 480 65 1 6
186 488 460 478 68 5 6
186 378 76 83 23 11 6
186 378 0 6 147 4 6
186 260 266 53 211 4 6
186 243 257 15 6 6
186 243 257 345 2 6 6
186 243 255 4 22 6
186 242 253 57 5 6
186 242 251 192 14 6
186 226 237 124 17 6
186 226 234 99 5 6
186 194 190 16 6
186 193 50 32 6
186 192 590 30 19 6
186 191 92 1 6
166 225 68 4
166 516 224 9 4
166 238 120 48 4
164 396 400 255 4 13 5
164 396 356 362 200 11 5
164 184 89 8 5
164 183 62 11 5
164 182 134 19 5
164 181 221 3 5
164 180 48 38 5
164 162 414 435 175 4 5
164 162 414 434 43 24 5
164 160 198 209 176 1 5
164 160 198 185 187 40 3 5
164 160 165 55 7 5
161 546 557 112 3 4
161 546 556 228 2 4
161 278 295 155 20 4
161 174 70 5 4
161 173 22 15 4
161 170 239 2 4
161 169 146 31 4
161 168 6 147 9 4
161 160 165 55 9 4
161 92 104 39 6 4
161 92 102 25 1 4
161 92 101 51 72 12 4
152 212 48 4
152 474 139 33 4
152 381 150 22 4
150 230 39 5
150 598 130 37 5
150 346 66 32 5
150 346 182 134 5 5
150 346 182 128 231 13 5
150 134 149 144 4 5
137 258 114 14 2
137 130 138 26 14 2
137 24 80 44 2
131 573 589 189 10 4
131 573 587 87 12 4
131 440 444 529 8 5 4
131 440 443 205 9 4
131 440 443 87 123 2 4
131 197 260 266 53 211 5 4
131 197 260 265 157 12 4
131 143 580 286 88 6 4
131 142 91 20 4
131 140 100 13 4
131 135 159 76 21 4
131 130 138 26 3 4
131 130 136 499 227 1 4
121 184 39 3
121 552 101 38 3
121 552 63 207 2 3
121 479 158 8 3
105 355 356 362 200 3 4
105 355 356 361 208 21 4
105 133 411 420 529 8 8 4
105 133 411 419 63 10 4
105 115 151 5 4
105 114 60 2 4
105 113 162 42 4
105 111 235 13 4
105 106 117 187 7 4
105 106 117 433 370 78 5 4
105 62 73 16 6 4
100 229 11 0
100 113 162 3 0
75 485 489 97 1 3
75 395 398 238 1 3
75 395 398 524 3 6 3
75 316 488 460 478 68 4 3
75 316 415 439 182 2 3
75 316 323 232 5 3
75 316 323 229 34 4 3
75 82 196 16 3
75 80 427 204 25 3
75 80 362 200 1 3
75 78 215 21 3
75 76 83 23 12 3
60 377 385 110 4 5
60 377 260 264 434 43 17 5
60 318 332 125 1 5
60 318 331 129 5 5
60 318 277 291 13 13 5
60 67 165 55 14 5
60 67 70 83 14 5
60 66 221 122 4 5
60 65 222 15 5
60 63 207 48 5
35 413 411 419 63 5 5
35 305 307 47 22 5
35 227 238 120 10 5
35 227 238 234 99 1 5
35 227 196 202 145 8 5
35 227 196 201 152 6 5
35 227 196 201 340 142 6 5
35 91 95 64 2 5
35 91 94 29 1 5
35 59 294 179 14 5
35 58 476 51 12 5
35 57 416 45 9 5
35 32 43 17 11 5
35 31 39 42 29 5
35 31 38 425 587 87 7 5
33 197 260 264 434 43 1 4
33 197 206 220 24 4
33 197 203 257 345 2 17 4
33 125 487 356 361 208 5 4
33 125 411 419 63 4 4
33 125 278 295 155 2 4
33 125 278 276 277 291 13 8 4
33 125 128 231 3 4
33 125 126 270 165 21 4
33 48 559 119 6 4
33 47 158 114 60 3 4
33 45 20 24 4
33 32 43 17 2 4
1 376 240 246 248 219 1 4
1 376 240 244 135 11 4
1 376 31 38 425 587 87 1 4
1 376 31 38 385 110 2 4
1 216 223 476 51 6 4
1 216 222 14 17 4
1 216 221 122 8 4
1 77 85 61 27 4
1 11 5 7 4
1 10 576 544 206 4 4
1 4 23 118 12 4
1 4 20 191 22 4

