659

578 187 4 0
482 105 6 0
1074 322 12 0
231 1090 534 554 291 2 4
231 1090 313 329 344 21 4
231 1090 313 327 235 4 4
231 1090 46 755 766 175 3 4
231 930 575 579 96 6 4
231 930 575 577 50 3 4
231 930 575 576 253 2 4
231 930 310 315 375 9 4
231 682 690 87 18 4
231 682 621 633 651 275 9 4
231 682 621 633 650 118 14 4
231 682 621 627 332 1 4
231 682 512 1164 1182 138 2 4
231 595 962 960 991 182 3 4
231 595 634 656 476 5 4
231 241 47 14 4
231 239 408 3 4
231 235 262 37 1 4
231 234 256 304 1 4
231 233 742 1162 1176 345 1 4
231 233 742 754 85 1 4
231 233 300 1075 1082 467 9 4
231 233 300 533 552 108 11 4
231 233 300 303 421 1 4
231 233 249 240 9 4
231 233 245 53 10 4
947 317 3 0
264 242 17 1
264 236 1056 1066 55 2 1
264 236 1056 822 832 359 3 1
264 236 1056 177 191 243 5 1
443 77 5 0
982 51 20 0
1136 21 17 0
573 364 20 0
811 307 29 1
1027 1195 1198 224 17 5
1027 1195 1197 244 10 5
1027 1195 1165 1186 103 1 5
1027 1195 1162 1176 345 3 5
1027 1195 1162 1175 445 9 5
1027 1164 1182 138 1 5
1027 1041 418 11 5
1027 1039 380 1 5
1027 1030 1054 419 9 5
1027 1029 1058 1098 1133 429 11 5
1027 1029 1058 1070 260 11 5
1027 1029 1058 267 284 48 9 5
1027 759 779 388 11 5
1027 759 778 22 7 5
1027 759 777 251 6 5
1027 759 774 381 9 5
1027 620 790 792 802 334 4 5
1027 620 790 120 126 431 3 5
1027 620 334 357 114 11 5
1027 620 95 119 36 11 5
1027 560 864 883 73 7 5
1027 560 566 183 6 5
1027 560 565 407 18 5
1027 560 563 193 8 5
1027 271 1003 1143 792 802 334 8 5
1027 271 1003 1023 204 7 5
1027 271 298 162 9 5
1027 271 296 172 8 5
1027 271 294 472 13 5
1027 271 270 292 367 1 5
1027 271 46 755 766 175 1 5
1027 0 9 371 9 5
700 1142 1158 113 12 5
700 1142 1157 268 14 5
700 1142 1155 213 2 5
700 1090 46 755 766 175 9 5
700 1090 46 54 14 12 5
700 1075 1082 467 9 5
700 1075 1079 159 5 5
700 1075 1078 450 6 5
700 1025 1036 441 4 5
700 1025 1035 56 2 5
700 1025 1034 205 22 5
700 1025 1033 273 21 5
700 792 802 334 3 5
700 792 801 163 29 5
700 785 788 42 5 5
700 702 13 9 5
700 701 152 22 5
700 660 667 121 2 5
700 453 1099 1139 347 11 5
700 453 470 387 10 5
700 433 449 158 14 5
700 180 202 337 20 5
700 180 200 444 7 5
888 905 285 6 4
888 904 122 11 4
888 903 403 3 4
888 900 241 3 4
888 887 1076 1086 451 4 4
888 887 895 361 21 4
888 480 481 1164 1182 138 7 4
888 480 481 489 167 12 4
888 480 481 487 199 3 4
888 480 433 449 158 5 4
888 480 124 142 297 2 4
888 431 926 936 58 11 4
888 431 755 766 175 14 4
888 431 741 749 449 2 4
888 270 292 367 12 4
888 234 256 304 3 4
888 234 254 343 9 4
888 234 251 302 17 4
888 234 250 141 11 4
77 1055 1061 463 5 4
77 1055 1060 425 11 4
77 1055 1059 237 1 4
77 920 1163 1166 1194 107 4 4
77 920 1163 1164 1181 124 1 4
77 920 1163 1164 1180 256 8 4
77 920 1004 1141 1147 294 6 4
77 920 1004 1141 1146 195 2 4
77 910 916 134 1 4
77 910 915 221 2 4
77 910 914 348 1 4
77 615 794 812 101 16 4
77 490 1097 1130 59 9 4
77 431 741 749 449 4 4
77 431 439 249 2 4
77 301 1001 1160 1169 110 6 4
77 301 1001 1012 125 2 4
77 301 959 985 45 4 4
77 301 378 412 70 4 4
77 301 309 234 13 4
77 301 307 168 5 4
77 301 305 464 14 4
77 153 167 324 6 4
77 94 115 365 7 4
77 94 114 238 15 4
77 89 368 1 4
77 88 282 1 4
77 86 331 14 4
519 203 3 0
562 1195 1162 1175 445 9 5
562 1195 756 768 44 7 5
562 1195 756 767 406 14 5
562 1195 432 446 127 11 5
562 1195 432 442 104 5 5
562 1195 375 1166 1194 107 3 5
562 1143 792 801 163 4 5
562 1143 792 800 179 2 5
562 929 952 363 4 5
562 929 948 422 15 5
562 759 774 381 3 5
562 759 741 749 449 9 5
562 759 741 746 354 26 5
562 759 582 594 271 1 5
562 740 743 434 13 5
562 740 708 724 190 2 5
562 740 378 412 70 3 5
562 705 712 290 19 5
562 572 147 15 5
562 571 23 7 5
562 501 509 327 9 5
562 501 154 171 452 8 5
562 455 477 350 7 5
562 455 476 420 12 5
562 455 268 285 10 19 5
562 455 180 200 444 3 5
562 123 430 437 131 4 5
562 123 430 436 38 4 5
562 123 138 338 6 5
562 1 11 142 6 5
457 325 11 0
1069 383 11 0
953 129 14 0
935 46 14 0
1196 466 5 0
820 1140 1144 148 6 5
820 827 355 7 5
820 826 157 19 5
820 825 41 11 5
820 824 57 7 5
820 740 378 412 70 4 5
820 740 378 411 296 3 5
820 727 738 315 7 5
820 727 736 211 6 5
820 727 735 362 10 5
820 727 430 436 38 1 5
820 706 713 479 7 5
820 615 794 810 416 12 5
820 615 794 809 111 1 5
820 581 590 405 12 5
820 511 524 254 15 5
820 511 522 474 2 5
820 313 327 235 15 5
820 313 323 379 4 5
820 265 277 40 22 5
820 125 378 411 296 1 5
820 125 378 409 54 5 5
820 125 148 206 9 5
820 125 147 78 4 5
820 125 144 186 3 5
820 125 122 581 589 278 2 5
820 125 122 131 448 3 5
820 3 20 23 411 12 5
820 3 19 376 31 5
500 1001 1012 125 17 5
500 1001 1010 52 8 5
500 927 941 239 1 5
500 927 938 386 5 5
500 862 879 207 5 5
500 862 265 272 196 7 5
500 846 850 384 8 5
500 631 643 89 9 5
500 508 265 32 5
500 507 300 16 5
500 506 67 8 5
500 505 106 29 5
500 490 1097 1130 59 1 5
500 490 1097 1129 438 1 5
500 490 494 404 3 5
500 490 492 236 2 5
500 490 335 361 410 2 5
500 490 335 360 90 7 5
500 490 45 596 602 181 1 5
500 490 45 596 601 197 2 5
500 490 45 51 144 6 5
500 205 1161 1174 137 5 5
500 205 1161 1172 340 12 5
500 177 191 243 12 5
500 177 190 160 1 5
500 76 707 716 306 9 5
500 76 84 3 8 5
1119 370 8 0
1191 250 7 0
1191 1166 1194 107 1 0
445 454 19 0
1095 1120 353 13 2
1095 1118 374 10 2
1095 1117 458 8 2
1095 1098 1133 429 8 2
1095 1098 1131 310 3 2
1095 1092 1112 400 26 2
1095 1092 1111 194 3 2
1095 372 393 351 16 2
1095 372 391 192 3 2
204 6 14 0
618 84 3 0
420 5 16 1
420 379 418 323 19 1
420 379 414 328 14 1
331 863 881 246 5 2
331 863 425 1055 1059 237 1 2
331 863 425 430 436 38 2 2
331 863 425 427 284 9 2
331 863 425 426 219 7 2
331 582 594 271 6 2
331 350 259 5 2
331 349 66 5 2
331 348 97 23 2
331 345 33 7 2
694 8 31 1
950 151 22 2
950 929 948 422 2 2
950 929 21 1166 1193 145 5 2
950 929 21 1166 1189 369 10 2
950 929 21 29 218 14 2
1018 261 30 1
840 1141 1146 195 20 5
840 1141 1140 1144 148 1 5
840 1099 1139 347 7 5
840 1097 1129 438 5 5
840 1097 1128 319 13 5
840 1055 1059 237 8 5
840 1002 1015 222 14 5
840 1002 793 804 427 15 5
840 959 985 45 10 5
840 959 983 295 13 5
840 957 1097 1128 319 17 5
840 957 973 360 2 5
840 957 955 968 94 5 5
840 957 708 724 190 5 5
840 910 914 348 2 5
840 910 795 817 232 2 5
840 910 757 772 226 8 5
840 843 184 1 5
840 835 838 394 9 5
840 793 795 817 232 4 5
840 683 699 30 9 5
840 683 696 2 11 5
840 683 269 287 79 19 5
840 683 269 286 283 8 5
840 531 540 455 8 5
840 481 486 132 8 5
840 430 436 38 1 5
840 57 69 164 9 5
840 57 68 346 9 5
840 57 67 123 2 5
840 57 66 155 5 5
909 309 10 0
282 119 15 0
704 329 13 0
24 29 8 0
347 465 20 0
870 31 4 0
1153 333 16 0
958 1195 375 1166 1189 369 3 5
958 1195 153 167 324 14 5
958 1195 153 166 112 1 5
958 1096 1126 25 4 5
958 1096 1125 318 19 5
958 1096 1122 146 3 5
958 981 91 15 5
958 978 349 3 5
958 976 446 20 5
958 963 998 308 6 5
958 963 997 20 8 5
958 963 956 972 357 4 5
958 963 956 971 198 14 5
958 960 991 182 7 5
958 957 708 721 0 13 5
958 847 1003 1023 204 4 5
958 847 560 563 193 12 5
958 847 46 54 14 1 5
958 847 46 53 140 14 5
958 845 848 395 4 5
958 845 481 486 132 1 5
958 845 55 62 335 1 5
958 792 800 179 19 5
958 792 799 191 4 5
958 681 791 797 28 2 5
958 681 689 177 3 5
958 681 687 415 8 5
958 681 662 675 358 7 5
958 615 794 809 111 5 5
958 615 794 807 330 4 5
56 1142 1155 213 8 5
56 1142 1154 392 14 5
56 1140 1144 148 1 5
56 1076 1086 451 2 5
56 1076 959 983 295 2 5
56 1076 959 75 79 178 2 5
56 1058 267 284 48 3 5
56 1058 90 98 169 8 5
56 860 867 76 27 5
56 860 866 269 4 5
56 860 861 878 428 6 5
56 726 733 277 2 5
56 512 1164 1180 256 8 5
56 512 528 426 9 5
56 512 527 436 11 5
56 512 526 286 8 5
56 512 235 262 37 4 5
56 330 343 437 6 5
56 330 340 62 7 5
56 330 339 462 5 5
56 330 338 470 18 5
56 330 336 366 385 6 5
56 301 305 464 6 5
56 301 267 284 48 1 5
56 301 120 126 431 10 5
56 176 188 312 4 5
56 176 187 396 11 5
56 176 186 83 5 5
56 76 84 3 2 5
56 76 83 215 3 5
56 76 82 71 6 5
56 65 74 24 5
56 64 316 10 5
56 55 62 335 7 5
632 1163 1164 1180 256 6 4
632 1163 885 891 390 13 4
632 956 971 198 4 4
632 956 961 994 153 15 4
632 742 754 85 4 4
632 742 334 357 114 2 4
632 742 334 356 443 2 4
632 742 334 335 360 90 17 4
632 648 442 10 4
632 647 397 9 4
632 635 822 832 359 1 4
632 635 659 341 11 4
632 635 267 284 48 2 4
632 635 30 39 248 6 4
632 635 21 29 218 4 4
632 631 643 89 24 4
632 631 642 92 2 4
632 631 641 43 9 4
632 430 436 38 6 4
632 430 434 435 13 4
632 430 432 442 104 9 4
1045 414 18 0
970 298 20 0
918 457 16 0
889 1092 1111 194 3 5
889 1092 1110 477 21 5
889 1092 1109 61 9 5
889 1029 1058 90 98 169 4 5
889 1029 1058 90 96 143 1 5
889 1029 1052 378 3 5
889 1029 1051 401 6 5
889 908 7 9 5
889 906 133 11 5
889 886 885 891 390 3 5
889 886 707 716 306 11 5
889 886 150 795 817 232 1 5
889 886 150 795 815 32 3 5
889 886 150 155 102 12 5
889 663 679 471 2 5
889 663 676 27 13 5
889 663 313 323 379 7 5
889 663 313 322 17 10 5
889 330 336 366 385 10 5
889 312 320 19 18 5
889 206 620 95 119 36 11 5
889 206 620 95 118 233 7 5
889 206 214 391 15 5
889 206 213 342 4 5
889 152 165 1 12 5
889 152 164 478 1 5
889 152 75 79 178 11 5
889 31 43 188 7 5
889 31 42 227 1 5
359 136 10 0
753 217 17 0
422 229 5 0
920 1004 1141 1140 1144 148 2 5
920 927 938 386 21 5
920 927 561 822 832 359 2 5
920 927 32 124 142 297 1 5
920 924 377 21 5
920 921 88 2 5
920 911 1055 1059 237 6 5
920 911 1055 822 832 359 11 5
920 911 1002 793 795 815 32 6 5
920 755 766 175 5 5
920 755 765 75 2 5
920 631 641 43 14 5
920 631 640 257 6 5
920 631 638 81 23 5
920 555 1166 1189 369 3 5
920 555 1166 1188 336 1 5
920 555 959 75 79 178 1 5
920 555 793 795 815 32 5 5
920 555 793 795 814 279 3 5
920 532 531 540 455 1 5
920 532 531 539 231 22 5
920 512 235 262 37 8 5
920 511 521 201 8 5
920 452 725 729 26 12 5
920 452 465 430 2 5
920 452 464 247 6 5
920 378 409 54 18 5
920 270 267 284 48 2 5
920 154 171 452 1 5
920 122 131 448 16 5
920 57 66 155 6 5
920 20 23 411 8 5
920 1 11 142 5 5
279 432 18 0
38 24 29 1
354 15 16 0
564 245 9 0
773 126 17 0
170 321 1 0
597 1142 1154 392 5 5
597 1142 1152 356 22 5
597 1142 1151 402 1 5
597 1076 959 75 79 178 2 5
597 615 794 807 330 4 5
597 615 619 170 25 5
597 615 617 409 18 5
597 612 252 3 5
597 611 161 7 5
597 609 99 2 5
597 607 63 16 5
597 595 634 656 476 5 5
597 595 634 654 263 10 5
597 595 634 176 186 83 13 5
597 595 634 176 184 280 14 5
597 595 621 627 332 3 5
597 491 530 537 154 6 5
597 491 58 74 115 11 5
597 337 555 793 795 814 279 4 5
597 337 555 561 822 832 359 4 5
597 337 555 561 569 305 3 5
597 337 555 559 39 11 5
597 337 369 288 4 5
597 121 1164 1180 256 3 5
597 121 1164 1179 12 18 5
597 121 265 272 196 5 5
1071 216 13 0
628 64 14 0
112 135 5 0
113 72 5 0
25 412 3 0
856 220 6 0
544 460 4 0
1190 459 4 0
1091 1107 399 8 4
1091 1106 173 14 4
1091 1105 35 8 4
1091 1099 1139 347 8 4
1091 1096 1122 146 16 4
1091 1096 1092 1109 61 1 4
1091 1092 1109 61 2 4
1091 785 788 42 6 4
1091 785 787 456 3 4
1091 785 786 176 10 4
1091 785 741 746 354 2 4
1091 785 705 712 290 1 4
1091 785 705 710 301 10 4
1091 785 661 669 366 2 4
1091 785 561 569 305 8 4
1091 757 772 226 18 4
1091 757 770 447 9 4
1091 510 517 389 15 4
1091 510 151 162 313 7 4
1091 510 151 161 314 4 4
1091 510 151 159 117 8 4
1091 480 124 142 297 1 4
1091 480 124 140 11 5 4
1091 90 96 143 9 4
478 212 4 0
1183 98 22 0
12 299 22 0
451 962 960 988 468 2 2
451 460 49 9 2
451 459 200 18 2
451 454 474 440 2 2
451 454 472 272 6 2
451 454 471 68 10 2
451 454 450 456 262 9 2
451 454 450 268 285 10 1 2
451 454 76 82 71 3 2
844 266 24 0
438 230 23 0
1043 289 26 1
374 1075 1078 450 8 4
374 1055 822 830 469 9 4
374 835 838 394 5 4
374 835 836 267 10 4
374 835 533 552 108 11 4
374 835 533 549 139 7 4
374 835 154 171 452 1 4
374 425 426 219 6 4
374 425 235 262 37 2 4
374 425 235 260 223 9 4
374 402 116 10 4
374 401 100 6 4
374 398 149 2 4
374 380 370 384 398 20 4
374 380 370 383 473 7 4
374 377 407 373 11 4
374 377 405 264 1 4
374 375 1166 1188 336 3 4
374 373 1094 1115 109 9 4
374 373 396 225 1 4
374 373 55 62 335 13 4
374 373 55 61 372 2 4
374 373 55 60 287 17 4
374 371 151 159 117 13 4
374 335 360 90 11 4
209 1029 1051 401 7 5
209 1029 1050 433 9 5
209 1029 1047 189 10 5
209 840 57 66 155 8 5
209 840 45 50 82 5 5
209 229 34 4 5
209 227 326 17 5
209 226 320 11 5
209 225 18 14 5
209 207 221 214 19 5
209 207 217 16 24 5
209 206 213 342 8 5
209 206 0 9 371 16 5
209 206 0 7 130 2 5
209 205 1161 1172 340 8 5
209 205 1141 1140 1144 148 3 5
209 205 706 713 479 3 5
209 205 706 708 721 0 1 5
209 205 210 202 8 5
209 178 1142 1151 402 2 5
209 178 196 382 6 5
209 178 194 128 7 5
209 178 192 274 8 5
209 178 179 198 303 8 5
209 178 179 197 174 3 5
209 178 176 184 280 3 5
209 178 58 74 115 3 5
209 178 58 73 93 3 5
209 58 73 93 14 5
209 30 39 248 8 5
209 30 34 209 4 5
209 21 29 218 4 5
913 393 7 1
913 910 757 770 447 3 1
913 910 755 765 75 2 1
913 910 726 732 4 4 1
913 910 726 731 352 7 1
913 910 481 486 132 7 1
913 910 481 485 292 4 1
1114 166 2 0
355 258 24 0
608 86 16 0
1044 439 4 0
92 863 425 235 258 180 8 2
92 561 569 305 2 2
92 530 537 154 3 2
92 530 535 69 9 2
92 267 284 48 6 2
92 267 283 80 3 2
92 207 217 16 4 2
92 107 156 4 2
92 103 461 1 2
92 91 1143 792 799 191 7 2
92 91 1025 1033 273 6 2
92 91 821 336 366 385 1 2
92 91 821 332 351 413 2 2
92 91 708 721 0 6 2
92 90 96 143 9 2
473 293 4 0
775 228 12 0
1199 270 5 0
475 255 21 0
274 60 2 0
212 276 15 0
911 1002 793 795 814 279 18 5
911 1002 46 53 140 11 5
911 1000 1025 1033 273 6 5
911 1000 928 946 339 6 5
911 1000 928 944 453 14 5
911 925 934 65 6 5
911 925 932 185 14 5
911 919 120 9 5
911 917 423 15 5
911 846 850 384 8 5
911 846 707 716 306 4 5
911 846 120 126 431 8 5
911 681 662 675 358 3 5
911 681 662 674 311 10 5
911 681 662 671 150 8 5
911 681 633 650 118 2 5
911 580 793 795 814 279 2 5
911 580 587 9 5 5
911 580 586 424 17 5
911 580 585 165 18 5
911 575 576 253 8 5
911 555 559 39 9 5
911 555 558 95 3 5
911 555 370 383 473 4 5
911 555 370 381 171 11 5
911 555 31 42 227 20 5
911 95 118 233 2 5
911 95 117 475 9 5
1121 208 11 0
890 417 23 0
419 281 1 0
362 210 11 0

