666

707 398 1 0
890 36 3 0
1095 195 22 0
564 96 7 1
564 556 740 1077 1097 350 1 1
564 556 566 201 25 1
565 401 2 0
783 280 3 0
106 1162 1163 1175 269 8 4
106 1162 722 737 277 9 4
106 1105 1109 456 5 4
106 1105 667 683 332 3 4
106 860 1105 667 683 332 9 4
106 860 868 161 20 4
106 835 1120 875 884 359 1 4
106 835 945 1181 1190 46 2 4
106 835 945 949 206 16 4
106 835 945 948 26 7 4
106 835 945 603 617 247 6 4
106 604 624 421 4 4
106 604 622 461 4 4
106 604 52 62 265 7 4
106 527 539 156 4 4
106 500 956 964 21 4 4
106 500 916 912 927 76 2 4
106 500 916 912 926 460 2 4
106 500 916 912 924 106 12 4
106 500 916 912 923 473 2 4
106 500 628 644 121 5 4
106 500 578 595 91 7 4
106 500 578 594 249 1 4
106 500 578 593 103 6 4
106 117 23 15 4
106 116 11 11 4
106 35 999 1017 272 2 4
444 166 11 0
946 1105 667 683 332 4 5
946 1105 0 5 475 5 5
946 1105 0 4 252 2 5
946 990 993 317 17 5
946 965 970 282 21 5
946 965 968 988 298 1 5
946 954 446 4 5
946 953 128 13 5
946 952 235 34 5
946 951 85 2 5
946 722 737 277 3 5
946 722 735 311 7 5
946 722 167 183 387 7 5
946 668 686 472 2 5
946 668 685 448 13 5
946 668 684 189 13 5
946 556 566 201 3 5
946 510 516 7 5 5
946 510 110 912 923 473 5 5
946 395 968 988 298 4 5
946 395 625 635 16 5 5
946 395 396 400 154 8 5
946 395 396 399 122 2 5
946 395 67 79 75 4 5
946 354 377 414 12 5
946 354 353 374 191 1 5
946 261 629 652 150 19 5
946 261 629 650 71 3 5
946 261 289 333 4 5
946 261 52 62 265 14 5
946 196 223 399 13 5
286 47 12 1
286 260 287 187 5 1
286 260 285 336 15 1
1183 1197 351 8 4
1183 1196 410 6 4
1183 1181 1189 234 27 4
1183 875 884 359 9 4
1183 860 868 161 7 4
1183 860 865 43 11 4
1183 837 839 1150 1153 264 15 4
1183 837 839 1023 1043 424 9 4
1183 837 839 859 110 4 4
1183 512 1182 1194 33 4 4
1183 330 1125 1149 20 4 4
1183 330 1125 1147 322 8 4
1183 330 1125 1146 27 12 4
1183 330 335 435 9 4
1183 330 333 349 158 7 4
1183 230 253 6 11 4
1183 230 21 31 397 5 4
1183 84 1121 1131 243 2 4
1183 84 102 428 4 4
1183 82 956 964 21 1 4
109 965 968 988 298 6 2
109 965 968 987 306 1 2
109 965 255 1124 1144 334 5 2
109 965 255 999 1017 272 8 2
109 965 255 999 1016 466 7 2
109 965 255 262 477 2 2
109 880 907 371 6 2
109 194 209 93 3 2
109 194 20 28 183 11 2
109 136 313 7 2
109 105 112 34 1 2
109 105 107 1124 1144 334 2 2
531 217 1 0
513 394 14 0
958 207 9 0
501 1161 1169 39 9 5
501 1161 1166 408 17 5
501 1161 577 590 404 16 5
501 1161 577 578 593 103 2 5
501 1161 577 578 592 328 2 5
501 1161 331 338 382 3 5
501 914 936 402 15 5
501 914 934 380 19 5
501 879 945 603 617 247 3 5
501 879 945 603 616 391 1 5
501 879 900 281 9 5
501 879 899 9 22 5
501 879 603 616 391 3 5
501 796 530 553 341 2 5
501 747 759 230 3 5
501 747 757 1 19 5
501 740 1077 1097 350 4 5
501 558 574 366 6 5
501 558 396 399 122 19 5
501 557 697 713 374 3 5
501 557 697 712 305 21 5
501 505 355 10 5
501 500 578 592 328 2 5
501 500 504 226 4 5
501 500 503 51 6 5
501 500 457 293 308 204 3 5
501 436 455 465 300 5 5
501 290 1124 1144 334 11 5
501 290 300 97 11 5
152 179 25 0
959 83 6 0
119 167 9 0
537 342 14 0
787 89 3 0
1008 395 20 0
1022 1150 1153 264 13 3
1022 1150 1151 260 6 3
1022 1039 263 1 3
1022 1038 100 4 3
1022 1024 1046 389 6 3
1022 1020 1032 151 1 3
1022 1020 1031 307 2 3
1022 914 934 380 3 3
1022 914 933 173 1 3
1022 625 635 16 7 3
1022 625 634 303 5 3
1022 436 445 439 8 3
1022 291 1181 1189 234 6 3
1022 291 601 609 434 1 3
1022 291 437 450 118 21 3
1022 291 301 95 13 3
1022 291 295 318 214 4 3
1022 66 876 888 256 11 3
1022 66 876 886 308 9 3
1022 66 720 728 349 7 3
1022 66 720 725 170 1 3
647 479 5 0
367 314 10 0
528 748 768 61 9 2
528 723 739 136 3 2
528 723 350 359 267 15 2
528 546 287 3 2
528 544 54 3 2
528 542 162 1 2
528 390 997 875 884 359 4 2
528 390 945 603 616 391 1 2
528 390 391 196 13 2
528 390 0 4 252 14 2
520 180 3 0
870 323 4 0
24 452 16 0
700 324 8 0
857 433 13 0
726 261 15 0
580 147 32 1
229 1181 1187 24 18 5
229 1181 1185 215 11 5
229 1025 1049 450 5 5
229 1025 1048 105 17 5
229 862 1121 1131 243 1 5
229 862 914 933 173 16 5
229 771 784 375 7 5
229 771 773 792 367 4 5
229 771 773 790 469 7 5
229 771 770 781 325 7 5
229 630 1150 1151 260 4 5
229 630 1150 1025 1048 105 4 5
229 630 1150 1025 353 374 191 8 5
229 630 1150 576 589 364 4 5
229 630 967 980 290 18 5
229 630 967 979 218 1 5
229 630 967 977 236 2 5
229 630 654 77 8 5
229 252 56 17 5
229 251 406 5 5
229 227 357 388 462 8 5
229 227 242 354 7 5
229 227 241 64 9 5
229 227 240 370 5 5
229 142 352 748 768 61 2 5
229 142 352 369 474 6 5
229 142 157 301 10 5
229 66 720 725 170 6 5
229 66 720 724 422 3 5
229 65 190 875 884 359 7 5
398 463 8 0
1116 457 2 0
225 512 1182 1194 33 7 2
225 512 748 768 61 8 2
225 512 748 767 429 3 2
225 512 748 766 124 6 2
225 435 740 1077 1097 350 2 2
225 435 440 98 15 2
225 435 439 111 10 2
225 234 50 11 2
225 232 378 4 2
225 231 255 18 2
225 230 21 31 397 1 2
1098 423 7 0
226 956 964 21 7 4
226 956 963 15 16 4
226 956 961 172 11 4
226 956 960 145 3 4
226 836 845 412 1 4
226 795 804 70 25 4
226 795 802 385 12 4
226 795 801 127 6 4
226 236 141 7 4
226 235 13 16 4
226 227 240 370 13 4
226 227 238 82 24 4
226 1 578 592 328 15 4
908 266 5 0
1001 165 6 0
983 440 7 0
983 968 987 306 12 0
1014 222 2 0
619 228 4 0
688 242 9 0
869 12 33 1
812 297 6 0
922 137 21 0
1070 132 12 1
1070 1066 1073 101 20 1
806 227 12 0
547 186 2 0
547 529 576 589 364 3 0
547 529 576 588 194 1 0
843 129 5 0
825 200 13 0
487 384 2 0
772 1150 576 588 194 6 4
772 990 993 317 5 4
772 990 968 987 306 1 4
772 880 907 371 11 4
772 880 904 216 20 4
772 788 396 3 4
772 774 794 231 18 4
772 774 295 318 214 2 4
772 770 781 325 5 4
772 770 780 361 10 4
772 770 779 411 5 4
772 628 644 121 6 4
772 628 643 72 16 4
772 80 93 335 5 4
772 80 92 365 6 4
772 80 90 163 11 4
772 80 89 203 3 4
772 80 88 198 15 4
772 80 86 383 6 4
51 1160 1165 442 11 4
51 1160 412 425 229 3 4
51 1123 1139 454 5 4
51 1123 1136 92 13 4
51 1123 722 167 183 387 3 4
51 1021 1023 1043 424 6 4
51 1021 1023 1042 294 7 4
51 1021 740 1077 1097 350 2 4
51 1021 740 1077 1096 112 5 4
51 1021 21 31 397 7 4
51 1021 21 30 420 11 4
51 862 914 933 173 1 4
51 862 874 407 4 4
51 461 486 53 9 4
51 461 484 205 4 4
51 461 482 432 2 4
51 320 1122 1135 208 5 4
51 320 1122 1133 224 1 4
51 259 280 339 5 4
51 259 278 268 8 4
51 259 277 31 14 4
51 60 347 18 4
51 56 32 20 4
449 48 9 0
327 17 4 0
81 911 921 99 5 2
81 555 997 875 884 359 1 2
81 555 561 417 3 2
81 555 560 441 16 2
81 142 157 301 7 2
81 97 73 8 2
81 95 437 8 2
81 83 100 108 3 2
861 1066 1073 101 7 5
861 1066 1068 319 18 5
861 1066 167 183 387 1 5
861 862 874 407 12 5
861 862 871 78 23 5
861 860 169 188 28 5 5
861 860 66 666 677 2 6 5
861 838 853 465 9 5
861 838 851 372 1 5
861 746 1023 1042 294 5 5
861 746 1023 1041 184 9 5
861 746 753 107 7 5
861 746 752 285 29 5
861 555 560 441 9 5
861 555 559 90 11 5
861 292 302 275 19 5
861 292 295 318 214 3 5
861 256 1155 995 1005 468 6 5
861 256 1155 697 712 305 4 5
861 256 264 458 11 5
861 256 260 285 336 3 5
861 256 260 283 254 7 5
861 256 260 282 157 2 5
861 196 223 399 3 5
861 196 222 58 18 5
861 196 221 409 10 5
861 196 190 875 882 299 6 5
861 40 1125 1146 27 5 5
861 40 838 851 372 1 5
87 190 14 0
108 1181 1185 215 17 2
108 130 116 13 2
108 129 246 11 2
108 128 94 27 2
108 127 470 1 2
108 125 344 5 2
108 110 912 923 473 4 2
108 110 138 66 4 2
108 110 52 62 265 2 2
108 67 79 75 4 2
185 62 5 0
797 1079 721 732 69 7 5
797 1079 721 731 316 12 5
797 1079 721 730 259 12 5
797 1052 1120 875 882 299 4 5
797 1052 1078 1101 291 5 5
797 1052 1062 262 12 5
797 1052 955 880 904 216 2 5
797 1052 955 880 903 68 7 5
797 1052 955 228 249 241 2 5
797 811 88 2 5
797 810 49 14 5
797 798 814 279 15 5
797 798 813 146 7 5
797 798 748 766 124 1 5
797 770 777 363 18 5
797 770 775 310 1 5
797 626 628 643 72 5 5
797 626 628 642 373 21 5
797 511 748 766 124 1 5
797 353 374 191 16 5
797 66 666 677 2 1 5
797 66 75 140 28 5
797 66 74 233 12 5
797 66 72 30 9 5
219 175 9 0
918 348 10 0
1055 453 9 0
104 386 20 0
704 427 15 1
704 695 701 41 18 1
2 877 889 431 12 5
2 698 838 851 372 11 5
2 698 838 850 81 6 5
2 698 714 345 8 5
2 698 578 592 328 2 5
2 698 578 591 80 5 5
2 670 692 353 3 5
2 655 1121 1131 243 19 5
2 500 457 293 308 204 4 5
2 290 300 97 4 5
2 290 299 392 8 5
2 290 298 182 19 5
2 290 297 449 7 5
2 166 179 356 30 5
2 14 138 7 5
2 12 192 10 5
2 11 343 7 5
2 10 155 11 5
2 3 52 62 265 3 5
2 3 52 61 326 5 5
2 3 19 0 9 5
2 3 18 352 10 5
2 3 16 164 1 5
2 3 1 578 591 80 2 5
2 3 1 8 271 9 5
2 1 7 240 20 5
687 223 9 0
1060 293 20 0
320 1122 1133 224 18 5
320 1024 1046 389 2 5
320 1024 1020 1031 307 14 5
320 996 999 1016 466 25 5
320 816 826 415 2 5
320 815 820 119 32 5
320 740 1077 1096 112 3 5
320 740 744 346 3 5
320 740 741 248 17 5
320 740 410 420 117 3 5
320 665 410 420 117 8 5
320 527 539 156 5 5
320 410 420 117 2 5
320 410 418 312 12 5
320 410 416 455 13 5
320 333 349 158 2 5
320 333 346 188 9 5
320 333 345 211 15 5
320 324 38 1 5
320 321 330 17 5
320 259 277 31 7 5
320 190 875 882 299 18 5
320 190 200 168 12 5
320 190 199 65 10 5
334 443 10 0
356 878 895 258 5 4
356 878 880 903 68 4 4
356 878 880 881 909 59 3 4
356 878 627 640 320 3 4
356 835 945 603 616 391 11 4
356 835 842 438 5 4
356 835 841 221 3 4
356 835 840 416 14 4
356 410 416 455 15 4
356 386 153 22 4
356 384 329 23 4
356 383 340 34 4
356 382 360 18 4
356 381 232 6 4
356 380 296 10 4
356 355 379 274 5 4
356 355 357 388 462 1 4
356 355 353 374 191 5 4
356 355 353 372 123 7 4
356 354 353 372 123 1 4
356 351 363 160 3 4
819 197 24 0
397 1181 1185 215 2 4
397 1161 331 338 382 9 4
397 1050 1121 1131 243 1 4
397 1050 1054 292 7 4
397 1050 795 801 127 4 4
397 877 889 431 1 4
397 579 599 45 9 4
397 579 598 445 7 4
397 579 456 467 302 17 4
397 579 294 311 390 2 4
397 457 293 308 204 1 4
397 457 293 307 251 4 4
397 457 293 305 304 3 4
397 413 429 87 2 4
397 409 288 19 4
397 408 202 7 4
397 407 244 6 4
397 403 413 13 4
397 355 353 372 123 5 4
397 258 276 199 2 4
397 144 626 628 642 373 7 4
397 144 162 67 12 4
397 144 160 451 6 4
397 65 190 198 178 10 4
397 65 68 79 1 4
460 1065 1182 1194 33 10 3
460 481 464 3 3
460 479 209 14 3
460 478 210 5 3
460 463 496 237 11 3
460 463 494 447 9 3
460 461 482 432 20 3
460 461 458 472 388 10 3
460 455 465 300 1 3
460 455 458 471 4 22 3
325 1107 1117 144 4 5
325 1075 1084 315 1 5
325 1075 21 30 420 8 5
325 1020 1031 307 2 5
325 1020 1028 337 9 5
325 1020 1027 212 15 5
325 990 968 987 306 1 5
325 990 968 985 377 13 5
325 990 968 982 225 10 5
325 990 601 609 434 2 5
325 817 828 181 19 5
325 817 827 10 13 5
325 817 721 730 259 8 5
325 670 692 353 3 5
325 575 668 684 189 16 5
325 575 582 276 12 5
325 575 581 130 18 5
325 413 429 87 16 5
325 413 428 114 3 5
325 413 295 317 362 8 5
325 413 52 61 326 11 5
325 411 628 642 373 1 5
325 411 422 400 5 5
325 329 471 1 5
325 328 309 24 5
325 320 190 198 178 9 5
325 320 140 148 60 6 5
325 107 1124 1144 334 1 5
325 107 124 57 11 5
45 1182 1194 33 4 5
45 1051 1061 149 1 5
45 1051 22 34 133 6 5
45 969 295 317 362 8 5
45 818 834 19 7 5
45 818 833 358 12 5
45 818 830 5 16 5
45 655 1121 1131 243 5 5
45 655 1121 1130 37 13 5
45 655 660 86 4 5
45 655 657 478 19 5
45 627 640 320 28 5
45 627 638 219 10 5
45 530 553 341 3 5
45 530 552 331 10 5
45 530 551 327 4 5
45 530 549 444 8 5
45 512 748 766 124 12 5
45 512 522 143 9 5
45 512 521 148 25 5
45 511 748 766 124 1 5
45 511 748 763 44 9 5
45 511 519 174 7 5
45 350 359 267 7 5
45 350 358 171 13 5
45 293 305 304 9 5
891 403 18 0
475 55 17 0
715 1155 530 549 444 1 5
715 1150 576 588 194 13 5
715 998 1011 376 10 5
715 998 576 588 194 7 5
715 998 576 587 425 17 5
715 966 975 253 31 5
715 966 437 450 118 2 5
715 966 437 448 139 7 5
715 956 960 145 3 5
715 956 696 706 213 5 5
715 876 886 308 3 5
715 876 885 239 29 5
715 836 603 616 391 1 5
715 836 603 615 476 6 5
715 836 295 316 25 19 5
715 836 295 314 104 12 5
715 796 530 549 444 16 5
715 796 331 338 382 4 5
715 796 80 85 289 4 5
715 796 21 30 420 2 5
715 723 350 358 171 6 5
715 723 350 353 372 123 3 5
715 717 3 3 5
715 716 273 5 5
715 625 634 303 12 5
715 576 587 425 2 5
715 525 1124 1144 334 4 5
715 525 527 539 156 4 5
715 396 399 122 5 5
715 396 0 4 252 4 5
715 20 28 183 5 5
715 20 26 131 5 5
858 159 4 0
709 286 9 0
942 321 11 0
414 1124 1144 334 4 4
414 1124 1143 84 18 4
414 911 921 99 18 4
414 911 920 318 5 4
414 911 914 933 173 1 4
414 795 800 115 1 4
414 795 799 74 13 4
414 462 600 607 52 2 4
414 462 600 606 18 16 4
414 462 490 238 6 4
414 434 459 3 4
414 432 357 6 4
414 431 126 9 4
414 165 748 763 44 12 4
414 165 175 418 9 4
414 141 1080 1104 436 12 4
414 141 915 937 113 8 4
414 141 669 690 368 4 4
414 141 154 338 8 4
414 141 153 35 3 4
414 40 838 850 81 1 4
414 40 601 609 434 1 4
414 40 332 576 587 425 4 4
414 40 332 333 345 211 6 4
414 40 44 14 14 4
414 40 43 295 10 4
414 40 41 135 4 4
195 1050 261 52 61 326 1 2
195 816 826 415 4 2
195 816 824 379 1 2
195 816 822 283 2 2
195 773 790 469 7 2
195 773 789 125 8 2
195 603 615 476 7 2
195 459 1160 412 425 229 4 2
195 220 405 1 2
195 216 185 9 2
195 215 430 14 2
195 212 278 12 2
195 210 467 19 2
180 284 11 0
1069 177 8 0
245 176 4 0
962 40 4 0
509 134 9 0
548 369 24 0
438 1163 1175 269 1 4
438 1163 1174 220 2 4
438 1106 1182 1194 33 4 4
438 1106 1111 169 9 4
438 1106 1110 193 4 4
438 1065 1067 257 6 4
438 1065 721 730 259 1 4
438 1065 107 124 57 5 4
438 1065 107 120 245 3 4
438 990 601 609 434 4 4
438 695 701 41 6 4
438 629 650 71 11 4
438 629 648 42 7 4
438 526 412 425 229 5 4
438 511 519 174 1 4
438 454 109 8 4
438 453 270 20 4
438 452 29 4 4
438 436 445 439 5 4
438 436 443 102 26 4
438 257 273 8 11 4
438 45 168 186 419 2 4
438 45 140 148 60 3 4
438 45 140 145 142 3 4
438 35 999 1016 466 2 4
438 35 945 603 615 476 2 4
438 35 669 690 368 4 4
438 35 601 609 434 1 4
438 35 527 536 63 11 4
438 35 39 120 24 4
438 35 38 393 5 4
1076 1091 426 8 2
1076 1087 22 6 2
1076 1086 381 17 2
1076 1085 250 9 2
1076 1078 1101 291 4 2
1076 967 977 236 25 2
1076 967 976 152 3 2
1076 967 333 345 211 1 2

