897

1187 47 33 4
1187 558 434 16 4
1187 548 278 33 4
1187 474 635 220 36 4
1179 343 89 5
1179 887 13 22 5
1179 357 67 18 5
1163 1199 322 37 2
1163 1196 79 18 2
1163 491 501 202 3 2
1163 367 379 441 1 2
1163 28 818 838 348 347 16 2
1162 1195 35 4 3
1162 1194 87 6 3
1162 1194 896 253 3 3
1162 1193 209 29 3
1162 1192 449 450 10 3
1162 1191 459 22 3
1162 325 760 1070 1081 239 5 3
1162 325 760 1070 1080 375 1 3
1162 325 760 1070 1079 425 3 3
1160 1189 443 24 7
1160 1189 154 147 3 7
1160 1185 163 2 7
1160 1159 1184 167 13 7
1160 1159 1182 188 15 7
1160 1159 1181 266 18 7
1160 1159 112 126 333 2 7
1160 1157 1174 120 20 7
1160 1157 851 863 132 22 7
1160 1155 1168 37 22 7
1160 1155 1167 25 9 7
1160 1155 1165 198 6 7
1160 840 942 961 474 12 7
1160 840 846 374 10 7
1160 645 649 969 296 1 7
1160 162 174 897 381 4 7
1160 162 173 242 6 7
1160 10 13 201 5 7
1158 1178 123 31 3
1158 1177 241 24 3
1158 1175 170 7 3
1158 567 598 36 8 3
1158 567 595 208 2 3
1158 490 494 337 20 3
1158 490 28 818 838 348 347 4 3
1158 490 28 44 406 4 3
1143 341 41 1
1134 1152 1036 115 27 6
1134 1151 930 57 5 6
1134 1150 466 9 6
1134 1149 223 4 6
1134 1148 267 32 6
1134 1133 1147 59 13 6
1134 941 952 15 7 6
1134 941 950 158 13 6
1134 941 190 942 961 474 1 6
1134 941 190 942 961 863 132 4 6
1134 941 190 942 960 89 7 6
1134 405 428 315 4 6
1134 405 427 287 3 6
1134 405 426 363 11 6
1134 110 117 413 13 6
1134 45 53 171 2 6
1128 72 67 5
1128 1077 215 29 5
1128 1077 78 373 2 5
1128 344 150 41 5
1128 344 548 278 4 5
1104 1124 234 14 5
1104 1121 119 16 5
1104 1119 349 285 3 5
1104 1118 464 29 5
1104 1118 718 419 1 5
1104 1105 1126 663 77 2 5
1104 1105 801 164 182 346 3 5
1104 1105 801 164 181 145 8 5
1104 1105 801 164 180 414 1 5
1104 1071 1084 788 199 16 5
1104 1006 1014 417 13 5
1104 404 425 375 180 1 5
1104 164 180 414 2 5
1104 11 711 718 419 14 5
1104 11 219 245 3 3 5
1104 11 219 244 339 5 5
1104 11 19 415 13 5
1104 11 18 4 3 5
1103 1117 828 478 1 5
1103 1116 3 848 283 13 5
1103 1115 374 43 1 5
1103 926 937 178 25 5
1103 926 935 383 5 5
1103 511 1133 1142 194 11 5
1103 511 650 663 77 3 5
1103 511 520 618 1091 589 309 10 5
1103 511 512 525 244 3 5
1103 336 454 474 635 220 4 5
1103 336 344 548 278 27 5
1103 336 343 280 6 5
1103 336 72 87 42 4 5
1103 46 57 401 23 5
1103 46 55 428 6 5
1101 1112 144 10 4
1101 1111 981 86 8 4
1101 1110 251 9 4
1101 1109 1178 123 7 4
1101 1108 338 12 4
1101 600 785 790 445 20 4
1101 600 603 399 13 4
1101 325 760 1070 1079 425 2 4
1101 325 760 767 418 17 4
1101 325 454 474 635 220 4 4
1101 325 454 471 254 4 4
1101 73 92 221 13 4
1096 624 368 17 2
1096 248 324 47 2
1096 102 344 10 2
1082 323 66 4
1082 783 34 46 4
1065 222 26 1
1065 673 301 21 1
1050 1056 143 16 6
1050 1055 196 7 6
1050 1054 58 20 6
1050 1052 1155 1165 198 1 6
1050 1052 1064 1150 466 4 6
1050 686 697 397 10 6
1050 608 624 368 16 6
1050 510 519 101 5 6
1050 510 518 14 774 139 4 6
1050 381 393 1112 144 2 6
1050 381 391 50 12 6
1050 381 135 159 468 7 6
1050 320 1021 1049 2 17 6
1050 320 367 379 441 7 6
1050 320 367 378 114 3 6
1050 161 841 849 257 3 6
1050 161 259 278 231 12 6
1050 161 170 396 14 6
1050 161 160 168 5 3 6
1050 161 160 166 121 9 6
1019 1041 328 13 5
1019 1038 473 6 5
1019 1037 166 36 5
1019 1037 377 550 245 1 5
1019 1017 1034 180 414 4 5
1019 1017 1033 603 399 3 5
1019 1015 1025 19 17 5
1019 1015 1022 255 33 5
1019 750 756 952 15 10 5
1019 750 754 165 4 5
1019 750 752 275 7 5
1019 335 342 94 7 5
1019 335 339 453 2 5
1019 11 18 4 1 5
1016 1075 1098 177 33 6
1016 1030 70 3 6
1016 1029 40 31 6
1016 1028 332 18 6
1016 1020 1047 205 131 11 6
1016 1020 1046 193 6 6
1016 1020 1044 249 20 6
1016 1020 452 463 44 5 6
1016 1017 1033 603 399 5 6
1016 1017 1032 271 2 6
1016 1017 380 389 71 2 6
1016 840 846 374 2 6
1016 840 843 146 11 6
1016 840 843 716 367 1 6
1016 403 419 30 6 6
1016 190 942 960 89 7 6
994 329 34 2
994 973 993 284 1 2
994 114 313 16 2
979 1127 226 38 1
974 1073 1086 96 23 1
974 973 993 284 7 1
974 973 992 48 8 1
974 972 991 298 4 1
971 986 141 5 5
971 983 39 10 5
971 982 319 25 5
971 973 992 48 1 5
971 973 976 1004 455 14 5
971 651 664 53 171 28 5
971 625 631 248 14 5
971 600 603 399 2 5
971 600 602 159 14 5
971 600 601 0 16 5
971 11 18 4 15 5
967 197 42 3
967 362 408 13 3
967 362 443 269 5 3
967 305 81 40 3
944 1102 1113 427 8 3
944 1102 714 733 421 17 3
944 965 389 2 3
944 964 69 19 3
944 945 969 296 7 3
944 940 949 191 9 3
944 817 832 126 5 3
944 817 830 327 6 3
944 801 164 180 414 4 3
944 801 164 179 103 1 3
944 330 1074 1092 263 2 3
944 72 87 42 8 3
936 926 935 383 5 0
936 926 934 175 13 0
936 926 258 276 176 3 0
918 28 114 6
918 903 882 896 253 23 6
918 903 26 37 345 12 6
918 462 419 30 12 6
904 942 960 89 2 4
904 942 959 185 1 4
904 942 958 680 17 16 4
904 942 955 217 17 4
904 924 140 1 4
904 921 11 35 4
904 162 173 242 4 4
904 74 653 668 335 14 4
904 74 567 595 208 24 4
904 74 190 942 955 217 1 4
904 74 94 117 5 4
904 74 93 1059 218 5 4
902 1161 259 278 231 26 4
902 1131 1138 182 17 4
902 1131 1133 1142 194 9 4
902 1131 882 896 253 10 4
902 1131 882 895 359 9 4
902 1131 882 894 333 179 3 4
902 917 860 300 13 4
902 915 299 6 4
902 912 190 12 4
902 903 26 37 345 7 4
902 903 26 34 138 4 4
902 903 10 13 201 2 4
900 925 932 960 89 5 3
900 355 645 649 969 296 2 3
900 355 359 862 351 16 3
900 355 131 141 88 12 3
900 355 113 129 331 10 3
900 190 942 955 217 5 3
900 190 450 456 184 13 3
900 190 380 389 71 17 3
900 190 380 386 246 13 3
890 210 101 7
890 937 178 13 7
890 812 349 36 7
890 701 462 42 7
884 104 28 1
880 888 366 31 6
880 886 290 40 6
880 886 548 278 4 6
880 885 390 23 6
880 800 805 216 23 6
880 800 804 213 235 10 6
880 800 803 160 5 6
880 763 781 458 7 6
880 452 463 44 7 6
880 365 369 734 136 8 6
880 65 561 580 747 74 1 6
880 28 44 406 1 6
880 28 43 204 8 6
853 1100 1107 68 9 5
853 871 1166 1142 194 7 5
853 855 878 288 19 5
853 855 877 360 8 5
853 855 876 664 53 171 4 5
853 852 869 20 5 5
853 852 867 404 1 5
853 850 860 300 16 5
853 850 858 66 2 5
853 850 857 370 9 5
853 850 295 302 342 3 5
853 800 803 160 23 5
853 453 852 867 404 2 5
853 453 468 236 15 5
853 453 466 422 3 5
853 453 454 471 254 9 5
853 453 110 117 413 7 5
853 453 110 116 291 1 5
845 26 46 3
845 1170 442 23 3
845 1045 56 9 3
845 1045 40 951 295 1 3
824 987 1199 322 2 1
824 987 639 118 38 1
815 826 104 233 12 2
815 823 431 7 2
815 822 397 277 6 2
815 818 838 348 347 8 2
815 817 830 327 4 2
815 817 819 818 838 348 347 1 2
815 475 1155 1165 198 22 2
815 475 1072 1085 730 262 2 2
798 694 394 15 0
782 164 59 3
782 1175 170 20 3
751 972 991 298 4 5
751 972 989 748 75 4 5
751 972 976 1004 455 4 5
751 972 976 1004 684 116 8 5
751 758 1032 271 18 5
751 750 513 527 267 173 242 3 5
751 750 513 452 463 44 10 5
751 750 513 452 463 965 389 8 5
751 750 110 116 291 7 5
751 714 733 421 1 5
751 431 945 969 296 21 5
751 431 945 969 862 351 7 5
751 431 945 966 912 190 3 5
751 367 378 114 6 5
751 367 376 18 10 5
751 367 375 180 12 5
739 73 83 6
739 735 738 94 117 14 6
739 735 451 462 419 30 1 6
739 735 320 367 375 180 4 6
739 735 320 323 444 11 6
739 735 320 321 436 6 6
739 735 296 306 227 8 6
739 735 296 304 432 3 6
739 266 252 9 6
739 17 311 17 6
737 1005 1017 380 386 246 1 5
737 1005 1013 1174 120 4 5
737 1005 1010 34 138 1 5
737 1005 1009 982 319 23 5
737 748 75 42 5
737 747 74 39 5
737 746 395 10 5
737 475 628 643 380 1 5
737 475 628 641 317 3 5
737 475 479 328 449 21 5
737 475 479 328 1029 40 3 5
736 945 966 912 190 8 6
736 851 863 132 2 6
736 841 848 283 3 6
736 841 802 814 727 105 11 6
736 841 802 814 611 97 1 6
736 841 802 812 349 1 6
736 744 55 428 23 6
736 744 55 115 137 3 6
736 742 4 31 11 6
736 741 433 25 6
736 655 673 301 14 6
736 655 215 226 303 25 6
736 625 631 248 14 6
736 1 8 423 29 6
700 461 42 2
700 730 262 11 2
688 763 781 458 7 4
688 763 777 21 16 4
688 763 776 675 265 14 4
688 705 574 172 4 4
688 704 247 22 4
688 285 927 221 251 91 2 4
688 285 291 282 22 4
688 285 198 214 352 16 4
687 1075 1098 177 7 8
687 1075 1097 128 9 8
687 1075 1095 291 282 5 8
687 816 1133 1142 194 5 8
687 816 1133 1141 200 18 8
687 816 829 33 2 8
687 703 14 13 8
687 703 1037 377 550 245 1 8
687 703 250 60 3 8
687 701 462 15 8
687 699 109 6 8
687 698 29 20 8
687 627 763 776 675 265 20 8
687 627 763 774 139 5 8
687 627 640 1 17 8
687 512 525 244 12 8
687 512 524 63 12 8
687 512 522 896 253 5 8
687 512 521 407 8 8
687 219 244 339 2 8
687 0 901 510 517 80 26 8
687 0 901 510 516 469 1 8
687 0 901 510 515 154 10 8
681 1117 828 478 9 1
681 643 380 17 1
674 258 43 2
674 167 318 21 2
656 684 116 17 9
656 682 467 7 9
656 680 17 47 9
656 678 454 26 9
656 678 497 336 7 9
656 676 156 15 9
656 675 265 4 9
656 675 154 147 19 9
656 652 667 181 27 9
656 652 667 39 100 5 9
656 491 501 202 10 9
656 491 498 362 7 9
656 365 369 734 136 9 9
656 336 72 87 42 5 9
656 255 266 252 31 9
656 255 265 371 8 9
656 255 264 438 6 9
648 276 52 2
648 950 158 2 2
626 840 843 716 367 6 5
626 840 786 797 447 9 5
626 638 78 4 5
626 637 792 935 383 8 5
626 637 792 888 366 1 5
626 636 326 13 5
626 636 682 467 13 5
626 635 220 29 5
626 635 194 228 6 5
626 633 206 13 5
626 632 1001 86 7 1 5
626 627 640 1 1 5
626 335 339 453 10 5
626 335 96 105 110 6 5
626 335 96 104 233 7 5
626 198 214 352 6 5
626 162 173 242 3 5
607 785 790 445 4 5
607 785 789 250 12 5
607 785 788 199 2 5
607 622 78 373 10 5
607 619 169 33 5
607 618 1091 589 309 9 5
607 493 509 24 19 5
607 493 367 375 180 6 5
607 493 216 714 733 421 2 5
607 298 316 49 13 5
607 28 43 204 10 5
607 26 34 138 26 5
606 819 818 838 348 347 3 3
606 819 818 837 225 1 3
606 617 389 71 30 3
606 617 389 767 418 2 3
606 615 894 333 179 6 3
606 615 291 282 8 3
606 132 147 377 12 3
606 132 146 369 18 3
606 1 8 423 4 3
605 819 818 837 225 14 5
605 710 716 367 14 5
605 710 716 1038 473 2 5
605 611 97 32 5
605 610 334 19 5
605 608 624 368 3 5
605 608 256 269 76 14 5
605 608 256 267 173 242 14 5
605 608 190 380 386 246 1 5
605 195 365 369 734 136 10 5
605 195 365 368 439 4 5
605 195 216 714 733 421 4 5
605 195 216 714 732 239 410 5 5
605 195 216 714 731 230 7 5
605 195 202 62 16 5 5
605 195 200 212 2 5
596 38 46 3
596 874 289 30 3
578 1115 374 43 13 3
578 1115 368 439 10 3
578 497 336 38 3
578 44 406 29 3
565 589 309 10 4
565 588 111 21 4
565 562 583 348 19 4
565 562 582 350 1 4
565 562 581 269 76 1 4
565 215 226 303 4 4
565 215 225 477 31 4
565 215 224 456 1 4
565 111 714 731 230 6 4
565 111 566 650 663 77 8 4
565 111 121 321 16 4
563 1073 1086 96 15 6
563 972 976 1004 684 116 1 6
563 972 976 1003 122 14 6
563 972 976 1002 429 2 6
563 786 797 447 5 6
563 786 796 205 16 6
563 786 795 316 8 6
563 585 835 848 283 16 6
563 585 521 407 23 6
563 566 650 663 77 15 6
563 566 650 662 213 235 13 6
563 566 594 41 12 6
563 190 380 385 293 9 6
563 190 194 228 14 6
563 190 191 224 4 6
560 925 932 960 89 5 6
560 925 931 384 24 6
560 925 931 992 48 2 6
560 925 930 57 7 6
560 925 929 897 381 2 6
560 882 894 333 179 3 6
560 882 892 207 5 6
560 713 729 292 21 6
560 574 172 10 6
560 571 64 29 6
560 569 8 17 6
560 568 312 20 6
560 568 891 411 595 208 5 6
560 566 594 41 3 6
560 432 655 215 224 456 1 6
560 432 443 269 20 6
555 1132 1139 624 368 1 9
555 1102 714 731 230 1 9
555 1102 714 730 262 9 9
555 1072 1085 730 262 8 9
555 1072 1070 1079 425 22 9
555 1052 1064 1150 466 10 9
555 1052 1063 416 11 9
555 1052 1053 1069 460 17 9
555 1052 1053 1066 457 4 9
555 1006 1014 417 23 9
555 1006 851 863 132 15 9
555 1006 818 837 225 9 9
555 943 1155 1165 198 1 9
555 943 962 243 11 9
555 943 112 126 333 9 9
555 943 112 124 400 2 9
555 943 112 123 392 6 9
555 942 955 217 4 9
555 686 697 397 4 9
555 686 694 394 7 9
555 686 693 260 19 9
555 652 667 39 100 2 9
555 652 666 22 10 9
555 559 225 477 1 9
555 558 434 2 9
555 557 364 6 9
555 299 318 149 8 9
555 299 132 146 369 1 9
555 259 278 231 4 9
555 65 561 580 747 74 5 9
555 65 561 580 747 60 465 3 9
555 65 561 580 282 505 27 1 9
555 65 561 579 51 2 9
555 47 510 515 154 1 9
555 47 58 398 11 9
534 883 899 1121 119 9 5
534 881 380 385 293 7 5
534 713 727 105 16 5
534 713 727 969 862 351 6 5
534 713 723 52 14 5
534 554 107 28 5
534 551 219 18 5
534 551 62 16 7 5
534 298 316 49 5 5
534 298 313 305 12 5
534 135 159 468 10 5
534 135 158 668 335 18 5
533 1161 259 278 231 7 5
533 1161 259 135 158 668 335 1 5
533 761 901 510 515 154 3 5
533 761 772 793 192 1 5
533 761 771 129 24 5
533 550 245 18 5
533 549 310 26 5
533 548 278 15 5
533 547 179 103 2 5
533 450 456 184 12 5
533 450 455 411 7 5
533 0 112 123 392 3 5
533 0 97 109 393 3 5
533 0 97 107 213 5 5
533 0 4 31 1 5
533 0 3 848 283 3 5
532 544 435 20 2
532 543 92 26 2
532 542 358 7 2
532 295 302 342 13 2
531 1132 1139 624 368 4 6
531 541 268 28 6
531 540 867 404 10 6
531 539 61 5 6
531 530 628 641 317 9 6
531 530 538 195 10 6
531 530 537 554 107 5 6
531 491 498 1199 322 2 6
531 491 497 336 21 6
531 491 496 836 386 4 6
531 491 495 274 11 6
531 475 479 328 1029 40 7 6
531 475 476 54 6 6
531 475 403 419 30 1 6
531 475 255 264 438 2 6
531 475 220 248 324 4 6
531 475 220 247 463 13 6
531 70 78 373 2 6
531 70 76 589 309 28 6
507 168 68 5
507 1058 58 398 1 5
507 429 397 277 39 5
507 19 415 31 5
492 785 788 199 22 2
492 505 27 31 2
492 401 417 353 5 2
492 296 304 432 5 2
480 854 851 863 132 1 4
480 854 851 862 351 15 4
480 854 851 861 409 6 4
480 816 829 33 7 4
480 816 828 478 9 4
480 651 664 53 171 2 4
480 651 650 662 213 235 10 4
480 484 278 231 11 4
480 484 278 752 275 10 4
480 482 354 24 4
480 481 489 461 270 10 4
480 433 449 450 6 4
480 433 448 251 91 4 4
480 433 447 470 9 4
477 495 274 23 0
472 471 41 2
472 208 238 18 2
470 412 51 3
470 1003 122 11 3
470 212 108 18 3
459 304 30 1
459 571 64 1 1
459 558 434 17 1
445 281 13 1
445 306 227 17 1
442 325 37 2
442 118 93 30 2
430 1156 1173 391 19 6
430 1156 1170 442 3 6
430 1015 1022 255 3 6
430 1015 1022 389 767 418 8 6
430 475 220 247 463 2 6
430 475 220 246 302 3 6
430 475 70 76 589 309 9 6
430 438 152 25 6
430 437 45 6 6
430 437 535 792 888 366 3 6
430 437 535 91 102 2 6
430 436 355 12 6
430 435 161 1 6
430 434 403 23 6
430 325 454 471 254 8 6
430 325 328 1029 40 5 6
430 325 72 87 42 3 6
430 325 12 23 306 16 6
430 162 173 242 7 6
430 162 172 124 5 6
430 110 116 291 1 6
430 110 115 137 11 6
423 272 14 1
423 715 98 8 1
423 404 425 375 180 8 1
400 689 709 162 3 4
400 409 9 24 4
400 409 746 395 18 4
400 407 203 29 4
400 406 259 27 4
400 402 418 62 12 4
400 401 417 353 11 4
400 401 415 388 1 4
392 237 36 3
392 1190 65 43 3
392 18 4 10 3
382 816 828 478 8 2
382 816 827 183 6 2
382 397 277 1 2
382 396 378 11 2
382 356 1155 1165 198 5 2
382 356 562 581 269 76 18 2
382 356 363 430 1 2
382 356 361 23 21 2
382 45 53 171 1 2
366 841 802 812 349 3 4
366 841 711 717 157 7 4
366 841 96 104 233 2 4
366 841 96 103 294 1 4
366 750 110 115 137 15 4
366 689 709 162 14 4
366 689 708 273 16 4
366 689 708 822 397 277 2 4
366 367 375 180 12 4
366 367 374 43 18 4
366 355 113 129 331 2 4
366 163 177 594 41 9 4
366 163 177 594 1056 143 2 4
338 735 296 304 432 2 4
338 685 356 361 23 5 4
338 685 356 360 340 6 4
338 650 662 213 235 6 4
338 650 659 479 21 4
338 650 657 46 13 4
338 561 579 51 21 4
338 561 577 113 2 4
338 561 575 232 12 4
338 353 286 16 4
338 353 183 244 339 10 4
338 257 271 134 9 4
338 257 1 8 423 1 4
337 1006 818 837 225 1 7
337 1006 818 835 848 283 10 7
337 1006 818 833 357 1 7
337 1006 96 103 294 6 7
337 1005 1009 982 319 2 7
337 1005 1007 385 7 7
337 970 981 86 2 7
337 970 980 372 17 7
337 970 978 148 9 7
337 352 402 5 7
337 349 285 17 7
337 348 347 18 7
337 348 415 388 5 7
337 347 229 40 7
337 346 472 19 7
337 345 297 32 7
337 335 96 102 344 6 7
330 1074 1092 263 5 9
330 925 929 897 381 11 9
330 925 928 99 14 9
330 645 649 969 862 351 10 9
330 645 646 440 13 9
330 645 132 146 369 6 9
330 645 132 145 361 6 9
330 481 489 461 270 2 9
330 481 487 894 333 179 1 9
330 481 160 166 121 8 9
330 380 385 293 16 9
330 380 384 189 22 9
330 380 384 205 131 11 9
330 333 179 30 9
330 332 451 2 9
330 286 510 515 154 7 9
330 286 293 83 25 9
330 286 163 177 594 1056 143 4 9
330 65 132 145 361 2 9
330 65 67 476 16 9
330 45 53 171 27 9
330 45 51 986 141 1 9
330 10 13 201 11 9
297 976 1002 429 5 3
297 356 360 340 9 3
297 311 187 26 3
297 309 214 11 3
297 308 695 635 194 228 6 3
297 308 448 251 91 10 3
297 307 437 15 3
297 307 361 23 18 3
287 405 62 3
287 377 550 245 16 3
287 377 550 1112 144 9 3
270 308 40 2
270 276 176 7 2
270 20 125 14 2
268 240 73 2
260 785 788 199 2 5
260 282 505 27 16 5
260 281 448 13 5
260 279 36 948 446 24 5
260 255 264 438 37 5
260 255 262 948 446 5 5
260 255 262 948 924 140 6 5
260 255 261 862 351 1 5
260 12 23 306 7 5
260 12 21 133 31 5
260 12 20 125 4 5
222 254 155 3 2
222 253 10 37 2
222 216 714 730 262 4 2
222 216 230 253 10 2 2
222 215 224 456 7 2
218 1075 1095 291 282 3 3
218 240 356 13 3
218 239 410 35 3
218 239 767 418 2 3
218 221 251 91 36 3
218 221 251 414 382 3 3
218 221 250 60 5 3
217 816 827 183 12 7
217 401 415 388 13 7
217 401 415 991 298 1 7
217 401 414 382 17 7
217 401 411 595 208 6 7
217 238 82 40 7
217 238 1047 205 131 10 7
217 237 320 1 7
217 236 314 10 7
217 235 112 6 7
217 234 205 131 7 7
217 221 250 60 1 7
217 221 249 85 29 7
217 221 249 704 247 1 7
217 198 214 352 18 7
217 198 213 235 2 7
217 198 210 90 16 7
201 173 27 1
197 1071 1084 788 199 12 4
197 975 1132 1139 624 368 4 4
197 818 833 357 2 4
197 207 376 13 4
197 206 84 40 4
197 205 131 49 4
184 6 51 3
184 1193 209 36 3
165 451 462 419 30 8 5
165 451 461 270 24 5
165 451 461 892 207 10 5
165 189 95 6 5
165 188 106 26 5
165 186 55 23 5
165 185 752 275 40 5
165 183 244 339 12 5
155 387 66 4
155 834 32 25 4
155 466 422 12 4
153 153 58 4
153 937 178 10 4
153 387 543 92 2 4
153 387 311 187 8 4
153 134 802 812 349 10 4
153 134 802 811 108 60 465 14 4
153 134 786 795 316 6 4
153 134 786 793 192 8 4
130 654 786 793 192 7 5
130 654 786 791 475 9 5
130 296 304 432 23 5
130 163 176 426 12 5
130 136 576 174 21 5
130 136 549 310 10 5
130 135 158 668 335 1 5
130 135 157 151 8 5
130 135 154 147 8 5
130 134 786 791 475 11 5
130 134 152 261 19 5
130 134 110 115 137 2 5
130 132 145 361 7 5
130 132 145 1126 663 77 9 5
127 84 53 18 0
95 1006 96 102 344 24 6
95 940 949 191 24 6
95 940 949 1086 96 10 6
95 940 948 924 140 5 6
95 940 713 723 52 7 6
95 101 420 31 6
95 100 279 21 6
95 100 278 752 275 14 6
95 99 748 75 7 6
95 98 1025 19 9 6
95 96 102 344 6 6
95 96 102 771 129 3 6
90 127 52 3
90 642 58 398 12 3
90 467 142 20 3
71 1074 1091 589 309 7 7
71 1074 1091 589 126 333 4 7
71 1074 1090 256 8 7
71 1074 1088 12 3 7
71 1074 1087 693 260 9 7
71 764 784 130 9 7
71 764 215 224 456 10 7
71 481 160 166 121 8 7
71 481 73 92 221 3 7
71 481 73 91 102 1 7
71 481 73 89 379 19 7
71 86 7 35 7
71 85 135 8 7
71 84 53 33 7
71 83 574 172 1 7
71 79 211 19 7
71 46 55 115 137 2 7
61 424 73 4
61 77 264 25 4
61 77 172 124 12 4
48 320 321 436 7 3
48 320 26 34 138 7 3
48 65 67 476 17 3
48 65 66 186 14 3
48 64 307 27 3
48 62 16 9 3
48 60 465 12 3
48 59 98 1025 19 6 3
27 1074 1087 693 260 1 4
27 1074 976 1002 429 29 4
27 221 249 704 247 15 4
27 45 51 986 141 22 4
27 45 49 771 129 9 4
27 40 951 295 5 4
27 40 447 470 28 4
27 39 100 2 4
27 38 1174 120 5 4
24 452 24 2
24 393 180 414 6 2
24 124 400 22 2
6 365 69 3
6 1146 330 13 3
6 293 83 5 3
5 959 185 33 1

