656

108 187 14 0
1145 105 8 0
1162 322 30 1
1162 1131 1159 281 17 1
327 87 21 0
562 317 10 0
1047 1060 968 984 12 6 4
1047 1060 865 878 252 2 4
1047 1058 111 2 4
1047 1057 242 27 4
1047 1055 177 18 4
1047 790 815 130 16 4
1047 521 526 352 8 4
1047 506 515 436 10 4
1047 506 513 113 1 4
1047 506 512 148 8 4
1047 506 505 965 974 25 4 4
1047 506 420 867 888 205 2 4
1047 506 420 490 496 420 1 4
1047 491 500 163 4 4
1047 462 642 655 343 4 4
1047 462 642 653 362 6 4
1047 462 476 215 1 4
1047 460 823 838 57 6 4
1047 460 823 836 401 7 4
1047 427 439 340 8 4
1047 427 436 172 5 4
1047 360 1102 1113 416 13 4
1047 360 1069 1090 323 11 4
1047 360 1032 1030 1037 287 7 4
1047 360 1032 540 695 718 192 4 4
1047 360 1011 1069 1090 323 1 4
1047 280 290 78 1 4
1047 280 288 332 15 4
73 77 17 0
797 51 11 0
585 1165 1172 66 21 5
585 1065 1069 1090 323 4 5
585 1065 522 534 18 4 5
585 1030 1037 287 15 5
585 1000 598 618 249 3 5
585 965 974 25 2 5
585 952 950 957 354 11 5
585 952 950 955 36 11 5
585 952 950 953 400 3 5
585 952 521 526 352 3 5
585 952 521 523 538 183 3 5
585 952 280 288 332 8 5
585 952 165 170 194 345 9 5
585 911 921 270 13 5
585 872 908 170 4 5
585 872 871 905 127 11 5
585 767 968 984 12 1 5
585 767 968 982 85 7 5
585 627 580 1165 1172 66 5 5
585 627 580 1127 1144 430 8 5
585 627 580 1127 1143 184 2 5
585 590 21 7 5
585 587 123 1 5
585 490 496 420 10 5
585 440 448 34 9 5
585 420 490 496 420 22 5
585 420 490 495 371 6 5
585 366 695 718 192 2 5
585 86 97 79 7 5
585 70 485 489 456 1 5
585 70 342 356 431 10 5
585 70 75 375 27 5
449 364 3 0
998 307 13 0
665 138 11 0
93 750 1185 1191 136 1 4
93 750 1030 1037 287 1 4
93 750 758 468 19 4
93 750 757 80 7 4
93 750 754 101 6 4
93 750 491 500 163 6 4
93 750 491 499 378 6 4
93 724 740 50 7 4
93 724 441 455 164 5 4
93 724 441 454 395 2 4
93 129 369 5 4
93 126 318 21 4
93 125 264 11 4
93 123 213 1 4
93 92 119 165 19 4
93 92 118 176 4 4
93 91 117 444 12 4
93 91 116 91 18 4
643 789 808 344 3 3
643 789 791 819 109 12 3
643 789 791 818 470 6 3
643 789 791 790 815 130 4 3
643 789 785 795 294 5 3
643 789 785 793 218 4 3
643 789 785 426 432 73 1 3
643 662 403 9 3
643 661 259 5 3
643 659 376 8 3
643 657 159 16 3
643 641 652 315 13 3
643 641 651 320 13 3
643 641 649 272 3 3
643 640 820 825 224 5 3
643 461 791 790 815 130 5 3
643 461 791 790 811 227 3 3
643 461 469 39 1 3
643 461 468 327 4 3
643 461 464 483 106 2 3
643 461 130 695 718 192 4 3
643 42 56 377 18 3
181 282 9 0
748 203 17 0
986 422 15 0
98 325 13 0
543 383 18 0
419 129 11 0
136 46 22 0
324 466 1 0
1171 206 17 0
154 243 3 0
196 1073 370 23 3
196 442 457 256 8 3
196 442 441 453 17 9 3
196 310 427 436 172 2 3
196 310 322 131 2 3
196 310 317 142 2 3
196 310 316 186 2 3
196 310 132 142 199 3 3
196 310 85 767 968 982 85 2 3
196 210 41 12 3
196 209 209 2 3
196 208 197 3 3
196 202 234 355 5 3
196 201 230 275 12 3
196 201 229 418 16 3
196 195 207 191 14 3
196 195 205 68 5 3
196 195 204 386 10 3
196 195 197 215 28 12 3
1040 250 26 1
232 454 9 0
1129 1153 404 16 3
1129 1150 83 10 3
1129 1149 452 10 3
1129 1148 301 29 3
1129 1147 429 4 3
1129 1132 1164 149 11 3
1129 1130 1158 141 3 3
1129 1130 1157 476 1 3
1129 1128 1130 1157 476 6 3
1129 1128 1130 1156 204 1 3
1129 256 823 836 401 1 3
1129 256 823 834 180 3 3
1129 256 723 734 193 1 3
1129 256 341 353 247 6 3
1129 256 341 352 146 5 3
1129 256 341 351 69 9 3
1129 256 263 158 1 3
1129 256 200 228 168 13 3
1129 242 254 3 10 3
1129 166 172 257 7 3
1129 166 168 185 442 1 3
68 6 9 0
813 84 3 0
735 5 32 1
1190 97 17 2
1190 1185 1191 136 8 2
1190 1185 1188 397 8 2
1190 1185 694 717 89 24 2
1067 1080 391 23 2
1067 1078 194 10 2
1067 1076 254 1 2
1067 1071 645 671 44 6 2
1067 1071 402 843 859 478 6 2
1067 1071 402 416 240 1 2
1067 1071 402 413 169 6 2
1067 1068 1085 8 9 2
1067 1068 1084 288 7 2
1067 1046 1127 1143 184 19 2
1067 1046 1103 1117 238 3 2
284 400 843 859 478 4 3
284 400 426 432 73 1 3
284 400 405 104 10 3
284 341 342 356 431 1 3
284 313 1001 1007 54 4 3
284 303 335 12 3
284 302 61 2 3
284 301 151 22 3
284 300 312 24 3
284 299 110 21 3
284 298 188 14 3
284 242 254 3 4 3
284 40 402 413 169 10 3
284 40 167 178 162 8 3
284 40 167 177 236 11 3
1016 261 19 0
65 951 962 119 2 5
65 869 895 473 6 5
65 680 767 968 982 85 3 5
65 680 767 778 347 5 5
65 627 580 1127 1143 184 4 5
65 627 580 646 674 358 5 5
65 627 580 646 672 346 1 5
65 627 580 597 612 81 3 5
65 627 580 597 611 474 6 5
65 627 580 597 610 14 1 5
65 627 131 145 150 475 14 5
65 625 821 828 374 5 5
65 625 631 280 4 5
65 625 629 297 1 5
65 598 618 249 2 5
65 598 617 92 6 5
65 598 615 267 22 5
65 505 965 974 25 4 5
65 505 965 973 201 8 5
65 425 430 334 2 5
65 425 429 49 8 5
65 370 88 103 118 10 5
65 370 88 101 13 2 5
65 365 377 390 7 5
65 365 375 121 22 5
65 365 368 391 425 14 5
65 313 1001 1007 54 10 5
65 313 1001 1005 143 11 5
65 202 234 355 4 5
65 145 150 475 5 5
65 72 84 137 3 5
65 69 237 5 5
65 66 179 15 5
65 16 29 402 8 5
65 16 26 134 14 5
65 16 15 371 399 156 2 5
65 16 15 371 397 90 6 5
914 937 309 17 3
914 936 223 5 3
914 935 328 4 3
914 934 269 6 3
914 933 373 4 3
914 917 949 440 8 3
914 599 621 330 11 3
914 599 620 353 5 3
914 270 1131 1159 281 1 3
914 270 951 962 119 4 3
914 270 917 949 440 8 3
914 270 917 948 405 4 3
914 270 273 381 10 3
914 270 272 324 14 3
914 71 80 361 3 3
970 1001 1005 143 6 2
970 996 469 13 2
970 993 234 7 2
970 992 263 2 2
970 951 962 119 12 2
970 951 959 37 24 2
970 820 825 224 7 2
970 752 1068 1084 288 4 2
970 752 1068 1069 1090 323 5 2
970 752 764 260 1 2
970 752 762 202 7 2
970 752 644 663 463 1 2
970 752 644 642 653 362 7 2
970 752 505 965 973 201 2 2
970 752 505 510 303 1 2
343 1070 1092 112 29 5
343 1070 1069 1090 323 6 5
343 1070 1069 1089 4 1 5
343 1070 441 453 17 5 5
343 1046 1103 1117 238 1 5
343 1046 1103 1115 93 5 5
343 1046 1103 1114 290 1 5
343 1030 1037 287 10 5
343 1030 1035 310 3 5
343 966 976 291 7 5
343 966 975 67 4 5
343 966 869 895 473 7 5
343 966 869 894 277 14 5
343 966 869 893 2 2 5
343 966 869 873 968 982 85 3 5
343 966 869 873 968 981 16 4 5
343 966 869 873 968 979 11 3 5
343 966 869 873 909 339 6 5
343 843 859 478 11 5
343 843 858 274 10 5
343 843 857 144 5 5
343 843 856 239 4 5
343 625 629 297 5 5
343 625 441 453 17 3 5
343 625 441 452 398 2 5
343 625 441 451 253 7 5
343 580 597 610 14 5 5
343 359 154 2 5
343 358 329 19 5
343 357 394 26 5
343 340 968 979 11 2 5
343 340 347 95 3 5
343 340 346 471 2 5
343 240 692 706 455 11 5
343 240 692 704 190 3 5
343 240 243 278 6 5
343 169 315 337 132 10 5
343 169 315 335 302 3 5
879 29 13 0
1166 1178 426 5 4
1166 1175 246 15 4
1166 1013 1029 124 21 4
1166 1013 1028 1 1 4
1166 787 801 465 17 4
1166 787 798 155 13 4
1166 787 342 356 431 14 4
1166 750 491 499 378 10 4
1166 750 426 432 73 7 4
1166 675 1066 1073 370 3 4
1166 675 680 685 38 2 4
1166 675 680 684 9 11 4
1166 675 680 682 396 7 4
1166 675 677 233 6 4
1166 675 646 672 346 8 4
1166 675 523 538 183 2 4
1166 626 1030 1035 310 13 4
1166 522 534 18 1 4
1166 492 502 214 18 4
1166 461 130 695 718 192 6 4
18 1167 1180 351 7 3
18 1167 1168 1182 410 7 3
18 1167 1168 2 14 40 2 3
18 1167 368 391 425 4 3
18 841 846 446 17 3
18 841 843 856 239 15 3
18 342 356 431 1 3
18 35 31 5 3
18 34 157 14 3
18 33 363 24 3
18 19 507 519 326 8 3
508 333 4 0
963 308 25 0
1031 1043 33 2 5
1031 1001 1003 284 11 5
1031 866 884 283 5 5
1031 866 871 905 127 10 5
1031 866 871 903 211 7 5
1031 866 865 878 252 2 5
1031 768 783 217 17 5
1031 768 782 279 5 5
1031 768 779 7 23 5
1031 312 1046 1103 1114 290 1 5
1031 312 913 932 45 1 5
1031 312 314 2 14 40 3 5
1031 312 311 323 350 7 5
1031 257 269 408 17 5
1031 257 267 75 22 5
1031 257 266 82 2 5
1031 199 490 495 371 1 5
1031 199 220 421 14 5
1031 199 198 217 314 1 5
1031 199 198 202 234 355 7 5
1031 1 1070 441 451 253 5 5
1031 1 1045 1069 1089 4 11 5
1031 1 820 825 224 8 5
1031 1 9 316 26 5
978 341 10 0
1099 414 22 0
575 298 23 0
578 457 1 0
1019 477 9 0
541 1186 1100 767 778 347 6 5
541 1186 765 769 42 6 5
541 1186 765 168 185 442 24 5
541 1186 765 132 142 199 2 5
541 1186 403 968 979 11 10 5
541 1186 315 335 302 1 5
541 1045 1069 1089 4 10 5
541 1045 1069 1088 70 11 5
541 1030 1035 310 9 5
541 1030 1034 19 16 5
541 869 873 909 339 10 5
541 869 71 80 361 10 5
541 869 71 79 182 2 5
541 720 727 359 5 5
541 720 599 620 353 9 5
541 720 599 619 453 5 5
541 720 132 142 199 7 5
541 694 717 89 2 5
541 694 715 167 11 5
541 550 406 19 5
541 549 43 13 5
541 545 30 14 5
541 505 510 303 20 5
541 401 411 10 9 5
541 401 408 462 8 5
541 401 406 438 11 5
1195 1196 285 3 5
1195 1046 1103 1114 290 4 5
1195 1046 1053 419 7 5
1195 1046 1052 221 5 5
1195 1046 1051 262 8 5
1195 1046 1050 107 12 5
1195 1010 1017 265 2 5
1195 1010 1012 1026 382 8 5
1195 916 947 195 2 5
1195 916 946 139 1 5
1195 916 945 122 5 5
1195 916 943 153 7 5
1195 916 942 450 5 5
1195 916 17 31 63 3 5
1195 725 1060 865 876 389 1 5
1195 725 1060 865 874 65 4 5
1195 725 749 467 5 5
1195 725 745 384 10 5
1195 725 743 173 12 5
1195 725 742 348 1 5
1195 725 170 194 345 1 5
1195 725 170 192 200 6 5
1195 580 597 610 14 11 5
1195 580 582 271 11 5
1195 580 581 447 2 5
1195 580 92 118 176 9 5
1195 507 519 326 10 5
1195 507 517 103 18 5
1195 462 476 215 15 5
1195 462 475 59 3 5
1195 462 473 360 5 5
1195 420 490 495 371 4 5
1195 256 200 225 147 7 5
1195 72 83 356 3 5
1195 71 79 182 10 5
1195 71 78 160 30 5
438 229 7 0
1107 175 8 0
904 432 12 0
589 24 26 1
24 15 7 0
746 245 3 0
479 126 12 0
95 321 6 0
360 1011 1069 1088 70 7 5
360 1011 1022 415 8 5
360 1011 965 973 201 4 5
360 1001 1003 284 6 5
360 950 953 400 9 5
360 860 864 244 22 5
360 860 863 22 9 5
360 860 542 597 610 14 8 5
360 860 426 432 73 8 5
360 722 733 117 7 5
360 722 731 128 14 5
360 694 715 167 4 5
360 690 692 704 190 11 5
360 680 682 396 18 5
360 626 636 379 28 5
360 626 633 241 6 5
360 586 145 150 475 1 5
360 523 538 183 5 5
360 491 498 76 23 5
360 440 445 428 7 5
360 440 441 451 253 6 5
360 401 406 438 3 5
360 364 181 1 5
360 280 288 332 1 5
360 280 287 251 12 5
360 280 286 99 5 5
360 169 315 335 302 5 5
360 169 315 333 74 4 5
360 169 188 196 1 5
360 169 187 445 7 5
409 216 4 0
697 64 23 0
1104 1123 435 14 5
1104 1122 145 14 5
1104 1119 0 3 5
1104 867 888 205 3 5
1104 596 607 174 5 5
1104 596 606 273 3 5
1104 596 605 152 12 5
1104 596 599 619 453 16 5
1104 596 598 615 267 2 5
1104 596 598 613 26 6 5
1104 595 645 671 44 2 5
1104 595 645 669 235 8 5
1104 595 645 668 365 13 5
1104 595 601 135 19 5
1104 595 597 610 14 3 5
1104 555 567 388 6 5
1104 257 266 82 16 5
1104 257 265 222 22 5
1104 242 254 3 2 5
1104 242 253 120 13 5
1104 242 252 115 17 5
1104 242 251 48 2 5
25 72 26 1
171 412 10 0
231 220 19 0
271 1128 1130 1156 204 1 5
271 1128 1125 1135 479 6 5
271 1128 1125 1133 178 11 5
271 1030 1034 19 2 5
271 1030 1033 368 6 5
271 1010 1012 1026 382 4 5
271 627 131 135 349 5 5
271 460 823 834 180 7 5
271 460 464 483 106 4 5
271 460 464 481 336 1 5
271 366 379 472 10 5
271 366 241 132 142 199 1 5
271 366 2 14 40 12 5
271 366 2 13 460 9 5
271 340 346 471 2 5
271 340 344 27 24 5
271 285 1001 1003 284 5 5
271 285 522 534 18 3 5
271 285 522 532 437 4 5
271 285 308 380 3 5
271 285 306 150 5 5
271 285 304 189 16 5
271 279 423 7 5
271 278 464 14 5
271 277 185 5 5
271 276 367 11 5
271 201 229 418 14 5
271 130 695 718 192 15 5
271 130 134 55 1 5
271 41 53 295 9 5
271 41 50 232 8 5
271 41 49 424 6 5
271 40 167 177 236 7 5
271 40 167 176 300 8 5
271 40 47 219 4 5
255 1068 1069 1088 70 15 5
255 1068 1069 1086 108 4 5
255 1060 865 874 65 11 5
255 1060 693 712 458 4 5
255 860 426 432 73 9 5
255 860 41 49 424 1 5
255 860 0 8 342 16 5
255 840 1030 1033 368 17 5
255 840 823 834 180 12 5
255 443 1165 1172 66 2 5
255 443 1165 1169 207 19 5
255 443 491 498 76 1 5
255 369 395 385 8 5
255 369 393 88 12 5
255 369 368 391 425 2 5
255 282 295 409 31 5
255 260 248 10 5
255 259 459 17 5
255 130 134 55 4 5
255 130 133 161 18 5
255 130 88 101 13 3 5
255 130 88 0 8 342 7 5
255 130 88 0 6 52 4 5
255 130 43 865 874 65 6 5
255 70 75 375 1 5
666 399 4 0
109 212 5 0
988 98 20 0
729 299 4 0
146 1101 2 13 460 13 3
146 1101 2 12 372 3 3
146 1101 2 11 268 23 3
146 1010 1012 1024 125 5 3
146 1010 1011 965 973 201 7 3
146 1010 520 524 47 12 3
146 691 702 94 4 3
146 691 700 392 3 3
146 691 522 532 437 2 3
146 369 368 391 425 2 3
146 369 368 389 292 21 3
146 369 368 388 311 1 3
146 369 368 387 58 3 3
146 170 192 200 1 3
146 153 313 5 3
1054 266 14 0
902 230 6 0
1087 289 7 0
1108 116 3 0
114 433 2 0
630 393 5 0
833 166 2 0
788 807 449 22 2
788 805 35 2 2
788 803 441 12 2
788 790 811 227 12 2
788 790 809 258 13 2
788 91 116 91 4 2
788 91 115 306 6 2
788 91 113 231 9 2
788 91 112 53 6 2
788 91 110 434 2 2
334 86 7 0
261 439 11 0
274 461 9 0
558 1013 1028 1 12 3
558 969 989 226 6 3
558 969 987 114 31 3
558 842 852 357 6 3
558 842 851 171 7 3
558 576 133 8 3
558 574 293 13 3
558 574 496 420 4 3
558 559 579 305 5 3
558 559 577 387 4 3
558 556 571 96 5 3
558 556 568 100 15 3
558 556 313 1001 1003 284 6 3
558 556 42 56 377 1 3
558 556 42 54 411 3 3
558 132 142 199 13 3
558 132 141 413 8 3
656 228 13 0
910 918 102 11 3
910 911 921 270 1 3
910 911 920 443 13 3
910 911 148 163 319 1 3
910 823 834 180 5 3
910 766 1102 1113 416 1 3
910 425 429 49 2 3
910 425 428 448 3 3
910 367 441 451 253 5 3
910 367 381 451 15 3
910 367 371 397 90 24 3
910 197 215 28 12 3
910 197 214 198 6 3
910 197 211 286 12 3
912 1126 1141 62 14 2
912 1126 1136 407 16 2
912 930 296 29 2
912 929 331 11 2
912 927 255 2 2
912 924 225 13 2
553 60 15 0
213 276 7 0
826 304 28 1
60 208 14 0
182 417 19 0
147 1060 693 712 458 8 5
147 1060 17 31 63 10 5
147 555 567 388 1 5
147 555 566 23 21 5
147 555 560 20 16 5
147 485 489 456 17 5
147 485 488 71 26 5
147 403 968 979 11 8 5
147 281 1131 1159 281 2 5
147 281 723 734 193 19 5
147 241 132 141 413 5 5
147 241 132 140 427 8 5
147 235 767 778 347 1 5
147 235 239 366 3 5
147 235 238 56 7 5
147 235 236 337 5 5
147 160 32 29 5
147 158 338 2 5
147 157 140 20 5
147 148 163 319 5 5
147 42 54 411 17 5
1015 210 12 0

