864

1196 1167 1197 118 2 0
1196 1167 1194 342 5 0
1196 1124 859 453 13 0
1162 1181 115 11 7
1162 1181 1121 90 7 7
1162 1180 401 16 7
1162 1179 304 288 5 7
1162 1178 14 22 7
1162 1176 87 30 7
1162 1176 953 271 4 7
1162 1164 1186 470 18 7
1162 1164 1184 280 3 7
1162 1161 1175 364 451 1 7
1162 1161 1174 287 2 7
1162 1161 1173 199 6 7
1162 1161 1164 1184 280 1 7
1162 1160 1170 96 18 7
1162 1160 1169 153 14 7
1162 550 554 436 4 7
1162 320 326 386 9 7
1162 105 551 563 217 437 1 7
1162 105 272 302 316 957 10 6 7
1162 105 272 284 462 7 7
1138 176 40 2
1138 766 45 21 2
1138 746 621 293 1 2
1127 1140 1149 235 8 3
1127 1139 334 31 3
1127 905 908 394 6 3
1127 715 880 887 361 8 3
1127 715 719 325 15 3
1127 455 579 621 293 8 3
1127 455 579 620 416 2 3
1127 321 330 378 17 3
1127 321 328 107 3 3
1120 406 44 3
1120 506 111 12 3
1120 174 184 8 3
1120 156 420 29 3
1119 286 31 4
1119 1087 1118 139 13 4
1119 1087 1117 348 8 4
1119 1087 1116 224 20 4
1119 982 232 45 4
1110 149 72 31 1
1110 149 492 225 3 1
1100 138 88 3
1085 1109 69 40 4
1085 1107 311 147 2 4
1085 1086 1112 33 6 4
1085 1082 1096 161 1 4
1085 1082 1095 42 15 4
1085 1082 1087 1116 224 3 4
1085 1081 1093 291 2 4
1085 1080 1091 202 14 4
1085 1080 1089 130 9 4
1085 1080 1086 1112 33 9 4
1085 460 1067 1079 427 20 4
1083 1099 447 24 4
1083 855 1164 1184 280 3 4
1083 855 856 430 11 4
1083 775 1026 1034 472 4 4
1083 775 1026 498 522 519 272 8 4
1083 775 974 1018 27 2 4
1083 775 974 1016 294 8 4
1083 775 952 963 60 19 4
1083 775 937 949 434 5 4
1083 390 395 362 443 11 4
1083 390 394 198 12 4
1083 390 393 338 9 4
1083 390 1 17 154 2 4
1050 646 654 206 4 3
1050 646 653 561 241 2 3
1050 635 739 762 410 15 3
1050 635 739 738 759 181 9 3
1050 635 739 738 758 335 7 3
1050 635 638 46 2 3
1050 635 290 801 815 31 4 3
1050 461 1067 1079 427 1 3
1050 461 1067 1078 313 2 3
1050 461 1029 1047 148 9 3
1050 461 1029 906 913 400 3 3
1050 461 967 989 318 5 3
1050 461 742 773 70 1 3
1050 461 742 772 247 5 3
1050 461 474 493 277 20 3
1050 461 474 492 225 3 3
1050 257 269 86 5 3
1028 1142 1157 11 17 2
1028 1046 180 2 2
1028 1045 422 11 2
1028 1045 876 346 3 2
1028 1041 104 15 2
1028 497 515 38 14 2
1003 248 59 2
1003 768 704 270 14 2
990 56 138 9
990 1170 96 47 9
990 850 356 19 9
990 758 335 37 9
990 234 186 9 9
976 1126 1131 172 5 6
976 1024 1 40 6
976 1022 383 42 6
976 1021 190 29 6
976 974 1016 294 4 6
976 971 1005 337 4 6
976 715 719 325 15 6
976 715 718 88 568 320 4 6
976 715 717 91 19 6
973 1066 1165 1189 246 5 2
973 1012 112 25 2
973 1011 1022 383 11 2
973 971 1004 473 4 2
973 967 989 318 10 2
973 967 988 191 6 2
973 967 987 182 6 2
973 120 272 284 462 8 2
972 1010 299 34 4
972 1007 402 243 21 4
972 1007 254 603 263 26 4
972 1006 455 1 4
972 967 987 182 14 4
972 967 987 825 474 18 4
972 967 985 250 1 4
972 921 929 275 9 4
970 1067 1078 313 17 6
970 1067 1077 274 8 6
970 999 242 417 29 6
970 996 92 26 6
970 971 1004 473 5 6
970 968 992 25 3 6
970 965 980 23 6 6
970 965 975 1020 1109 69 12 6
970 965 975 1019 81 4 6
970 965 974 1016 294 8 6
970 965 974 1016 88 568 320 1 6
970 965 974 1014 354 2 6
970 965 966 982 232 4 6
970 965 966 981 135 3 6
970 356 364 451 13 6
970 356 355 937 949 434 4 6
970 356 355 937 948 540 13 6 6
970 356 355 362 443 4 6
970 356 355 361 332 3 6
970 183 199 196 6 6
951 1166 1193 433 10 9
951 957 10 18 9
951 956 71 12 9
951 955 172 252 3 9
951 952 963 60 2 9
951 952 962 140 20 9
951 952 961 204 2 9
951 698 713 214 7 9
951 455 579 620 416 4 9
951 455 458 479 5 9
951 455 457 415 22 9
951 368 906 913 400 2 9
951 368 862 875 797 418 2 9
951 368 862 873 393 5 9
951 368 384 128 4 9
951 355 361 332 21 9
951 290 801 815 31 2 9
951 290 801 814 8 10 9
951 290 298 428 14 9
951 290 298 654 206 2 9
951 290 297 564 454 307 1 9
951 290 295 179 5 9
951 184 203 89 1 9
951 131 497 515 38 18 9
951 131 497 514 94 14 9
951 3 26 18 5 9
951 3 24 53 13 9
951 3 24 122 310 1 9
951 3 20 370 390 3 9
951 3 1 17 154 1 9
951 3 1 16 101 8 9
950 1126 1131 172 2 8
950 1126 1130 414 6 8
950 1126 738 758 335 6 8
950 1125 1129 36 9 8
950 1125 1128 283 9 8
950 1125 551 563 217 437 17 8
950 1125 551 560 316 1 8
950 1051 1058 707 237 3 8
950 1051 1056 77 7 8
950 1051 716 723 144 2 8
950 1051 716 721 363 13 8
950 953 271 26 8
950 953 961 204 7 8
950 830 834 324 17 8
950 830 646 653 561 241 3 8
950 739 738 758 335 2 8
950 535 1165 1189 246 14 8
950 535 1165 1189 164 352 10 8
950 535 1165 1188 703 367 2 8
950 535 542 461 13 8
950 496 510 448 25 8
950 496 508 97 1 8
950 66 95 371 12 8
950 5 36 35 3 8
950 5 35 895 74 5 8
922 1126 738 758 335 18 6
922 934 219 5 6
922 931 17 20 6
922 930 1020 1109 69 11 6
922 920 1084 1106 39 5 6
922 920 1084 570 584 395 16 6
922 920 925 1078 313 3 6
922 920 924 173 7 6
922 920 923 51 4 6
922 783 799 261 1 6
922 667 684 350 9 6
922 667 682 262 382 13 6
922 340 666 1067 1077 274 2 6
922 340 498 522 519 272 8 6
922 340 498 519 272 2 6
922 340 344 225 193 2 6
922 340 343 85 8 6
922 183 199 196 9 6
922 183 198 408 12 6
922 183 197 84 6 6
922 183 196 252 44 3 6
912 260 117 6
912 445 5 46 6
901 402 58 2
901 597 125 4 2
899 164 50 4
899 893 7 22 4
899 883 1143 1159 203 13 4
899 883 1143 1158 257 1 4
899 883 902 379 5 4
899 883 897 469 6 4
899 883 895 74 9 4
899 433 133 13 4
881 891 322 28 5
881 890 903 458 25 5
881 890 843 141 15 5
881 698 712 269 22 5
881 460 1067 1077 274 18 5
881 460 1067 1075 102 365 1 5
881 390 1 16 101 7 5
881 131 497 514 94 4 5
881 131 142 466 143 16 5
881 131 140 302 5 5
863 1143 1158 257 16 5
863 1143 495 504 296 2 5
863 1065 1071 206 73 12 5
863 1065 1069 183 7 5
863 879 194 26 5
863 877 215 20 5
863 876 346 7 5
863 860 868 267 2 5
863 741 764 1022 383 11 5
863 355 361 332 11 5
863 321 328 107 18 5
863 120 272 284 462 5 5
863 120 122 310 12 5
831 268 21 2
831 638 46 46 2
826 175 57 2
826 909 278 10 2
818 116 71 4
818 676 213 12 4
818 512 159 38 4
803 821 229 19 3
803 820 41 29 3
803 820 162 471 6 3
803 819 31 425 18 3
803 817 284 2 3
803 800 809 253 9 3
803 800 807 290 8 3
780 789 478 11 5
780 788 423 19 5
780 787 373 2 17 5
780 786 440 15 5
780 785 431 34 5
780 784 717 91 4 5
780 461 474 492 225 3 5
780 461 469 328 107 1 5
780 461 468 359 10 5
780 461 467 555 120 2 5
780 392 862 873 393 9 5
780 392 666 1067 1075 102 365 2 5
780 392 666 680 312 4 5
780 341 348 242 417 1 5
780 341 347 399 7 5
780 341 302 316 957 10 2 5
780 341 302 315 29 1 5
780 340 343 85 6 5
775 937 946 476 7 9
775 921 929 275 6 9
775 921 928 445 10 9
775 921 927 95 371 31 9
775 778 174 22 9
775 777 0 21 9
775 776 32 16 9
775 776 15 177 28 9
775 737 754 276 5 9
775 553 569 75 4 9
775 498 519 272 1 9
775 498 518 465 24 9
775 498 517 392 11 9
775 455 457 415 2 9
775 455 456 319 22 9
775 392 666 680 312 7 9
775 392 666 679 1005 337 14 9
775 392 403 209 4 9
775 290 295 179 3 9
775 130 740 763 252 44 9 9
775 130 740 738 758 335 3 9
760 61 55 2
760 739 738 758 335 1 2
760 739 738 758 431 57 4 2
760 739 738 756 569 75 12 2
747 64 81 5
747 1129 36 23 5
747 1129 743 166 5 5
747 568 320 35 5
731 122 53 4
731 479 212 42 4
731 139 220 23 4
726 800 807 290 13 8
726 734 717 91 3 8
726 734 227 264 3 8
726 733 249 20 8
726 732 353 31 8
726 732 721 363 17 8
726 656 553 569 75 7 8
726 656 460 1067 1075 102 365 4 8
726 656 460 466 143 1 8
726 645 952 961 204 25 8
726 645 905 908 394 13 8
726 645 320 326 386 1 8
726 645 320 325 162 5 8
726 500 524 256 1 8
726 500 496 508 97 6 8
726 500 257 269 86 23 8
726 500 257 268 540 13 12 8
726 256 636 952 961 204 1 8
726 256 265 26 22 8
726 256 264 216 12 8
726 256 212 225 193 3 8
725 1052 1061 285 8 3
725 1052 1060 456 7 3
725 782 797 418 20 3
725 728 446 7 3
725 727 152 9 3
725 727 910 357 6 3
725 455 456 319 1 3
725 455 302 315 29 3 3
725 406 836 843 141 14 3
725 406 526 530 654 206 10 3
725 406 413 328 4 3
725 185 207 429 11 3
705 119 47 2
705 840 377 17 2
705 697 711 405 4 2
695 805 828 388 11 5
695 805 827 381 2 5
695 805 825 474 6 5
695 804 860 868 267 13 5
695 804 860 866 149 10 5
695 782 797 418 19 5
695 782 796 113 8 5
695 782 793 323 16 5
695 701 200 10 5
695 405 971 1004 473 16 5
695 405 411 464 1 5
695 405 410 110 33 5
690 1141 1155 343 19 9
690 1141 1152 66 17 9
690 837 850 356 1 9
690 837 848 221 10 9
690 837 847 452 7 9
690 837 846 432 10 9
690 691 190 326 17 9
690 552 568 320 3 9
690 552 567 370 3 9
690 552 564 454 307 13 9
690 499 738 756 569 75 6 9
690 499 738 755 228 12 9
690 496 508 97 5 9
690 496 507 170 5 9
690 455 302 315 29 10 9
690 405 410 110 4 9
690 405 409 22 18 9
690 405 408 136 2 9
690 367 379 124 5 9
690 367 378 317 3 9
690 355 361 332 2 9
690 155 179 156 14 9
690 155 178 40 16 9
690 155 154 174 184 8 9
690 155 154 173 329 6 9
690 105 272 284 462 5 9
690 105 272 283 305 3 9
690 67 100 633 298 17 9
690 67 96 266 9 9
673 207 28 2
673 1105 167 40 2
669 1140 1149 235 12 2
669 906 913 400 6 2
669 668 688 375 38 2
669 255 537 971 1004 473 2 2
662 349 23 1
662 658 123 2 1
662 357 106 3 1
642 195 38 1
642 493 277 3 1
642 493 1093 291 1 1
632 374 121 10 0
632 244 242 8 0
623 3 65 5
623 764 1022 383 3 5
623 688 375 16 5
623 580 627 409 1 5
623 335 98 30 5
623 335 914 88 14 5
619 99 35 1
619 941 78 9 1
617 792 188 42 1
614 301 30 2
614 1075 102 365 12 2
614 624 43 12 2
614 491 145 20 2
595 477 31 2
595 333 211 41 2
594 403 9 1
594 394 198 19 1
590 126 40 2
590 137 468 26 2
583 1001 609 413 15 0
583 570 584 395 9 0
578 1164 1184 280 15 7
578 1164 1183 387 3 7
578 1066 1165 1188 703 367 5 7
578 1066 1073 52 10 7
578 906 913 400 6 7
578 906 911 442 6 7
578 906 910 357 3 7
578 616 52 340 41 7
578 615 111 306 17 7
578 580 627 409 17 7
578 580 626 292 21 7
578 580 625 36 35 10 7
578 577 612 315 9 7
578 574 603 263 10 7
578 551 560 316 20 7
575 606 1105 167 8 6
575 582 633 298 24 6
575 582 631 449 14 6
575 582 631 203 89 1 6
575 582 630 79 11 6
575 581 629 54 5 6
575 580 625 36 35 4 6
575 580 622 129 9 6
575 577 612 315 1 6
575 577 610 258 2 6
575 577 609 413 18 6
575 570 584 395 2 6
575 570 574 603 263 3 6
575 570 574 603 1117 348 15 6
575 460 466 143 16 6
575 301 551 560 316 5 6
575 301 310 463 18 6
575 301 308 187 15 6
571 969 995 210 19 5
571 969 994 80 19 5
571 920 923 51 13 5
571 585 171 785 431 8 5
571 577 609 413 8 5
571 577 574 603 1117 348 16 5
571 577 574 602 908 394 5 5
571 577 574 600 259 3 5
571 577 68 104 76 18 5
571 574 600 259 14 5
571 183 196 252 44 15 5
547 309 29 3
547 942 391 26 3
547 536 546 21 7 3
547 351 158 23 3
525 1143 495 504 296 10 9
525 1143 495 503 178 3 9
525 906 910 357 10 9
525 906 910 96 266 8 9
525 906 838 854 114 20 9
525 906 838 854 358 457 9 9
525 905 908 394 14 9
525 905 906 838 854 358 457 4 9
525 905 735 745 358 14 9
525 905 735 743 166 2 9
525 905 551 560 316 3 9
525 905 551 558 412 4 9
525 742 772 247 17 9
525 576 581 629 54 8 9
525 576 577 68 104 76 7 9
525 576 574 600 259 6 9
525 536 545 132 6 9
525 536 543 808 4 10 9
525 536 498 517 392 5 9
525 461 467 555 120 3 9
525 461 385 1166 1193 433 4 9
525 461 385 1166 1193 778 174 2 9
525 461 385 1166 1191 612 315 8 9
525 461 385 884 904 460 7 9
525 461 385 884 903 458 7 9
525 405 408 136 13 9
525 236 246 300 20 9
525 236 245 6 8 9
525 60 72 103 3 9
525 60 71 419 15 9
494 93 11 1
494 585 171 785 431 8 1
494 1018 27 29 1
488 336 41 2
488 1041 104 9 2
488 1041 847 452 6 2
488 584 395 10 2
486 1176 953 961 204 1 2
486 856 430 41 2
486 454 307 30 2
486 436 426 439 9 2 2
485 82 61 2
447 441 41 3
447 1169 153 31 3
447 429 498 517 392 9 3
444 236 54 3
444 428 1088 1122 171 1 3
444 428 1088 1121 90 18 3
444 428 446 308 6 3
424 240 29 1
424 354 339 15 1
416 1167 1194 342 13 9
416 1025 1030 856 430 11 9
416 1025 1027 1037 396 4 9
416 1025 935 941 78 11 9
416 715 717 91 8 9
416 537 971 1004 473 17 9
416 537 971 1004 630 79 6 9
416 537 801 814 8 1 9
416 537 801 813 137 12 9
416 428 446 308 9 9
416 428 443 19 18 9
416 423 1180 401 18 9
416 422 467 14 9
416 415 1066 1073 52 1 9
416 291 152 168 201 28 9
416 132 455 302 315 29 5 9
416 132 455 302 314 265 18 9
416 132 144 185 26 9
416 131 140 302 7 9
416 131 137 468 3 9
416 131 136 373 7 9
416 68 104 76 11 9
416 68 104 122 310 2 9
391 1165 1188 703 367 4 6
391 861 952 961 204 16 6
391 861 952 960 127 2 6
391 861 952 958 83 9 6
391 737 754 276 1 6
391 737 752 404 1 6
391 535 542 461 8 6
391 535 540 13 4 6
391 535 460 466 143 8 6
391 535 460 464 321 10 6
391 401 389 6 6
391 400 163 10 6
391 398 439 12 6
391 397 304 18 6
391 385 884 903 458 12 6
391 385 696 704 270 25 6
391 385 389 347 7 6
391 355 361 332 3 6
391 355 358 457 9 6
391 320 325 162 8 6
375 871 397 36 2
375 778 174 18 2
375 778 651 24 16 2
366 646 653 561 241 17 7
366 646 653 530 654 206 8 7
366 646 652 100 11 7
366 377 344 24 7
366 376 262 24 7
366 374 121 43 7
366 373 2 30 7
366 368 365 371 227 1 7
366 368 236 245 6 1 7
366 323 665 670 192 6 7
366 323 636 952 958 83 2 7
366 323 636 644 234 186 7 7
366 323 636 643 749 244 4 7
366 323 0 11 65 1 7
366 323 0 10 30 16 7
366 323 0 5 35 895 74 3 7
360 58 13 1
360 796 113 30 1
337 239 88 4
337 176 63 34 4
322 907 1125 551 558 412 11 3
322 907 919 426 9 3
322 907 917 385 13 3
322 882 892 105 7 3
322 882 884 903 458 7 3
322 882 880 887 361 9 3
322 882 636 643 749 244 6 3
322 882 473 974 1014 354 3 3
322 882 473 491 145 5 3
322 335 914 88 10 3
322 333 211 4 3
322 332 303 13 3
319 411 23 1
319 303 582 630 79 10 1
300 882 473 491 145 21 9
300 882 473 489 341 3 9
300 830 646 651 24 2 9
300 830 636 643 749 244 21 9
300 830 367 378 317 13 9
300 830 290 295 179 2 9
300 830 290 294 255 10 9
300 830 212 225 193 1 9
300 696 704 270 4 9
300 696 703 367 6 9
300 425 435 222 9 9
300 425 433 133 3 9
300 425 432 620 416 6 9
300 425 431 57 8 9
300 385 389 347 24 9
300 385 388 887 361 7 9
300 307 372 6 9
300 305 245 13 9
300 304 288 18 9
300 304 904 460 9 9
300 302 314 265 4 9
300 133 148 134 8 9
300 133 147 369 12 9
300 42 54 160 13 9
300 42 52 340 13 9
299 1152 66 43 3
299 1151 205 46 3
299 1139 334 7 3
271 1067 1075 102 365 15 4
271 1027 1037 396 8 4
271 1027 1036 1186 470 8 4
271 937 946 476 28 4
271 835 341 302 314 265 13 4
271 473 489 341 5 4
271 473 487 20 1 4
271 426 439 9 14 4
271 385 388 887 361 20 4
270 836 843 141 19 4
270 836 841 273 2 4
270 636 643 749 244 4 4
270 636 133 147 369 11 4
270 278 376 12 4
270 277 409 22 14 4
270 276 239 95 4 4
270 274 362 11 4
270 154 173 329 17 4
270 154 172 252 21 4
270 154 170 233 5 4
240 49 26 1
240 1134 366 22 1
237 801 813 137 2 6
237 405 408 136 2 6
237 405 407 117 1 6
237 405 341 302 314 265 1 6
237 405 341 302 312 398 10 6
237 405 341 302 311 147 2 6
237 405 341 185 205 230 3 6
237 252 44 8 6
237 251 279 21 6
237 250 459 1 6
237 249 146 27 6
237 247 282 18 6
237 236 245 6 32 6
237 236 244 242 4 6
237 65 94 157 22 6
237 65 91 165 15 6
235 1140 1149 235 3 8
235 1140 1148 252 44 1 8
235 1140 1148 239 95 17 8
235 1125 551 558 412 20 8
235 936 1166 1191 612 315 3 8
235 936 945 380 6 8
235 936 944 475 4 8
235 936 943 368 21 8
235 936 935 941 78 11 8
235 936 935 939 364 4 8
235 935 939 364 6 8
235 495 503 178 8 8
235 495 501 168 12 8
235 495 496 507 170 2 8
235 495 496 506 111 9 8
235 243 351 25 8
235 242 417 16 8
235 239 95 16 8
235 238 460 464 321 5 8
235 238 184 203 89 14 8
235 238 184 202 407 3 8
233 444 22 1
233 230 254 22 1
233 34 67 2 1
232 55 70 4
232 953 961 204 5 4
232 929 275 44 4
214 1065 1069 183 18 8
214 1052 1060 456 14 8
214 1052 1059 150 1 8
214 1052 184 202 407 17 8
214 1052 184 201 438 6 8
214 430 454 307 3 8
214 430 453 904 460 20 8
214 430 451 597 125 8 8
214 234 186 47 8
214 231 670 192 28 8
214 229 345 10 8
214 228 102 12 8
214 210 217 437 30 8
214 210 215 1121 90 5 8
214 210 212 225 193 3 8
181 191 297 8 2
181 190 326 23 2
181 189 208 8 2
181 188 1059 150 5 2
181 183 196 252 44 3 2
181 183 195 50 28 2
180 783 799 261 26 5
180 716 721 363 3 5
180 473 487 20 3 5
180 460 464 321 1 5
180 460 463 62 20 5
180 460 462 797 418 10 5
180 415 1066 1073 52 4 5
180 415 696 703 367 1 5
180 415 420 251 3 5
180 415 417 189 1 5
180 415 355 357 106 10 5
180 273 288 424 17 5
180 185 205 230 24 5
180 185 204 333 1 5
180 184 201 438 3 5
180 60 71 419 11 5
180 60 69 169 12 5
161 650 555 120 13 1
161 151 164 352 22 1
161 151 163 384 1 1
161 151 162 471 7 1
153 836 841 273 8 4
153 836 840 377 3 4
153 552 564 454 307 8 4
153 552 551 557 939 364 5 4
153 552 551 556 435 5 4
153 552 551 555 120 4 4
153 552 1 16 101 11 4
153 552 1 15 177 16 4
153 392 403 209 2 4
153 392 402 243 42 4
153 150 156 420 16 4
121 1161 1164 1183 387 24 4
121 1161 1164 801 813 137 6 4
121 1161 1164 801 811 834 324 1 4
121 1027 1036 1186 470 23 4
121 1027 1035 223 11 4
121 1027 184 201 438 3 4
121 1027 184 200 142 12 4
121 855 665 670 192 7 4
121 129 131 13 4
121 127 360 25 4
117 234 23 1
117 110 68 26 1
116 1009 137 468 22 2
116 107 921 927 95 371 1 2
116 107 498 517 392 7 2
116 107 119 217 1 2
116 107 118 778 651 24 7 2
116 107 114 197 10 2
116 107 113 327 12 2
106 736 751 295 15 7
106 736 750 328 107 28 7
106 736 741 764 1022 383 6 7
106 716 721 363 4 7
106 716 721 658 123 7 7
106 655 658 123 24 7
106 655 365 370 390 4 7
106 572 592 314 10 7
106 427 735 743 166 14 7
106 427 442 450 18 7
106 427 440 625 36 35 5 7
106 427 426 439 9 5 7
106 427 426 437 1014 354 7 7
106 390 1 15 177 8 7
106 390 1 14 1077 274 18 7
106 291 152 168 201 5 7
106 291 152 167 34 9 7
106 111 306 10 7
98 47 35 1
98 1031 59 15 1
97 289 34 2
97 204 333 33 2
87 985 250 37 1
87 63 460 462 797 418 3 1
62 85 330 16 3
62 84 1024 1 14 3
62 84 1024 283 305 15 3
62 82 355 19 3
62 80 374 22 3
62 78 226 6 3
62 77 331 2 3
62 61 74 109 4 3
43 697 711 405 12 2
43 697 709 1186 470 1 2
43 697 707 237 3 2
43 697 151 162 471 5 2
43 697 151 160 1169 153 2 2
43 655 365 370 390 5 2
43 526 530 654 206 20 2
43 526 529 454 27 2
41 496 506 111 1 5
41 472 696 703 367 7 5
41 472 483 281 8 5
41 472 482 701 200 12 5
41 472 479 212 3 5
41 429 498 517 392 9 5
41 429 449 231 9 5
41 429 448 16 2 5
41 429 152 167 34 9 5
41 255 537 801 811 834 324 2 5
41 255 537 801 810 80 374 10 5
41 255 537 302 311 147 2 5
41 255 262 382 6 5
41 255 261 12 16 5
41 255 259 421 8 5
41 50 218 7 5
41 48 155 31 5
40 860 866 149 1 4
40 860 865 28 4 4
40 860 864 151 13 4
40 860 570 574 600 259 8 4
40 342 574 600 259 4 4
40 342 574 600 1109 69 4 4
40 342 574 599 37 1 4
40 342 574 597 125 9 4
40 236 244 242 16 4
40 212 225 193 13 4
40 212 225 402 243 11 4
40 212 221 238 16 4
40 212 219 48 9 4
40 45 982 232 11 4
2 1141 1152 66 5 5
2 1141 1151 205 17 5
2 1141 213 227 264 4 5
2 1141 213 226 15 12 5
2 342 574 597 125 4 5
2 342 351 158 6 5
2 342 349 843 141 3 5
2 19 311 25 5
2 18 108 12 5
2 5 35 895 74 14 5
2 5 34 67 4 5
2 5 33 466 11 5
2 4 31 425 6 5
2 4 29 871 397 7 5
2 4 29 477 371 227 16 5

