968

1178 1195 243 24 7
1178 1194 55 3 7
1178 1192 31 19 7
1178 1179 1198 426 2 7
1178 971 982 356 2 7
1178 971 981 518 166 8 7
1178 971 980 222 340 2 7
1178 971 970 978 464 11 7
1178 971 431 725 733 150 3 7
1178 936 949 266 26 7
1178 936 949 451 168 14 7
1178 812 822 202 377 21 7
1178 812 728 743 105 4 7
1178 812 251 260 196 5 7
1178 431 725 733 150 9 7
1178 431 725 732 477 10 7
1178 431 444 221 14 7
1178 2 13 149 1131 306 12 7
1178 2 13 149 875 33 9 7
1175 1181 1 2 5
1175 1180 87 7 5
1175 1176 1184 94 2 5
1175 1176 1183 448 2 5
1175 1176 1124 1146 252 2 5
1175 1176 1124 1145 392 18 5
1175 1176 640 833 852 118 12 5
1175 697 1026 1179 1198 426 7 5
1175 697 709 201 28 5
1175 593 610 189 4 5
1175 565 1120 1131 306 9 5
1175 565 1030 1056 617 181 5 5
1175 565 1030 1053 905 69 2 5
1175 565 1030 1028 1048 330 12 5
1175 565 589 100 11 5
1175 565 588 130 9 5
1175 85 594 614 619 218 18 5
1158 1174 250 18 8
1158 1173 294 15 8
1158 1173 30 230 2 8
1158 1156 1165 469 111 1 8
1158 1156 1163 379 41 8
1158 563 690 867 879 238 7 8
1158 563 690 867 875 33 2 8
1158 563 690 694 125 9 20 8
1158 563 576 0 12 8
1158 563 574 152 4 8
1158 462 492 290 14 8
1158 251 260 196 19 8
1158 166 1123 1144 517 187 2 8
1158 166 885 909 10 5 8
1158 166 180 182 66 9 8
1158 166 176 409 9 8
1158 93 1000 1022 5 2 8
1158 93 109 474 14 8
1158 93 108 68 16 8
1158 93 108 468 260 7 8
1157 1171 78 4 5
1157 1170 32 9 5
1157 1168 328 10 5
1157 1166 211 15 5
1157 882 995 1002 367 12 5
1157 882 901 1092 414 13 5
1157 882 898 167 10 5
1157 882 884 906 456 9 5
1157 811 819 173 5 5
1157 593 610 189 3 5
1157 302 457 471 125 10 5
1157 302 457 470 244 6 5
1157 231 698 713 1133 65 11 5
1157 231 241 305 4 5
1157 231 240 8 10 5
1157 231 238 98 2 5
1157 231 237 338 1 5
1155 1161 415 5 8
1155 1159 269 323 7 8
1155 1102 1118 82 31 8
1155 1102 1117 309 5 8
1155 532 698 713 1133 65 5 8
1155 532 698 713 907 359 12 8
1155 532 543 946 263 8 8
1155 532 543 102 400 8 8
1155 504 524 328 17 4 8
1155 504 503 518 166 6 8
1155 504 434 454 458 4 8
1155 504 434 453 70 19 8
1155 504 434 452 237 6 8
1155 232 865 868 147 6 8
1155 232 795 801 97 10 8
1155 232 242 152 155 7 8
1155 181 189 442 13 8
1155 45 881 896 439 17 8
1155 45 881 895 245 1 8
1155 22 1074 1095 1127 165 9 8
1155 22 1074 1094 207 3 8
1155 22 253 269 323 12 8
1155 22 35 107 12 8
1132 109 62 5
1132 1120 1131 306 35 5
1132 1092 414 37 5
1132 39 278 13 5
1122 1141 213 20 5
1122 1140 264 31 5
1122 1126 1154 283 16 5
1122 1126 1152 267 627 23 2 5
1122 1121 1139 333 29 5
1122 663 679 470 244 4 5
1122 620 627 23 5 5
1122 303 321 383 24 5
1113 235 53 4
1113 1102 1117 309 9 4
1113 1102 1116 469 111 5 4
1113 875 33 17 4
1113 16 11 388 20 4
1112 1080 443 467 3 0
1112 37 15 17 0
1084 91 28 1
1084 1071 1083 434 8 1
1084 916 444 10 1
1073 1074 1094 207 7 6
1073 1074 1093 30 15 6
1073 1074 1092 414 1 6
1073 1070 1080 443 467 10 6
1073 1070 1079 316 17 6
1073 1070 1078 376 11 6
1073 501 509 385 5 6
1073 375 381 633 373 15 6
1073 375 380 313 18 6
1073 254 273 40 20 6
1073 254 272 137 4 6
1073 85 594 614 619 218 5 6
1073 85 88 41 2 6
1073 85 87 422 22 6
1073 85 86 292 1 6
1065 1068 186 6 9
1065 1067 1064 225 303 11 9
1065 1066 135 16 9
1065 1066 1150 389 1 9
1065 1027 1043 346 27 9
1065 1027 1041 241 12 9
1065 1027 1039 90 3 9
1065 999 1019 382 31 9
1065 999 910 918 342 1 9
1065 973 970 977 326 27 9
1065 973 970 975 418 9 9
1065 965 967 56 3 9
1065 965 966 169 4 9
1065 965 662 675 153 15 9
1065 965 342 354 289 6 9
1065 913 929 329 5 9
1065 664 683 423 2 9
1065 594 614 619 218 1 9
1065 594 593 610 189 4 9
1065 562 572 452 19 9
1065 562 571 450 6 9
1065 562 456 457 470 244 3 9
1065 562 342 354 289 6 9
1065 460 482 258 24 9
1065 375 380 313 7 9
1065 91 104 361 1 9
1058 394 216 16 2
1058 258 140 19 2
1058 40 457 39 2
1055 104 28 1
1016 1011 782 360 397 8 3
1016 1011 308 1195 243 7 3
1016 428 184 47 3
1016 276 459 27 3
1003 106 70 3
1003 1039 90 11 3
998 1017 148 20 3
998 1015 194 9 3
998 1013 4 102 25 3
998 965 342 354 289 2 3
998 938 957 92 5 3
998 640 833 852 118 13 3
998 640 645 122 4 3
998 340 832 844 190 15 3
998 340 832 841 251 1 3
997 1012 240 10 5
997 1010 1043 346 15 5
997 1010 764 191 4 5
997 1009 48 291 14 5
997 996 1008 272 6 5
997 880 890 1181 1 13 5
997 880 888 1131 306 9 5
997 355 362 339 15 5
997 355 361 473 9 5
997 217 3 970 975 418 2 5
997 217 3 18 199 4 5
997 92 115 125 9 13 5
997 92 107 89 22 5
997 92 106 365 12 5
990 1121 1139 333 5 9
990 1072 1090 449 5 9
990 1072 1086 205 22 9
990 1031 1061 441 13 9
990 1031 1061 12 403 4 9
990 1031 1060 96 7 9
990 1000 1022 5 7 9
990 1000 1021 321 383 4 9
990 994 315 11 9
990 993 200 16 9
990 992 875 33 17 9
990 991 539 567 374 12 9
990 936 948 709 201 4 9
990 936 948 186 868 147 6 9
990 936 947 319 11 9
990 936 946 263 11 9
990 936 945 192 1 9
990 910 918 342 26 9
990 910 914 136 4 9
990 866 873 401 3 9
990 836 863 239 13 9
990 462 492 290 5 9
990 462 491 75 22 9
990 342 354 289 3 9
990 342 353 52 6 9
990 342 352 202 3 9
990 305 330 121 9 9
989 204 51 2
989 982 356 1 2
989 680 314 21 2
979 79 80 3
974 410 25 1
974 970 975 418 18 1
941 404 36 2
941 492 290 17 2
941 338 203 3 2
941 178 164 15 2
940 1176 640 645 122 19 4
940 1176 640 643 84 11 4
940 1176 340 832 841 251 1 4
940 1176 340 832 833 851 335 5 4
940 1176 340 832 833 847 436 2 4
940 960 26 16 4
940 959 391 5 4
940 834 855 25 12 4
940 834 854 949 451 168 4 4
940 61 1177 1189 446 7 4
940 61 1177 1189 1048 330 2 4
940 61 85 86 292 30 4
940 61 69 170 8 4
930 1026 1179 1198 426 13 9
930 1026 1179 1197 53 1 9
930 1026 1038 384 9 9
930 934 847 436 14 9
930 933 1183 448 14 9
930 932 193 4 9
930 931 809 234 18 9
930 931 809 199 119 1 9
930 910 914 136 18 9
930 910 46 52 163 3 9
930 831 839 257 5 9
930 533 1074 1092 414 3 9
930 533 1074 725 732 477 9 9
930 502 516 369 8 9
930 502 515 416 60 21 9
930 459 479 748 158 15 9
930 379 398 57 156 13 9
930 143 1125 1151 358 4 9
930 143 1125 1150 389 5 9
930 143 162 702 160 4 9
930 142 161 202 377 1 9
930 142 159 872 45 11 9
930 142 157 463 4 9
930 142 156 101 5 9
930 115 123 232 17 9
930 115 122 345 15 9
930 115 120 332 15 9
887 126 41 4
887 1134 131 16 4
887 1134 349 123 1 4
887 926 275 32 4
887 411 220 34 4
883 1101 1179 1197 53 10 5
883 1101 1121 1138 34 3 5
883 939 958 46 9 5
883 939 835 857 343 7 5
883 939 456 457 470 244 2 5
883 939 251 260 196 2 5
883 903 310 21 5
883 903 982 356 16 5
883 865 868 147 2 5
883 813 829 355 40 5
883 144 550 553 677 132 16 5
883 144 550 553 58 276 459 4 5
849 88 9 0
849 833 847 436 2 0
825 76 50 2
825 307 318 14 2
808 417 64 4
808 1192 31 16 4
808 986 13 39 4
807 133 69 3
807 858 249 17 3
807 672 138 10 3
796 913 929 329 6 7
796 913 928 721 24 3 7
796 913 926 275 7 7
796 913 923 11 10 7
796 805 350 20 7
796 803 37 14 7
796 802 56 256 8 7
796 797 809 199 119 4 7
796 797 404 424 437 13 7
796 797 404 422 298 1 7
796 797 118 252 266 331 11 7
796 726 738 281 11 7
796 280 285 260 196 2 7
796 252 266 331 5 7
796 252 265 280 25 7
796 252 264 359 219 8 7
796 141 1121 1138 34 16 7
796 141 727 742 609 9 227 3 7
796 141 151 176 4 7
796 72 1000 1021 321 383 10 7
796 72 84 841 251 12 7
796 72 83 120 332 2 7
781 4 20 1
781 653 347 6 1
781 241 305 24 1
775 334 56 3
775 954 301 22 3
775 757 776 406 14 3
761 789 362 3 3
761 695 704 182 40 3
761 695 703 682 81 416 1 3
761 502 515 416 60 2 3
761 502 514 42 18 3
761 0 119 139 19 14 3
761 0 7 227 225 6 3
761 0 4 102 13 3
758 866 873 401 6 6
758 866 872 45 2 6
758 866 870 288 9 6
758 762 794 472 3 6
758 760 1123 1144 517 187 13 6
758 760 1123 1143 80 2 6
758 760 787 901 1092 414 14 6
758 641 648 114 10 6
758 641 647 322 14 6
758 432 434 452 237 1 6
758 432 434 451 168 7 6
758 341 1120 1131 306 3 6
758 70 811 819 173 18 6
758 70 462 491 75 1 6
758 70 462 490 311 1 6
758 70 77 687 268 21 6
758 70 76 451 168 1 6
758 70 75 1198 426 1 6
758 70 74 312 5 6
758 60 995 1002 367 1 6
758 60 995 1001 276 3 6
758 60 867 875 33 4 6
758 60 560 566 198 16 6
758 60 375 380 313 9 6
758 60 65 9 227 4 6
755 1101 1121 1138 34 6 4
755 1101 1121 1137 44 3 4
755 1101 1111 581 233 6 4
755 1101 1110 253 15 4
755 1029 1050 124 5 4
755 1029 1049 455 9 4
755 767 1131 306 16 4
755 765 320 64 8 4
755 764 191 11 4
755 756 773 195 13 4
755 756 772 451 168 10 4
755 756 770 344 6 4
755 756 690 694 125 9 1 4
750 864 276 459 27 1
750 729 751 327 18 1
716 1120 1131 306 2 5
716 865 868 147 2 5
716 865 457 470 244 9 5
716 721 24 43 5
716 721 643 84 1 5
716 595 617 181 24 5
716 595 616 453 6 5
716 192 813 829 355 2 5
716 192 813 829 1048 330 1 5
716 192 813 827 469 8 5
716 192 202 377 13 5
716 192 199 119 8 5
716 142 156 101 17 5
716 142 156 919 262 5 5
715 730 754 349 12 7
715 720 228 1 7
715 719 279 13 7
715 719 617 181 15 7
715 717 63 22 7
715 690 694 125 9 5 7
715 690 693 296 8 7
715 690 692 229 22 7
715 690 691 793 405 6 7
715 560 566 198 24 7
715 302 457 470 244 1 7
715 302 457 469 111 3 7
715 302 315 1138 34 6 7
715 302 313 141 10 7
715 190 433 449 844 190 2 7
715 190 195 1118 82 6 7
715 71 593 610 189 5 7
715 71 593 608 261 7 7
715 2 13 149 875 33 16 7
715 2 12 403 1 7
700 1149 445 18 3
700 258 140 18 3
700 258 278 337 12 3
700 200 348 43 3
699 221 74 25 2
699 221 1163 379 1 2
699 109 474 25 2
685 1100 1107 461 9 9
685 830 837 295 2 9
685 687 268 22 9
685 686 265 25 9
685 563 574 152 12 9
685 563 253 269 323 7 9
685 563 117 127 35 4 9
685 563 90 98 380 8 9
685 531 542 407 6 9
685 531 542 893 222 1 9
685 531 538 413 287 24 9
685 340 832 833 847 436 2 9
685 340 347 86 16 9
685 340 346 47 1 9
685 340 345 424 11 9
685 340 344 175 4 9
685 281 884 906 456 5 9
685 281 288 357 1 9
685 254 272 137 13 9
685 115 120 332 5 9
685 71 593 608 261 1 9
685 71 593 606 112 8 9
685 71 82 721 643 84 3 9
685 60 65 9 227 4 9
685 60 64 413 7 9
685 60 62 129 18 9
685 1 9 227 11 9
685 1 8 958 46 1 9
685 1 8 368 824 270 19 9
681 117 109 5
681 1199 364 24 5
681 1199 905 69 11 5
660 1065 91 104 361 12 8
660 1065 91 104 221 1163 379 1 8
660 1065 20 31 317 307 7 8
660 1065 20 30 230 5 8
660 911 965 342 352 202 16 8
660 911 919 262 16 8
660 911 340 344 175 11 8
660 810 815 143 10 8
660 810 814 154 15 8
660 759 783 447 21 8
660 759 782 360 397 19 8
660 759 254 272 137 7 8
660 669 50 13 8
660 666 95 14 8
660 665 88 41 14 8
660 181 189 442 15 8
660 144 550 553 58 276 459 8 8
660 144 164 528 300 3 8
660 144 163 383 151 8 8
658 57 78 3
658 360 397 13 3
655 1028 1048 330 10 9
655 999 910 46 52 163 4 9
655 999 795 801 97 11 9
655 662 675 153 18 9
655 662 674 399 2 9
655 659 81 26 9
655 659 238 98 15 9
655 657 231 23 9
655 656 279 168 764 191 3 9
655 642 653 347 13 9
655 620 627 23 7 9
655 378 395 227 225 3 9
655 94 114 371 6 9
655 94 113 163 383 151 5 9
655 94 112 207 375 27 9
655 94 112 207 829 1048 330 2 9
655 47 58 276 459 13 9
655 47 57 156 16 9
655 45 881 895 245 7 9
655 45 881 894 438 5 9
655 45 48 291 10 9
655 45 20 30 230 22 9
655 45 20 29 71 2 9
651 325 21 1
651 17 353 15 1
646 641 647 322 16 2
646 641 533 1074 725 732 477 4 2
646 641 533 1074 725 731 336 5 2
646 641 533 549 794 472 8 2
646 641 533 548 645 122 3 2
646 641 379 398 57 156 4 2
646 641 379 396 536 352 10 2
646 264 359 219 21 2
646 264 279 168 764 191 3 2
635 1179 1197 53 10 9
635 1103 1119 103 14 9
635 1103 867 875 33 12 9
635 1103 71 82 489 398 2 9
635 971 431 444 221 1 9
635 971 431 443 467 16 9
635 971 90 98 380 2 9
635 835 857 343 1 9
635 813 827 469 6 9
635 813 826 290 48 9 9
635 725 731 336 6 9
635 661 355 361 473 20 9
635 661 119 139 19 7 9
635 661 119 138 460 2 9
635 638 58 1 9
635 636 395 27 9
635 531 538 413 287 1 9
635 462 490 311 15 9
635 462 489 398 16 9
635 356 369 85 10 9
635 303 321 383 5 9
635 303 320 64 12 9
635 303 319 218 478 18 9
635 231 237 338 16 9
635 91 103 87 422 2 9
635 91 102 400 15 9
635 91 100 247 4 9
621 972 986 13 17 7
621 972 983 741 468 1 7
621 972 460 482 258 1 7
621 836 863 239 3 7
621 836 862 421 25 7
621 836 404 422 298 17 7
621 629 473 185 12 7
621 622 633 373 22 7
621 622 630 292 49 162 16 7
621 620 627 23 17 7
621 620 626 36 15 7
621 341 1120 1131 306 1 7
621 341 1120 1130 366 7 7
621 341 1120 1130 157 463 2 7
621 341 1120 1129 122 345 9 7
621 341 349 123 13 7
621 341 348 440 17 7
602 274 58 4
602 472 178 32 4
602 472 1099 12 10 4
602 389 429 433 1 4
602 171 142 22 4
591 813 826 290 48 14 5
591 813 824 270 6 5
591 813 823 203 538 413 287 4 5
591 727 742 609 9 227 5 5
591 727 741 468 6 5
591 727 729 749 282 15 5
591 600 429 22 5
591 600 103 87 422 2 5
591 599 905 69 15 5
591 599 647 322 7 5
591 598 54 22 5
591 594 593 606 112 1 5
591 281 288 357 21 5
591 281 286 324 8 5
591 281 280 285 260 196 1 5
590 965 342 352 202 3 6
590 596 393 28 6
590 592 603 267 17 6
590 592 601 157 9 6
590 463 499 863 239 21 6
590 463 497 543 102 400 1 6
590 463 496 139 4 6
590 378 395 227 225 4 6
590 378 393 420 10 6
590 378 392 285 19 6
590 378 392 100 247 2 6
590 378 391 7 7 6
590 167 640 643 84 7 6
590 167 640 71 82 489 398 5 6
590 167 620 626 36 5 6
590 167 378 391 7 7 6
590 167 254 272 137 10 6
590 167 178 164 3 6
590 140 833 847 436 2 6
590 140 147 110 11 6
587 902 1041 241 14 1
587 270 284 34 1
583 360 36 2
583 843 108 10 2
583 553 58 276 459 5 2
583 407 246 19 2
564 911 340 344 175 3 5
564 911 254 272 137 4 5
564 911 254 271 215 7 5
564 762 794 472 4 5
564 584 93 7 5
564 582 476 28 5
564 581 233 12 5
564 578 1082 372 12 5
564 578 37 15 6 5
564 577 374 223 1 5
564 565 588 130 27 5
564 565 585 394 6 5
564 431 443 467 12 5
561 937 953 581 233 2 3
561 937 952 49 1 3
561 866 870 288 13 3
561 866 869 435 8 3
561 866 140 147 110 3 3
561 831 839 257 10 3
561 831 838 209 116 20 3
561 567 374 7 3
561 282 662 674 399 14 3
561 282 292 49 162 1 3
561 282 290 48 18 3
557 638 58 26 1
557 551 1075 1099 12 9 1
557 551 1075 1098 172 2 1
557 551 1075 1096 59 1 1
551 1075 1096 59 11 9
551 996 1008 272 17 9
551 996 1007 159 23 9
551 973 970 975 418 1 9
551 973 885 909 10 19 9
551 973 885 908 67 1 9
551 885 908 67 9 9
551 885 907 359 26 9
551 558 2 20 9
551 555 145 13 9
551 554 466 14 9
551 501 509 385 12 9
551 255 279 168 764 191 1 9
551 255 278 337 16 9
551 255 278 1117 309 4 9
551 255 275 432 11 9
551 255 274 39 2 9
551 2 12 403 30 9
551 2 11 388 6 9
551 2 10 196 368 14 9
530 690 691 793 405 5 6
530 690 47 57 156 12 6
530 690 47 56 256 6 6
530 690 20 29 71 5 6
530 536 352 7 6
530 535 396 19 6
530 534 427 25 6
530 533 548 645 122 3 6
530 533 548 645 978 464 16 6
530 463 496 139 8 6
530 463 495 378 14 6
530 431 443 467 2 6
530 431 442 18 13 6
530 250 729 749 282 1 6
530 250 254 271 215 2 6
530 250 252 264 279 168 764 191 4 6
530 250 252 263 1086 205 1 6
530 233 1124 1145 392 5 6
530 233 1124 46 52 163 9 6
530 233 1124 46 50 1163 379 3 6
530 233 1124 46 49 162 2 6
530 233 502 514 42 1 6
530 233 254 271 215 2 6
530 233 254 270 284 4 6
530 233 247 454 3 6
507 38 23 1
507 554 466 7 1
500 1120 1129 122 345 6 7
500 1120 1127 165 22 7
500 937 952 49 5 7
500 937 951 27 25 7
500 595 616 453 15 7
500 595 593 606 112 7 7
500 506 947 319 9 7
500 506 574 152 18 7
500 505 811 819 173 5 7
500 505 811 818 206 9 7
500 505 811 817 299 18 7
500 505 528 300 2 7
500 503 518 166 15 7
500 502 514 42 7 7
500 502 512 14 3 7
500 342 352 202 6 7
500 342 350 255 6 7
485 115 76 4
485 1039 90 48 4
475 114 371 29 1
475 114 454 458 12 1
455 464 387 7 5
455 461 885 907 359 4 5
455 461 885 907 410 412 15 5
455 461 486 475 7 5
455 461 460 482 258 18 5
455 461 460 457 469 111 1 5
455 460 457 469 111 3 5
455 459 479 748 158 3 5
455 459 479 120 332 2 5
455 459 456 457 469 111 6 5
455 459 456 457 468 260 6 5
455 459 375 380 313 10 5
455 459 375 71 82 489 398 2 5
455 457 468 260 28 5
455 3 18 199 12 5
455 3 16 11 388 21 5
446 21 15 2
446 1181 1 45 2
445 174 15 1
445 776 406 17 1
430 1123 1143 80 12 6
430 697 709 201 10 6
430 697 707 408 9 6
430 697 376 620 626 36 3 6
430 642 653 347 2 6
430 642 652 1195 243 7 6
430 620 626 36 16 6
430 620 625 354 4 6
430 441 272 137 5 6
430 441 272 29 71 6 6
430 439 113 22 6
430 439 473 185 13 6
430 439 290 48 10 6
430 437 304 24 6
430 437 539 567 374 9 6
430 90 98 380 5 6
430 90 97 406 28 2 6
423 210 56 3
423 122 345 37 3
405 1101 1110 253 7 4
405 429 433 13 4
405 428 184 46 4
405 427 785 77 16 4
405 426 1151 358 11 4
405 426 746 269 323 13 4
401 995 1001 276 16 6
401 881 894 438 5 6
401 881 893 222 33 6
401 812 251 260 196 19 6
401 812 92 106 365 3 6
401 413 287 1 6
401 412 626 36 5 6
401 411 220 18 6
401 410 412 17 6
401 409 149 27 6
401 402 415 72 20 6
400 1070 1078 376 22 6
400 1070 1078 895 245 3 6
400 1070 1078 886 146 2 6
400 1070 664 683 423 8 6
400 1070 664 118 252 263 1086 205 1 6
400 1070 664 118 252 262 271 5 6
400 1070 431 442 18 5 6
400 972 460 457 468 260 2 6
400 866 140 147 110 18 6
400 866 140 146 274 39 14 6
400 866 46 49 162 12 6
400 407 246 7 6
400 406 28 4 6
400 376 620 625 354 12 6
400 376 550 553 58 276 459 4 6
400 376 550 552 128 3 6
400 376 384 61 16 6
400 376 383 151 6 6
400 376 181 189 442 6 6
400 305 330 121 12 6
400 72 83 120 332 10 6
377 1177 1189 1048 330 1 4
377 1177 1186 443 8 4
377 1177 1179 1197 53 2 4
377 1029 1049 455 15 4
377 456 457 468 260 7 4
377 390 236 16 4
377 389 429 433 10 4
377 388 51 22 4
377 387 217 14 4
377 386 214 20 4
377 376 181 189 442 2 4
377 376 181 188 3 4 4
365 127 56 3
365 1148 603 267 17 3
365 1117 309 25 3
358 965 342 350 255 1 5
358 834 854 949 451 168 4 5
358 834 854 40 457 2 5
358 834 853 317 5 5
358 727 729 749 282 1 5
358 727 729 748 158 5 5
358 727 729 747 390 16 5
358 695 703 682 81 416 3 5
358 695 702 160 7 5
358 695 701 320 8 5
358 695 698 713 907 410 412 4 5
358 695 698 712 209 7 5
358 695 698 711 471 6 5
358 374 223 26 5
358 374 12 403 1 5
358 372 226 5 5
358 355 361 473 3 5
358 355 359 219 7 5
358 20 29 71 26 5
358 20 25 290 48 13 5
357 1071 1083 434 7 5
357 1071 1082 372 14 5
357 1071 1081 386 13 5
357 1071 593 606 112 6 5
357 760 787 901 1092 414 3 5
357 760 786 127 35 6 5
357 760 785 77 22 5
357 760 784 364 29 8 5
357 760 762 794 472 2 5
357 371 83 27 5
357 370 286 39 5
357 355 359 219 1 5
335 1026 1038 384 15 9
335 965 342 350 255 18 9
335 965 71 82 489 398 3 9
335 866 46 49 162 8 9
335 663 679 470 244 10 9
335 640 71 81 416 8 9
335 620 625 354 5 9
335 620 624 269 16 9
335 620 623 419 22 9
335 403 420 451 168 1 9
335 403 418 177 20 9
335 403 416 60 10 9
335 339 430 15 9
335 338 203 31 9
335 338 1140 264 15 9
335 337 341 8 9
335 230 300 309 254 15 9
335 230 234 370 16 9
335 191 198 242 10 9
335 181 188 3 4 9
306 334 701 320 32 3
306 303 319 218 478 4 3
306 303 319 9 227 9 3
306 303 317 307 29 3
306 301 310 212 13 3
306 301 300 309 254 1 3
306 301 300 305 330 121 10 3
304 1032 1063 99 23 7
304 938 957 92 7 7
304 938 24 119 138 460 4 7
304 938 24 119 136 465 3 7
304 726 738 281 26 7
304 726 736 273 6 7
304 328 17 27 7
304 327 293 5 7
304 325 73 24 7
304 324 297 11 7
304 181 188 3 14 7
304 181 186 868 147 21 7
304 181 184 733 150 11 7
304 70 74 312 11 7
295 1072 1086 205 16 5
295 884 905 69 5 5
295 811 817 299 3 5
295 760 762 794 472 3 5
295 760 762 793 405 3 5
295 760 303 317 307 16 5
295 729 747 390 5 5
295 729 747 893 222 9 5
295 729 745 16 16 5
295 729 744 208 161 8 5
295 697 376 181 184 733 150 2 5
295 690 20 25 290 48 5 5
295 458 478 290 48 2 5
295 458 463 495 378 24 5
295 298 428 10 5
295 298 218 478 9 5
295 119 136 465 5 5
295 47 56 256 6 5
268 179 49 3
268 837 295 25 3
268 837 267 627 23 7 3
268 164 528 300 2 3
236 425 35 3
236 574 152 48 3
236 397 6 12 3
216 1026 1037 735 188 24 6
216 965 71 81 416 15 6
216 965 71 80 752 468 260 7 6
216 965 71 80 752 189 442 3 6
216 965 71 79 43 4 6
216 935 937 951 27 3 6
216 227 225 30 6
216 226 302 9 6
216 225 303 12 6
216 224 277 6 6
216 223 351 6 6
216 222 340 10 6
216 221 1163 379 15 6
216 71 79 43 13 6
216 21 33 470 4 6
215 1121 1137 44 8 4
215 1100 1107 461 5 4
215 1100 1030 1028 1048 330 4 4
215 867 875 33 3 4
215 698 711 471 16 4
215 533 548 645 978 464 1 4
215 533 546 571 450 7 4
215 219 120 41 4
215 218 478 5 4
215 141 151 176 23 4
215 141 150 224 3 4
215 141 149 875 33 8 4
204 451 57 3
204 739 363 34 3
197 208 83 5
197 191 198 242 6 5
197 191 196 368 23 5
197 133 321 28 5
193 696 706 495 378 10 7
193 696 92 106 365 4 7
193 696 92 105 20 8 7
193 696 70 74 312 8 7
193 211 57 156 2 7
193 210 402 25 7
193 209 116 27 7
193 208 161 17 7
193 207 829 1048 330 6 7
193 207 819 173 22 7
193 205 479 16 7
193 61 69 170 24 7
193 61 67 966 169 7 7
165 356 369 85 6 5
165 356 364 29 1 5
165 173 197 43 5
165 172 62 8 5
165 170 22 11 5
165 169 144 33 5
165 169 62 129 14 5
165 168 764 191 16 5
165 168 764 512 14 4 5
148 576 0 45 4
148 259 308 22 4
148 121 248 28 4
148 121 350 255 11 4
148 121 350 1195 243 4 4
131 180 35 2
131 828 411 17 2
95 462 41 4
95 803 37 26 4
95 803 785 77 22 4
95 704 182 29 4
51 381 45 3
51 81 416 31 3
23 1125 1150 389 16 6
23 1125 1148 603 267 6 6
23 912 996 1007 159 1 6
23 912 996 1006 134 7 6
23 912 996 1005 259 12 6
23 912 880 888 1131 306 8 6
23 912 880 888 1131 982 356 7 6
23 912 880 886 146 5 6
23 810 814 154 1 6
23 810 725 731 336 14 6
23 505 528 300 29 6
23 505 528 394 216 4 6
23 502 512 14 19 6
23 502 511 319 9 227 5 6
23 43 171 18 6
23 42 431 9 6
23 42 863 239 1 6
23 40 457 6 6
23 39 278 7 6
6 183 76 6
6 1184 94 25 6
6 897 683 423 34 6
6 371 83 15 6
6 371 861 1197 53 7 6

