650

603 270 18 0
566 85 3 0
801 10 16 0
61 438 4 0
637 370 24 0
1063 275 10 0
1170 1175 144 19 4
1170 1174 320 10 4
1170 1171 1180 45 4 4
1170 1135 1149 55 18 4
1170 1135 1147 276 12 4
1170 878 893 110 2 4
1170 878 892 210 11 4
1170 878 891 170 19 4
1170 836 847 371 4 4
1170 755 779 94 6 4
1170 755 757 789 267 2 4
1170 501 516 352 8 4
1170 501 514 428 4 4
1170 501 441 1046 1055 368 11 4
1170 501 387 404 123 9 4
1170 308 326 72 8 4
1170 308 325 120 18 4
1170 141 732 745 237 19 4
1170 141 149 254 1 4
1088 172 1 0
491 455 1 0
54 246 28 1
236 754 774 463 21 1
236 244 462 8 1
236 241 350 1 1
236 238 253 115 6 1
1106 1120 925 938 396 15 4
1106 1115 403 15 4
1106 1107 1116 268 13 4
1106 1107 900 924 12 5 4
1106 1021 1024 1044 389 5 4
1106 1021 597 635 335 7 4
1106 793 814 181 18 4
1106 793 813 269 18 4
1106 793 812 334 2 4
1106 757 789 267 3 4
1106 720 726 343 12 4
1106 720 725 11 3 4
1106 487 498 439 14 4
1106 371 381 193 12 4
1106 371 379 57 6 4
1106 305 351 360 353 12 4
1106 305 313 322 5 4
1106 152 166 369 1 4
1106 2 878 891 170 2 4
970 994 346 10 2
970 992 136 9 2
970 990 430 1 2
970 969 1172 1184 373 9 2
970 969 686 698 362 4 2
970 441 1046 1055 368 9 2
970 141 149 254 21 2
970 141 147 265 2 2
1049 200 9 0
436 165 9 0
1053 130 8 0
100 388 17 0
611 397 2 0
367 35 9 0
952 216 24 0
1013 155 11 0
126 100 9 0
1042 289 12 1
1042 1024 1044 389 6 1
1042 1024 1043 71 18 1
280 301 1 0
48 93 1 0
724 54 18 1
724 720 725 11 11 1
724 720 723 378 2 1
724 720 722 338 4 1
573 224 31 1
1014 89 16 0
376 18 23 0
97 42 34 1
701 340 6 0
574 64 10 0
756 784 186 7 2
756 783 374 11 2
756 782 315 4 2
756 781 448 18 2
756 757 789 267 23 2
756 757 787 447 8 2
756 754 774 463 4 2
756 752 769 432 5 2
756 752 768 412 5 2
756 751 766 116 1 2
756 751 765 402 5 2
495 344 38 1
862 404 12 0
553 1024 1043 71 14 5
553 1024 1041 292 12 5
553 930 336 389 409 20 11 5
553 930 336 371 379 57 1 5
553 930 336 343 111 4 5
553 930 85 95 78 6 5
553 930 85 92 73 7 5
553 643 659 59 3 5
553 643 658 106 1 5
553 599 639 243 9 5
553 599 598 594 622 393 4 5
553 599 593 619 414 25 5
553 576 581 476 6 5
553 576 450 454 385 2 5
553 576 260 967 983 142 16 5
553 576 260 925 938 396 3 5
553 569 264 2 5
553 568 413 19 5
553 567 325 2 5
553 565 166 6 5
553 564 214 1 5
553 551 558 171 5 5
553 188 838 854 477 7 5
553 188 838 853 283 6 5
553 188 204 308 5 5
553 188 203 88 16 5
553 188 198 306 8 5
553 188 187 196 302 3 5
977 21 13 0
341 347 10 0
250 376 3 0
250 237 251 457 6 0
922 169 3 0
229 251 9 0
1033 415 6 0
1033 1023 1035 316 3 0
208 1172 1184 373 10 4
208 1067 1081 468 8 4
208 1067 1078 262 1 4
208 575 688 704 313 3 4
208 575 578 188 2 4
208 463 479 475 4 4
208 463 476 53 9 4
208 352 363 337 12 4
208 271 1138 1157 65 1 4
208 271 1138 1135 1147 276 1 4
208 271 1138 1135 1146 102 2 4
208 271 1138 1135 1145 478 13 4
208 271 1138 1135 1144 182 1 4
208 271 300 184 10 4
208 271 298 46 10 4
208 260 925 938 396 1 4
208 260 925 935 50 6 4
208 260 688 704 313 2 4
208 260 688 700 299 20 4
208 260 264 425 14 4
208 224 252 3 4
208 223 192 20 4
208 22 34 140 6 4
208 22 30 143 1 4
265 463 476 53 2 1
265 463 474 196 5 1
265 276 405 8 1
265 275 175 4 1
265 273 367 9 1
35 1171 1180 45 5 5
35 1171 1179 420 2 5
35 1171 1178 190 4 5
35 1092 387 404 123 8 5
35 1092 185 190 231 5 5
35 1047 1062 76 4 5
35 733 749 52 9 5
35 733 748 149 1 5
35 660 1120 925 935 50 5 5
35 660 926 945 345 2 5
35 660 898 912 26 4 5
35 660 663 296 1 5
35 660 352 363 337 3 5
35 593 619 414 3 5
35 451 1186 1194 75 3 5
35 451 1186 839 856 226 16 5
35 451 459 161 7 5
35 451 458 134 17 5
35 417 430 410 14 5
35 417 427 98 13 5
35 417 426 178 2 5
35 390 757 787 447 12 5
35 310 334 356 4 5
35 268 285 361 1 5
35 151 164 421 6 5
35 150 160 332 12 5
35 150 157 429 4 5
35 150 156 248 15 5
35 140 929 956 222 5 5
35 89 110 230 23 5
35 58 77 298 9 5
35 38 8 16 5
35 37 228 15 5
0 995 1000 229 1 5
0 995 997 1009 278 1 5
0 995 997 528 544 51 8 5
0 995 266 279 441 5 5
0 900 924 12 4 5
0 386 403 168 14 5
0 386 401 294 15 5
0 309 688 700 299 3 5
0 237 251 457 5 5
0 237 249 84 4 5
0 140 929 956 222 1 5
0 59 80 239 19 5
0 59 79 281 11 5
0 57 75 400 15 5
0 57 74 442 5 5
0 57 73 39 4 5
0 40 1107 900 918 479 11 5
0 40 1047 1062 76 2 5
0 40 1047 1061 202 2 5
0 40 1045 1054 295 11 5
0 40 1045 590 602 398 1 5
0 7 14 12 5
0 6 377 27 5
0 5 467 15 5
0 3 237 249 84 8 5
0 3 237 248 234 10 5
0 3 19 372 16 5
348 219 12 0
70 437 26 1
364 43 2 0
297 245 28 1
808 274 28 1
696 449 28 1
398 303 24 0
951 304 11 0
1039 279 17 0
431 453 11 0
718 280 20 0
689 1045 590 602 398 4 5
689 1045 590 601 198 2 5
689 711 355 17 5
689 710 179 14 5
689 709 40 15 5
689 707 97 9 5
689 706 383 11 5
689 690 714 249 8 5
689 690 713 327 2 5
689 690 270 294 173 10 5
689 597 635 335 4 5
689 597 632 60 5 5
689 597 631 121 9 5
689 385 399 41 2 5
689 385 397 125 8 5
689 385 394 151 19 5
689 385 393 341 21 5
689 370 373 32 9 5
689 89 110 230 1 5
689 89 86 335 339 384 4 5
689 89 56 67 287 11 5
689 89 56 58 77 298 8 5
689 55 64 183 8 5
496 311 9 0
729 288 27 1
44 79 17 0
1190 124 16 0
826 1171 1178 190 14 5
826 1171 1177 156 11 5
826 1048 1064 416 21 5
826 1020 1027 266 24 5
826 997 528 544 51 10 5
826 965 971 105 4 5
826 965 794 820 135 11 5
826 965 794 816 62 8 5
826 834 199 4 5
826 832 461 12 5
826 830 81 7 5
826 576 260 264 425 12 5
826 576 260 262 312 8 5
826 525 350 356 17 4 5
826 525 22 30 143 5 5
826 525 22 29 360 4 5
826 504 523 399 13 5
826 309 688 700 299 2 5
826 309 688 686 698 362 8 5
826 309 688 686 697 253 10 5
826 309 329 49 7 5
826 309 328 48 21 5
826 60 84 250 9 5
826 60 83 221 12 5
826 50 732 745 237 7 5
826 50 60 83 221 2 5
703 357 23 0
570 1047 1061 202 2 5
570 1047 1060 331 12 5
570 1047 1059 194 17 5
570 1047 415 422 128 3 5
570 1024 1041 292 8 5
570 796 823 454 8 5
570 733 748 149 11 5
570 733 686 697 253 12 5
570 733 686 695 185 1 5
570 733 335 339 384 5 5
570 733 150 156 248 3 5
570 733 150 154 380 16 5
570 730 736 277 5 5
570 730 735 96 5 5
570 730 734 305 21 5
570 730 593 619 414 4 5
570 730 593 616 256 5 5
570 571 131 8 5
570 503 519 162 21 5
570 415 422 128 4 5
570 225 1141 1169 423 19 5
570 185 190 231 16 5
570 116 441 1046 1055 368 1 5
570 21 927 948 118 10 5
570 3 18 427 6 5
570 3 17 13 8 5
570 3 16 133 19 5
36 167 17 0
153 897 1139 1022 1031 139 9 4
153 897 905 240 7 4
153 897 899 915 77 14 4
153 897 899 913 138 10 4
153 662 674 339 3 4
153 662 671 297 3 4
153 662 170 1141 1169 423 7 4
153 662 170 1141 1166 472 9 4
153 642 655 213 16 4
153 169 473 21 4
153 168 29 21 4
153 167 44 8 4
153 116 441 1046 1055 368 9 4
153 116 124 23 12 4
153 116 123 87 15 4
445 456 20 0
440 1186 839 856 226 13 3
440 1021 597 629 366 6 3
440 1021 504 523 399 10 3
440 1021 170 1141 1166 472 3 3
440 1021 170 174 375 1 3
440 1021 170 173 395 5 3
440 825 1068 1084 117 13 3
440 660 352 363 337 7 3
440 660 305 313 322 11 3
440 590 601 198 3 3
440 590 592 612 244 12 3
440 590 592 609 113 3 3
440 590 592 608 27 17 3
440 577 588 300 7 3
440 443 9 2 3
440 415 422 128 5 3
440 268 285 361 11 3
440 268 283 58 10 3
440 119 138 261 4 3
1011 1136 1154 187 8 5
1011 1136 1153 25 1 5
1011 1136 1152 411 3 5
1011 1136 1141 1166 472 1 5
1011 1136 1065 1073 407 2 5
1011 1068 1084 117 13 5
1011 1019 247 28 5
1011 841 867 238 4 5
1011 825 1068 1084 117 5 5
1011 825 1068 1082 38 3 5
1011 825 927 948 118 3 5
1011 825 927 947 197 4 5
1011 825 836 847 371 5 5
1011 825 829 460 5 5
1011 825 828 309 8 5
1011 825 827 464 8 5
1011 825 150 154 380 3 5
1011 791 841 867 238 3 5
1011 791 807 28 5 5
1011 791 790 805 86 4 5
1011 791 790 804 255 5 5
1011 791 790 802 36 3 5
1011 791 790 800 440 15 5
1011 791 685 691 103 1 5
1011 752 768 412 16 5
1011 686 695 185 10 5
1011 675 681 63 2 5
1011 675 680 418 9 5
1011 675 679 101 4 5
1011 675 677 5 1 5
1011 675 640 649 263 20 5
1011 675 640 648 329 12 5
1011 336 343 111 18 5
1011 225 1141 1166 472 5 5
1011 225 895 903 137 7 5
1011 88 105 285 6 5
550 1136 1065 1073 407 6 5
550 1136 1065 1020 1027 266 1 5
550 1136 1065 793 812 334 10 5
550 1136 1065 793 810 7 1 5
550 1136 1065 688 686 695 185 3 5
550 1069 1089 434 5 5
550 1069 266 279 441 3 5
550 996 1066 1076 273 2 5
550 996 1005 336 21 5
550 996 441 1046 1055 368 3 5
550 996 388 406 348 6 5
550 897 899 913 138 9 5
550 897 899 895 903 137 2 5
550 897 899 895 902 241 4 5
550 897 151 164 421 6 5
550 690 270 294 173 14 5
550 500 511 176 26 5
550 500 508 6 12 5
550 500 226 234 319 3 5
550 500 226 233 394 1 5
550 416 423 436 4 5
550 416 239 259 323 2 5
550 416 90 114 92 6 5
550 416 90 112 232 9 5
550 306 320 148 4 5
550 306 319 107 1 5
550 140 929 956 222 1 5
550 140 929 955 293 24 5
550 140 527 841 867 238 12 5
550 140 527 841 866 354 6 5
550 117 931 959 90 12 5
550 117 931 925 935 50 12 5
550 117 931 925 934 450 5 5
550 117 450 454 385 11 5
550 21 27 469 3 5
1091 1103 15 11 4
1091 1102 233 27 4
1091 1101 61 10 4
1091 1090 1099 146 4 4
1091 1068 1082 38 2 4
1091 825 150 154 380 7 4
1091 751 765 402 5 4
1091 751 764 225 25 4
1091 504 523 399 1 4
1091 504 522 108 18 4
1091 451 458 134 5 4
1091 451 456 177 2 4
1091 451 225 895 902 241 8 4
1091 451 85 92 73 18 4
1091 451 50 60 83 221 2 4
1091 307 928 949 443 14 4
1091 307 323 387 1 4
1091 307 322 451 9 4
1091 187 196 302 4 4
1091 55 64 183 7 4
1091 55 63 104 3 4
171 1121 1130 446 10 4
171 1121 1129 163 13 4
171 1121 1022 1029 424 1 4
171 1121 928 949 443 8 4
171 1121 895 902 241 7 4
171 1121 895 901 445 5 4
171 1090 1099 146 18 4
171 1090 1097 314 9 4
171 1090 1096 34 2 4
171 1090 450 454 385 14 4
171 1090 450 452 4 4 4
171 995 266 279 441 5 4
171 793 810 7 10 4
171 715 353 369 444 6 4
171 715 3 16 133 1 4
171 460 730 593 616 256 3 4
171 178 307 7 4
171 177 286 30 4
171 176 330 20 4
333 291 23 0
1161 328 10 0
552 1195 1196 16 17 2
552 1195 1120 925 934 450 2 2
552 1195 896 904 321 1 2
552 1195 90 112 232 17 2
552 563 290 23 2
552 561 206 19 2
552 560 126 13 2
552 172 180 150 5 2
87 1138 1135 1144 182 5 4
87 643 657 24 4 4
87 641 757 787 447 4 4
87 641 757 785 160 3 4
87 641 652 466 7 4
87 641 651 211 11 4
87 641 640 648 329 2 4
87 641 187 196 302 3 4
87 641 187 195 471 9 4
87 237 248 234 2 4
87 237 247 227 14 4
87 103 67 6 4
87 102 201 14 4
87 101 474 22 4
87 86 335 339 384 11 4
87 86 98 205 5 4
87 40 1045 590 592 608 27 2 4
87 40 1045 528 543 364 11 4
87 40 1045 272 303 208 2 4
87 40 336 343 111 1 4
87 40 336 342 204 28 4
87 40 43 195 6 4
1025 147 9 0
1028 359 10 0
20 1137 686 695 185 2 4
20 1121 895 901 445 6 4
20 1010 385 393 341 2 4
20 925 934 450 8 4
20 841 866 354 1 4
20 841 860 392 11 4
20 837 1105 1113 127 3 4
20 837 1105 1111 70 1 4
20 837 841 860 392 2 4
20 837 836 847 371 1 4
20 837 836 846 422 11 4
20 750 760 236 13 4
20 750 185 190 231 10 4
20 687 699 408 14 4
20 687 685 691 103 1 4
20 676 841 860 392 8 4
20 676 731 740 435 4 4
20 676 682 426 18 4
20 676 267 640 648 329 3 4
20 267 640 645 406 16 4
20 267 640 644 272 6 4
20 267 592 608 27 8 4
20 267 272 303 208 3 4
20 25 452 3 4
20 21 27 469 2 4
20 21 26 154 2 4
20 1 1172 1184 373 12 4
20 1 1172 1182 95 7 4
20 1 1066 1076 273 2 4
20 1 9 409 18 4
587 114 25 0
206 840 859 417 15 4
206 840 858 390 8 4
206 840 857 257 1 4
206 721 1122 1134 333 5 4
206 721 1122 1133 82 2 4
206 721 966 976 68 9 4
206 721 966 974 326 22 4
206 502 877 887 56 2 4
206 502 877 886 47 24 4
206 419 438 342 6 4
206 388 406 348 6 4
206 238 253 115 6 4
206 238 252 324 16 4
206 217 129 19 4
206 215 19 7 4
206 205 390 757 785 160 8 4
206 205 390 270 294 173 1 4
206 205 390 270 293 259 4 4
206 205 213 99 3 4
206 205 212 218 5 4
206 119 138 261 6 4
206 119 135 180 21 4
464 1122 1133 82 19 3
464 878 891 170 3 3
464 878 890 145 15 3
464 878 889 159 22 3
464 878 888 119 8 3
464 484 382 12 3
464 481 381 4 3
464 480 220 10 3
464 305 313 322 5 3
464 305 312 459 1 3
464 235 926 945 345 12 3
464 235 926 944 386 2 3
464 235 926 939 242 3 3
464 235 239 259 323 13 3
464 235 239 258 282 1 3
464 235 239 255 223 17 3
1185 1188 431 3 5
1185 1105 1111 70 11 5
1185 1105 1109 318 14 5
1185 1105 1066 1076 273 7 5
1185 967 983 142 14 5
1185 896 526 539 109 12 5
1185 661 836 846 422 6 5
1185 661 667 1 15 5
1185 596 628 212 16 5
1185 595 625 132 17 5
1185 595 593 615 391 21 5
1185 595 593 614 122 4 5
1185 417 426 178 10 5
1185 417 425 22 10 5
1185 386 401 294 11 5
1185 351 360 353 5 5
1185 337 1023 1035 316 6 5
1185 337 640 389 409 20 6 5
1185 337 349 66 13 5
1185 337 347 0 7 5
1185 337 345 2 7 5
1185 270 293 259 8 5
1185 270 291 158 15 5
1185 186 192 83 10 5
1185 57 73 39 2 5
582 157 15 0
940 3 14 0
1117 284 26 1
1119 235 30 1
968 986 203 30 2
968 985 365 15 2
968 984 209 14 2
968 721 932 964 358 9 2
968 721 728 351 23 2
968 721 642 655 213 2 2
1189 153 10 0
946 91 29 1
1165 419 9 0
327 349 20 0
439 310 20 0
346 271 16 0
462 1067 1078 262 15 5
462 575 578 188 13 5
462 485 661 667 1 8 5
462 485 661 187 195 471 6 5
462 485 661 187 193 215 9 5
462 473 152 22 5
462 471 191 2 5
462 461 468 363 22 5
462 461 372 1020 1027 266 1 5
462 461 372 383 317 14 5
462 337 345 2 9 5
462 269 288 74 11 5
462 269 287 31 8 5
462 226 233 394 27 5
462 50 60 83 221 9 5
462 50 60 82 433 5 5
462 50 53 401 21 5
462 50 52 164 13 5
32 465 5 0
975 217 12 0
448 189 8 0
656 80 26 1
972 379 29 1
41 1067 1078 262 16 4
41 1067 418 686 695 185 3 4
41 1067 418 435 30 13 4
41 842 873 33 9 4
41 842 870 69 17 4
41 842 838 853 283 7 4
41 721 310 334 356 19 4
41 504 522 108 5 4
41 504 521 470 26 4
41 485 661 187 193 215 15 4
41 485 490 260 6 4
41 485 489 174 6 4
41 485 487 498 439 1 4
41 418 435 30 9 4
41 418 434 458 22 4
41 239 255 223 10 4
41 186 192 83 1 4
41 170 173 395 1 4
41 49 141 1 4
144 37 26 1
499 112 7 0
317 258 12 0
295 207 12 0

