883

1178 1195 214 2 5
1178 1193 221 6 5
1178 1179 1198 1195 214 31 5
1178 1179 1198 977 338 422 3 5
1178 1179 1197 35 9 5
1178 1177 1192 297 16 5
1178 1177 1191 388 26 5
1178 1177 1190 147 2 5
1178 1175 1140 1149 54 5 5
1178 933 969 1151 141 9 5
1178 933 927 949 1063 454 10 5
1178 910 915 230 11 5
1178 910 914 331 15 5
1176 1184 227 18 3
1176 1183 242 120 7 3
1176 1183 61 159 9 3
1176 1182 1151 141 5 3
1176 1179 1197 35 11 3
1176 1056 1064 400 19 3
1176 971 981 442 7 3
1176 186 1115 1122 391 12 3
1176 10 1076 1085 75 6 3
1146 1174 1164 105 23 5
1146 1173 33 14 5
1146 1172 217 34 5
1146 1172 749 79 5 5
1146 1143 1165 66 180 1 5
1146 1143 1163 451 5 5
1146 1143 1161 618 238 3 5
1146 1070 1074 186 12 5
1146 1070 1073 142 4 5
1146 1070 1072 253 8 5
1146 1070 717 730 90 11 5
1146 1070 717 729 427 4 5
1146 1070 682 872 905 287 4 5
1146 1070 682 714 169 5 5
1146 18 36 334 6 5
1130 1135 418 23 9
1130 1134 117 3 9
1130 998 1018 425 9 9
1130 998 1017 453 8 9
1130 995 1000 68 12 9
1130 926 944 139 29 9
1130 926 942 0 17 9
1130 813 835 372 17 9
1130 813 834 246 476 2 9
1130 813 833 278 2 9
1130 770 773 46 16 9
1130 770 547 559 209 16 9
1130 567 582 315 13 9
1130 567 580 247 6 9
1130 433 865 875 448 2 9
1130 237 252 1086 369 7 9
1130 237 252 555 16 3 9
1130 237 251 1040 213 1 9
1130 237 249 259 29 9
1130 10 1076 1085 75 11 9
1130 10 1076 1084 304 17 9
1130 10 1076 1083 210 2 9
1130 10 1076 1077 1089 406 1 9
1130 10 865 875 448 1 9
1130 10 865 874 30 3 9
1117 1129 283 16 9
1117 1129 514 1114 407 18 9
1117 1129 338 422 7 9
1117 1128 39 445 34 9
1117 1127 352 26 9
1117 1077 1089 406 44 9
1117 855 1026 1054 435 3 9
1117 855 858 243 26 8 9
1117 786 795 167 10 9
1117 786 282 565 575 24 12 9
1117 566 576 22 5 9
1117 370 315 328 116 10 9
1117 52 626 634 187 10 9
1117 52 200 225 342 6 9
1117 52 200 224 282 4 9
1117 52 64 596 199 23 9
1101 1110 405 12 8
1101 1106 440 6 8
1101 1100 1104 61 12 8
1101 1100 1103 254 9 8
1101 1100 810 820 166 3 8
1101 1100 810 819 316 6 8
1101 1100 810 818 898 265 8 8
1101 1076 1077 1089 406 1 8
1101 1076 1077 1088 367 15 8
1101 1076 1077 1087 417 16 8
1101 1076 590 676 689 656 899 226 5 8
1101 1076 590 676 687 465 6 8
1101 1076 590 596 199 3 8
1101 970 977 338 422 6 8
1101 970 976 260 14 8
1101 970 975 413 7 8
1101 970 973 285 18 8
1101 970 361 369 358 5 8
1101 870 1079 1099 170 9 8
1101 870 895 1083 210 4 8
1101 870 894 71 12 8
1101 870 893 588 335 11 8
1101 810 818 898 265 2 8
1101 567 580 247 3 8
1101 567 578 329 11 8
1101 567 577 157 16 8
1097 108 55 3
1097 739 262 27 3
1094 110 76 5
1094 1063 454 10 5
1094 962 376 34 5
1094 777 318 30 5
1092 295 11 1
1092 1159 171 23 1
1078 1095 173 18 5
1078 1093 80 6 5
1078 1090 1062 102 2 5
1078 1079 1099 170 6 5
1078 1079 1096 1012 8 6 5
1078 1075 717 729 427 9 5
1078 1075 717 726 232 8 5
1078 1075 717 725 207 3 5
1078 841 106 124 1151 141 5 5
1078 841 106 123 353 13 5
1078 841 106 121 323 7 5
1078 662 674 1173 33 11 5
1078 662 672 559 209 10 5
1078 662 671 624 457 2 5
1078 662 670 27 13 5
1078 662 668 360 13 5
1078 79 98 196 5 5
1065 1070 682 714 169 9 8
1065 1070 682 714 66 180 1 8
1065 1070 603 618 238 4 8
1065 1069 399 3 8
1065 1068 77 5 8
1065 1067 81 38 8
1065 1055 1058 252 8 8
1065 1026 1054 435 13 8
1065 1026 1053 1063 454 8 8
1065 1026 1052 356 19 8
1065 1026 1020 1031 307 3 8
1065 930 955 322 9 8
1065 930 928 952 332 9 8
1065 547 559 209 21 8
1065 547 558 449 1 8
1065 531 538 175 33 8
1065 531 537 312 2 8
1065 451 471 206 11 8
1065 397 416 458 28 8
1048 362 31 2
1048 776 412 26 2
1043 138 49 4
1043 1022 1042 3 433 11 4
1043 857 115 26 4
1043 379 478 28 4
1034 193 37 3
1034 1089 406 21 3
1034 1089 434 437 14 3
1034 1021 1037 328 13 3
1023 1079 1096 1012 8 3 5
1023 1046 229 134 1 5
1023 1045 225 29 5
1023 1045 948 398 3 5
1023 1026 1020 1030 348 10 5
1023 1025 1051 385 10 5
1023 1025 1050 219 126 18 5
1023 1022 1042 3 433 1 5
1023 1022 1040 213 17 5
1023 1021 1036 492 477 1 5
1023 1021 1036 356 118 12 5
1023 1021 1025 1050 219 126 6 5
1023 1021 1025 1049 94 355 2 5
1023 10 865 874 30 5 5
1023 10 532 680 705 222 23 6 5
1023 10 430 439 386 6 5
1023 10 401 429 32 2 5
1023 10 401 428 1099 170 3 5
1023 10 202 234 942 0 7 5
1023 10 108 133 298 3 5
1009 694 470 26 1
1009 438 773 46 2 1
997 1013 272 9 8
997 1012 8 9 8
997 1011 899 226 4 8
997 998 1017 453 12 8
997 998 1016 59 3 8
997 998 1014 208 2 8
997 998 531 537 312 21 8
997 998 113 149 289 4 8
997 998 113 148 251 3 8
997 785 1056 1064 400 6 8
997 785 791 233 5 8
997 568 1056 1064 400 1 8
997 568 585 244 8 8
997 560 1140 1149 54 7 8
997 371 379 478 12 8
997 371 378 380 10 8
997 371 377 475 4 8
997 371 375 4 18 8
997 361 369 358 16 8
997 361 366 430 12 8
997 317 336 39 2 8
997 317 335 42 9 8
997 317 334 267 6 8
997 317 333 137 6 8
997 52 64 596 199 12 8
997 52 64 562 344 7 8
987 271 63 3
987 1052 356 16 3
987 641 266 11 3
985 992 436 29 6
985 989 64 16 6
985 988 414 4 6
985 971 981 442 3 6
985 910 914 331 11 6
985 645 910 914 331 5 6
985 645 648 169 203 12 6
985 645 511 515 330 1 6
985 645 318 339 5 1 6
985 520 524 11 16 6
985 520 523 132 280 3 6
985 520 111 144 340 8 6
985 520 76 90 155 9 6
985 520 75 81 863 239 6 6
985 520 75 81 833 278 1 6
985 281 295 155 1088 367 21 6
985 281 293 245 22 6
985 281 292 150 6 6
947 378 39 1
941 926 942 0 9 1
941 444 383 24 1
932 1143 1161 618 238 1 5
932 1143 1159 171 1 5
932 1077 1087 417 3 5
932 1077 1086 369 9 5
932 968 424 5 5
932 966 351 16 5
932 966 939 401 12 5
932 964 237 7 5
932 963 374 21 5
932 962 376 6 5
932 928 952 332 14 5
932 928 952 1012 8 6 5
932 928 950 279 9 5
932 78 675 686 327 8 5
932 78 79 98 196 3 5
932 78 79 97 236 5 5
925 1055 1058 252 11 8
925 1055 1057 129 22 8
925 1022 1040 213 17 8
925 1022 1039 183 1 8
925 939 401 9 8
925 938 132 7 8
925 937 37 26 8
925 935 52 22 8
925 934 330 443 10 8
925 927 949 1063 454 7 8
925 927 949 665 474 5 8
925 927 948 398 26 8
925 927 945 432 8 8
925 487 842 851 396 5 8
925 487 500 93 7 8
925 487 499 9 5 8
925 487 285 312 111 14 8
925 316 330 443 5 8
925 316 323 359 82 11 8
912 928 950 279 5 9
912 924 447 28 9
912 922 364 9 9
912 920 7 24 9
912 919 12 26 9
912 855 858 243 26 29 9
912 719 872 905 287 15 9
912 719 739 262 8 9
912 719 738 153 12 9
912 620 971 981 442 5 9
912 620 971 401 428 1099 170 10 9
912 620 624 457 9 9
912 620 546 715 721 235 5 9
912 620 546 715 720 273 11 9
912 620 546 552 446 4 9
912 257 530 910 914 331 9 9
912 257 530 910 914 904 820 166 7 9
912 257 268 1114 407 3 9
912 151 1144 1168 324 3 9
912 151 166 349 28 9
908 154 73 3
908 85 305 8 3
896 89 35 3
896 1197 35 17 3
896 1059 156 28 3
887 143 19 1
887 500 93 22 1
882 479 44 1
882 967 145 311 1 1
881 329 368 7 0
881 312 111 18 0
856 1055 1057 129 4 4
856 1055 237 249 259 1 4
856 864 276 246 34 4
856 863 239 25 4
856 862 29 20 4
856 678 694 470 2 4
856 678 693 407 336 6 4
856 452 472 419 3 4
856 452 451 470 1027 113 9 4
856 258 1056 1064 400 6 4
856 258 1056 1063 454 4 4
856 195 211 438 9 4
807 133 46 1
794 344 188 45 1
789 808 393 19 5
789 806 194 16 5
789 805 239 119 7 5
789 803 365 24 5
789 560 1140 1149 54 1 5
789 560 1140 1148 347 314 9 5
789 560 1140 1147 17 1 5
789 560 565 575 24 13 5
789 560 562 344 2 5
789 433 865 874 30 7 5
789 433 196 214 66 180 9 5
789 433 196 213 144 11 5
789 19 454 475 240 8 5
788 1145 1170 459 9 7
788 1145 1143 1159 171 15 7
788 1145 601 614 317 9 7
788 972 1056 1063 454 12 7
788 972 983 303 12 7
788 972 982 1030 348 19 7
788 802 293 8 7
788 799 306 34 7
788 787 797 164 15 7
788 627 638 202 23 7
788 532 680 705 222 23 10 7
788 532 542 944 139 1 7
788 532 541 216 6 7
788 532 540 618 238 22 7
772 1056 1063 454 6 1
772 999 1019 176 3 1
772 784 291 4 1
772 783 286 2 1
772 782 461 27 1
772 317 333 137 2 1
771 1070 603 618 238 3 5
771 1070 430 439 386 39 5
771 811 824 423 14 5
771 781 431 10 5
771 780 72 30 5
771 780 915 230 8 5
771 779 174 6 5
771 675 686 327 6 5
771 489 509 51 9 5
771 489 508 121 323 2 5
771 489 506 441 5 5
771 489 505 722 292 4 5
759 96 47 3
759 891 377 15 3
759 850 149 38 3
757 1144 1168 324 15 6
757 1144 1166 69 13 6
757 1144 195 211 438 7 6
757 1144 195 210 15 4 6
757 1056 1063 454 18 6
757 1056 1062 102 5 6
757 769 333 9 6
757 768 357 5 6
757 756 761 379 12 6
757 755 758 284 4 6
757 716 723 10 2 6
757 681 682 714 66 180 7 6
757 681 682 713 851 396 7 6
757 681 679 696 67 6 6
757 485 492 477 9 6
757 199 219 126 10 6
757 199 202 234 942 0 22 6
757 199 201 229 134 2 6
757 199 111 144 340 12 6
742 1141 1155 390 2 5
742 1141 1153 243 9 5
742 1141 1152 58 1 5
742 1141 1151 141 14 5
742 1141 872 905 287 10 5
742 756 678 693 407 336 5 5
742 756 678 691 265 274 7 5
742 756 678 456 482 338 4 5
742 754 192 38 5
742 754 1096 1012 8 1 5
742 754 1058 252 11 5
742 591 810 818 898 265 3 5
742 186 1115 1122 391 9 5
742 186 1115 1121 375 5 5
742 186 1115 1120 242 120 5 5
742 186 1115 1119 43 4 5
742 186 602 616 1121 375 9 5
742 108 133 298 6 5
742 108 132 280 1 5
741 1055 237 249 259 1 4
741 752 471 7 4
741 751 302 4 4
741 750 63 8 4
741 750 311 467 3 4
741 749 79 27 4
741 620 546 552 446 8 4
741 620 546 550 86 10 4
741 620 400 424 261 3 4
741 620 323 359 82 6 4
741 547 558 449 7 4
741 547 555 16 12 4
741 547 554 359 2 4
741 256 267 136 6 4
741 255 264 185 11 4
741 255 262 222 8 4
740 1056 1062 102 15 6
740 748 351 104 16 6
740 746 294 17 6
740 746 229 134 2 6
740 745 382 27 6
740 744 57 3 6
740 743 161 1 6
740 603 618 238 20 6
740 511 515 330 7 6
740 431 715 720 273 3 6
740 431 440 44 5 6
740 176 184 49 264 1 6
740 151 166 349 1 6
740 151 166 833 278 5 6
740 151 166 768 357 4 6
740 151 166 768 478 268 5 6
740 151 164 254 408 6 6
740 76 90 155 8 6
740 76 89 50 6 6
740 76 87 191 1 6
740 50 546 550 86 1 6
740 50 55 321 8 6
718 1102 1114 407 9 2
718 1025 1049 94 355 15 2
718 735 48 15 2
718 733 91 9 2
718 733 66 180 3 2
718 731 20 11 2
647 659 277 177 37 6
647 658 343 18 6
647 657 97 236 20 6
647 656 899 226 24 6
647 655 263 28 6
647 646 1020 1030 348 5 6
647 646 1020 1029 1013 272 1 6
647 646 681 679 696 67 5 6
647 646 653 420 5 6
647 646 652 142 127 6 6
647 565 575 24 3 6
647 195 210 15 10 6
647 195 208 426 3 6
647 195 206 131 6 6
644 128 40 2
644 1010 181 234 10 2
644 684 109 11 2
600 926 942 0 4 7
600 926 940 1028 234 942 0 3 7
600 926 940 1028 234 562 344 4 7
600 612 309 14 7
600 611 877 40 4 7
600 610 370 22 7
600 610 7 915 230 1 7
600 608 428 31 7
600 607 36 24 7
600 606 850 149 10 7
600 606 421 256 25 7
600 606 3 433 11 7
600 605 326 16 7
600 604 1123 122 5 7
600 361 366 430 2 7
600 361 365 1089 434 437 4 7
600 152 167 463 18 7
581 460 46 2
581 435 56 27 2
579 163 49 2
579 307 25 14 2
569 589 88 24 5
569 588 335 43 5
569 565 574 395 6 5
569 565 573 45 7 5
569 397 415 130 18 5
569 397 414 281 11 5
569 286 314 1163 451 3 5
569 286 285 312 111 10 5
569 286 282 565 573 45 3 5
569 286 282 302 178 8 5
569 286 282 299 898 265 1 5
551 313 39 3
551 178 2 43 3
543 197 44 3
543 1030 348 26 3
543 532 540 618 238 1 3
543 532 539 730 90 5 3
525 1079 1096 1012 8 6 7
525 972 982 1030 348 2 7
525 812 829 1155 390 27 7
525 812 828 270 15 7
525 717 725 207 11 7
525 662 668 360 7 7
525 662 667 373 2 7
525 528 38 12 7
525 527 276 1 7
525 526 341 643 325 18 7
525 285 312 111 9 7
525 195 206 131 11 7
525 195 204 899 226 14 7
525 176 184 49 264 12 7
525 176 183 354 2 7
525 176 182 366 430 4 7
525 16 626 634 187 5 7
525 16 530 533 421 8 7
525 16 28 319 3 7
525 16 27 341 13 7
525 0 787 797 164 2 7
522 394 65 4
522 878 472 21 4
522 833 278 21 4
517 248 32 2
517 820 166 34 2
510 871 903 66 25 5
510 871 900 1057 129 8 5
510 871 899 226 5 5
510 871 872 905 287 7 5
510 871 869 891 377 4 5
510 626 634 187 11 5
510 602 616 1121 375 4 5
510 602 615 371 13 5
510 602 603 618 238 5 5
510 514 1114 407 17 5
510 514 1114 424 261 7 5
510 513 469 13 5
510 512 78 24 5
510 512 324 300 6 5
488 815 839 73 20 3
488 504 84 11 3
488 502 231 10 3
488 485 492 477 30 3
488 485 491 392 3 3
488 430 434 437 14 3
488 371 375 4 2 3
486 986 679 696 67 9 6
486 986 679 695 1153 243 9 6
486 986 285 312 111 2 6
486 628 643 325 6 6
486 628 642 356 118 12 6
486 628 640 555 16 16 6
486 546 550 86 4 6
486 520 75 81 833 278 5 6
486 520 75 81 324 300 7 6
486 520 15 23 201 15 6
486 497 576 22 11 6
486 496 180 299 15 6
486 495 410 5 6
486 494 402 6 6
486 485 491 392 25 6
486 485 399 421 256 2 6
486 255 262 222 3 6
486 76 87 191 22 6
450 1056 1062 102 3 4
450 1056 1061 47 9 4
450 591 810 818 898 265 15 4
450 591 810 816 363 4 4
450 591 598 249 7 4
450 464 308 21 4
450 463 707 1089 434 437 5 4
450 460 123 7 4
450 458 243 26 3 4
450 457 269 6 4
450 455 478 268 4 4
450 455 476 1060 452 16 4
450 453 473 468 19 4
437 275 24 2
437 430 434 437 15 2
437 34 125 15 2
417 160 29 3
417 1136 211 14 3
417 336 39 35 3
396 1177 1190 147 5 5
396 1177 1188 387 11 5
396 1177 1186 411 9 5
396 842 851 396 35 5
396 408 103 33 5
396 400 423 195 7 5
396 400 422 456 18 5
396 321 1022 1039 183 1 5
396 321 1022 1038 350 5 5
396 321 347 314 12 5
396 321 347 121 323 13 5
395 545 1115 1119 43 26 8
395 545 1115 1119 576 22 7 8
395 545 549 31 5 8
395 407 336 40 8
395 406 384 29 8
395 405 415 13 8
395 404 179 13 8
395 403 939 401 5 8
395 402 181 36 8
395 402 935 52 11 8
395 400 422 456 2 8
395 399 421 256 10 8
395 398 418 301 3 8
395 398 399 421 256 2 8
382 1102 1114 424 261 1 6
382 1102 1113 224 14 6
382 1102 590 596 199 12 6
382 682 713 851 396 14 6
382 682 711 434 6 6
382 682 710 491 392 16 6
382 682 710 359 82 4 6
382 560 562 344 7 6
382 560 196 213 144 11 6
382 560 113 148 251 4 6
382 560 113 108 132 280 14 6
382 392 145 6 6
382 390 635 102 135 1 6
382 389 310 25 6
382 112 145 311 26 6
380 1177 1186 411 15 2
380 1177 1185 151 3 2
380 867 112 145 311 4 2
380 386 107 10 2
380 384 189 23 2
380 383 64 562 344 6 2
380 110 140 883 215 11 2
363 53 39 3
363 206 131 46 3
358 182 45 3
358 516 397 31 3
358 323 359 82 24 3
340 257 38 1
331 152 58 3
331 1168 324 1 3
331 541 216 17 3
331 541 588 335 1 3
331 317 333 137 9 3
322 625 630 258 21 3
322 625 629 962 376 1 3
322 356 118 40 3
322 355 87 191 16 3
322 351 104 12 3
322 315 328 116 2 3
322 315 326 464 3 3
320 1131 1137 250 1 4
320 1131 1136 211 3 4
320 1131 866 877 40 2 4
320 1131 811 824 423 6 4
320 1131 811 823 1192 297 30 4
320 346 106 18 4
320 345 140 25 4
320 319 344 188 11 4
320 111 144 340 1 4
320 111 143 218 11 4
320 111 142 127 3 4
291 172 31 2
291 1030 348 30 2
289 70 37 2
289 49 264 36 2
283 360 454 475 240 5 4
283 360 399 421 256 13 4
283 360 154 565 573 45 4 4
283 306 267 136 1 4
283 306 190 403 2 4
283 305 41 24 4
283 304 339 31 4
283 304 875 448 6 4
283 284 311 467 18 4
283 284 309 1001 346 5 4
283 75 81 324 300 8 4
283 75 80 104 455 6 4
263 76 75 5
263 1193 221 23 5
263 1167 83 32 5
263 1167 1027 113 16 5
259 995 1000 68 4 5
259 868 884 651 14 10 5
259 868 883 215 2 5
259 868 869 891 377 14 5
259 626 634 187 7 5
259 626 632 62 15 5
259 281 292 150 2 5
259 279 332 87 22 5
259 278 243 26 8 5
259 277 177 2 5
259 275 290 4 5
259 274 99 34 5
259 273 598 249 23 5
238 627 638 202 2 3
238 601 614 317 7 3
238 601 613 459 13 15 3
238 361 365 1089 434 437 3 3
238 361 364 69 228 5 3
238 361 76 87 191 5 3
238 361 76 86 95 11 3
238 282 299 898 265 3 3
238 282 298 219 22 3
238 282 298 851 396 7 3
238 282 297 101 1 3
238 282 296 74 2 3
238 254 408 13 3
236 590 595 345 140 11 2
236 590 595 274 99 12 2
236 590 594 894 71 7 2
236 248 288 14 2
236 247 851 396 18 2
236 246 476 2 2
236 245 903 66 6 2
235 567 577 157 28 5
235 243 26 25 5
235 242 120 25 5
235 241 165 18 5
235 240 320 29 5
235 239 119 8 5
235 75 80 104 455 14 5
228 158 44 3
228 481 55 7 3
228 457 269 12 3
228 389 310 27 3
228 201 229 134 3 3
228 201 227 3 3 3
207 876 866 877 40 4 3
207 415 130 19 3
207 208 426 42 3
207 195 204 899 226 2 3
207 195 204 791 233 19 3
207 195 203 347 7 3
198 996 1005 184 5 4
198 996 840 843 473 8 4
198 660 665 474 22 4
198 660 154 565 573 45 1 4
198 660 154 565 572 220 5 4
198 660 154 173 112 6 4
198 660 154 172 255 3 4
198 202 231 416 14 4
198 200 224 282 28 4
198 200 222 23 1 4
198 200 220 121 20 4
198 199 111 142 127 3 4
198 195 203 347 8 4
194 330 443 39 1
191 168 42 2
191 167 463 28 2
185 1116 1124 97 15 4
185 1116 1123 122 3 4
185 1116 76 86 95 2 4
185 855 858 243 26 8 4
185 855 857 115 4 4
185 855 677 690 242 9 4
185 842 851 396 7 4
185 842 850 149 5 4
185 842 849 114 10 4
185 812 828 270 4 4
185 812 827 439 15 4
185 545 549 31 3 4
185 190 403 24 4
175 489 505 722 292 11 4
175 180 299 21 4
175 179 204 4 4
175 178 2 2 4
175 178 576 22 21 4
175 177 100 23 4
175 111 142 127 10 4
175 111 141 146 21 4
175 111 141 346 106 1 4
175 77 95 1152 58 6 4
175 77 94 355 2 4
165 85 78 4
165 93 49 40 4
158 409 50 4
158 847 277 14 4
158 843 473 17 4
158 843 578 329 7 4
158 492 477 33 4
153 646 652 142 127 3 2
153 591 598 249 15 2
153 591 76 86 95 5 2
153 591 76 86 180 299 3 2
153 591 76 85 305 4 2
153 256 267 136 5 2
153 256 266 920 7 7 2
153 256 265 274 4 2
153 171 384 189 25 2
150 162 381 22 5
150 161 404 18 5
150 159 345 17 5
150 157 205 42 5
150 157 384 189 4 5
150 156 18 21 5
150 155 1088 367 7 5
117 429 24 1
117 103 104 455 24 1
107 1177 1185 151 5 2
107 127 223 32 2
107 109 134 60 4 2
107 106 121 323 17 2
105 432 446 28 9 5
105 432 443 190 25 5
105 432 430 434 437 11 5
105 118 36 334 20 5
105 116 162 7 5
105 110 136 92 26 5
105 108 132 280 35 5
105 106 121 323 3 5
105 106 120 241 1 5
105 106 119 466 3 5
91 450 45 4
91 898 265 42 4
91 77 94 355 19 4
91 77 76 85 305 7 4
91 77 76 84 148 6 4
70 1177 1185 151 2 4
70 1077 1086 369 4 4
70 869 891 377 5 4
70 869 888 65 25 4
70 545 549 31 6 4
70 315 326 464 9 4
70 315 325 200 16 4
70 315 324 300 20 4
70 202 231 416 1 4
70 80 104 455 15 4
70 80 103 104 455 7 4
70 74 979 444 4 4
70 71 34 1 4
53 840 843 578 329 5 3
53 840 682 710 359 82 18 3
53 840 682 710 359 805 239 119 10 3
53 840 682 709 462 6 3
53 69 228 24 3
53 67 6 14 3
53 66 180 17 3
51 870 893 588 335 2 6
51 870 866 877 40 3 6
51 814 811 823 1192 297 10 6
51 814 811 822 1 1 6
51 814 455 476 1060 452 11 6
51 284 309 1001 346 6 6
51 284 307 25 1 6
51 63 98 3 6
51 62 337 9 6
51 61 159 50 6
51 60 229 11 6
51 58 366 15 6
51 58 242 120 19 6
51 0 787 797 164 5 6
51 0 787 797 802 293 1 6
51 0 565 572 220 10 6
51 0 76 84 148 2 6
35 389 42 4
35 407 336 46 4
35 25 1063 454 13 4
35 25 1063 1187 726 232 9 4
29 94 44 2
29 550 86 6 2
29 550 720 273 3 2
21 49 264 35 4
21 48 124 10 4
21 48 434 437 1 4
21 46 361 29 4
21 46 550 720 273 3 4
21 45 212 12 4
21 41 1153 243 8 4
21 20 40 21 7 4
21 20 39 445 7 4
21 18 36 334 2 4
13 415 130 18 1
13 415 265 274 10 1
13 415 265 989 64 2 1
9 19 13 0
9 1016 59 8 0
1 1143 1159 171 1 4
1 1115 1119 576 22 2 4
1 911 80 102 135 6 4
1 873 872 905 287 3 4
1 873 872 904 820 166 7 4
1 627 638 202 3 4
1 565 572 220 9 4
1 565 571 296 8 4
1 565 571 877 40 5 4
1 8 198 28 4
1 7 915 230 14 4
1 3 433 3 4
1 3 71 34 16 4

