987

1179 268 28 2
1179 149 416 31 2
1167 1182 943 446 6 5
1167 1182 751 161 21 5
1167 1181 17 2 5
1167 1169 1189 138 12 5
1167 1169 1186 244 32 5
1167 960 968 215 11 5
1167 960 967 18 11 5
1167 755 95 101 238 5 5
1167 755 95 99 38 1 5
1167 442 529 549 117 121 10 5
1167 442 452 227 1 5
1167 295 1092 1104 7 4 5
1167 295 391 404 300 4 5
1167 295 302 389 1099 437 4 5
1167 295 231 262 621 234 5 5
1167 295 231 262 498 341 3 5
1167 29 47 476 2 5
1167 29 46 535 96 2 5
1166 1178 244 117 12 5
1166 1171 1198 80 28 5
1166 1171 1196 9 2 5
1166 1171 1195 946 436 9 5
1166 1169 1186 244 3 5
1166 556 1056 1070 275 3 5
1166 556 1056 1069 280 15 5
1166 556 580 239 29 5
1166 556 580 275 68 1 5
1166 550 560 15 17 5
1166 550 559 164 32 8 5
1166 550 487 147 159 127 3 5
1166 526 535 96 10 5
1166 526 533 251 2 5
1165 1175 43 14 6
1165 1174 191 156 25 6
1165 1173 274 15 6
1165 1172 373 145 13 6
1165 1171 1195 946 436 9 6
1165 1171 1195 818 36 2 6
1165 1171 1194 113 26 6
1165 1170 1193 348 26 6
1165 1170 1191 84 7 6
1165 122 733 747 435 2 6
1165 122 732 742 321 1 6
1165 122 329 349 39 3 6
1165 122 133 714 30 16 6
1165 122 132 665 88 16 6
1152 541 184 41 2
1152 470 187 23 2
1145 1151 322 46 9
1145 1150 297 14 9
1145 1149 8 261 11 9
1145 1021 1048 334 9 9
1145 996 1007 128 2 9
1145 862 873 79 129 8 9
1145 646 662 125 6 9
1145 646 661 455 11 9
1145 646 661 1097 434 1 9
1145 390 397 303 16 9
1145 390 396 413 15 9
1145 355 1105 1114 400 3 9
1145 355 916 931 164 7 9
1145 355 916 930 290 112 8 9
1145 355 916 929 355 6 9
1145 355 647 667 669 350 18 9
1145 355 358 313 4 9
1145 165 297 307 210 21 9
1145 165 297 306 174 6 9
1145 165 169 208 18 9
1145 55 58 373 10 9
1144 191 74 5
1144 1186 244 33 5
1144 51 948 282 12 5
1144 51 478 289 12 5
1144 51 156 457 8 5
1141 345 95 7
1141 663 328 47 7
1141 269 317 44 7
1132 1143 235 19 6
1132 1018 1037 384 5 6
1132 1018 1036 270 3 6
1132 861 868 75 22 6
1132 765 767 388 10 6
1132 528 597 609 392 12 6
1132 528 541 184 1 6
1132 528 541 736 108 14 6
1132 528 329 349 39 2 6
1132 394 414 1103 260 2 6
1132 394 411 119 12 6
1132 160 800 820 180 11 6
1132 160 800 819 2 10 6
1132 29 46 535 96 8 6
1132 29 45 189 105 19 6
1132 29 44 432 14 6
1120 287 49 3
1120 342 399 40 3
1112 351 48 3
1112 1105 1114 400 12 3
1112 1105 1113 448 8 3
1112 925 445 14 3
1107 1130 1136 431 13 8
1107 1123 11 17 8
1107 1122 991 291 24 8
1107 1108 1127 405 22 8
1107 1108 1126 349 5 8
1107 1108 1124 281 221 7 8
1107 1108 1124 79 129 1 8
1107 734 754 171 28 8
1107 734 752 323 8 8
1107 734 750 46 1 8
1107 441 447 87 5 8
1107 121 1057 1075 454 17 8
1107 121 131 284 22 8
1107 121 130 56 5 8
1107 121 129 236 5 8
1107 15 756 764 189 24 8
1107 15 756 762 398 14 8
1107 15 734 750 46 6 8
1091 1103 260 20 9
1091 1103 636 185 5 9
1091 1102 968 215 6 9
1091 1099 437 2 9
1091 1098 370 15 9
1091 1058 1078 461 3 9
1091 964 987 294 2 9
1091 775 784 14 25 9
1091 775 784 253 470 3 9
1091 775 783 469 17 9
1091 697 708 266 15 9
1091 461 1130 1136 431 3 9
1091 461 474 228 21 9
1091 355 358 313 11 9
1091 200 1146 1158 450 15 9
1091 200 206 382 6 9
1091 177 191 156 32 9
1091 177 190 216 10 9
1091 160 800 819 2 10 9
1091 160 800 819 475 342 1 9
1091 160 800 818 36 3 9
1091 121 129 236 2 9
1091 121 128 354 122 15 9
1091 55 58 373 8 9
1055 1066 394 18 6
1055 1063 301 22 6
1055 1063 742 321 13 6
1055 1062 76 29 6
1055 1061 1089 849 298 20 6
1055 1061 647 667 669 350 2 6
1055 1061 647 665 88 11 6
1055 1059 1083 1088 64 4 6
1055 1059 1080 249 2 6
1055 1056 1069 280 3 6
1055 1056 1068 140 28 6
1055 136 230 256 429 10 6
1051 465 48 2
1051 848 139 4 2
1049 255 60 4
1049 19 468 49 4
1049 8 261 10 4
1020 1045 219 17 9
1020 1043 79 27 9
1020 1042 1014 253 2 9
1020 1042 929 355 1 9
1020 1041 708 266 8 9
1020 1041 33 23 12 9
1020 1019 1040 196 16 9
1020 1019 1039 310 2 9
1020 1019 878 892 233 2 9
1020 1018 1036 270 1 9
1020 1018 1034 1007 128 4 9
1020 1018 1033 315 9 9
1020 1017 1032 741 133 5 9
1020 1017 1032 289 903 258 14 9
1020 1015 1028 166 1 9
1020 393 648 673 259 1 9
1020 393 648 672 40 243 8 9
1020 393 391 404 300 23 9
1020 393 177 190 216 1 9
1020 299 443 457 181 6 9
1020 299 318 92 264 14 9
1020 299 317 803 35 1 9
1020 15 734 750 46 28 9
1020 15 733 747 435 20 9
1020 0 8 261 20 9
1020 0 8 368 104 6 9
1020 0 4 62 1 9
1016 1031 85 22 6
1016 1031 1153 173 26 6
1016 1030 22 17 6
1016 1029 428 7 6
1016 1022 1054 91 13 6
1016 1021 1048 334 27 6
1016 1021 1047 203 2 6
1016 1019 878 892 233 14 6
1016 1018 1033 315 1 6
1016 1018 1021 1047 203 6 6
1016 1018 1021 1022 1054 91 8 6
1016 1018 145 612 628 580 275 68 3 6
1016 1015 1028 166 13 6
962 978 37 36 6
962 977 112 683 213 3 6
962 976 329 11 6
962 975 277 15 6
962 965 990 278 4 6
962 965 989 220 20 6
962 965 988 467 9 6
962 964 987 294 26 6
962 964 984 1129 143 8 6
962 960 967 18 4 6
962 776 1015 1028 166 14 6
962 392 407 338 4 6
962 204 1105 1113 448 2 6
962 204 325 1170 1191 84 1 6
962 204 224 378 14 6
956 59 18 1
956 1187 269 11 1
955 1021 1022 1054 91 7 9
955 1021 1022 1050 943 446 7 9
955 996 1007 128 28 9
955 996 1004 231 13 9
955 996 1003 93 8 9
955 959 107 25 9
955 957 214 14 9
955 696 707 319 18 9
955 556 580 275 68 5 9
955 556 579 331 22 9
955 556 551 566 289 903 258 6 9
955 556 551 565 479 2 9
955 390 396 413 12 9
955 178 197 149 1 9
955 170 961 973 422 13 9
955 170 961 972 0 3 9
955 170 418 435 237 13 9
955 170 418 435 658 102 1 9
955 170 174 314 2 9
955 60 66 178 27 9
955 20 1146 1158 450 22 9
955 20 1130 1136 431 1 9
953 257 56 2
953 720 70 17 2
926 915 927 92 5 2
926 915 925 445 1 2
926 915 924 20 3 2
926 915 921 952 393 3 2
926 915 920 945 165 29 2
926 915 920 945 669 350 3 2
926 371 708 266 12 2
919 944 195 13 7
919 943 446 19 7
919 941 358 25 7
919 941 258 369 4 7
919 940 98 66 26 7
919 939 1014 253 6 7
919 922 730 735 568 160 17 7
919 922 298 310 374 12 7
919 918 916 929 355 4 7
919 918 176 480 496 459 5 7
919 918 176 480 494 101 6 7
919 918 176 480 492 111 8 7
919 731 741 133 6 7
919 731 740 33 24 7
919 160 800 818 36 13 7
919 160 778 793 134 8 7
895 283 56 2
895 1043 79 6 2
881 910 238 67 19 8
881 909 411 22 8
881 907 73 17 8
881 906 5 46 8
881 906 708 266 4 8
881 882 912 447 4 8
881 882 880 903 258 9 8
881 882 880 902 47 476 3 8
881 882 877 461 474 228 4 8
881 880 902 47 476 15 8
881 880 901 367 3 8
881 878 892 233 2 8
881 698 714 30 37 8
881 550 487 147 159 127 11 8
881 62 997 1011 198 402 6 8
881 62 296 304 78 8 8
881 62 296 304 42 307 4 8
881 62 296 303 163 6 8
869 391 37 2
869 16 147 21 2
833 1105 1113 448 6 6
833 1090 1097 434 35 6
833 1090 1095 77 8 6
833 1090 1094 375 1 6
833 998 1014 253 14 6
833 852 396 413 21 6
833 834 1015 1028 166 2 6
833 393 177 190 216 4 6
833 350 1015 1028 166 11 6
833 350 1015 1027 373 145 3 6
833 350 1015 1026 1127 405 9 6
833 350 1015 1025 1027 373 145 1 6
833 350 1015 1024 347 3 6
833 271 275 68 15 6
833 170 174 314 21 6
833 170 173 40 3 6
832 851 628 580 275 68 7 6
832 850 286 30 6
832 849 298 13 6
832 848 139 25 6
832 610 619 473 20 6
832 272 1057 1075 454 2 6
832 272 282 52 13 6
832 229 876 890 183 4 6
832 229 876 889 27 9 6
832 160 778 793 134 5 6
832 160 778 792 179 14 6
832 136 230 254 667 669 350 5 6
832 136 230 253 470 7 6
832 136 144 273 10 6
832 20 1130 1136 431 4 6
832 2 488 523 168 5 6
831 1168 1185 886 346 25 7
831 1168 1184 1068 140 1 7
831 1168 998 1014 253 4 7
831 1168 998 1013 157 6 7
831 843 1037 384 31 7
831 842 385 17 7
831 835 858 293 6 7
831 825 829 453 4 7
831 825 828 83 8 7
831 327 415 1056 1068 140 5 7
831 327 415 427 136 6 7
831 327 415 426 72 2 7
831 327 415 425 462 5 7
831 327 341 1 17 7
831 327 339 474 4 7
831 327 338 169 11 7
831 105 111 864 361 1 7
831 105 111 239 326 36 7
831 105 108 224 5 7
830 917 936 141 22 8
830 917 933 371 708 266 10 8
830 917 147 159 127 11 8
830 917 147 158 419 1 8
830 917 147 157 456 3 8
830 840 204 25 8
830 840 539 363 503 1198 80 9 8
830 839 389 24 8
830 837 200 15 8
830 836 28 18 8
830 834 1015 1024 347 9 8
830 834 1015 1023 545 8 2 8
830 834 856 395 2 8
830 834 854 155 22 8
830 834 203 223 357 2 8
830 731 740 33 2 8
830 731 736 108 3 8
830 652 686 386 5 8
830 146 486 520 372 13 8
830 146 486 483 510 218 3 8
830 146 145 612 628 580 275 68 2 8
830 146 145 151 380 13 8
830 55 58 373 9 8
825 828 83 4 9
825 828 857 49 1 9
825 827 281 33 9
825 696 707 319 7 9
825 649 961 972 0 10 9
825 649 674 404 2 9
825 612 628 580 275 68 3 9
825 612 627 54 3 9
825 612 626 29 6 9
825 481 502 794 154 464 3 9
825 481 502 262 498 341 10 9
825 481 501 176 3 9
825 481 500 288 8 9
825 481 498 341 2 9
825 419 438 1068 140 26 9
825 419 437 206 22 9
825 376 860 864 361 7 9
825 376 730 735 568 160 4 9
825 376 556 551 565 479 13 9
825 376 386 116 2 9
825 376 385 182 15 9
825 376 384 352 7 9
825 350 1015 1023 545 8 6 9
825 350 529 549 117 121 13 9
825 350 529 547 154 9 9
825 328 343 271 3 9
825 328 342 399 3 9
825 328 325 1170 1191 84 5 9
825 328 325 1170 1190 120 3 9
825 328 325 336 193 410 6 9
825 328 296 303 163 1 9
825 120 125 444 10 9
814 316 70 4
814 718 177 30 4
814 58 373 21 4
799 1108 1124 79 129 12 5
799 1108 996 1003 93 5 5
799 1108 963 981 1068 140 16 5
799 815 100 36 5
799 813 247 14 5
799 775 783 469 10 5
799 775 783 354 122 11 5
799 55 58 373 1 5
799 55 56 1012 1074 421 12 5
799 27 961 972 0 1 5
799 27 37 318 2 5
799 27 34 299 21 5
799 27 34 305 340 9 5
795 803 35 40 8
795 802 158 8 8
795 801 142 26 8
795 733 747 435 26 8
795 733 745 103 330 13 8
795 610 619 473 4 8
795 610 619 515 6 2 8
795 610 616 207 13 8
795 610 614 51 16 8
795 375 1056 1068 140 6 8
795 375 1056 1067 408 1 8
795 147 157 456 17 8
795 147 156 457 12 8
795 147 155 377 12 8
795 147 154 464 6 8
766 1146 1158 450 7 8
766 1146 1154 513 688 366 1 8
766 1146 1153 173 2 8
766 1106 1115 324 24 8
766 1106 775 781 69 3 8
766 1106 775 779 263 4 8
766 1106 460 468 442 2 8
766 796 1019 878 892 223 357 4 8
766 796 391 404 300 4 8
766 756 762 398 19 8
766 697 708 266 17 8
766 697 708 275 68 11 8
766 697 698 714 88 12 6 8
766 697 698 713 144 3 8
766 355 358 313 9 8
766 355 358 33 23 18 8
766 355 227 246 48 6 8
766 350 529 547 154 1 8
766 329 349 39 14 8
766 329 348 440 12 8
766 329 347 130 9 8
766 231 261 232 4 8
766 231 259 368 13 8
766 231 258 369 20 8
753 339 50 2
753 468 442 8 2
743 106 16 1
743 475 342 9 1
743 140 423 4 1
726 3 33 4
726 717 1021 1022 1050 943 446 1 4
726 717 727 148 4 4
726 717 725 55 1 4
726 717 355 227 246 48 1 4
726 717 175 185 132 10 4
726 717 85 556 551 565 479 6 4
726 717 85 106 226 244 117 8 4
726 474 228 31 4
726 474 710 397 16 4
715 1109 1129 143 20 9
715 1109 1128 150 3 9
715 876 889 27 4 9
715 876 888 193 4 9
715 876 886 346 10 9
715 765 767 388 9 9
715 765 415 425 462 16 9
715 765 415 422 415 1 9
715 765 415 421 332 24 9
715 756 762 398 1 9
715 756 762 1062 76 5 9
715 756 761 211 25 9
715 756 759 1007 128 1 9
715 722 99 38 9
715 721 1007 128 4 9
715 720 70 22 9
715 720 747 563 34 12 9
715 718 177 6 9
715 299 317 803 35 4 9
715 299 315 103 7 9
715 228 247 433 15 9
715 120 125 444 5 9
715 120 123 94 14 9
678 362 50 3
678 1133 74 18 3
678 478 289 6 3
678 267 245 41 2 3
654 694 688 366 4 4
654 693 1028 166 14 4
654 693 275 68 21 4
654 693 212 443 3 4
654 691 31 21 4
654 690 71 37 4
654 690 103 330 8 4
654 653 689 296 6 4
654 653 688 366 5 4
650 684 581 337 18 7
650 683 213 19 7
650 682 159 9 7
650 681 190 2 7
650 680 247 433 32 7
650 651 653 688 366 15 7
650 651 647 665 88 18 7
650 648 672 40 243 9 7
650 648 670 458 4 7
650 648 669 350 8 7
650 647 665 88 17 7
650 647 663 328 1 7
650 647 663 793 134 2 7
650 529 547 154 23 7
650 529 546 426 18 7
650 529 545 8 4 7
645 1131 1140 472 22 6
645 1131 1139 323 406 2 6
645 659 308 13 6
645 658 102 42 6
645 657 306 28 6
645 656 19 14 6
645 85 106 226 244 117 5 6
645 85 106 226 242 42 3 6
645 85 106 117 121 8 6
645 62 296 303 163 15 6
645 62 60 66 178 11 6
645 62 60 65 407 3 6
632 917 147 154 464 6 7
632 875 884 156 457 38 7
632 875 883 47 3 7
632 644 233 63 14 7
632 643 742 321 3 7
632 631 835 858 293 13 7
632 631 835 857 49 10 7
632 631 639 353 10 7
632 631 638 21 7 7
632 486 483 510 218 10 7
632 486 483 507 896 815 100 3 7
632 375 1056 1067 408 10 7
632 375 379 226 1 7
632 375 378 1113 448 25 7
632 375 325 336 193 410 5 7
632 178 197 149 2 7
632 178 196 463 25 7
632 178 195 82 1 7
630 1168 998 1013 157 2 6
630 1168 778 791 925 445 12 6
630 997 1011 198 402 5 6
630 997 1009 379 226 4 6
630 963 981 1068 140 3 6
630 636 185 5 6
630 634 175 26 6
630 631 638 21 13 6
630 631 637 344 81 21 6
630 610 614 51 16 6
630 610 614 789 307 210 1 6
630 551 565 479 2 6
630 551 563 34 2 6
630 551 562 229 10 6
630 416 429 1048 334 6 6
630 265 300 324 188 7 6
630 265 300 323 406 2 6
630 226 242 42 1 6
630 165 169 208 6 6
630 165 168 460 1 6
630 165 167 478 13 6
630 136 144 273 8 6
618 222 30 2
618 1175 43 13 2
618 699 363 28 2
618 573 554 1056 1067 408 3 2
617 1069 280 40 3
617 754 171 47 3
617 754 193 410 1 3
613 996 1003 93 13 3
613 996 1002 217 89 26 3
613 996 1002 151 380 3 3
613 765 415 421 332 3 3
613 165 167 478 1 3
613 165 166 279 20 3
613 147 154 464 13 3
613 120 123 94 1 3
611 1130 1136 431 2 5
611 1130 1135 343 2 5
611 621 234 9 5
611 620 124 22 5
611 612 626 29 34 5
611 355 227 246 48 8 5
611 355 227 245 41 5 5
611 225 1109 1128 150 18 5
611 225 235 186 22 5
611 225 233 63 9 5
611 136 144 273 4 5
611 136 144 1095 77 7 5
596 879 961 972 0 10 8
596 879 899 108 224 2 8
596 879 898 1172 373 145 6 8
596 879 897 151 28 8
596 879 2 488 523 168 2 8
596 731 736 108 23 8
596 612 625 302 37 8
596 612 625 467 126 5 8
596 608 364 4 8
596 607 254 16 8
596 606 50 7 8
596 606 563 34 2 8
596 605 276 38 8
596 604 779 263 5 8
596 604 287 135 2 8
596 391 404 300 9 8
596 297 306 174 20 8
596 0 4 62 1 8
596 0 3 449 7 8
595 601 32 868 75 1 4
595 600 4 6 4
595 599 240 31 4
595 599 385 182 3 4
595 598 325 5 4
595 329 347 130 22 4
595 329 346 381 14 4
595 176 480 492 111 2 4
595 176 480 490 418 16 4
595 175 185 132 13 4
595 55 56 1012 1074 421 6 4
595 15 733 745 103 330 1 4
595 15 733 226 242 42 3 4
595 15 733 226 239 326 1 4
558 594 123 18 4
558 593 192 26 4
558 592 167 6 4
558 592 710 397 3 4
558 591 807 241 16 4
558 591 807 673 259 7 4
558 588 365 12 4
558 555 577 336 18 4
558 555 556 551 562 229 3 4
558 554 1056 1067 408 3 4
558 554 574 327 6 4
558 551 562 229 6 4
557 1147 1161 738 201 19 6
557 1147 1159 335 3 6
557 1147 997 1009 379 226 12 6
557 1147 461 474 710 397 14 6
557 1147 461 473 549 117 121 2 6
557 697 698 713 144 8 6
557 697 698 711 24 14 6
557 587 438 10 6
557 581 337 24 6
557 529 545 8 28 6
557 529 545 251 272 9 6
557 529 481 498 341 4 6
557 393 177 190 216 5 6
557 393 177 188 1151 322 4 6
557 231 257 259 368 5 6
557 229 876 886 346 3 6
557 229 251 272 7 6
552 966 993 262 3 3
552 966 964 984 1129 143 5 3
552 966 963 981 1068 140 13 3
552 966 963 981 579 331 10 3
552 966 732 742 321 1 3
552 966 732 731 736 108 3 3
552 861 868 75 13 3
552 861 867 230 15 3
552 568 160 15 3
552 556 551 562 229 2 3
552 175 185 132 5 3
552 175 184 246 9 3
552 175 181 295 3 3
506 315 103 42 1
493 152 40 2
493 69 217 29 2
493 69 66 178 1 2
493 69 66 537 403 1 2
484 1146 1153 173 17 8
484 921 952 393 33 8
484 921 952 173 40 5 8
484 921 948 282 2 8
484 515 6 16 8
484 515 267 245 41 5 8
484 515 267 198 402 3 8
484 514 256 16 8
484 513 688 366 1 8
484 512 267 12 8
484 511 441 22 8
484 511 937 198 18 8
484 482 505 245 1 8
484 481 498 341 7 8
484 480 490 418 2 8
484 480 489 941 258 369 4 8
484 350 529 481 498 341 1 8
484 350 526 533 251 9 8
484 350 354 122 5 8
484 350 352 452 26 8
466 197 149 24 0
465 205 42 3
465 729 285 37 3
464 1104 7 42 2
464 607 254 17 2
456 114 25 2
456 35 451 36 2
456 35 209 309 3 2
454 901 367 7 2
454 890 183 40 2
454 442 452 227 5 2
454 442 451 420 13 2
440 1057 1075 454 2 5
440 860 864 361 6 5
440 860 297 306 174 2 5
440 444 172 24 5
440 444 1087 42 307 3 5
440 285 631 637 344 81 11 5
440 285 443 457 181 2 5
440 285 290 112 8 5
440 285 289 903 258 16 5
440 285 289 496 459 6 5
440 285 287 135 5 5
440 29 44 432 6 5
440 29 44 386 116 7 5
440 2 488 523 168 5 5
440 2 11 146 34 5
432 379 48 5
432 1197 16 27 5
432 416 429 1048 334 11 5
432 416 429 738 201 3 5
432 416 227 245 41 14 5
432 233 63 39 5
423 475 35 2
423 191 156 7 2
423 142 248 22 2
412 86 44 3
412 870 137 16 3
412 183 170 16 3
412 183 175 181 295 13 3
377 995 1001 594 123 1 5
377 995 876 886 346 32 5
377 995 392 407 338 1 5
377 960 967 18 13 5
377 798 812 383 5 5
377 798 811 153 20 5
377 798 810 250 16 5
377 776 785 242 15 5
377 556 551 562 229 5 5
377 389 1099 437 17 5
377 355 227 245 41 1 5
377 285 287 135 13 5
377 285 271 275 68 1 5
362 1170 1190 120 6 6
362 921 948 282 5 6
362 875 883 47 1 6
362 835 857 49 22 6
362 733 226 239 326 12 6
362 733 226 238 67 2 6
362 374 412 15 6
362 373 145 36 6
362 370 162 19 6
362 369 387 26 6
362 368 104 22 6
361 329 346 381 1 3
361 329 345 829 453 11 3
361 300 323 406 4 3
361 105 108 224 24 3
361 85 106 117 121 7 3
361 85 106 116 45 3 3
361 85 93 65 22 3
361 85 92 264 10 3
312 58 21 1
312 422 415 19 1
279 430 25 3
279 706 439 47 3
279 615 130 56 11 3
279 271 275 68 4 3
279 195 82 2 3
270 1105 1113 448 4 7
270 1105 1111 1158 450 5 7
270 1105 1110 44 4 7
270 861 867 230 8 7
270 861 865 97 4 7
270 861 145 151 380 19 7
270 695 876 886 346 4 7
270 695 876 885 110 7 7
270 695 700 26 4 7
270 695 699 363 4 7
270 462 475 342 19 7
270 274 109 8 7
270 273 886 346 16 7
270 273 886 925 445 29 7
270 272 282 52 15 7
270 272 281 221 6 7
270 272 280 225 4 7
270 170 173 40 4 7
270 170 172 90 6 7
270 105 108 224 8 7
270 105 108 565 479 4 7
222 376 20 1
222 65 407 29 1
205 491 292 35 1
202 1171 1194 113 12 6
202 1171 1170 1190 120 3 6
202 1171 1170 698 711 24 6 6
202 1171 55 56 1012 1074 421 3 6
202 756 759 1007 128 29 6
202 756 177 188 1151 322 1 6
202 612 625 467 126 8 6
202 391 404 300 4 6
202 391 401 849 298 9 6
202 360 366 194 13 6
202 232 264 312 23 6
202 232 264 1095 77 6 6
202 221 993 262 10 6
202 220 520 372 2 6
202 217 89 13 6
202 216 396 1 6
202 215 764 189 23 6
201 1131 1139 323 406 17 5
201 1131 1138 320 3 5
201 1131 329 345 829 453 3 5
201 716 723 290 5 5
201 716 526 533 251 8 5
201 716 526 531 404 300 2 5
201 214 305 19 5
201 212 443 3 5
201 211 98 5 5
201 210 25 19 5
201 209 309 31 5
201 208 354 17 5
179 862 872 42 307 3 4
179 862 871 952 173 40 12 4
179 862 871 340 208 354 6 4
179 862 298 310 374 3 4
179 862 298 310 1068 140 1 4
179 798 810 250 1 4
179 199 635 118 22 4
179 198 402 42 4
179 178 195 82 5 4
179 95 99 38 9 4
179 95 98 66 9 4
179 95 97 980 239 326 12 4
143 886 925 445 14 3
143 692 471 20 3
143 510 218 37 3
143 468 442 8 3
143 40 243 18 3
135 1131 329 345 829 453 3 9
135 1131 329 345 149 416 10 9
135 1060 1088 64 26 9
135 798 810 250 7 9
135 527 537 403 15 9
135 460 468 442 14 9
135 460 468 1138 320 5 9
135 460 467 126 4 9
135 391 401 849 298 12 9
135 355 227 245 41 1 9
135 355 176 480 489 941 258 369 3 9
135 355 176 186 466 3 9
135 355 60 65 407 2 9
135 350 352 452 2 9
135 300 323 406 1 9
135 300 322 22 58 373 4 9
135 300 321 414 11 9
135 300 320 57 20 9
135 225 233 63 11 9
135 225 233 1194 113 3 9
135 225 226 238 67 1 9
135 160 778 791 925 445 15 9
135 160 227 245 41 9 9
135 160 164 32 14 9
135 141 95 11 9
135 140 423 13 9
135 139 10 30 9
134 359 62 4
134 1034 1007 128 36 4
134 990 278 20 4
107 698 711 24 4 6
107 698 710 397 16 6
107 698 709 344 14 6
107 482 505 245 19 6
107 360 366 194 18 6
107 360 365 209 20 6
107 360 363 503 1198 80 1 6
107 119 333 22 6
107 118 13 7 6
107 106 116 45 41 6
107 26 488 523 168 5 6
104 409 37 2
104 979 371 37 2
102 61 22 2
102 1088 64 38 2
96 1148 777 787 60 18 6
96 1148 777 775 779 263 7 6
96 1148 228 247 433 14 6
96 835 857 49 2 6
96 734 750 46 6 6
96 734 749 202 11 6
96 463 920 945 669 350 2 6
96 463 478 289 2 6
96 463 30 53 1149 8 368 104 9 6
96 392 407 338 3 6
96 300 320 57 1 6
96 300 319 311 18 6
96 271 275 68 5 6
96 271 232 264 1095 77 8 6
96 160 164 32 6 6
96 160 161 477 7 6
96 160 147 154 464 13 6
96 160 61 71 598 325 3 6
96 160 61 70 304 3 6
96 160 61 69 66 537 403 8 6
96 160 26 488 523 168 1 6
96 160 26 488 522 417 6 6
96 103 330 20 6
87 390 103 4
86 1090 1094 375 6 9
86 965 988 467 3 9
86 965 961 972 0 15 9
86 965 961 972 303 163 2 9
86 861 145 151 380 15 9
86 861 145 150 53 8 9
86 482 505 245 7 9
86 482 504 427 26 9
86 482 481 498 341 7 9
86 441 447 87 9 9
86 417 434 212 17 9
86 417 177 188 1151 322 14 9
86 265 300 319 311 16 9
86 170 172 90 11 9
86 170 171 1110 44 14 9
86 145 150 53 35 9
86 145 149 416 8 9
86 94 360 9 9
86 85 92 264 14 9
86 85 90 131 13 9
86 85 89 199 1 9
72 265 33 3
72 457 181 17 3
72 457 858 293 12 3
72 61 69 66 537 403 9 3
72 61 68 252 25 3
64 1130 1135 343 5 6
64 265 300 319 311 9 6
64 265 269 317 2 6
64 265 267 198 402 3 6
64 265 136 144 1095 77 5 6
64 85 89 199 15 6
64 85 88 12 23 6
64 83 115 19 6
64 83 1135 343 5 6
64 82 500 288 44 6
64 80 605 276 1 6
64 63 79 129 1 6
64 20 1130 1135 343 2 6
64 20 1130 1133 74 7 6
64 20 1058 1078 461 11 6
64 20 1015 1023 545 251 272 3 6
64 20 876 885 110 7 6
64 20 24 404 300 7 6
28 1056 1067 408 14 3
28 525 653 688 366 2 3
28 525 530 1113 448 2 3
28 525 529 481 498 341 2 3
28 229 251 272 17 3
28 160 26 33 23 39 3
28 42 307 13 3
28 25 26 33 23 11 3
15 733 226 238 67 3 9
15 529 481 498 341 14 9
15 481 498 341 9 9
15 299 315 103 17 9
15 299 315 1070 275 9 9
15 299 315 347 130 6 9
15 286 293 356 42 9
15 204 224 378 8 9
15 204 178 195 82 3 9
15 204 178 193 410 16 9
15 178 193 410 17 9
15 178 192 425 32 9
15 136 144 1095 77 2 9
15 20 24 404 300 1 9
15 20 22 58 373 2 9
15 19 468 15 9
15 18 401 29 9
15 17 197 20 9
15 16 147 5 9
9 180 424 27 1
9 180 169 208 4 1
5 223 68 5
5 475 342 31 5
5 116 45 45 5

