884

1199 392 141 27 1
1184 305 58 3
1184 1088 352 18 3
1184 727 197 15 3
1178 429 33 2
1178 993 62 28 2
1162 150 12 1
1162 683 324 19 1
1156 412 13 1
1156 174 470 30 1
1124 311 60 3
1124 65 14 317 26 3
1118 1135 458 41 7
1118 1134 71 19 7
1118 1120 1143 82 1 7
1118 1120 1142 434 1 7
1118 1120 1034 1054 153 20 7
1118 1120 1034 1052 69 10 7
1118 1120 1034 1051 263 3 7
1118 1120 957 989 265 1 7
1118 1120 570 1091 1099 361 1 7
1118 1120 570 1091 917 948 417 5 7
1118 883 771 779 148 1 7
1118 782 792 19 9 7
1118 537 553 727 197 9 7
1118 537 552 179 8 7
1118 469 780 880 893 193 2 7
1118 469 780 784 355 9 7
1118 469 492 347 11 7
1118 469 87 99 421 7 7
1118 469 87 97 463 7 7
1118 380 396 409 413 4 7
1118 320 770 775 219 1 7
1118 320 497 509 404 2 7
1118 320 418 433 390 5 7
1118 320 326 93 12 7
1118 311 627 638 74 7 7
1118 311 627 637 135 4 7
1115 1123 65 5 8
1115 1121 1149 410 8 8
1115 1121 1148 76 308 2 8
1115 1121 1146 147 3 8
1115 1121 1145 133 34 8
1115 1119 1139 151 8 8
1115 1119 1138 431 18 8
1115 1119 1137 109 18 8
1115 1116 1126 157 20 8
1115 1116 1093 1107 91 16 8
1115 1116 1093 1105 369 2 8
1115 803 825 118 17 8
1115 803 820 391 15 8
1115 498 514 383 6 8
1115 331 1185 1191 122 7 8
1115 331 1185 1190 245 13 8
1115 331 345 58 3 8
1115 126 147 152 15 8
1115 126 144 321 1 8
1110 57 44 2
1110 943 38 23 2
1109 146 110 5
1109 1136 20 17 5
1109 259 28 20 5
1106 1093 1105 369 8 0
1103 341 66 3
1103 334 222 21 3
1103 230 381 11 3
1098 286 23 2
1098 394 338 32 2
1090 1150 1158 424 4 9
1090 1150 1152 1168 105 4 9
1090 1150 800 808 337 6 9
1090 1094 1113 170 12 9
1090 1093 1105 369 6 9
1090 1015 1020 174 1 9
1090 1015 642 652 149 3 9
1090 1015 397 1034 1051 263 6 9
1090 1015 397 1034 1050 425 9 9
1090 1015 397 1034 1050 1164 50 1 9
1090 1015 397 1034 1049 99 3 9
1090 1015 397 611 619 48 12 9
1090 1015 397 411 227 8 9
1090 952 969 359 28 9
1090 952 966 86 5 9
1090 952 964 130 8 9
1090 620 882 898 244 16 9
1090 620 625 630 961 84 2 9
1090 536 549 171 19 9
1090 536 549 1052 69 2 9
1090 536 547 282 17 9
1090 276 581 609 106 2 9
1090 276 581 607 210 5 9
1090 276 581 606 342 8 9
1090 246 257 354 22 9
1090 246 253 2 8 9
1090 246 252 96 18 9
1090 246 252 75 360 2 9
1090 106 1185 1190 245 13 9
1080 916 942 409 25 9
1080 845 995 998 24 1 9
1080 845 869 776 283 21 9
1080 845 868 94 14 9
1080 555 669 686 487 229 7 9
1080 555 561 275 5 9
1080 537 552 179 3 9
1080 381 389 456 22 9
1080 381 388 180 8 9
1080 297 309 375 16 9
1080 228 244 364 19 9
1080 212 224 60 9 9
1080 212 223 233 9 9
1080 212 222 435 21 9
1080 85 225 579 599 236 28 9
1080 85 225 233 166 2 9
1080 45 880 893 193 5 9
1080 45 880 892 394 10 9
1080 4 22 298 25 9
1070 160 46 3
1070 693 432 19 3
1070 693 157 23 11 3
1067 1057 1092 1102 181 26 1
1067 1057 1092 1101 344 2 1
1067 1057 1092 1100 418 3 1
1067 1057 1069 306 19 1
1062 339 47 3
1062 925 223 28 3
1062 925 1138 431 4 3
1062 587 139 8 3
1056 1066 125 41 9
1056 1065 798 471 3 9
1056 1063 291 6 9
1056 1059 1078 195 5 9
1056 1059 576 590 120 9 9
1056 1059 576 589 465 3 9
1056 1034 1049 99 12 9
1056 954 977 388 3 9
1056 954 396 409 413 1 9
1056 954 396 408 224 19 9
1056 555 561 275 10 9
1056 535 543 128 14 9
1056 535 542 256 13 9
1056 535 540 165 460 2 9
1056 535 539 411 10 9
1056 465 476 16 21 9
1056 465 472 89 9 9
1056 465 471 284 6 9
1056 380 396 408 224 4 9
1056 380 396 408 1164 50 6 9
1056 380 383 75 12 9
1056 212 222 435 4 9
1056 212 222 942 409 3 9
1056 212 220 437 2 9
1056 45 880 892 394 10 9
1056 45 581 606 342 3 9
1056 45 49 304 12 9
1056 45 48 327 6 9
1056 45 47 85 1 9
1037 140 22 2
1037 1030 1038 173 17 2
1037 1030 1036 438 26 2
1037 634 137 9 2
1021 601 76 23 1
1021 507 331 9 1
1017 1171 1182 225 2 9
1017 1171 1177 90 23 9
1017 1171 771 779 148 4 9
1017 1030 1036 438 7 9
1017 1016 1028 393 25 9
1017 1016 1028 258 457 5 9
1017 1001 1007 185 24 9
1017 1001 1006 280 5 9
1017 1001 1005 474 11 9
1017 1001 626 696 708 396 6 9
1017 871 879 30 4 9
1017 871 495 505 403 3 9
1017 871 105 783 798 471 2 9
1017 871 105 783 797 183 16 9
1017 871 4 22 298 1 9
1017 871 4 21 459 18 9
1017 469 87 97 463 9 9
1017 416 1151 1165 315 13 9
1017 416 1151 1164 50 25 9
1017 416 320 326 93 6 9
1017 310 314 129 14 9
1017 190 195 36 6 9
1017 45 47 85 5 9
1017 45 46 53 16 9
1003 39 13 1
1003 1143 82 20 1
1003 1000 1004 310 6 1
1002 1117 1132 41 22 9
1002 1081 1171 771 779 148 4 9
1002 1081 1086 285 4 9
1002 1081 1085 226 4 9
1002 1081 1055 1060 289 13 9
1002 1012 383 75 16 9
1002 1012 72 382 32 9
1002 1010 354 688 44 3 9
1002 1010 22 298 36 9
1002 722 751 759 428 2 9
1002 722 731 230 7 9
1002 722 730 240 1 9
1002 557 1151 1164 50 1 9
1002 557 1151 1161 408 4 9
1002 557 884 905 378 7 9
1002 557 782 792 19 11 9
1002 557 782 791 156 4 9
1002 557 782 790 72 2 9
1002 557 569 351 14 9
1002 557 568 303 1 9
1002 497 509 404 14 9
1002 497 508 440 7 9
1002 310 314 129 2 9
1002 276 581 606 342 3 9
1002 276 358 955 983 165 4 9
1002 276 358 955 981 116 2 9
1002 276 358 377 188 12 9
1002 276 289 35 1 9
1002 276 287 88 14 9
1002 276 286 213 3 9
991 316 40 1
991 372 712 376 2 1
984 177 115 6
984 452 115 25 6
984 218 234 22 6
967 205 27 1
967 879 30 12 1
960 950 959 26 5 2
960 950 132 166 279 17 2
960 950 132 165 460 12 2
960 612 1 23 2
958 1031 1186 1196 253 12 9
958 1031 1186 1193 432 333 2 9
958 993 62 38 9
958 992 10 18 9
958 990 51 8 9
958 956 988 272 21 9
958 956 986 380 12 9
958 955 981 116 5 9
958 952 964 130 22 9
958 952 963 436 17 9
958 952 951 962 414 7 9
958 951 962 414 1 9
958 781 995 998 24 4 9
958 781 788 290 1 9
958 781 786 416 17 9
958 295 780 784 355 9 9
958 295 300 145 20 9
958 295 300 817 21 10 9
958 295 299 198 8 9
958 227 239 464 6 9
958 227 237 292 12 9
937 915 940 300 23 0
914 1171 771 779 148 1 7
914 934 446 36 7
914 915 940 300 9 7
914 915 939 426 4 14 7
914 912 925 1138 431 6 7
914 912 720 727 197 1 7
914 912 695 705 77 21 7
914 750 754 293 3 7
914 557 568 303 25 7
914 557 567 239 2 7
914 557 565 17 7 7
914 350 1152 1168 105 3 7
914 350 1152 1167 448 7 7
914 350 771 779 148 17 7
914 350 771 777 430 3 7
914 350 720 727 197 2 7
914 350 498 514 383 1 7
914 278 667 682 299 6 7
914 210 1170 1174 599 236 10 7
914 51 246 252 75 360 13 7
914 51 246 248 264 326 5 7
914 51 61 439 6 7
907 948 417 25 0
872 46 55 4
872 870 875 73 1 4
872 870 212 220 437 5 4
872 870 212 219 33 10 4
872 870 176 187 476 20 4
872 870 176 186 473 7 4
872 749 387 23 4
866 168 41 2
866 1175 961 84 29 2
864 401 44 3
864 155 192 42 3
847 13 30 2
847 972 287 29 2
842 1057 1069 306 8 5
842 1057 359 357 375 143 2 5
842 1057 359 357 374 454 1 5
842 995 998 24 23 5
842 995 997 277 7 5
842 854 123 2 5
842 853 296 13 5
842 310 314 129 2 5
842 310 313 281 4 5
842 310 312 830 220 8 5
842 297 309 375 1 5
842 297 308 111 20 5
842 296 447 463 201 2 5
842 247 725 744 142 134 8 5
842 247 259 28 19 5
842 247 258 457 7 5
841 1015 397 411 227 11 8
841 1015 311 318 297 13 8
841 1015 192 204 328 1 8
841 1015 192 193 209 379 4 8
841 851 608 584 346 3 8
841 850 398 44 8
841 849 257 22 8
841 848 358 29 8
841 843 859 1060 289 18 8
841 843 436 780 784 355 3 8
841 843 436 444 202 6 8
841 626 696 708 396 3 8
841 626 696 418 433 390 17 8
841 626 696 418 432 333 2 8
841 516 524 395 3 8
841 516 523 110 1 8
841 470 913 932 468 15 8
841 470 913 931 363 6 8
841 470 577 592 1164 50 1 8
841 470 536 547 282 1 8
841 470 465 471 284 11 8
841 470 465 396 408 1164 50 7 8
832 350 55 4
832 1042 777 430 16 4
832 704 288 8 4
832 583 348 46 4
816 402 25 2
816 314 129 22 2
816 314 1079 42 8 2
816 314 511 31 5 2
802 1186 1193 432 333 7 9
802 1153 1169 246 2 9
802 1058 1073 81 3 9
802 1058 1071 276 10 9
802 1058 667 682 299 19 9
802 1058 132 165 460 2 9
802 1058 132 164 102 8 9
802 883 771 777 430 10 9
802 883 176 186 473 13 9
802 818 323 8 9
802 817 21 1 9
802 815 9 9 9
802 814 683 324 12 9
802 805 951 962 414 19 9
802 805 951 961 84 7 9
802 805 828 373 4 9
802 805 827 365 100 15 9
802 805 5 31 521 259 28 1 9
802 803 820 391 9 9
802 803 820 776 283 5 9
802 803 819 195 36 3 9
802 801 811 371 11 9
802 801 810 231 4 9
802 801 806 834 184 11 9
802 801 806 833 136 17 9
802 278 667 682 299 19 9
802 278 667 682 169 200 3 9
802 278 496 667 681 124 12 9
802 278 496 506 11 6 9
795 8 22 2
795 783 797 183 1 2
795 161 54 32 2
793 67 16 0
769 362 13 1
769 1019 186 24 1
767 400 83 5
767 1046 242 40 5
767 25 1079 42 4 5
765 29 32 3
765 753 764 101 7 3
765 650 25 39 3
752 1119 1137 109 10 9
752 782 790 72 1 9
752 782 789 443 31 9
752 762 142 25 9
752 761 353 14 9
752 751 759 428 6 9
752 751 758 451 11 9
752 751 757 428 182 13 9
752 750 754 293 3 9
752 670 692 14 11 9
752 670 691 368 7 9
752 670 688 44 10 9
752 577 592 1164 50 11 9
752 191 198 330 19 9
752 107 915 938 203 14 9
752 107 915 936 332 27 9
752 107 516 523 110 1 9
752 1 447 462 462 17 9
752 1 193 209 379 4 9
752 1 10 511 31 15 9
748 270 45 3
748 975 219 33 21 3
748 725 744 142 134 20 3
747 422 33 2
747 236 172 41 2
740 724 917 948 417 7 0
740 724 917 947 178 7 0
740 724 721 729 162 1 0
714 207 86 5
714 645 828 373 2 5
714 430 78 43 5
700 63 45 2
700 1026 199 12 2
700 695 705 77 3 2
700 695 701 154 15 2
684 415 29 1
657 113 57 2
656 447 55 3
656 673 349 24 3
655 164 18 0
649 258 19 2
649 642 652 149 18 2
649 389 456 33 2
643 1081 1055 1060 289 14 9
643 1081 910 918 386 7 9
643 1081 356 498 514 383 6 9
643 1081 356 369 59 5 9
643 1081 249 269 274 2 9
643 1081 249 268 432 333 3 9
643 1081 249 267 117 1 9
643 840 1185 1190 245 4 9
643 840 1185 995 997 277 9 9
643 840 1151 1161 408 12 9
643 840 228 244 364 1 9
643 840 228 241 762 142 14 9
643 770 775 219 7 9
643 723 737 235 5 9
643 723 736 56 9 9
643 723 734 408 1164 50 5 9
643 723 733 57 97 10 9
643 723 55 80 329 4 9
643 723 55 79 250 4 9
643 661 335 4 9
643 661 729 162 1 9
643 660 406 9 9
643 658 313 19 9
643 642 652 149 4 9
643 642 650 25 11 9
643 570 1091 382 394 338 4 9
643 570 1055 1060 289 2 9
643 570 620 625 630 961 84 2 9
643 570 572 295 23 9
643 398 412 392 9 9
643 190 195 36 28 9
643 190 194 336 6 9
643 88 86 96 61 6 9
635 626 696 418 432 333 4 1
635 626 696 248 264 326 3 1
635 626 634 137 9 1
635 626 633 208 9 1
635 626 632 114 1 1
595 319 21 0
594 264 60 4
594 578 597 22 23 4
594 578 593 0 17 4
594 578 576 589 465 6 4
588 206 12 0
588 576 589 465 3 0
586 80 45 2
586 49 304 16 2
586 49 371 334 4 2
585 575 584 346 30 1
582 175 66 3
582 928 15 24 3
582 575 584 346 1 3
582 575 583 348 6 3
573 397 23 2
573 570 572 295 7 2
573 570 571 218 32 2
573 570 359 357 374 454 1 2
563 190 12 1
563 557 564 254 10 1
563 557 536 547 282 7 1
563 557 108 124 445 3 1
551 112 42 2
551 328 367 19 2
533 526 995 996 455 191 7 0
533 526 955 981 116 1 0
533 526 910 918 386 1 0
527 248 22 2
527 525 770 775 219 3 2
527 525 770 773 449 10 2
527 215 189 22 2
510 238 38 4
510 567 239 24 4
510 409 413 47 4
502 345 39 4
502 966 86 13 4
502 966 389 456 16 4
502 495 505 403 3 4
502 495 504 68 187 23 4
502 495 418 432 333 6 4
502 424 467 14 4
502 11 259 8 4
491 278 51 3
491 940 300 33 3
488 468 489 204 17 1
488 468 487 229 9 1
488 468 486 92 15 1
488 468 131 751 757 428 182 2 1
488 468 131 751 755 40 6 1
473 294 42 3
473 940 300 22 3
473 894 212 19 3
460 266 61 4
460 936 332 11 4
460 306 273 38 4
458 478 41 2
458 980 340 22 2
453 374 24 2
453 445 455 191 5 2
453 445 454 377 7 2
453 445 452 115 30 2
453 445 451 34 7 2
439 55 43 3
439 1149 410 10 3
439 759 428 20 3
439 46 53 14 3
429 418 432 333 1 0
429 418 428 182 7 0
429 418 427 37 8 0
429 418 426 4 7 0
419 83 21 0
395 1119 1137 109 3 7
395 1119 1136 20 26 7
395 1119 1136 313 281 7 7
395 801 806 833 136 5 7
395 801 800 808 337 18 7
395 698 712 376 31 7
395 698 711 127 9 7
395 698 641 882 898 244 2 7
395 698 641 52 68 187 7 7
395 579 599 236 16 7
395 579 598 453 12 7
395 526 910 918 386 1 7
395 526 466 481 18 5 7
395 526 466 480 144 12 7
395 403 167 17 7
395 403 1137 109 1 7
395 401 232 1 7
395 399 444 11 7
395 382 394 338 3 7
395 311 318 297 1 7
373 161 102 6
373 1084 240 1038 173 4 6
373 357 374 454 38 6
373 347 981 116 8 6
373 319 32 12 6
361 49 56 4
361 244 364 15 4
361 244 411 227 32 4
355 1150 800 808 337 16 5
355 1034 1049 99 10 5
355 1034 1048 426 23 5
355 448 722 730 240 7 5
355 448 498 514 383 6 5
355 448 498 511 31 10 5
355 445 451 34 1 5
355 445 45 46 53 9 5
355 359 357 374 454 2 5
355 359 357 374 761 353 3 5
355 359 357 371 334 3 5
355 356 369 59 4 5
355 296 303 1139 151 5 5
355 108 124 445 11 5
355 108 122 302 1 5
355 108 121 215 28 5
355 108 118 169 7 5
349 146 126 144 321 9 0
343 163 32 2
343 855 399 19 2
332 1152 1167 448 4 6
332 995 996 455 191 4 6
332 995 996 454 377 11 6
332 467 483 728 312 11 6
332 467 483 599 236 1 6
332 467 246 248 264 326 2 6
332 382 394 338 15 6
332 382 394 437 217 2 6
332 382 393 682 169 200 1 6
332 346 3 24 6
332 333 1119 1136 313 281 9 6
332 333 668 683 324 1 6
332 333 277 292 87 4 6
332 331 345 58 4 6
332 331 212 219 33 2 6
332 226 953 956 986 380 7 6
332 226 580 601 76 14 6
332 226 249 267 117 7 6
332 226 249 248 264 326 1 6
332 226 227 237 292 17 6
332 6 34 52 8 6
332 6 33 779 148 11 6
294 45 33 5
294 797 183 16 5
294 797 142 134 13 5
294 658 313 8 5
294 597 22 24 5
294 597 1145 133 9 5
294 278 293 241 38 5
294 278 293 932 468 1 5
294 278 275 1153 1169 246 3 5
294 278 176 186 473 2 5
290 79 12 2
290 1146 147 10 2
290 1146 796 307 13 2
290 276 286 213 30 2
284 221 24 2
284 275 1153 1169 246 9 2
284 275 771 777 430 4 2
284 275 771 776 283 1 2
284 275 753 764 101 8 2
284 275 281 176 17 2
274 389 84 4
274 928 15 20 4
274 928 986 380 21 4
250 883 176 186 473 2 5
250 883 176 185 477 6 5
250 883 6 33 779 148 6 5
250 835 1092 1100 418 7 5
250 835 880 892 394 9 5
250 835 770 773 449 3 5
250 835 721 729 162 5 5
250 835 721 728 312 2 5
250 835 670 688 44 1 5
250 620 625 630 961 84 2 5
250 620 624 427 5 5
250 620 578 576 589 465 3 5
250 620 578 576 587 139 7 5
250 620 193 209 379 11 5
250 620 126 144 321 11 5
250 620 126 142 134 1 5
250 272 433 24 5
250 270 789 443 8 5
250 245 1187 1198 1069 306 10 5
250 245 397 411 227 3 5
250 245 397 410 466 11 5
242 211 101 4
242 409 413 21 4
232 475 19 3
232 348 969 359 2 3
232 348 969 808 337 2 3
232 348 624 427 28 3
232 225 233 166 7 3
232 225 230 381 26 3
232 225 229 269 6 3
211 725 744 142 134 2 9
211 620 126 142 134 21 9
211 610 1094 1113 170 1 9
211 610 1094 1113 571 218 4 9
211 610 1094 806 833 136 4 9
211 610 1094 806 831 251 9 9
211 610 1094 806 830 220 2 9
211 610 620 126 142 134 1 9
211 610 612 1 8 9
211 497 508 440 18 9
211 497 508 1052 69 11 9
211 497 507 331 21 9
211 448 498 511 31 2 9
211 448 464 70 22 9
211 436 444 202 14 9
211 436 442 322 8 9
211 436 440 1066 125 10 9
211 436 440 1051 263 1 9
211 350 498 511 31 18 9
211 350 354 688 44 4 9
211 350 351 370 14 9
211 350 191 198 330 9 9
211 350 191 134 171 68 3 9
211 295 299 198 26 9
211 295 298 320 2 9
211 217 255 5 9
211 210 1170 1174 599 236 2 9
211 210 1170 1173 472 8 9
189 177 1186 1193 432 333 5 1
189 177 1186 770 773 449 22 1
189 177 1186 357 371 334 1 1
181 66 7 0
179 837 961 84 20 0
170 325 23 1
170 584 346 9 1
170 134 171 68 10 1
170 134 171 683 324 1 1
170 134 169 200 3 1
167 208 121 50 1
162 365 16 3
162 749 387 13 3
162 564 254 27 3
162 131 751 755 40 18 3
162 131 134 169 200 13 3
158 261 21 1
158 129 665 955 981 116 6 1
158 129 665 955 980 340 5 1
158 129 665 955 978 794 372 1 1
158 129 176 185 477 5 1
151 98 32 2
151 127 359 357 371 334 7 2
151 127 149 27 8 2
151 127 128 156 450 12 2
151 127 128 156 788 290 4 2
138 158 22 2
138 125 139 12 16 2
138 125 135 249 10 2
138 125 134 169 200 7 2
138 125 132 164 102 2 2
138 125 130 1032 1041 524 395 6 2
138 125 130 160 243 4 2
115 107 516 523 110 21 1
115 107 516 522 271 5 1
115 107 516 519 309 3 1
112 64 23 1
112 920 260 22 1
106 1185 995 996 454 377 7 9
106 771 776 283 4 9
106 665 955 978 794 372 9 9
106 665 672 932 468 15 9
106 665 671 660 406 12 9
106 536 547 282 1 9
106 515 1016 1026 199 12 9
106 515 1016 1025 119 5 9
106 515 667 681 124 3 9
106 515 667 678 469 6 9
106 515 667 677 366 12 9
106 515 246 248 264 326 6 9
106 436 440 1051 263 1 9
106 435 437 217 18 9
106 415 1171 771 776 283 17 9
106 415 666 667 677 366 8 9
106 415 330 340 336 936 332 18 9
106 415 108 118 169 2 9
106 297 308 111 1 9
106 297 308 1105 369 1 9
106 297 306 273 15 9
106 175 581 606 342 4 9
106 175 184 267 13 9
106 175 183 441 13 9
106 111 318 22 9
106 110 301 25 9
104 88 86 96 61 13 0
103 442 20 1
103 1053 159 18 1
93 268 25 1
93 85 225 229 269 5 1
93 85 92 1107 91 7 1
78 155 76 6
78 1004 310 45 6
78 1004 354 688 44 2 6
78 651 385 36 6
78 651 558 1063 291 9 6
77 356 54 5
77 688 44 45 5
77 55 79 250 10 5
77 55 76 308 7 5
77 55 75 360 26 5
74 252 28 4
74 934 446 35 4
74 934 433 390 8 4
74 663 6 32 4
74 663 513 1142 434 4 4
60 998 24 41 5
60 998 135 249 8 5
60 983 165 42 5
60 562 726 108 12 5
60 562 506 11 13 5
60 51 61 439 8 5
60 51 52 68 187 2 5
60 51 52 66 103 2 5
60 51 52 64 407 10 5
60 51 52 62 678 469 10 5
53 1185 995 996 454 377 5 7
53 1185 699 718 784 355 4 7
53 1185 611 619 48 5 7
53 1185 611 618 126 11 7
53 1185 611 617 95 10 7
53 556 995 996 454 377 3 7
53 556 193 209 379 10 7
53 556 193 208 121 17 7
53 556 193 207 214 5 7
53 295 298 320 2 7
53 73 455 6 7
53 72 382 49 7
53 71 405 14 7
53 69 196 15 7
53 54 695 701 154 4 7
53 50 783 797 142 134 2 7
53 50 783 796 307 5 7
53 50 783 794 372 9 7
53 50 57 97 22 7
36 1150 800 808 337 1 9
36 1150 800 803 819 195 36 2 9
36 1150 770 773 449 3 9
36 1150 770 773 96 61 1 9
36 1150 418 426 4 6 9
36 885 908 216 6 9
36 881 894 212 40 9
36 627 637 135 2 9
36 627 636 384 12 9
36 611 617 95 31 9
36 611 617 879 30 2 9
36 417 424 467 6 9
36 417 86 96 61 12 9
36 380 383 75 16 9
36 356 369 59 7 9
36 356 365 100 14 9
36 311 318 297 1 9
36 311 317 1072 357 7 9
36 311 316 198 330 5 9
36 248 264 326 7 9
36 45 46 53 16 9
36 43 131 16 9
36 42 5 23 9
36 41 262 3 9
36 40 419 11 9
35 1153 1169 246 16 9
35 1033 1034 1048 426 5 9
35 1033 1034 1047 479 12 9
35 950 132 164 102 7 9
35 950 132 163 209 3 9
35 695 701 154 4 9
35 695 701 909 14 317 7 9
35 669 686 487 229 9 9
35 610 612 1 22 9
35 610 297 306 273 6 9
35 610 277 292 87 7 9
35 330 340 336 936 332 1 9
35 330 339 107 14 9
35 330 338 43 6 9
35 320 326 93 2 9
35 320 324 7 21 9
35 320 323 132 11 9
35 177 1186 357 371 334 4 9
35 177 771 776 283 1 9
35 177 525 770 773 96 61 2 9
35 177 525 611 617 879 30 2 9
35 177 525 611 614 46 53 9 9
35 177 525 528 452 7 9
35 177 381 388 180 5 9
35 177 190 194 336 8 9
35 177 175 183 441 7 9
35 107 516 519 309 5 9
35 107 86 96 617 879 30 2 9
35 107 86 95 237 6 9
35 85 92 1107 91 6 9
35 85 86 95 237 2 9
35 37 420 31 9
13 247 26 2
13 819 195 36 13 2
13 2 228 241 762 142 4 2
13 2 228 241 165 460 7 2
13 2 14 317 6 2
3 1001 626 632 114 11 7
3 1001 626 625 630 961 84 2 7
3 1001 626 625 628 423 8 7
3 1001 435 437 217 8 7
3 1001 435 437 323 132 3 7
3 911 921 461 4 7
3 538 581 606 342 4 7
3 538 525 528 452 2 7
3 538 356 364 104 9 7
3 538 193 207 214 14 7
3 538 193 205 110 301 6 7
3 538 193 205 110 142 134 8 7
3 382 393 682 169 200 4 7
3 382 392 141 7 7
3 382 390 138 29 7
3 210 1170 1173 472 19 7
3 210 1016 1025 119 9 7
3 210 1016 1024 631 194 15 7
3 210 1016 1024 306 142 134 1 7
3 210 213 343 2 7
3 20 228 18 7
3 19 47 14 7
0 721 728 312 36 3
0 720 727 197 3 3
0 720 727 118 169 10 3
0 447 462 462 11 3
0 5 31 521 259 28 6 3
0 5 28 314 29 3
0 5 28 318 297 5 3

