104

158 52 66
157 0 104
155 38 73
149 5 105
147 33 36
146 49 140
146 105 39 53 5
146 3 7 43
146 80 86 87 66 10
146 80 87 66 19
143 39 38
141 30 102
141 65 46 45 54 3
141 128 24 3
141 142 27 45
140 22 41
138 8 38
136 2 67
133 23 58
133 134 32 18
131 50 104
131 84 123 64 20
131 129 13 29
130 37 100
130 128 24 46
127 28 67
127 90 87 66 21
127 90 88 43 23
127 98 48 17
127 128 24 1
126 46 126
126 84 123 64 8
118 34 127
118 72 29 32
114 67 150
113 57 77
112 65 128
112 3 7 26
112 86 87 66 10
109 31 143
101 71 84
100 16 203
100 82 72 29 17
100 82 14 21 4
96 4 93
96 3 7 10
96 98 48 35
95 68 124
95 81 86 87 66 2
92 25 30
91 9 67
91 88 43 7
89 6 41
77 15 53
77 25 128 24 5
76 44 49
75 12 58
74 40 18
70 56 147
69 26 65
67 47 186
67 123 64 42
67 62 39 53 15
67 62 65 46 45 54 13
64 35 70
59 55 86
59 88 43 22
59 123 64 22
58 58 35
56 20 98
55 70 98
52 1 61
51 14 17
48 61 97
47 11 102
43 18 119
43 45 54 11
42 10 47
42 134 32 23
42 128 24 35
42 45 54 2
34 45 115
34 85 129 13 12
34 32 46 45 54 12
28 42 125
28 23 45 54 21
27 3 78
18 59 100
16 51 45
15 41 174
11 60 65
8 36 35
8 10 62 11
7 19 78
7 10 62 29
5 63 68
5 38 39 53 32
4 69 53
4 14 21 30
2 17 57
0 73 72 29 9
0 40 39 53 19
0 14 21 27
0 1 3 7 8

