127

159 54 72
159 75 66 27
155 20 78
154 48 55
154 97 62 39
149 27 76
149 150 0 5
149 147 28 21 7
149 147 150 0 11
148 63 68
148 150 0 20
146 1 48
146 144 30 33
141 29 106
141 145 144 30 2
140 53 111
140 138 156 25 24
136 45 102
136 42 19 41
136 94 124 49 9
136 94 89 87 47 15
136 94 127 8 1
126 68 98
126 109 41 7
126 124 49 19
126 123 39 17 3
125 7 69
125 124 49 20
125 122 69 31
120 12 68
120 89 87 47 22
120 116 43 2
120 121 127 8 21
119 37 103
119 118 116 43 32
119 117 116 43 1
119 116 43 20
119 116 13 24 4
115 6 78
115 133 97 62 1
114 13 114
114 53 4 22
114 44 43 46 10
114 30 68 2 13
114 93 129 22 3
110 11 87
110 109 41 6
105 31 168
105 104 39 17 1
102 52 122
102 16 11 40 15
102 16 62 39 17 3
102 16 13 24 17
102 100 32 6
102 99 38 3
101 51 155
101 100 32 32
101 99 38 44
98 35 67
84 36 95
84 128 129 22 31
84 61 30 68 2 4
84 61 30 32 43 46 3
84 61 30 35 43 46 7
84 85 3 22
80 65 58
79 60 61
79 58 55 57 18
79 82 64 28
79 78 82 64 9
74 39 60
74 75 66 1
71 44 188
71 56 26 25
70 5 41
70 26 25 23 18 9
70 60 144 30 8
66 59 249
66 2 28 21 14
66 69 67 68 2 1
64 15 145
64 68 2 39
63 9 195
63 57 50 49 47 48 10 2
63 57 50 48 10 6
63 57 124 49 2
59 34 99
59 93 129 22 1
59 56 26 27
59 55 57 34
54 50 118
54 90 87 47 28
51 16 56
51 41 58 20
40 23 158
40 150 0 20
38 55 217
38 42 19 39
38 42 39 17 7
38 41 58 5
38 41 39 17 6
38 39 17 28
33 42 37
21 61 100
21 150 0 12
21 127 8 39
17 67 42
17 103 104 39 17 5
17 53 4 26
17 53 93 129 22 3
15 28 132
15 90 87 47 15
15 90 93 129 22 24
15 90 93 116 13 24 2
15 14 13 24 2
15 13 24 39
12 14 103
12 11 40 8
10 70 55
10 106 37 47 48 10 23
10 106 37 36 34 71 11
10 106 37 34 71 4
10 27 28 21 12
8 56 146
6 33 108
6 26 25 23 18 17
6 26 23 18 1

