124

158 56 96
158 52 2 96 3 34
158 159 7 34
157 11 79
157 159 7 1
156 71 49
156 155 96 3 6
156 155 140 19 20 55 7
156 155 140 108 33 15
149 30 113
149 139 70 33
149 150 16 50
149 148 14 42
147 17 146
147 101 65 32
147 141 96 3 7
145 68 30
145 139 70 3
145 146 37 3
143 8 121
138 64 49
138 110 105 9 8
138 110 96 3 7
138 110 118 66 7
138 137 25 43
131 1 75
131 130 23 44
127 34 111
127 129 98 44 7
122 10 66
122 57 36 34
122 112 134 62 1
117 67 54
114 39 104
114 118 66 41
113 61 76
113 62 40 150 16 8
107 53 48
107 109 4 32
107 108 33 8
104 48 82
104 105 9 31
104 103 52 32
104 103 105 9 4
102 12 145
102 108 33 20
102 105 9 10
100 54 101
100 101 65 46
100 139 70 27
97 22 104
97 1 58 29 3
97 98 44 35
97 96 3 2
93 6 91
93 90 13 25
91 28 195
91 140 108 33 17
91 92 90 13 8
86 32 138
86 126 130 23 1
80 58 66
78 2 98
74 21 111
65 69 199
65 37 19 40
65 57 36 4
59 41 115
59 58 29 49
59 57 36 45
55 51 92
55 56 57 36 13
53 26 113
53 109 4 28
53 28 60 26
53 20 55 21
53 89 42 13
53 3 54 15 20
53 3 101 65 3
53 3 101 37 19 8
53 3 1 58 29 3
53 4 5 150 16 12
51 27 70
51 63 26 31 12
49 49 49
45 50 94
45 54 15 41
45 43 24 23
45 41 43 24 4
44 38 155
44 30 34 18 10
44 43 24 24
42 43 89
42 134 62 38
42 43 24 3
38 47 113
38 54 15 2
38 146 37 16
38 63 26 31 4
38 37 19 2
36 63 93
36 9 0 19
36 28 60 16
36 37 19 5
35 20 125
35 43 24 17
32 57 121
32 1 58 29 10
32 112 134 62 25
29 59 128
29 9 0 24
29 33 34 18 37
27 45 94
24 46 43
24 96 3 40
24 150 16 33
24 26 31 26
24 26 25 35 1
24 25 35 35
18 40 70
18 54 15 27
18 20 55 28
18 20 98 44 9
8 5 73

