109

155 68 62
155 159 157 7 27
155 158 30 42
155 157 7 2
148 57 130
148 70 147 64 9
148 140 36 44
146 42 92
146 147 64 22
146 145 44 37
146 144 147 64 29
143 48 67
143 83 120 69 5
143 141 11 33
139 4 42
139 138 59 10
139 85 123 124 3 1
139 85 123 121 124 3 9
139 85 141 11 4
137 17 87
137 32 45 5 24
137 136 134 54 2
137 134 54 14
137 133 41 13
135 31 98
135 44 24 28
135 134 54 15
130 32 73
130 106 65 141 11 5
130 106 107 67 10
130 131 1 38
130 84 67 14 4
130 84 134 54 9
130 84 133 41 25
129 58 87
128 37 154
128 1 23 45 27
126 18 154
112 25 69
112 86 23 45 3
112 86 82 125 75 21 10
112 111 114 141 11 2
110 2 48
109 56 136
109 107 67 33
103 16 69
103 104 158 30 18
100 35 191
100 34 122 124 3 7
100 34 153 27 27
100 34 40 28 16
100 30 40 28 3
96 19 52
96 154 153 27 6
95 63 139
92 34 60
90 22 93
90 86 82 125 75 21 3
90 86 82 120 69 21
87 39 73
87 89 33 34
87 88 89 33 14
77 23 32
77 75 21 13
68 40 76
68 33 132 10 31
68 33 132 131 1 8
68 33 58 60 5
64 47 93
64 67 14 34
63 6 92
63 67 14 13
53 43 46
49 20 122
49 51 62 21
49 50 48 51 62 29
47 52 73
43 71 95
43 151 2 69 66 13
42 50 116
42 134 54 20
41 38 107
41 33 58 60 4
37 26 151
37 120 69 2
37 0 40 28 2
37 38 12 30
37 35 55 30
29 15 121
29 150 60 58 60 21
29 150 38 12 18
29 85 141 11 1
29 2 69 66 28
28 61 70
27 53 103
24 49 66
19 70 159
17 13 174
16 65 234
16 153 27 31
16 80 84 133 41 1
16 80 89 33 19
15 51 159
12 9 83
12 14 29 16
12 13 51 62 3
10 0 74
9 46 76
7 8 55

