137

158 17 87
158 54 19 43
158 157 18 23
158 156 159 157 18 1
153 35 137
153 84 65 63 20
153 84 133 39 15
153 80 154 31 7
152 45 79
152 151 137 156 159 157 18 11
146 71 79
146 86 112 111 20 23
146 86 112 110 3 1
146 86 85 131 64 2
146 86 82 109 149 14 2
145 55 78
143 12 101
141 68 119
141 65 63 12
141 41 93 33 6
141 85 131 64 20
141 85 65 63 12
138 42 68
138 136 23 41
135 57 65
135 48 133 39 23
135 85 65 63 11
134 6 32
134 132 133 39 6
134 131 64 13
129 49 67
129 85 65 63 6
129 85 137 156 159 157 18 7
126 54 73
126 103 59 1
124 2 83
124 123 0 2
122 22 83
122 89 43 26
119 5 118
119 95 93 33 10
119 40 71 53 16
119 40 43 72 73 44 22
119 40 43 72 71 53 9
118 21 56
117 67 102
117 115 25 45
113 37 64
113 111 20 10
113 110 3 6
104 34 133
104 105 11 61 30
104 103 59 33
101 40 107
101 105 11 61 20
101 99 98 51 18
101 98 51 24
100 41 196
100 149 14 20
100 155 154 31 23
100 41 93 33 9
100 41 54 19 13
100 83 27 70 33
100 83 109 149 14 4
100 83 65 63 5
100 98 51 19
94 52 51
94 95 93 33 1
94 95 91 29 21
94 91 29 10
90 27 102
90 87 65 21
77 36 91
77 78 60 48
77 75 78 60 4
77 75 76 73 44 13
70 69 75
70 147 15 5
70 58 57 7 6
70 40 43 72 71 53 4
70 40 49 47 4
70 81 93 33 12
70 73 44 29
70 72 71 53 4
67 58 68
67 123 0 37
67 0 4 32 26
62 66 87
62 59 88 89 43 25
61 50 116
61 22 24 4 32 7
61 64 9 43
55 48 90
55 26 11 46
55 93 33 7
55 57 7 2
55 56 57 7 4
53 30 83
53 65 63 16
53 52 51 8 31
53 51 8 7
46 24 73
46 28 31 4 16
46 49 47 1
39 1 95
37 13 116
37 103 59 4
33 38 72
33 57 7 2
33 42 76 78 60 11
33 42 65 63 9
33 2 103 59 8
33 2 26 11 7
33 2 26 147 15 4
33 2 27 70 10
32 10 54
32 34 7 16 13
32 31 4 18
30 28 109
30 154 31 15
30 48 133 39 14
30 48 49 47 21
30 31 4 30
30 2 27 70 24
30 2 1 149 14 8
16 46 91
16 17 13 73 44 20
16 17 13 11 61 5
16 1 149 14 2
16 1 149 147 15 2
16 1 7 16 15
8 62 89
8 11 61 40
6 56 74
6 115 25 40
6 4 32 22
5 26 179

