84

159 34 41
157 16 111
156 63 33
154 38 95
152 47 68
149 24 115
149 106 69 13
148 49 75
146 53 97
144 11 44
143 7 30
142 54 97
137 3 66
136 20 59
135 67 53
134 64 33
132 13 65
132 150 62 63 4 17
130 58 24
130 103 106 69 5
130 131 33 11
129 50 82
125 2 83
124 15 56
115 5 121
114 61 64
113 8 99
111 18 99
107 56 43
104 42 102
104 122 68 59 10
104 106 69 39
101 55 97
100 43 69
99 37 15
94 14 36
91 44 97
87 57 67
87 47 106 69 32
85 70 39
85 63 4 7
83 30 43
80 51 47
76 60 63
74 29 102
74 62 63 4 6
73 26 107
71 1 33
70 19 54
69 12 263
67 39 91
67 63 4 48
67 68 59 13
66 10 163
66 63 4 16
66 68 59 6
65 21 80
59 36 76
58 45 32
57 0 30
55 28 54
52 27 58
49 9 32
48 62 28
38 71 89
37 31 89
36 17 48
36 0 63 4 17
34 22 64
33 41 96
33 42 63 4 3
32 25 30
29 40 51
28 6 71
24 66 132
22 32 129
21 68 19
18 52 48
17 35 119
15 65 51
8 23 36
8 9 106 69 1
6 48 121
5 46 208

