123

156 62 61
156 158 51 17
155 59 77
155 22 20 17 8
155 152 46 46
150 10 114
150 146 55 36
147 29 147
147 106 21 15
147 0 140 49 22
147 0 17 63 4 5
147 0 80 108 31 11
147 0 80 115 68 11
147 80 115 68 12
147 104 82 40 16
144 42 58
144 143 81 25 5 23 7
144 143 81 52 133 134 66 5
142 56 163
142 115 68 26
142 129 53 25
142 141 63 17
142 140 49 14
142 139 141 63 11
137 9 116
137 141 63 26
137 140 49 43
132 16 33
130 67 108
130 2 21 20 17 12
130 129 53 8
128 69 85
128 93 92 41 37
128 131 118 19 3
128 131 129 53 6
122 54 41
122 123 34 8
120 44 59
120 121 123 34 24
119 20 130
114 11 67
114 43 3 21
114 111 32 32
113 71 95
113 146 55 20
110 70 88
110 10 60 43
110 109 108 31 8
110 108 31 2
110 100 12 13 7 14
110 100 12 11 13 7 4
110 100 12 10 60 6
110 100 17 63 4 9
99 48 97
98 43 103
91 8 76
91 80 115 68 1
90 50 120
90 104 82 40 3
90 104 68 2 1
90 104 145 12 29
83 65 86
83 59 63 4 12
83 87 82 40 12
83 82 40 13
75 39 44
73 1 61
71 25 61
71 69 0 13
71 68 2 37
67 36 100
65 28 89
65 10 60 30
65 43 3 2
62 37 213
62 0 80 115 68 3
62 0 80 18 13 7 18
62 0 80 18 152 46 2
62 0 10 60 25
62 63 4 34
58 64 92
58 70 69 0 20
58 70 68 2 12
55 14 84
55 27 148 13 23
55 50 42 15 2
54 57 84
54 158 51 16
45 18 128
45 134 66 15
45 46 33 29
44 30 42
44 43 3 4
39 61 76
39 129 53 32
39 52 133 134 66 5
36 52 78
36 46 33 1
36 106 21 44
35 45 79
35 27 148 13 4
31 27 136
31 34 42 15 18
26 58 200
26 18 152 46 8
26 18 16 35 39
26 101 118 19 33
26 28 16 35 5
24 22 104
19 47 107
19 100 17 63 64 24 14
7 38 79
7 51 50 42 15 16
7 9 6 21
6 26 97
6 5 23 2
4 69 0 13
4 64 24 23
4 106 21 4
4 153 152 46 11
4 49 5 46
4 49 46 33 1
4 3 106 21 19

