222

297 92 91
297 271 7 50 1
297 271 28 72 3
297 298 1 14 4 2
296 105 100
296 250 51 32
296 41 121 14
296 174 94 28
296 4 78 65 8
296 4 131 28 15
296 299 272 294 293 58 9
296 299 272 152 170 111 1
296 295 26 28 72 8
290 8 34
290 106 47 11
285 60 129
285 127 68 17
278 13 85
276 38 155
276 24 61 26
276 153 35 48 48 30
276 153 184 293 58 10
274 103 76
274 266 267 93 19
269 102 84
269 152 176 23 29
269 268 46 35
265 124 40
265 266 267 93 14
265 263 39 13
264 130 45
264 155 84 106 47 29
264 155 204 87 6
264 155 150 171 174 94 3
264 267 93 33
264 267 263 39 2
264 263 39 17
262 16 85
262 111 185 113 27
262 111 117 133 14
261 30 70
261 153 184 293 58 7
258 106 100
252 44 42
246 17 57
246 248 156 177 91 9
243 10 100
243 48 48 15
243 245 244 56 3
242 79 204
242 179 180 119 31
242 179 178 81 13
242 281 104 49 5
242 244 56 21
242 244 241 3 1
242 241 3 35
240 64 80
240 102 123 28
238 33 57
238 284 128 26
237 43 110
237 78 65 29
233 21 88
233 170 111 14
233 26 28 72 10
231 120 49
230 67 61
226 107 71
218 11 100
216 90 80
214 12 111
214 177 91 12
214 215 20 33
213 15 76
213 56 26 11
213 215 20 42
210 131 120
210 283 284 128 2
207 55 185
207 3 29 122 39
207 208 127 40
205 100 102
205 208 127 14
200 109 106
200 56 26 8
200 203 201 62 22
200 201 62 29
199 7 76
199 55 235 89 12
199 55 104 49 4
199 201 62 30
198 115 82
198 170 111 19
198 154 152 176 23 6
198 154 150 171 174 94 10
198 154 150 112 123 126 11
196 108 81
196 195 98 19
196 193 195 98 1
194 45 60
194 169 29 122 4
194 113 183 66 5
194 197 195 98 7
194 195 98 1
187 74 57
187 19 234 235 89 6
186 24 92
181 41 81
181 183 66 39
168 117 93
168 26 28 72 11
168 223 14 4 22
168 170 111 10
163 70 70
146 36 127
142 114 72
142 141 112 123 126 1
139 86 181
139 68 42 29
139 37 85 41
139 113 183 66 7
132 0 107
132 136 134 38
130 83 86
130 122 134 96 43
130 37 85 11
130 2 41 121 1
130 2 20 24 61 2
130 2 28 72 5
130 128 35 23
130 127 68 26
129 99 125
129 151 250 51 2
129 151 156 177 91 16
129 127 68 35
126 82 101
125 32 84
121 40 91
120 6 216
120 103 102 123 2
115 78 169
115 137 136 134 12
115 117 133 41
114 125 128
114 79 27 31
114 118 97 33
114 118 117 133 3
108 54 43
108 178 81 12
105 101 99
105 222 123 126 15
105 222 104 49 10
105 106 47 11
96 34 53
96 220 134 96 16
96 97 110 32
94 69 68
94 52 16 59 8
94 52 55 104 49 9
94 52 112 123 126 13
91 25 209
91 151 156 177 91 2
91 151 156 177 176 23 7
90 37 75
90 46 95 10
86 84 62
86 223 14 4 2
85 104 84
83 118 65
83 81 80 173 175 176 23 2
76 29 79
76 75 74 57 14
76 74 57 18
71 53 120
69 116 152
69 68 42 34
67 75 152
65 18 74
65 241 3 48
64 132 91
49 31 263
49 98 102 123 15
49 117 133 1
49 271 28 72 8
49 46 95 17
47 129 78
47 222 104 49 28
45 52 192
45 37 85 17
45 270 293 58 7
45 48 48 27
45 48 46 95 4
45 44 48 46 95 1
43 80 49
43 14 4 6
43 160 1 22
42 2 38
38 63 57
38 41 121 36
34 14 92
32 73 66
32 106 47 4
30 22 51
30 29 122 6
23 76 189
23 53 215 20 23
23 24 61 25
23 22 5 40
23 20 24 61 8
21 19 116
21 19 22 5 9
15 88 60
15 84 106 47 3
15 178 81 5
15 16 59 40
11 77 109
9 71 112
9 250 51 1
6 9 77
6 7 50 43
5 112 156
5 7 50 49

