251

298 0 42
298 297 64 121 15
293 79 116
293 292 69 26
287 107 79
287 80 91 38
287 104 52 11
287 286 89 12
285 88 54
285 225 87 46
285 21 250 78 7
285 21 229 37 7
285 21 27 104 52 9
282 54 26
276 101 124
276 31 19 2
276 94 114 16 9
276 94 95 34 5
276 24 72 81 17
276 277 190 95 13
276 261 52 70 72 3
276 261 80 91 2
276 261 84 183 93 5
276 261 84 211 288 63 10
276 261 263 289 70 5
276 261 283 40 17
273 76 79
273 294 13 31
272 125 44
272 65 120 25
272 96 117 15
267 92 87
265 128 76
265 262 257 62 7
265 262 43 23 10
265 262 200 39 75 3
265 264 1 4
265 260 105 110 6
258 26 48
258 257 62 22
255 106 61
255 254 60 47 15
255 254 253 113 13
255 253 113 2
252 11 109
252 72 81 12
249 74 75
249 6 133 14
249 250 78 25
249 248 264 1 24
246 12 73
242 122 34
242 55 54 50 7
242 244 28 42
239 112 139
239 236 73 11
239 233 236 73 10
238 77 194
238 100 102 27 12
238 100 99 86 17
234 14 67
234 233 236 73 7
234 233 212 5 4 18 10
234 233 212 72 81 18
232 131 88
232 33 295 57 9
232 33 31 19 9
232 96 117 6
232 230 53 26
232 230 229 37 5
232 229 37 7
226 84 197
226 241 212 72 81 5
226 20 135 240 21 28
226 20 135 134 100 15
226 20 45 43 4
226 224 200 39 75 28
226 222 71 42
221 3 132
221 223 257 62 10
221 222 71 35
220 60 62
218 132 107
218 7 6 133 37
217 99 69
217 57 58 103 1
217 155 156 104 3
213 292 69 11
213 43 23 42
213 105 110 35
213 54 50 14
213 253 113 34
209 102 85
209 29 156 104 19
209 29 26 81 29 1
209 29 26 22 53 59 13
209 29 23 39 75 1
209 29 20 45 43 1
204 20 156
204 225 87 13
204 96 117 36
204 206 260 295 57 29
203 48 96
197 97 51
197 260 295 57 12
188 64 64
188 192 124 139 119 45 6
188 192 191 190 95 10
188 190 95 8
188 189 190 95 3
187 35 88
187 95 34 3
186 31 68
182 41 103
182 66 38 2
182 185 183 93 12
182 184 127 26
182 183 93 18
180 90 95
176 109 66
172 6 29
172 164 7 18
172 296 297 64 121 2
172 296 295 57 4
172 173 55 20
171 49 92
171 236 73 34
171 173 55 14
171 81 29 8
168 118 135
168 26 22 53 59 5
167 108 206
167 163 73 32 5
165 15 129
165 99 86 26
165 184 127 5
162 25 46
162 163 73 32 17
162 163 161 134 4
162 161 134 12
153 61 89
153 292 69 26
153 127 259 283 40 2
153 127 95 34 4
153 127 65 120 2
153 127 263 289 70 12
153 152 9 18
153 152 244 28 6
146 22 32
144 105 113
144 201 80 6
142 115 186
141 96 93
133 56 72
128 130 39
128 45 43 2
128 263 289 70 4
128 120 73 32 16
128 120 134 100 17
126 109 5 35
126 15 81 29 11
126 102 27 35
126 264 1 25
126 121 136 240 21 4
126 121 136 134 100 13
126 121 138 105 110 5
117 114 108
117 119 45 1
117 118 119 45 11
112 83 84
112 15 81 29 27
112 113 98 27
111 36 69
111 80 91 4
111 113 98 50
106 65 80
106 105 110 7
106 104 52 15
101 129 81
101 102 27 44
98 126 74
98 95 34 2
98 97 96 117 6
91 51 52
91 53 59 3
89 82 49
89 72 81 14
89 211 288 63 16
88 85 71
88 77 292 69 35
87 30 127
87 222 71 46
86 10 52
79 17 53
79 95 34 32
79 200 39 75 1
79 80 91 18
79 78 80 91 3
79 25 161 134 9
79 25 28 137 139 119 45 4
79 25 28 26 22 53 59 8
79 25 24 72 73 32 3
76 94 24
76 77 292 69 2
69 66 80
69 66 38 50
68 42 81
68 231 70 72 9
68 231 229 37 20
68 70 72 12
68 67 44 35
68 66 38 20
62 116 61
62 64 121 27
62 63 64 121 10
61 2 109
61 45 43 15
56 67 93
56 99 86 11
56 99 271 270 4 35
56 114 16 34
56 58 103 37
49 111 53
49 70 72 13
48 119 51
44 68 51
44 52 70 72 22
44 21 27 104 52 11
44 47 45 43 33
44 46 45 43 5
44 45 43 1
38 39 77
38 39 75 8
30 8 109
30 297 64 121 6
30 297 22 53 59 5
30 201 80 4
30 260 295 57 5
30 260 268 123 33
30 32 31 19 14
30 31 19 13
17 46 116
13 58 143
9 124 170
9 6 133 2
8 24 56
8 156 104 47
8 6 133 21
3 33 63
3 54 50 22
3 4 18 2

