249

291 82 138
289 118 18
289 72 226 49 5
289 290 107 116 7
289 290 120 10 22 96 1
289 290 120 130 97 1
289 288 22 11
277 71 149
277 118 51 2
277 285 125 293 85 26
277 278 19 16
271 114 128
271 99 96 229 133 2
271 272 270 121 17
271 269 270 121 8
265 64 112
265 266 55 23
265 264 262 131 26
265 262 131 12
265 262 266 55 16
265 261 60 26
259 129 42
259 258 18 20
256 65 214
256 240 258 18 27
256 240 244 117 19
256 257 73 38
256 254 120 41
253 23 35
253 296 43 134 14
253 296 297 122 13
253 71 56 243 37 3
252 127 88
251 33 52
251 72 226 49 9
250 40 83
250 199 198 34 9
250 141 226 49 10
249 61 49
249 224 53 12
248 38 45
245 69 70
245 180 37 77 25
245 180 90 8 2
245 247 111 23
241 35 96
241 126 0 49 87 9
241 183 38 201 95 8
241 183 211 89 2 7
241 183 211 201 95 1
241 183 74 254 120 3
241 244 117 2
241 243 37 34
239 7 144
239 71 56 243 37 4
239 231 236 172 106 15
239 231 236 117 118 51 7
239 231 235 261 60 13
239 231 235 287 88 14
239 74 254 120 2
237 42 96
237 151 5 37
227 63 68
227 38 201 95 6
227 229 133 23
221 1 107
221 13 43 134 9
221 13 12 127 94 3
221 13 10 22 96 15
221 224 53 33
219 54 78
219 220 48 23
218 103 37
218 107 116 7
218 220 48 21
214 52 105
214 233 267 56 18
214 216 213 113 8
214 215 212 68 26
214 212 68 3
210 43 71
210 110 111 102 9
207 101 106
205 91 94
205 208 206 96 229 133 7
200 57 121
200 187 25 201 95 21
200 232 138 27 1
200 202 16 19
200 182 198 34 1
200 182 203 125 1
193 132 98
175 109 81
175 111 102 31
175 51 109 44 6
175 176 174 109 44 15
175 176 174 172 106 18
175 176 124 159 26 9
169 105 76
169 171 21 15
169 25 201 95 12
169 25 297 122 3
169 25 203 125 1
169 234 257 73 14
169 170 69 188 3 12
167 32 104
167 123 57 39 4
167 236 117 118 51 20
167 236 297 122 29
167 168 98 2
167 166 229 133 9
167 166 168 98 8
167 165 195 190 168 98 5
167 165 195 196 100 1
167 165 168 98 1
164 12 73
164 103 126 35
164 71 56 243 37 14
164 71 56 57 39 1
164 71 90 8 3
164 163 70 129 20 23
161 130 118
161 139 138 27 8
161 162 30 21
161 162 70 129 20 2
158 14 71
158 12 127 94 13
158 157 129 20 19
156 41 94
156 198 34 13
156 45 67 44
154 115 99
154 21 188 3 3
154 7 70 32
154 73 70 129 20 4
154 73 70 92 57 39 2
150 110 26
150 151 5 16
150 149 92 57 39 16
150 149 92 22 96 2
150 149 92 91 48 90 1
147 119 65
147 266 55 25
147 148 45 21
146 24 78
146 91 48 90 1
145 107 126
145 59 57 39 24
145 59 56 57 39 1
145 148 45 22
142 66 122
142 38 201 95 22
142 203 125 18
142 122 91 48 90 2
142 122 12 127 94 2
142 122 159 26 13
142 143 93 39
140 29 97
140 243 37 9
140 181 118 51 31
140 121 0 49 87 13
137 25 50
137 119 118 51 4
137 236 297 122 6
137 138 27 22
136 6 98
136 134 51 109 44 14
136 134 125 293 85 12
116 62 37
116 297 122 10
116 118 51 24
115 9 72
114 108 58
113 79 69
113 213 113 44
108 78 135
108 130 97 42
108 130 129 20 2
106 31 139
106 103 126 28
105 75 86
105 123 57 39 1
105 123 45 67 10
105 123 92 91 48 90 5
105 107 116 35
105 103 126 30
104 4 101
104 107 116 24
104 103 126 15
101 84 111
101 46 128 4
94 10 116
94 276 278 19 8
93 72 79
88 50 146
88 23 46 34
88 89 2 26
88 87 86 138 27 13
88 87 86 89 2 7
84 11 201
84 90 8 3
84 155 160 122 159 26 8
84 155 157 129 20 5
84 89 2 10
84 71 90 8 19
81 59 83
80 15 92
80 287 88 34
79 76 50
76 17 51
68 92 85
68 74 254 120 3
68 69 188 3 37
63 28 121
63 267 56 31
63 267 22 96 6
63 230 234 257 73 3
61 58 116
61 244 117 46
53 0 27
53 127 94 22
50 123 96
50 37 77 37
47 89 136
47 48 90 4
47 46 128 34
47 46 48 90 1
44 13 37
44 45 67 31
44 45 43 134 3
35 104 100
31 81 60
31 165 168 98 1
29 74 68
18 86 90
17 47 63
9 36 111
9 7 70 15
8 112 171
8 177 80 37
8 74 254 120 8
8 74 109 44 22
6 124 109
6 215 212 68 18
6 5 7 70 11
1 83 133
1 133 244 117 8
1 3 99 36
1 2 49 87 15

