240

297 53 147
297 119 3 14
297 0 135 110 10
297 0 190 191 25 10
297 0 116 119 3 15
297 0 281 124 1
296 68 87
296 44 45 39 1
296 31 37 83 7
296 31 48 63 28 17
296 31 44 45 39 9
292 40 114
292 148 15 2
292 73 76 114 21 10
292 73 76 75 74 4 8
292 73 76 74 4 8
292 73 74 4 14
292 242 295 99 33
292 242 244 44 45 39 5
292 242 244 171 191 25 4
292 290 27 15
287 16 60
287 76 74 4 14
285 118 149
285 277 80 48
285 223 22 8
285 289 172 216 113 10
285 289 172 148 15 11
285 286 75 26
284 74 63
284 282 281 124 3
284 281 124 43
273 58 89
273 119 3 2
273 275 101 129 21
273 274 48 33
271 1 108
271 63 28 43
271 102 117 2
271 270 23 4
271 241 267 51 3
265 73 95
265 151 35 12 10
265 266 30 27
264 98 148
264 252 119 35
264 252 126 108 1
264 77 79 46 22
264 266 30 9
260 96 74
260 245 257 255 121 16
260 245 172 148 15 14
260 245 244 171 191 25 5
260 240 106 62 30
260 240 137 55 1
256 126 110
256 258 255 121 18
256 255 121 14
251 66 122
251 209 127 2
248 7 60
236 77 42
236 237 84 23
233 114 252
233 223 22 11
233 231 2 27
232 86 57
225 93 52
224 18 153
224 119 3 16
224 80 5 0 38
224 80 5 6 50 4
224 80 81 106 62 4
222 128 125
222 37 83 11
222 223 22 26
220 49 199
220 209 127 29
220 170 272 99 94 24
220 223 22 34
213 52 73
212 123 81
212 173 211 103 42
212 173 170 272 99 94 8
210 67 84
210 193 45 27
210 209 127 35
210 208 102 1
210 207 208 102 6
204 33 47
204 206 59 1
204 205 32 16
201 29 80
201 243 274 48 25
201 243 277 80 16
201 86 235 11 2
201 86 6 50 12
201 86 200 63 28 22
201 86 148 15 5
201 200 63 28 1
195 90 66
195 193 45 9
188 71 101
188 189 47 13
187 63 113
186 72 200
186 62 89 40
186 189 47 45
181 17 126
181 114 21 20
181 34 84 126 108 7
181 179 216 113 17
181 179 172 148 15 11
180 76 100
180 241 267 51 9
168 38 153
168 2 5 6 50 22
168 2 211 103 9
168 2 29 57 237 84 3
168 82 62 89 37
166 5 88
166 291 171 191 25 21
166 291 171 105 102 117 7
166 167 56 41
166 167 191 25 1
165 37 76
163 6 136
163 106 62 18
163 246 64 15
163 151 35 12 8
163 151 209 127 3
163 151 209 208 102 2
163 151 277 80 22
161 92 152
161 162 102 117 8
160 107 220
160 164 70 49
158 8 164
154 35 70
154 66 10 6
154 171 105 102 117 32
149 100 111
149 15 109 17
145 26 137
145 281 124 32
145 66 10 32
145 66 45 39 9
143 132 81
138 69 105
138 136 19 27
138 136 137 55 13
134 9 70
134 122 36 4
134 132 135 110 16
133 120 53
133 194 193 45 15
133 135 110 20
128 88 107
128 130 122 36 26
123 57 68
123 235 11 23
123 240 137 55 3
123 240 246 64 4
123 240 246 247 105 4
123 240 150 126 108 1
115 116 67
115 137 55 24
115 137 207 208 102 6
115 16 15 109 30
115 244 171 105 102 117 6
115 114 21 2
115 113 211 103 13
112 79 61
112 114 21 1
111 61 74
111 206 59 27
111 127 134 33
110 130 111
110 35 12 30
110 290 27 21
109 34 100
109 85 290 27 9
103 60 93
103 205 32 13
103 191 25 8
103 102 117 19
100 112 102
100 119 3 5
100 1 114 21 19
100 101 129 40
92 101 166
90 125 108
89 81 61
87 91 93
87 88 198 54 25
78 42 81
78 79 46 5
71 82 62
71 270 23 1
71 242 244 171 105 102 117 1
70 41 60
70 189 47 5
70 72 24 18
67 104 58
59 65 111
56 13 115
56 62 89 46
56 58 62 89 12
53 133 56
53 32 80 81 106 62 3
53 32 54 111 18
51 85 74
47 106 63
47 104 106 62 13
43 31 81
40 43 140
40 241 267 51 20
38 44 156
28 14 119
28 26 131 24
27 122 112
27 164 70 28
24 95 167
24 132 135 110 3
24 132 84 126 108 23
24 26 131 17
21 115 117
21 7 87 25
21 7 6 50 14
21 1 114 21 14
21 1 84 126 108 5
19 97 93
19 216 113 14
19 91 20 35
19 18 267 51 22
17 78 215
17 189 47 26
17 120 122 36 4
17 231 2 4
17 18 267 51 19

