213

294 61 42
294 293 25 10
287 86 47
287 290 73 1
285 53 181
282 98 66
281 10 85
280 72 88
280 283 263 262 74 11
279 39 134
279 0 63 58 7
276 44 93
276 24 33 17
276 214 4 84 17
276 214 269 52 16
276 275 96 17
273 125 119
273 216 286 56 21
273 216 290 73 11
271 42 116
271 272 133 40
267 107 46
267 17 25 102 12
267 268 269 52 19
266 69 51
265 9 89
265 217 261 227 112 32
265 217 261 262 74 1
265 217 215 25 102 3
260 116 56
257 70 64
250 75 92
250 246 22 21
249 97 126
249 246 22 40
247 108 70
244 59 98
238 49 76
238 210 218 136 67 3
238 210 215 25 102 5
238 210 215 220 130 7
238 210 235 46 24
230 82 108
230 212 2 65 9
230 233 27 22
230 231 218 136 67 23
230 231 218 297 298 88 11
230 227 112 25
228 118 85
228 233 27 27
228 227 112 8
224 15 78
224 225 107 126 6
222 123 105
221 14 36
221 219 30 14
208 13 75
208 173 293 25 1
208 173 16 71 14
208 173 26 91 3
208 173 275 96 2
207 132 90
206 18 109
206 21 233 27 1
201 16 71
200 60 108
200 172 125 38 39 51 19
200 172 191 103 24
200 172 124 295 293 25 7
199 32 96
199 36 234 111 6
195 54 39
195 194 20 3
193 115 147
193 188 37 15
193 196 194 20 25
193 194 20 10
186 45 56
186 16 71 22
186 189 113 35
186 188 37 47
183 29 102
183 293 25 8
178 76 175
178 49 219 30 10
177 64 125
176 48 103
176 50 52 26 91 22
176 50 62 128 12
174 38 57
165 31 93
165 163 53 189 113 16
165 163 161 92 21
165 161 92 40
162 77 95
160 79 71
160 164 161 92 3
160 157 23 37
156 6 40
156 128 1 5
156 155 110 23
156 155 196 194 20 4
154 80 67
154 84 81 81 14
153 109 72
149 34 81
149 151 150 40 3
149 150 40 11
149 122 16 71 3
148 99 94
148 150 40 47
147 93 194
147 150 40 39
143 43 81
143 142 47 13
140 106 77
134 50 94
134 239 241 83 18
134 26 91 9
134 136 67 38
132 17 207
132 2 65 36
132 119 136 67 10
131 21 65
113 11 101
113 220 130 2
113 220 219 30 2
112 68 67
112 242 241 83 22
106 124 98
106 142 47 35
106 2 65 27
106 123 298 88 26
106 107 126 3
105 94 136
105 107 126 33
103 19 76
103 107 126 21
99 0 47
97 129 212
97 98 62 30
97 93 187 189 113 4
97 93 98 62 1
94 119 64
94 98 62 29
94 95 96 272 133 16
91 87 55
89 101 131
86 63 98
85 134 72
85 107 126 29
85 235 46 14
85 81 81 6
83 104 49
83 81 81 16
82 78 132
82 64 297 298 88 16
82 64 297 298 127 12 13
82 64 63 58 8
82 81 81 1
79 117 88
79 124 295 293 25 20
77 85 43
77 78 35 5
77 51 290 73 17
74 66 42
74 21 233 27 2
74 54 70 42 127 8
74 54 275 96 5
74 76 8 22
74 75 270 272 133 6
72 7 41
71 122 40
69 57 84
68 55 138
68 235 46 8
68 64 63 58 11
66 5 109
61 3 128
61 38 39 51 9
61 60 100 12
59 41 93
59 52 26 91 8
59 52 22 42 127 9
59 60 100 18
57 95 93
45 105 187
45 216 290 73 38
44 28 33
44 43 63 58 12
41 114 43
41 42 127 35
35 36 43
35 123 298 127 12 8
33 90 136
31 131 144
31 26 91 42
30 89 117
23 24 181
23 297 298 127 12 1
23 25 102 14
23 24 33 8
18 4 73
15 121 87
15 81 81 41
12 120 141
12 13 157 23 6
12 1 16 71 11
12 1 0 63 58 2
12 1 0 4 84 5
7 26 108
5 2 67
5 128 1 22

