222

296 11 73
296 249 101 33
292 55 129
292 15 7 5
292 263 252 132 2
292 263 15 7 4
291 111 115
291 1 118 119 7
287 90 122
287 80 78 42 28
287 221 113 59 17
285 70 85
285 277 280 46 41
285 225 102 31
285 283 117 17
284 37 76
284 283 117 48
284 262 263 15 7 5
284 262 286 18 24
284 262 125 272 5 15
279 51 84
279 166 170 8 26
279 280 46 13
271 16 88
271 226 17 38
271 272 5 2
271 270 28 12
264 52 86
264 248 47 17
264 21 23 97 30
253 110 53
253 251 21 46
250 30 116
246 69 95
246 143 145 63 18
246 249 101 9
242 65 59
241 78 85
238 73 107
238 199 24 9
238 125 272 5 1
238 125 178 10 16
236 114 158
236 239 88 38
236 235 225 102 20
232 6 211
232 233 153 130 7
232 228 233 153 130 7
230 67 91
230 233 153 130 32
229 49 109
227 103 94
218 48 165
218 216 87 5
218 215 216 87 28
217 32 121
217 200 269 272 5 6
217 200 249 101 13
217 200 252 132 11
213 2 54
210 122 235
210 121 126 186 31 4
210 121 126 187 106 23
210 121 134 91 7
198 95 90
196 92 128
196 168 170 8 25
196 130 45 27
196 3 41 12 3
196 194 133 13
192 75 153
180 19 79
180 182 61 240 85 4
180 182 181 124 28
180 181 124 11
179 62 87
179 181 124 32
176 0 155
174 38 77
174 108 34 27
173 60 95
173 299 22 6
173 175 35 44
171 126 172
171 71 113 59 12
171 261 80 78 42 10
167 98 160
167 31 1 26
167 260 237 239 88 2
165 128 97
165 99 40 15
161 3 102
160 4 78
160 163 252 132 10
158 29 79
158 195 115 33
158 45 44 54 7
157 36 69
157 84 83 129 6
152 58 93
152 153 130 25
147 72 55
146 86 108
144 80 217
144 202 204 39 12
144 145 63 19
142 20 81
142 239 88 10
142 205 15 29
142 141 120 39
142 140 96 27
139 56 79
139 141 120 9
139 140 96 9
139 140 86 83 129 8
137 131 86
135 14 50
135 7 104 13
135 2 226 17 1
135 134 91 20
133 108 49
131 105 91
131 248 47 44
131 130 45 4
117 9 119
117 201 235 225 102 1
117 201 235 239 88 12
117 118 119 12
117 74 67 252 132 1
117 74 60 13 23
117 74 200 252 132 1
117 74 200 202 204 39 12
112 112 75
112 0 59 41 8
111 94 195
111 108 34 2
110 83 69
110 42 299 22 18
110 113 59 12
110 108 34 19
110 108 204 39 1
109 121 107
105 113 62
105 222 251 21 3
103 79 103
103 239 88 21
98 26 99
96 127 121
96 205 15 27
96 205 225 102 14
96 272 5 5
95 68 115
95 187 106 16
95 220 240 85 42
92 81 153
92 93 186 31 3
91 44 112
90 93 118
90 16 74 22
90 72 99 40 28
87 27 107
85 66 184
85 194 133 28
85 194 195 115 4
85 86 83 129 20
85 83 129 21
82 57 121
79 25 54
79 78 42 6
77 61 142
77 88 107 24
77 88 23 97 16
75 33 87
69 76 91
69 67 252 132 35
69 6 5 60 13 8
68 77 75
65 71 133
65 44 54 12
53 99 70
48 23 54
39 118 132
39 41 12 15
38 43 67
38 37 36 82 11
38 36 82 22
32 100 123
32 31 1 13
32 30 31 1 7
29 125 104
29 30 31 1 11
28 53 160
28 2 226 17 18
28 2 5 60 13 14
26 50 61
25 84 116
25 297 59 41 4
25 184 181 124 27
20 123 59
20 23 97 6
19 89 72
19 154 153 130 10
19 18 1 118 119 3
19 18 1 4 23 97 23
19 18 1 4 44 54 13
19 17 16 74 2
19 16 74 36
19 16 248 47 1
13 109 70
13 11 15 7 11
12 64 92
12 214 23 97 4
12 15 7 14
12 14 15 7 18
12 0 59 41 25
12 0 89 88 23 97 6
12 0 5 60 13 9
12 0 5 60 272 5 3
10 116 107
8 134 56
8 9 7 104 14
8 7 104 9

