246

299 115 48
296 95 90
296 45 70 25
296 260 270 67 7
296 295 93 11
296 293 295 93 39
294 72 98
289 14 62
289 0 148 104 1
289 0 4 24 31
288 76 29
288 287 29 30 4
276 79 138
276 218 9 1 281 280 81 1
276 218 260 270 67 20
276 95 115 78 6
276 277 285 286 114 2
267 55 95
267 19 127 13
267 65 89 29
267 260 270 67 10
267 260 1 281 280 81 2
265 85 126
265 147 82 3
265 261 24 63 10
265 93 72 51 4
259 38 137
254 112 119
254 236 169 86 20
254 57 59 25 7
254 43 6 1 6
254 43 65 89 14
254 256 102 6
252 33 95
250 88 98
250 93 72 51 23
249 124 59
249 44 6 1 19
249 130 148 104 8
249 133 159 96 2
245 113 42
245 246 77 4
240 23 76
239 15 44
229 52 30
229 230 28 25
229 227 134 272 6 27
229 227 134 272 97 16 1
229 227 134 176 125 8
229 227 230 28 10
226 4 98
226 41 60 106 18
226 2 19 127 1
226 2 24 63 2
225 8 102
225 183 256 102 4
221 110 91
221 187 48 118 8
221 220 21 43
219 42 89
219 44 6 1 4
219 44 87 44 12
219 217 220 21 1
216 10 52
214 129 156
214 98 126 1
213 101 40
213 98 126 29
213 91 169 86 7
213 42 135 36 34
213 212 195 2 21
211 49 70
211 91 169 86 8
211 3 159 96 3
211 208 39 40
210 80 103
210 208 39 2
209 133 123
209 97 16 13
209 184 227 230 28 3
202 27 74
202 246 77 49
202 123 122 58 18
202 64 65 89 14
202 205 203 61 3
202 203 61 21
201 132 98
201 156 103 30
201 200 197 199 91 7
201 197 199 91 28
198 34 96
198 199 91 25
192 69 89
172 66 77
172 183 256 102 27
172 173 0 41
172 171 48 37
165 71 63
165 28 117 25
165 161 139 98 14
165 166 123 22
163 9 59
163 185 246 77 35
163 162 97 14
152 134 128
152 16 108 24
152 16 14 17 9
152 91 169 86 23
152 151 233 20 18
152 151 150 53 21
149 83 111
149 246 77 25
149 148 104 38
149 147 82 43
142 32 90
142 155 121 40
142 263 29 30 22
142 263 97 16 10
142 263 162 97 9
142 263 1 281 280 81 3
142 143 139 98 6
142 141 143 139 98 19
142 140 148 104 34
142 140 143 139 98 1
128 37 81
128 4 24 21
128 129 100 6
127 42 135 36 11
127 92 11 10 128 36
127 92 2 24 63 1
127 129 100 35
127 125 18 43
127 125 285 286 114 4
126 122 74
126 122 58 6
126 90 145 109 10
126 90 155 121 3
126 90 95 115 78 3
126 129 100 1
124 107 156
121 29 112
121 122 58 35
119 54 89
118 116 66
118 40 44 87 44 11
118 40 46 45 70 1
118 40 132 134 176 125 2
118 180 156 103 4
118 180 190 189 111 9
118 180 195 2 3
117 57 62
114 22 106
114 115 78 10
114 112 111 115 78 20
110 130 50
110 53 175 176 125 3
110 53 52 13 4
110 174 176 125 1
107 68 105
106 75 92
106 186 183 256 102 2
105 19 93
105 287 29 30 1
103 12 63
103 24 63 2
103 1 281 280 81 3
103 1 234 45 18
103 1 16 14 17 5
100 120 73
100 101 102 48 118 32
99 131 63
99 98 126 29
89 99 141
89 59 25 22
89 52 13 22
89 19 127 39
89 19 24 63 3
89 87 44 45
88 35 115
86 41 135
86 0 4 24 7
86 87 44 26
83 31 22
83 85 59 32
82 84 94
82 108 31 64 28
82 14 17 10
82 182 173 0 6
82 182 74 85 59 5
82 81 189 111 18
82 81 155 121 8
78 87 58
78 169 86 4
78 169 171 48 5
78 80 50 15
76 92 83
76 96 97 16 11
76 96 95 115 78 6
76 96 95 97 16 2
76 96 94 97 16 2
75 47 58
73 26 55
61 90 66
61 145 109 5
61 60 106 10
54 65 38
51 11 38
51 52 13 44
39 43 66
39 111 115 78 11
39 3 159 96 40
35 105 111
35 262 282 40 18
35 34 52 13 15
35 34 60 106 8
32 7 187
32 115 78 38
32 79 14 17 2
32 235 133 159 96 20
32 235 133 166 123 13
32 235 233 20 8
30 5 55
30 29 30 7
30 29 28 117 10
30 28 117 2
25 3 192
25 284 286 114 13
25 135 36 15
25 164 279 281 280 81 11
25 295 93 16
25 131 145 109 12
25 131 145 144 94 15
25 133 166 123 10
25 26 46 15
25 24 63 36
21 74 71
21 26 46 22
21 22 190 189 111 7
21 22 8 119 11
20 56 67
20 85 59 22
13 60 109
13 47 45 70 5
13 10 128 15
7 62 74
7 116 73 16

