248

299 105 79
299 298 65 33
292 113 92
292 260 8 110 16
292 260 272 270 78 16
290 101 99
290 60 283 46 11
290 60 276 38 9
290 289 8 38
290 262 283 46 4
287 132 134
287 202 114 32 22
287 289 8 31
279 120 77
279 102 104 19 23
279 163 104 19 7
279 163 161 102 11
279 170 178 106 5
279 280 58 15
269 29 64
269 274 62 8
265 79 81
265 170 178 106 21
265 262 283 46 5
265 262 286 47 16
265 264 126 9
258 49 75
258 255 74 9
258 254 238 16 9
258 254 255 74 22
256 20 78
256 255 74 18
248 85 101
248 264 126 14
248 246 245 100 21
242 60 38
242 244 83 9
241 59 96
241 281 227 41 5
241 133 130 114 32 4
240 129 90
240 129 13 44
236 88 90
236 80 76 13
235 18 141
235 233 20 18 151 223 25 22
235 233 20 18 19 99 6
218 71 118
218 276 38 39
217 2 58
217 152 80 43
217 172 244 83 2
212 104 81
212 189 188 35 20
212 210 209 201 223 25 9
212 210 209 201 227 41 5
207 115 95
207 200 274 62 26
207 200 69 40 6
207 200 252 251 55 5
207 200 132 188 35 4
199 109 72
199 238 16 25
199 198 63 39
195 92 37
190 24 88
190 192 191 6 16
190 191 6 13
187 61 140
187 188 35 47
181 75 55
181 171 185 96 25
177 98 118
177 5 165 89 20
176 134 115
176 16 54 35
168 122 119
168 203 8 110 10
168 165 89 39
166 82 151
166 165 89 2
164 3 211
164 30 53 37
164 162 161 102 35
164 161 102 15
160 112 138
160 74 94 29
160 161 102 4
157 117 50
157 17 73 33
149 66 55
149 244 83 7
148 81 34
148 255 74 2
147 30 151
147 281 227 41 14
147 281 282 107 15
147 281 282 280 58 1
147 281 280 58 5
147 71 67 19
146 21 57
146 266 9 17
143 27 59
143 298 65 12
141 39 204
141 204 227 41 4
141 131 139 113 114 32 4
141 131 214 283 46 10
141 131 130 114 32 3
141 130 114 32 8
141 130 122 52 124 14
140 7 96
140 229 228 227 41 17
137 116 55
137 136 223 25 17
134 42 130
134 135 111 37
124 93 116
124 123 298 65 2
119 5 149
119 4 48 7 95 12
119 4 56 128 8
119 117 273 45 4
116 56 113
116 120 64 46
116 115 152 80 18
110 114 106
109 72 176
109 263 253 250 91 17
108 48 93
108 221 34 41
103 15 55
103 247 245 100 21
103 105 4 56 128 27
103 105 104 19 4
103 104 19 1
101 70 105
101 238 16 13
101 171 185 96 10
101 171 188 35 12
101 100 271 97 43
98 103 87
98 128 129 13 8
98 95 276 38 6
96 14 84
96 80 76 35
96 95 276 38 6
96 63 44 43 10 14
96 63 7 95 8
96 63 36 77 16
96 63 264 126 5
94 23 100
94 186 188 35 3
92 90 74
92 145 22 32
92 47 48 7 95 20
92 93 56 128 7
92 93 202 114 32 2
92 91 121 32
90 44 67
86 86 179
86 231 69 40 10
86 231 71 67 12
86 16 54 10
86 16 17 73 18
86 194 33 32
85 68 146
85 91 121 4
85 275 132 188 35 1
85 154 71 67 22
85 261 56 128 3
85 261 273 45 1
85 261 276 38 7
85 261 260 272 270 78 13
85 261 260 272 270 271 97 1
84 52 39
84 82 19 99 13
84 82 264 126 31
77 125 62
76 51 82
76 74 94 13
73 108 115
73 252 251 55 32
73 252 251 250 91 4
73 252 250 91 10
73 75 185 96 1
73 75 74 94 5
73 74 94 8
72 118 52
72 48 7 95 3
68 43 72
68 271 97 35
68 69 40 7
67 26 89
67 69 40 15
62 15 91 121 3
62 297 117 273 45 17
62 219 221 34 7
62 66 154 71 43 10 4
62 66 204 227 41 22
62 65 114 32 10
62 65 61 298 65 13
62 80 76 14
62 80 79 28 15
62 61 298 65 9
57 31 64
57 44 43 10 18
57 58 297 117 273 45 6
57 58 170 178 106 5
57 58 59 133 32
53 87 119
51 11 98
51 198 63 13
51 52 124 17
50 130 114
50 115 152 80 15
50 115 120 64 8
50 115 120 117 273 45 4
50 52 124 17
49 119 100
49 36 77 26
49 52 124 4
41 1 64
41 42 40 43 10 7
37 0 121
37 198 63 7
37 202 114 32 10
37 36 77 28
35 69 57
35 224 37 33
32 123 75
32 3 38 36 77 18
29 84 31
29 262 286 47 21
24 127 267
24 184 183 12 35
22 17 77
14 50 52
14 17 73 33
14 15 91 121 3
11 36 43
11 274 62 23
9 4 139
9 158 57 29
9 293 296 249 202 114 32 7
6 131 82
6 8 110 5
6 7 95 39

