680

798 95 62
798 537 216 18
797 319 81
797 231 119 36
797 591 592 196 295 2
797 795 220 35
797 791 242 1
796 273 118
796 24 314 203 50 1
796 24 314 372 25 18
796 24 28 331 12
796 753 755 752 7 19
796 795 220 1
796 793 715 716 222 3
796 791 242 14
794 196 75
794 795 220 10
794 795 791 242 9
792 235 69
792 785 353 316 174 6 5
792 785 353 316 386 163 1
792 785 353 355 336 20
792 7 5 121 2 5
792 791 242 14
784 355 111
784 434 24 28 331 2
784 434 24 25 244 1
784 434 436 300 301 254 14
784 25 244 11
784 80 381 123 1
784 80 86 144 64 3
784 80 86 148 136 13
784 80 81 597 100 1
779 166 99
779 202 330 7
779 174 6 1
776 318 82
773 182 141
773 597 100 13
773 772 332 11
773 771 125 126 124 156 7
768 251 45
768 90 754 215 4
768 769 200 177 1
767 278 86
767 531 532 530 272 15
767 426 41 120 29
763 131 82
762 140 109
762 726 496 66 20
762 726 660 675 142 10
762 726 156 219 111 10
760 252 72
760 761 125 34
759 70 122
759 473 393 179 3
759 761 125 13
750 193 89
750 790 323 14
750 223 77 210 24
747 67 127
747 283 285 117 8
747 749 22 50
747 748 90 23
747 746 55 13
745 184 66
745 722 321 483 11 8
745 722 727 788 89 4
745 722 721 565 174 1
734 305 72
734 736 1 44
732 257 75
731 231 44
731 733 729 236 41
731 729 236 7
731 729 212 211 243 20
731 729 212 208 79 3
719 24 46
719 583 63 15
719 718 321 23
719 717 110 20
709 298 88
709 708 543 143 206 16
709 708 363 366 169 2
709 708 593 8 61 8
705 86 62
705 126 124 156 8
705 624 627 299 16
703 227 112
703 340 134 23
703 704 148 18
703 702 219 21
701 349 60
701 171 169 143 2
701 704 148 28
701 702 219 20
701 662 693 267 8
701 662 700 265 4
694 47 118
694 398 557 748 90 1
694 398 557 748 746 55 10
694 697 696 357 133 19
694 697 695 308 6
694 696 357 133 12
692 170 83
692 207 277 33
692 691 85 46
692 689 693 267 22
692 689 691 85 28
686 172 65
686 687 312 17
685 112 129
685 712 713 630 217 5
685 712 711 444 17 10
685 96 546 189 7
685 96 167 348 35
685 403 657 72 316 5
685 403 408 190 354 5
685 403 402 24 25 244 3
685 684 169 143 5
685 684 687 312 26
679 29 83
679 463 208 79 23
679 405 799 289 18
679 405 408 190 354 5
679 405 720 384 226 7
679 678 188 39
679 660 675 142 22
679 660 680 262 20
674 340 88
674 676 675 142 4
674 675 142 12
668 337 173
668 115 117 358 8
668 315 717 110 11
668 669 326 31
668 667 41 33
668 667 669 326 5
659 146 73
651 237 43
651 648 261 15
644 223 108
644 647 199 11
644 646 647 199 9
642 239 59
642 649 648 261 9
642 310 574 575 303 16
637 176 175
637 170 247 5
637 488 0 31
637 488 489 238 3
637 639 56 47
635 201 89
635 689 691 85 5
635 689 690 176 14 7
635 636 284 41
635 634 521 241 18
633 315 117
633 545 547 546 189 12
633 315 717 110 6
633 5 121 2 10
633 5 202 330 13
633 636 284 2
633 634 521 241 17
633 634 83 573 281 8
633 634 636 284 3
626 290 202
626 43 540 195 1
626 298 357 4
626 622 621 159 27
626 627 299 44
625 356 45
619 98 76
619 620 279 32
619 618 317 19
615 153 102
615 17 6 14 630 217 8
615 17 6 297 80 6
615 737 524 188 296 11
611 255 118
611 425 426 41 120 16
611 141 142 143 206 1
611 614 213 3
611 613 108 1
611 612 162 5
609 256 120
609 608 607 613 108 12
609 608 606 74 8
609 607 613 108 12
609 606 74 30
604 276 65
604 605 259 7
603 208 137
603 317 316 386 163 6
603 317 313 246 328 19
603 317 2 667 669 326 12
603 317 2 36 181 7
603 317 2 38 342 1
603 602 1 125 126 124 156 5
603 602 601 16 27
603 601 16 45
600 304 133
598 324 216
598 601 16 43
588 118 138
588 589 366 169 38
586 270 68
586 389 76 4
582 157 213
582 385 386 163 5
582 290 743 744 3 24
582 663 444 17 3
582 663 191 34 10
582 583 63 36
582 581 216 302 5
578 229 48
578 580 230 33
578 579 16 31 22
578 579 723 42 787 123 124 156 3
577 221 92
577 580 230 20
576 69 68
576 51 77 9
576 499 300 30
576 161 160 313 32
576 400 36 181 6
576 575 303 5
576 506 54 211 5
572 94 72
572 52 757 78 13
572 52 51 77 1
572 700 265 18
572 573 281 15
569 352 107
569 751 723 42 787 123 124 156 7
569 751 723 749 22 10
569 4 53 10 7
569 570 310 22
569 568 97 46
567 96 81
567 574 575 303 12
567 55 57 717 110 3
567 55 54 211 19
567 566 565 174 15
567 566 564 104 12
567 565 174 6
563 8 90
563 566 564 104 10
562 282 70
562 594 41 120 4
562 594 593 8 61 15
562 594 409 499 300 7
562 505 559 52 13
552 291 185
552 513 500 501 559 52 8
552 556 717 110 2
552 555 342 695 308 7
544 205 40
535 173 84
535 107 81 597 100 12
534 45 97
534 504 630 217 13
534 504 724 754 215 3
529 103 128
529 629 672 675 142 2
529 629 630 217 16
529 18 483 11 21
529 0 6 297 80 9
529 0 10 203 50 4
529 0 12 228 10
529 0 318 729 212 208 79 7
529 0 318 250 33 2
529 0 663 191 34 11
519 35 129
519 521 241 29
519 520 521 241 15
516 218 60
516 517 648 261 2
514 168 91
514 799 289 30
511 155 96
511 484 483 11 1
495 320 73
495 496 66 17
481 138 46
476 341 46
476 480 345 4
476 479 72 27
475 293 76
475 464 149 3
475 727 788 89 20
475 727 790 323 22
475 727 791 242 8
475 663 191 34 17
475 474 473 393 179 2
475 473 393 179 16
475 473 297 80 1
472 109 55
471 113 117
471 470 73 1
471 469 467 102 5
471 467 102 28
466 139 81
466 757 78 30
466 443 444 17 9
466 465 161 160 313 2
466 464 149 27
462 48 53
458 178 111
458 680 262 28
458 457 269 29
454 353 75
454 673 77 210 7
454 410 175 15
454 170 247 1
449 58 78
449 450 322 36
448 154 172
448 450 322 45
446 42 61
446 783 377 376 207 11
440 245 100
440 441 338 44
440 438 442 439 53 12
440 438 439 53 31
437 59 110
437 261 20 21
437 156 219 111 24
437 442 439 53 20
433 246 61
433 432 25 244 10
430 147 47
429 121 75
429 391 790 323 27
428 150 119
428 153 376 207 26
428 153 154 444 17 4
428 153 154 188 296 10
424 339 71
422 93 42
422 27 54 1
422 410 175 4
419 83 87
419 423 502 528 27 12
416 253 68
416 172 202 3
397 132 73
397 661 240 242 294 2
397 318 250 33 1
397 318 298 357 3
392 23 55
392 393 179 18
392 391 790 323 3
387 106 70
387 774 191 33
387 406 400 36 181 12
387 406 400 408 190 354 19
387 386 163 19
387 384 226 13
375 65 41
375 233 236 235 75 1
375 233 236 234 235 75 7
375 233 235 75 1
375 376 207 24
375 315 381 123 8
374 101 99
374 368 84 23
374 376 207 2
374 373 340 134 27
374 373 377 376 207 1
371 141 103
371 497 499 300 3
371 441 338 26
371 368 84 4
369 105 59
352 307 39
352 240 242 294 32
352 384 226 9
352 547 546 189 6
349 13 135
349 528 27 34
349 122 88 18
349 350 695 308 4
345 266 113
345 646 647 199 15
345 477 2 38 342 12
345 477 480 345 10
345 344 467 102 4
337 15 81
337 340 134 9
337 338 340 134 5
337 336 340 134 5
333 43 56
333 332 130 16
330 161 101
330 756 757 78 10
327 292 58
326 190 62
324 185 133
324 752 7 41
322 200 49
322 323 286 18
322 310 574 575 303 5
320 167 153
320 332 130 33
320 506 54 211 21
320 506 273 271 135 2
320 506 505 559 52 18
320 506 502 528 27 1
309 263 51
309 497 499 300 5
309 72 316 11
307 158 63
307 305 36 25
306 346 167
306 175 176 14 10
306 507 505 559 52 13
306 507 500 501 559 52 2
306 507 82 209 211 243 2
306 507 81 597 100 4
306 305 36 2
299 268 85
299 543 143 206 2
299 503 614 213 15
299 301 254 8
299 298 357 28
299 298 301 254 2
299 228 99 288 22
296 21 108
296 187 57 14
296 595 678 188 30
296 590 597 100 8
296 295 664 354 353 355 336 8
296 295 664 81 597 100 1
296 227 200 177 4
291 209 139
288 264 69
287 186 73
287 310 574 575 303 6
287 310 754 215 19
287 310 316 386 163 6
287 310 316 389 76 12
287 227 200 177 9
284 224 68
284 770 203 50 6
284 285 117 32
282 306 81
282 281 285 1
280 122 103
280 335 334 203 4
280 226 412 386 163 1
280 226 412 410 175 17
280 226 376 207 9
275 60 130
275 276 137 38
274 5 112
274 277 276 137 15
269 309 81
269 480 345 37
269 217 219 111 1
269 271 135 18
269 270 274 33
269 270 614 213 10
265 287 127
265 266 107 13
264 127 43
264 223 77 210 8
263 160 77
256 351 116
256 160 313 23
256 255 670 669 326 1
253 335 110
253 665 207 277 5
253 665 698 736 1 18
253 665 340 134 7
253 665 718 321 14
251 144 129
251 343 312 539 537 216 7
251 343 312 316 389 76 1
251 250 33 27
251 247 250 33 3
244 129 121
244 28 331 11
244 245 246 328 12
237 145 105
237 220 238 12 6
230 327 111
230 231 119 13
229 275 98
229 60 413 410 175 4
229 60 314 372 25 8
229 231 119 8
214 39 37
214 216 302 19
214 215 183 34
210 165 60
210 216 302 9
210 209 211 243 20
199 91 70
199 298 301 254 15
199 58 720 384 226 4
199 58 720 171 169 143 19
199 58 57 717 110 9
199 197 325 11
198 81 50
198 725 212 208 79 2
198 725 297 80 7
198 197 325 4
198 196 295 31
195 92 122
194 68 68
194 417 301 31
194 86 148 136 9
184 44 42
182 329 70
180 126 85
180 501 559 52 5
179 297 160
179 16 31 46
179 101 171 3
179 311 332 130 7
177 271 103
177 774 191 13
177 350 695 308 33
177 350 788 89 5
177 350 38 342 10
177 366 169 10
177 176 14 2
173 152 86
173 581 216 302 3
173 581 216 390 343 4
173 174 6 21
173 172 202 13
168 212 88
168 137 136 260 14
168 167 348 24
165 40 101
165 166 9 43
165 164 49 12
163 334 161
163 520 521 241 2
163 166 9 6
163 164 49 22
155 53 10 25
155 540 195 26
155 667 669 326 6
155 294 612 162 17
155 294 28 331 3
155 196 295 23
155 202 330 12
155 204 28 21
155 204 203 50 9
155 206 207 277 7
155 206 207 205 51 14
155 206 205 51 16
155 152 176 14 5
151 368 84 41
151 368 174 6 1
151 573 281 3
151 260 749 22 8
151 260 258 305 36 17
151 154 188 296 27
151 169 143 4
145 214 130
145 76 408 190 354 3
145 720 171 169 143 2
145 720 728 30 27
145 146 234 24
145 144 64 39
139 37 105
139 110 112 746 55 5
139 110 112 311 332 130 3
139 110 112 311 334 203 1
134 233 89
134 596 122 88 30
133 99 109
133 131 496 66 22
129 249 55
129 38 342 34
129 38 39 225 3
127 204 68
120 192 79
120 749 22 11
120 83 573 281 21
120 83 702 219 19
120 119 51 77 6
116 38 42
116 789 788 89 12
116 117 358 29
114 82 61
114 639 56 8
114 117 358 14
113 333 125
109 350 75
109 487 483 11 1
105 62 167
103 232 128
103 742 744 3 1
102 19 90
102 101 171 48
100 4 81
100 632 10 203 50 6
100 632 205 51 2
100 101 171 2
100 99 288 12
97 164 63
97 612 162 31
97 98 314 44
95 311 63
95 663 191 34 7
88 26 93
88 91 250 13
87 359 137
87 673 77 210 11
87 91 250 12
87 89 91 250 6
74 347 63
70 71 142
70 170 247 28
70 749 22 6
70 749 746 55 2
70 470 73 36
67 248 17
64 151 99
61 187 91
61 687 312 17
59 280 130
59 150 754 215 6
59 150 157 87 29
59 150 160 313 3
59 54 211 3
56 258 118
56 200 177 19
56 200 202 330 4
56 417 301 42
56 58 57 717 110 5
56 58 54 211 8
50 344 34
50 772 332 40
44 18 132
44 565 174 21
44 3 96 167 348 7
44 3 6 297 80 3
44 3 1 125 124 156 6
44 3 1 23 46 16
40 116 70
37 198 50
37 627 299 39
37 480 345 8
37 540 195 2
37 39 225 3
37 38 39 225 7
35 194 123
35 190 354 3
35 85 393 179 4
35 85 143 206 12
35 30 115 27
35 2 38 39 225 24
34 114 116
34 187 57 8
33 283 175
33 30 115 41
31 128 132
31 30 115 23
26 124 103
26 28 331 11
26 27 54 34
26 27 25 244 10
26 25 244 5
21 180 77
21 297 80 5
19 32 188
19 20 18 483 11 19
15 240 114
15 14 630 217 10
9 197 135
9 754 215 44
9 317 2 38 39 225 11
9 10 203 50 20
9 10 8 61 23

