635

798 149 124
798 797 279 129 9
798 797 513 544 167 12
795 281 81
795 454 45 44
795 796 331 8
790 4 88
790 750 433 434 49 19
790 750 752 111 11
790 793 294 34
790 792 791 14 4
783 208 119
783 447 70 41
783 711 337 36
783 711 710 48 244 2
775 191 92
775 41 676 140 27
775 72 535 278 6
771 199 84
771 770 366 356 2
767 16 47
767 294 131 46
767 766 97 46
764 71 100
764 765 238 2
764 763 329 45
761 323 79
761 765 238 38
761 763 329 33
761 762 763 329 10
756 48 101
756 324 340 649 228 15
756 324 322 245 4
756 757 87 44
748 118 61
747 3 58
747 732 447 70 16
747 556 613 79 5
747 746 744 752 111 15
742 344 48
742 429 165 46
740 225 41
740 267 265 33
737 125 69
737 461 22 197 7
737 611 124 4
737 738 236 41
733 404 10 35
733 426 216 28
733 736 582 75 4
733 758 19 28
733 760 27 38
733 763 329 7
733 766 97 7
733 772 302 44
726 305 57
726 736 582 75 20
726 728 226 49
726 725 728 226 1
715 263 80
715 714 264 39
713 145 91
713 395 299 357 20
712 154 85
712 111 93 39
706 190 187
706 631 258 138 8
706 553 267 265 12
706 553 587 2 11
706 553 552 566 24 19
706 553 552 566 757 87 2
703 86 57
703 791 14 40
703 705 233 15
703 704 105 176 13
703 627 629 714 264 10
703 627 694 205 4
701 72 72
701 700 62 91 25
701 700 62 63 126 1
695 170 51
695 409 65 35
695 555 610 217 15
695 696 266 10
693 198 92
693 691 175 160 16
690 215 78
690 689 300 29
685 135 48
685 682 151 89 4
685 625 735 788 53 2
685 625 735 791 14 1
685 625 620 629 714 264 4
685 625 620 623 484 485 247 9
685 625 620 4 353 136 1
684 175 81
684 313 256 12
675 185 64
665 317 161
665 580 92 31
665 580 581 173 1
665 425 794 796 331 9
665 667 325 49
665 624 629 714 264 11
665 624 629 717 123 18
663 224 107
663 373 77 17
662 243 91
662 107 62 19
654 298 54
654 485 247 20
654 656 84 4
652 141 63
652 189 232 17
646 189 86
646 786 260 48
646 649 228 15
646 647 1 45
646 645 649 228 5
646 645 647 1 5
646 645 647 161 39 3
646 621 311 273 3
646 621 629 722 279 23
642 268 87
642 641 162 45
642 640 69 11
638 50 126
638 327 11 23
633 132 77
633 301 262 20
606 96 242
606 422 155 20
604 158 116
604 607 613 79 27
600 81 120
600 602 17 18
600 601 171 31
598 157 91
598 460 20 269 22
598 626 476 133 14
598 626 667 325 6
598 596 353 136 20
591 261 53
591 640 69 21
591 593 590 301 11
591 592 219 37
591 592 590 301 7
591 590 301 11
585 349 144
585 753 796 331 4
585 753 752 111 14
584 235 106
584 789 324 3
584 680 676 140 12
578 172 48
578 581 173 23
574 207 37
574 327 11 9
573 36 60
562 257 159
562 582 75 28
562 353 136 5
562 565 339 33
562 563 565 339 11
562 563 564 82 36
561 44 172
561 564 82 2
561 563 564 82 2
558 271 135
558 336 696 266 8
558 343 266 101 15
558 559 59 13
557 212 124
557 779 74 7
557 551 431 723 721 252 4
557 551 431 434 49 34
557 551 431 433 434 49 2
557 559 59 27
547 146 98
543 326 50
543 351 159 22
542 274 56
542 14 331 142 4
542 540 164 24
541 32 51
541 565 339 29
541 540 164 19
532 334 65
532 534 253 9
532 512 381 309 1
532 512 105 176 21
532 512 366 356 12
532 512 724 728 226 4
532 512 538 284 6
527 128 96
527 1 641 162 1
527 1 143 280 242 241 234 1
527 1 143 280 281 52 6
527 1 143 280 279 129 8
527 528 213 42
525 202 188
525 3 397 462 103 15
525 3 46 231 14
525 552 566 757 87 2
521 327 121
521 393 395 299 357 22
521 393 429 165 3
508 328 101
508 763 329 2
507 179 89
507 213 220 212 236 299 9
507 213 211 64 65 315 11
507 509 340 19
505 293 95
505 651 117 2
505 503 485 247 5
504 80 199
504 630 301 262 14
504 630 629 722 279 19
504 630 211 64 65 315 1
504 630 211 656 84 7
504 400 498 21 5
504 400 399 486 104 2
502 270 63
502 499 200 19
501 187 73
501 499 200 8
497 139 59
497 426 216 25
483 186 32
483 486 104 3
483 485 247 7
480 321 42
480 669 510 789 324 17
480 669 510 268 381 309 8
480 669 671 258 138 3
480 46 231 8
474 242 76
474 404 10 7
474 478 731 418 417 130 2
474 478 731 743 203 8
473 330 114
473 728 226 26
468 143 78
468 466 359 28
467 85 113
467 757 87 4
467 444 287 19
467 267 265 15
467 464 472 332 11
465 304 76
465 199 178 20
465 476 133 11
453 295 99
453 343 266 101 3
453 343 314 243 13 4
453 343 472 332 7
453 457 251 18
453 454 45 13
452 0 30
445 68 87
445 772 302 13
442 346 98
442 441 283 13
439 20 110
438 107 91
438 264 261 127 11
438 440 734 781 114 13
438 440 734 730 243 13 7
436 183 74
435 122 97
435 23 796 331 7
435 23 24 22 197 9
435 23 22 197 23
430 109 99
430 644 489 490 297 23
430 366 356 11
430 311 273 5
430 429 165 38
428 218 112
428 124 126 43 18
428 124 122 78 15
428 613 79 31
424 40 85
424 422 155 2
423 113 143
423 392 283 284 285 196 6
423 392 394 399 486 104 3
423 392 394 444 287 11
423 392 418 417 130 10
420 316 106
414 277 105
414 250 314 10
414 416 180 14
411 90 81
410 343 72
410 167 165 347 21
410 409 65 2
408 237 83
402 182 106
390 261 127 32
390 611 124 11
390 89 184 49
390 401 781 114 11
390 400 399 486 104 16
390 399 486 104 16
390 399 491 60 6
390 398 476 133 11
390 398 395 299 357 7
390 393 429 165 2
390 391 415 126 43 1
390 391 415 416 180 27
390 0 6 776 774 61 9
390 0 6 791 14 6
390 0 3 46 231 10
390 0 3 48 244 1
390 0 11 12 355 9
388 35 86
388 589 588 239 17
388 589 587 2 20
383 28 83
383 255 290 41
383 381 309 1
382 106 38
382 381 309 11
378 31 256
378 69 471 472 332 2
378 535 278 45
378 373 77 21
378 342 363 41 3
377 249 89
377 380 373 77 24
374 116 155
374 7 10 33 16
374 236 299 1
374 373 77 9
371 153 30
371 370 498 21 12
357 5 62
357 356 354 229 4
357 354 229 27
352 64 69
350 259 69
350 535 278 12
350 515 7 7
350 486 104 9
350 351 159 24
350 351 243 13 5
350 340 649 228 19
347 220 80
347 346 37 15
347 345 779 74 26
347 345 346 37 1
337 214 78
337 336 696 266 1
337 336 343 472 332 13
335 161 118
335 329 168 2
335 94 786 260 18
335 344 619 785 204 17
334 66 167
334 786 260 14
334 786 785 204 3
332 56 131
330 181 88
330 331 142 30
328 42 19
328 329 168 41
325 94 102
325 327 11 12
325 326 335 34
320 222 81
319 169 139
319 321 785 204 1
316 47 64
316 266 101 29
316 266 267 265 2
312 98 112
312 498 21 26
312 313 256 28
312 311 273 47
308 211 85
308 261 127 13
308 309 93 140 692 691 175 160 1
308 309 174 342 19
308 309 310 54 22
307 30 43
307 306 121 26
305 134 111
305 230 404 10 10
305 230 231 341 20
303 151 131
300 188 115
300 301 262 28
300 301 198 338 4
300 299 357 4
298 312 75
298 667 325 3
298 301 198 338 12
295 210 32
295 296 294 131 19
286 163 151
286 651 117 20
286 285 196 39
286 284 285 196 5
278 206 89
278 281 52 34
278 280 279 129 5
278 279 129 25
277 267 86
277 275 227 43
276 241 108
276 534 253 46
276 274 310 24
276 216 281 52 15
273 67 30
273 610 217 5
273 272 481 29 18
263 258 62
263 342 363 41 10
263 342 366 356 7
263 262 261 127 7
253 352 74
253 254 247 250 314 2
249 166 164
249 251 250 314 46
249 250 314 38
248 307 101
246 303 91
246 245 38 10
246 243 13 50
239 306 73
239 620 4 353 136 2
237 313 7
237 236 299 13
225 288 48
225 92 108 7
224 308 140
224 722 279 31
224 722 721 252 11
221 683 120 50
221 322 245 40
221 326 335 4
221 329 168 13
221 218 293 743 203 10
221 216 281 52 10
221 215 509 340 30
221 214 258 138 10
221 212 236 299 1
221 212 241 234 20
221 212 244 417 130 4
221 211 656 84 37
221 211 212 244 417 130 12
208 8 37
208 634 635 63 126 13
204 201 44
204 146 757 87 23
204 146 140 651 117 4
202 292 74
201 194 44
201 779 74 31
197 358 37
197 199 178 49
193 73 113
193 49 282 11
191 105 94
190 76 63
190 189 232 39
187 152 90
187 186 144 27
187 185 275 39
183 348 61
183 61 63 126 35
181 320 34
181 182 23 16
180 51 30
180 182 23 31
178 9 118
178 157 141 152 209 2
178 100 98 250 21
177 333 110
177 485 247 49
176 221 104
176 774 61 33
176 349 788 53 8
176 365 364 363 41 3
176 365 363 41 6
176 185 275 3
176 185 186 144 13
170 148 128
170 499 200 23
170 174 342 7
170 171 177 38
162 88 168
162 762 763 329 13
162 678 676 140 31
162 516 515 7 22
160 353 39
160 161 39 46
159 285 75
158 254 67
158 310 54 27
156 345 62
156 155 154 195 33
156 155 153 156 13
156 154 195 9
156 153 156 10
156 153 154 195 5
147 25 104
147 528 213 22
147 545 466 359 11
147 148 112 23
138 115 76
138 137 319 6
136 83 59
133 55 116
133 132 289 11
133 130 132 289 37
131 322 106
131 132 289 26
129 192 201
129 619 785 204 2
129 449 448 137 21
129 449 447 70 14
129 14 331 142 23
129 14 331 409 65 12
129 128 119 22
129 127 777 276 16
129 127 128 119 16
125 336 98
125 514 515 7 14
125 126 43 26
125 126 182 23 12
125 122 78 50
123 99 85
123 122 78 2
119 230 125
119 448 137 27
119 749 752 111 10
119 341 256 255 290 7
119 341 182 23 22
119 341 475 476 133 14
118 57 108
118 50 49 282 15
118 258 138 25
115 351 99
115 789 324 30
115 789 788 53 6
115 774 61 6
113 350 78
110 95 110
110 611 124 27
110 111 93 6
110 73 151 89 6
110 73 76 536 538 284 10
110 73 76 696 266 17
110 73 72 535 278 7
109 354 81
108 296 86
108 111 93 1
102 240 57
102 449 447 70 10
99 246 108
99 554 593 590 301 11
99 100 98 250 9
99 97 291 20
99 71 481 29 10
99 71 366 356 27
96 248 49
91 34 106
91 640 69 29
91 92 108 26
91 89 184 3
90 286 32
87 147 6
86 110 64
86 674 272 12
86 85 718 717 123 18
86 84 48 244 16
82 63 264
82 151 89 20
82 151 152 209 16
82 674 272 36
82 780 781 114 20
82 780 779 74 10
82 174 342 21
82 215 509 340 2
82 83 674 272 20
82 81 766 97 14
82 70 61 63 126 12
82 70 218 293 743 203 9
80 18 113
80 618 137 319 7
80 244 417 130 16
80 244 245 38 29
77 102 48
68 311 94
60 318 110
60 688 689 300 11
55 174 64
55 199 178 15
55 74 311 273 3
55 57 198 338 25
52 26 171
52 98 250 28
52 6 791 14 9
52 6 2 111 93 3
51 280 80
51 49 282 8
47 58 54
47 137 319 8
47 132 289 9
47 132 63 126 3
47 48 244 40
45 6 46
45 46 231 2
40 15 132
40 285 196 6
37 255 74
37 128 119 22
32 12 82
32 33 186 144 16
31 193 80
31 353 136 28
31 343 472 332 10
29 223 29
29 30 150 35
26 22 67
21 100 41
21 656 84 24
21 20 269 37
21 19 20 269 9
16 46 235
16 594 198 338 10
16 736 582 75 5

