669

797 27 59
797 280 337 12
795 324 94
795 793 100 27
794 82 46
792 331 113
792 441 447 315 248 2
792 793 100 41
791 234 42
791 580 23 18
791 701 75 49
791 744 793 100 10
788 340 91
788 345 213 1
788 789 84 17
787 164 123
787 281 228 24
787 789 84 34
787 786 644 8 7
787 786 620 123 253 2
787 786 265 411 315 31
780 204 178
780 779 178 147 9
780 743 735 738 203 27
780 743 735 733 587 76 5
780 743 776 279 10
775 206 99
775 160 704 171 5
775 160 165 195 153 6
775 160 165 213 91 16
775 160 178 147 7
774 318 78
774 117 114 326 13
774 391 146 18
774 350 355 354 410 236 150 14
774 773 114 326 8
768 295 85
768 769 295 346 14
766 165 67
766 765 276 28
764 98 76
764 734 316 315 248 15
764 734 737 738 203 1
762 293 141
762 620 123 253 3
762 620 630 314 27
762 761 160 21
760 69 33
760 432 316 28
754 250 172
754 8 575 38 5
754 579 581 580 23 5
754 579 580 23 29
754 756 290 38
754 755 25 1
754 753 755 25 25
751 48 72
750 19 105
750 628 225 690 88 6
750 77 73 676 231 17
750 746 16 33
748 31 98
748 747 3 435 357 9
748 746 16 37
729 68 82
724 86 49
724 725 93 4
724 723 351 33
722 725 93 28
722 723 351 32
717 300 97
717 578 580 23 4
717 713 185 114 21
714 128 53
714 264 216 90 18
714 264 265 411 315 9
714 264 265 330 354 12
714 264 70 246 278 1
708 191 107
708 356 210 122 21
708 709 319 46
708 707 725 93 33
708 707 709 319 8
697 226 148
697 502 45 34
697 0 5 575 38 25
697 0 4 7 267 5
697 0 11 149 7
697 0 12 336 6
697 702 243 21
697 701 75 21
694 350 74
694 345 213 9
693 201 94
693 402 401 169 30
693 521 691 313 21
692 37 26
689 47 80
689 690 88 3
689 688 139 3
687 141 90
687 207 310 38
684 166 89
682 46 105
682 681 680 359 22
682 680 359 3
678 161 120
678 584 789 84 26
678 584 262 315 248 3
678 679 214 43
677 101 50
677 198 411 315 1
674 60 53
674 673 211 37
674 672 307 5
674 624 666 130 2
674 624 670 22 7
674 624 679 214 4
671 233 93
671 723 351 21
671 670 22 19
667 269 38
667 482 173 19
667 558 759 167 1
667 668 294 10
667 666 130 2
667 665 668 294 9
667 665 666 130 32
662 241 198
662 252 5 25
662 745 675 676 231 14
662 745 67 322 7
662 745 187 185 114 3
662 664 184 4
662 663 580 23 4
662 663 29 79 8
662 661 29 9
662 623 64 333 19
660 303 50
657 123 48
657 659 256 26
657 658 202 17
657 656 659 256 4
654 168 94
654 655 102 7
654 653 176 32
654 652 94 23
654 652 487 280 6
642 268 77
642 491 495 492 302 13
642 491 494 493 492 302 10
642 491 492 302 23
642 641 758 757 115 1
636 332 173
636 490 57 83 47
636 328 330 354 21
636 634 672 307 40
635 71 89
635 13 344 7
635 715 134 14
635 690 88 6
633 299 78
633 120 455 215 2
633 120 122 118 263 11
633 120 118 263 5
633 621 626 624 679 214 2
633 621 632 200 1
633 621 644 8 16
618 170 137
618 631 67 322 1
618 631 630 314 11
618 619 785 783 9 2
612 152 79
612 611 112 327 6
607 78 93
607 114 326 13
607 605 14 23
602 97 26
602 604 63 14
602 604 272 138 13
598 230 164
592 264 80
591 39 87
591 695 255 27
591 28 704 171 13
590 0 29
577 186 67
577 533 461 261 19
571 56 31
571 572 569 20 10
571 569 20 40
568 131 86
568 567 352 34
566 221 87
566 757 115 24
563 182 36
563 564 308 47
563 562 12 34
563 532 784 207 1
563 532 298 321 11
563 532 531 299 252 11
560 266 108
559 121 96
559 719 721 216 16
557 325 163
553 339 102
553 551 143 9
547 235 42
547 548 550 549 257 16
546 24 110
546 352 374 28 21
544 151 46
544 545 195 25
539 320 67
539 224 259 23
539 540 129 25
526 282 52
526 527 185 9
522 289 115
522 523 466 212 272 16
519 108 196
519 520 99 25
519 520 518 192 194 353 2
515 30 51
515 670 22 3
515 516 119 5
514 224 71
514 78 74 673 211 3
514 78 72 98 222 1
514 78 70 246 278 11
512 296 132
512 244 503 120 28
512 244 757 115 6
512 127 193 18
512 513 346 345 213 6
512 513 447 315 248 1
509 311 68
508 343 100
508 320 104 181 15
507 238 156
507 535 146 680 359 1
507 505 487 280 1
506 36 252
506 585 401 169 20
506 321 189 21
506 161 71 13 344 14
506 161 71 13 12 336 10
506 6 63 64 333 14
506 6 67 322 28
506 6 164 196 195 153 8
500 89 94
500 313 315 248 7
500 375 105 2
500 499 498 6 3
500 498 6 1
488 285 71
486 342 104
486 17 349 16
486 530 193 194 353 14
486 487 280 12
486 485 355 1
486 484 141 330 5
486 484 487 280 24
478 53 126
478 412 415 33 8
478 352 374 28 7
478 627 127 193 27
478 479 476 759 167 3
478 477 398 187 28
473 58 56
473 470 469 757 115 16
473 469 757 115 5
473 469 757 759 167 6
463 163 40
463 16 61 117 7
463 16 17 349 26
463 731 732 334 4
463 627 127 193 2
463 627 127 732 334 9
462 236 83
460 301 148
460 430 432 316 25
460 455 215 49
459 212 90
459 455 215 12
458 348 145
457 178 76
457 672 307 26
457 136 137 237 4
457 286 265 40
457 74 673 211 19
457 455 215 15
456 177 74
456 455 215 11
453 188 73
449 107 83
449 783 9 36
449 452 451 450 135 9
449 452 450 135 6
449 450 135 18
437 144 27
437 439 251 13
436 116 98
436 498 6 6
436 439 251 35
436 435 357 12
428 341 94
428 784 207 28
428 685 688 139 10
425 338 53
421 49 91
417 145 172
416 218 113
416 715 134 5
413 44 94
413 415 33 42
407 7 63
404 239 63
404 406 312 31
403 219 81
403 498 6 12
403 688 139 25
403 535 146 680 359 12
395 80 153
395 561 664 184 8
395 396 192 9
393 240 100
393 397 396 192 31
389 51 90
389 418 663 29 79 21
389 166 165 213 91 2
386 292 48
386 269 443 594 14 12 336 13
386 269 443 440 450 135 10
381 11 82
381 783 9 14
381 385 197 5
381 384 385 197 4
381 352 374 28 3
381 352 374 575 38 15
380 223 184
380 379 103 5
378 4 139
378 69 67 322 5
378 106 104 181 3
378 661 29 34
378 661 199 600 304 9
378 379 103 18
377 249 156
377 704 171 17
377 379 103 19
377 376 21 35
377 376 379 103 11
371 125 79
371 2 666 130 17
369 137 72
369 199 600 304 25
369 199 195 153 17
368 180 108
368 73 676 231 17
368 73 767 295 346 22
368 73 104 181 1
364 126 31
364 365 113 16
364 363 701 75 2
357 57 83 8
357 365 113 44
357 709 319 14
357 433 110 36
357 433 236 150 1
357 354 410 236 150 3
357 354 178 147 7
357 351 354 178 147 16
349 158 57
349 562 12 4
349 596 595 485 355 11
344 123 253 28
344 342 50 31
344 341 124 35
340 72 137
340 651 653 176 12
340 651 652 487 280 1
340 740 375 105 20
339 40 57
336 210 156
336 446 277 15 11
336 446 238 249 62 3
336 338 175 18
335 345 212
335 476 759 167 19
335 702 243 43
335 168 164 196 195 153 1
335 168 164 207 310 1
335 168 164 210 122 9
335 338 175 36
335 337 351 354 178 147 2
335 337 351 362 220 1
335 337 338 175 9
334 242 51
333 42 91
333 776 279 43
333 756 290 35
333 756 755 25 3
329 87 29
329 330 354 45
326 174 111
326 400 299 252 8
326 400 398 187 1
326 396 192 20
319 70 52
319 88 89 17 11
319 77 73 104 181 1
319 322 209 29
319 321 189 18
319 320 104 181 14
312 281 60
312 88 89 17 4
312 655 102 35
312 315 248 1
311 273 80
311 105 104 181 9
311 105 103 305 19
309 196 131
309 401 169 6
308 109 122
306 286 187
306 307 321 189 1
300 2 133
300 669 1 42
300 669 670 22 6
300 705 704 171 28
300 536 632 200 9
300 536 537 477 398 187 9
300 302 271 95 5
293 13 68
293 295 346 8
291 140 85
291 432 316 21
291 534 583 4 7 267 1
291 534 583 4 757 759 167 4
291 534 533 461 261 7
291 534 533 461 106 104 181 4
291 534 531 299 252 5
289 262 61
285 66 33
285 287 329 18
285 286 265 2
284 35 98
283 59 69
283 281 228 26
282 34 39
282 281 228 36
278 133 117
278 280 337 28
278 277 15 13
273 111 118
273 272 138 35
273 271 95 40
270 10 61
270 272 138 31
260 1 562 564 308 6
260 1 701 75 12
260 266 759 167 10
260 263 320 104 181 15
260 263 320 322 209 3
260 263 320 321 189 1
260 272 138 13
260 272 271 95 1
260 280 337 32
260 281 228 43
260 286 265 29
256 306 107
256 666 130 26
255 162 77
255 749 666 130 21
254 297 89
254 579 580 23 9
253 54 91
253 165 213 91 7
253 252 5 13
253 249 62 12
250 155 163
250 629 704 171 27
250 249 62 17
243 358 89
240 246 121
240 702 243 2
240 702 701 75 1
240 159 287 23
240 103 305 5
240 241 644 8 24
240 241 239 287 329 5
240 167 230 96 8
240 167 164 210 122 7
235 274 135
235 236 150 17
235 233 236 150 33
234 323 79
234 569 20 7
234 236 150 4
231 198 42
231 452 450 135 16
231 531 299 252 8
231 531 315 248 42
222 77 119
221 205 75
221 223 232 4
221 219 629 704 171 6
220 52 127
220 223 232 30
217 277 95
217 81 288 32
217 218 190 39
217 216 90 42
215 67 83
215 216 90 11
214 199 116
214 218 190 16
209 127 32
209 208 207 310 6
209 207 310 8
197 356 65
197 195 153 14
190 328 98
189 41 79
189 188 61 117 2
177 245 44
177 625 287 329 5
177 178 147 16
173 157 101
173 174 170 74 6
173 170 74 43
172 81 112
172 587 76 47
172 138 137 237 16
172 171 170 74 7
172 170 74 12
157 194 125
157 435 357 23
157 435 658 202 7
157 435 658 659 256 5
157 676 231 33
157 159 287 12
155 284 99
155 468 270 35
155 468 123 253 5
155 579 580 23 6
154 260 122
154 358 434 136 8
154 358 444 194 353 7
154 358 444 628 225 690 88 4
154 358 444 628 225 690 688 139 7
154 358 355 354 178 147 1
150 225 23
150 503 120 15
143 104 38
143 477 398 187 8
143 144 183 31
142 73 60
142 552 202 203 57 83 9
142 552 554 551 143 11
142 552 551 143 1
142 141 330 8
140 132 82
140 743 776 279 2
140 743 776 118 263 5
140 743 784 207 24
140 141 330 17
133 309 53
131 3 120
121 179 88
121 613 614 755 25 5
121 605 14 10
121 676 231 37
121 120 118 263 2
121 119 118 263 20
121 118 263 28
115 244 73
115 114 326 6
107 148 66
107 702 701 75 13
107 108 529 527 185 5
101 142 140
101 637 638 65 36
97 549 257 42
97 75 113 746 16 9
97 75 113 112 327 8
97 98 222 40
96 208 78
96 664 184 42
96 70 246 278 4
95 18 68
93 217 84
93 638 65 31
82 112 162
82 236 150 28
82 711 365 113 4
82 711 712 70 246 278 10
82 711 727 726 55 23
82 85 672 307 46
82 85 83 172 3
82 83 172 31
79 64 67
68 154 123
68 103 305 25
68 66 106 34
62 92 89
62 116 114 326 15
62 61 117 39
60 275 71
60 375 105 22
60 61 117 3
54 26 107
54 52 354 178 147 1
51 298 87
51 757 759 167 3
51 383 287 329 29
49 32 78
47 258 68
47 139 138 137 237 12
47 139 137 237 4
47 673 211 40
47 46 335 28
47 46 482 173 4
44 247 88
42 118 53
36 85 87
36 632 200 11
36 483 481 482 173 18
36 733 587 76 9
36 733 738 203 29
36 37 345 213 22
35 283 137
34 57 101
34 194 353 18
34 440 450 135 2
33 229 151
33 191 163 517 516 119 5
33 262 315 248 9
33 741 784 207 7
32 159 120
27 291 120
27 298 321 32
25 43 167
25 385 197 9
25 5 575 38 1
25 5 277 15 27
21 347 51
21 647 648 271 18
19 61 59
15 227 85
15 102 317 18
15 183 102 317 27
15 18 17 349 8
15 18 17 213 91 33
15 17 213 91 9
9 254 102
9 637 638 65 4
9 207 310 15
9 448 528 527 185 5
9 448 442 391 146 4
9 448 442 391 726 55 1
9 448 442 455 215 8
9 448 442 455 688 139 2
9 10 156 35
9 8 575 38 2
9 8 10 156 8
9 8 10 7 267 6
9 7 267 23

