517

799 258 119
799 340 28 323 4
795 109 47
791 334 51
791 793 187 35
789 48 91
789 461 481 182 15
787 59 118
787 724 721 751 380 281 3
787 420 708 592 77 8
787 420 739 738 27 13
784 214 123
784 654 684 686 256 188 4
784 654 684 685 686 256 188 3
784 654 689 203 3
778 243 79
778 780 260 31
777 112 23
776 345 90
774 207 107
773 8 131
773 423 455 315 3
769 289 105
769 722 327 35 12
769 722 760 275 7
769 766 77 42 7
768 135 135
768 133 131 313 24
767 36 93
767 766 77 42 10
765 157 95
765 764 236 24
762 216 69
762 54 269 33
762 764 236 19
757 19 130
755 257 52
753 164 54
748 298 30
743 339 38
741 335 94
741 744 742 205 20
741 742 205 34
740 178 77
737 25 85
737 738 27 6
730 132 68
730 733 328 44
729 24 42
718 317 92
718 717 54 22
715 180 47
715 581 106 3
715 6 9 88 263 2
715 717 54 17
711 270 110
711 177 126 38
711 523 641 640 32 11
711 523 670 63 22
711 523 520 525 53 10
711 713 414 223 12
710 116 41
709 338 43
709 599 37 45
709 51 301 12
707 67 60
705 28 60
704 248 72
704 703 245 248 344 7
704 703 28 323 10
700 319 60
700 698 736 56 33
700 698 736 738 27 2
700 698 703 28 323 7
697 221 27
696 14 46
696 594 593 252 12
696 358 149 37
696 359 360 311 7
696 359 358 149 2
693 304 43
681 175 97
680 153 37
678 141 109
673 222 104
673 520 525 53 1
673 677 5 45
673 676 675 674 48 292 9
667 105 61
666 329 44
663 170 59
663 672 31 12
663 103 586 21 14
661 99 150
661 603 294 37
661 111 11 24
661 634 689 203 3
661 662 337 26
658 327 48
646 185 41
646 648 641 640 32 2
646 647 0 26
644 336 101
644 199 6 18
637 249 80
637 297 350 43
637 639 177 24
632 302 72
632 183 602 307 2
632 630 576 638 117 110 9
631 124 136
631 577 55 43 18
631 577 282 266 22
629 108 143
628 41 197
628 627 171 10
628 576 638 117 110 27
623 154 95
623 317 396 347 3
621 233 104
620 272 51
618 306 70
614 278 105
614 613 254 43
614 575 751 380 281 13
614 575 570 742 205 9
611 193 68
611 613 254 49
601 230 102
601 8 383 28 323 4
601 600 599 37 5
598 174 43
598 656 717 54 31
587 69 109
587 225 219 264 4
585 150 57
585 586 21 3
583 267 157
583 664 331 43
582 23 183
582 754 87 279 32
582 754 410 204 1
580 184 69
580 581 106 9
579 127 133
579 421 432 224 7
573 406 166 30
573 240 493 181 5
573 577 282 266 15
573 602 307 28
573 606 605 604 218 19
573 572 194 134 11
573 570 742 205 10
569 9 85
569 566 16 31
568 92 36
568 567 331 156 33
568 566 16 28
565 247 79
565 1 0 199 6 5
565 564 332 27
561 163 41
559 219 66
557 136 63
556 265 69
555 241 46
555 400 694 525 53 1
554 276 50
551 39 49
546 211 23
546 549 142 10
546 547 189 36
545 343 78
541 238 157
541 299 326 1
541 542 351 18
541 537 539 542 351 2
540 202 100
540 542 351 7
540 538 39 172 15
540 536 542 351 6
534 290 52
532 210 91
530 88 81
530 144 547 189 24
517 286 36
514 52 170
514 603 294 19
510 94 80
510 647 0 12
505 220 90
505 506 643 331 156 13
505 506 643 640 32 1
504 129 52
504 198 199 6 5
502 353 68
501 357 122
501 698 703 28 323 10
500 62 52
498 26 20
498 420 739 738 27 1
497 98 55
497 496 348 19
495 152 78
495 493 181 10
482 38 55
482 481 182 5
478 34 54
477 93 81
477 410 204 24
476 138 152
476 396 347 47
476 145 274 42
476 181 191 292 356 9
476 181 183 602 307 19
474 271 74
474 735 143 20
471 209 34
471 398 338 101 1
471 473 81 17
471 472 300 24
471 469 473 81 9
467 299 79
467 547 189 2
466 45 60
458 117 65
458 457 455 315 3
458 455 315 11
456 140 186
450 355 133
450 282 266 4
450 4 49 51 301 5
450 4 0 199 6 17
450 4 0 299 326 10
450 451 324 13
449 282 91
446 277 61
446 144 547 189 23
441 123 35
440 226 44
437 104 109
436 183 51
435 262 75
430 227 114
430 428 256 11
430 421 432 224 4
429 314 50
429 428 256 24
426 196 79
426 273 574 455 315 14
425 200 83
419 29 42
419 418 4 37
409 296 106
405 291 37
402 199 60
402 414 223 29
401 102 66
401 689 203 26
401 520 525 53 19
399 215 76
395 186 83
394 118 118
394 22 662 337 20
393 235 57
391 68 51
391 592 77 41
390 13 47
390 56 148 18
389 17 90
389 732 733 328 19
385 100 29
385 727 668 481 182 2
385 383 28 323 9
382 245 52
379 213 100
375 60 73
374 284 39
373 285 148
370 71 58
370 372 371 103 7
370 371 103 20
369 66 61
365 50 51
365 708 592 77 11
364 84 50
364 315 313 349 120 8
356 65 56
356 355 273 29
354 234 105
354 240 493 181 24
354 355 273 14
352 297 129
352 353 487 253 33
350 206 77
350 205 574 455 315 12
350 330 133 15
348 318 62
348 346 245 248 344 8
348 343 183 602 307 15
347 342 185
347 519 194 23
344 349 152
341 308 65
341 522 483 143 160 12
341 340 28 323 16
339 131 62
339 338 101 2
339 336 338 101 1
335 75 70
334 251 27
333 208 158
333 398 338 101 38
333 625 627 171 37
328 96 123
328 330 133 33
328 311 88 263 7
326 33 135
326 47 634 689 203 19
326 47 48 292 24
326 325 72 9
323 179 115
323 485 20 327 35 22
322 261 73
308 78 135
308 189 278 97 11
305 147 78
302 359 110
300 87 40
300 299 326 7
298 137 93
296 232 67
296 670 63 41
296 297 350 23
295 18 100
295 398 338 101 6
295 297 350 7
295 297 183 602 307 14
290 30 69
289 111 128
283 22 154
283 643 640 32 15
283 381 410 204 8
283 282 266 17
283 281 282 266 1
272 70 101
272 470 473 81 19
272 470 472 300 5
270 320 58
270 613 254 27
270 267 119 49
269 15 177
269 226 161 35
269 624 487 253 3
269 572 194 134 5
269 267 119 6
268 309 63
268 525 53 28
268 607 604 218 12
266 128 82
264 246 77
263 113 112
263 320 28 323 5
263 320 246 248 344 3
263 188 256 188 14
263 188 182 211 173 3
262 130 128
260 114 77
258 79 89
258 522 483 143 160 2
258 522 720 355 273 6
258 522 720 728 86 10
258 257 51 11
255 195 76
255 670 63 24
253 151 100
253 451 324 50
252 49 126
252 254 243 542 351 36
251 12 115
250 268 120
250 586 21 4
247 115 67
247 248 344 24
241 20 129
241 408 168 39
238 341 49
238 237 522 720 728 86 3
233 340 41
233 232 412 414 223 24
231 280 86
227 167 76
224 44 45
224 225 219 264 16
220 82 27
218 90 117
215 333 69
215 216 576 638 117 110 2
215 216 576 638 639 177 1
212 346 55
212 312 691 255 26
212 312 209 210 125 11
208 64 48
208 210 125 2
207 198 18
207 547 189 7
204 176 115
201 201 31
200 144 100
197 303 69
197 548 549 142 26
197 199 6 5
196 305 66
195 40 62
193 158 29
185 39 172 41
185 191 292 356 10
185 234 197 43
175 229 180
175 96 97 139 8
174 250 164
171 358 100
170 57 96
170 779 780 260 9
168 191 42
168 408 168 23
167 325 92
161 10 55
159 225 129
159 158 74 7
159 156 256 188 3
159 156 158 74 1
157 145 110
157 158 74 11
149 288 42
149 150 316 29
142 7 95
142 726 39 172 9
142 104 7 77 42 1
142 104 7 5 54 269 14
142 143 160 5
141 146 76
141 105 131 313 10
141 105 145 274 26
138 46 123
137 293 174
137 652 129 331 156 6
136 58 92
136 66 627 171 7
136 9 88 263 9
135 228 32
132 169 63
125 310 74
123 61 90
123 677 5 9
122 85 179
122 627 171 28
119 295 69
116 283 87
115 80 117
110 231 51
109 259 76
108 352 37
98 91 72
98 327 35 14
95 83 64
95 97 139 38
94 244 174
94 55 43 35
94 99 9 88 263 3
94 97 139 31
90 354 92
89 159 31
89 88 263 15
85 87 279 17
81 239 20
79 55 35
79 760 275 19
78 330 113
78 418 4 23
78 5 54 269 14
78 77 42 4
73 1 56
73 71 97 139 5
70 242 59
70 625 627 171 3
68 237 62
67 287 40
67 69 322 39
65 192 75
63 162 75
62 95 67
62 782 107 43
62 655 691 255 23
58 217 77
58 101 564 332 2
58 655 691 255 7
53 155 79
44 212 101
43 321 92
43 211 173 50
43 418 4 20
43 282 266 3
42 240 57
42 41 3 46
35 89 79
31 76 63
24 47 93
23 122 151
23 455 315 15
19 121 174
19 455 315 28
17 73 129
16 2 27
14 312 29
14 15 165 12
10 190 52

