468

796 160 54
796 798 164 22
795 195 49
787 146 206
787 540 43 786 91 249 17
787 540 291 728 256 14
787 204 233 215 2
787 204 201 27 353 19
784 218 82
780 301 88
778 69 50
772 244 47
772 438 439 116 27
772 53 260 28
769 264 35
769 289 198 17
769 750 718 179 10
767 192 53
767 420 44 280 266 2
767 205 23 81 13
766 109 69
763 106 47
761 135 85
761 758 351 15
760 174 121
759 202 173
759 758 351 38
759 757 563 331 13
755 29 42
747 115 85
744 222 54
743 37 48
743 741 273 15
738 231 54
730 348 67
726 72 63
725 8 50
721 98 54
719 356 33
719 718 179 3
716 347 72
716 713 252 22
714 121 143
714 713 252 10
707 241 34
707 709 269 29
702 35 89
702 704 102 29
702 682 709 269 39
702 682 681 742 741 273 1
701 204 141
701 700 99 19
701 681 742 741 273 9
699 225 86
699 700 99 10
689 692 337 42
689 691 79 43
689 690 691 79 2
688 65 42
677 88 80
675 111 79
675 581 789 271 11
666 358 41
664 262 105
664 665 247 24
663 274 99
662 86 116
662 665 247 15
660 122 82
659 41 47
653 112 36
653 655 654 12 7
651 201 73
651 10 4 58 172 15
651 10 1 23 81 18
650 184 60
645 46 64
643 268 15
641 278 112
638 22 62
632 189 64
632 630 154 36
631 15 117
631 630 154 20
629 234 67
624 133 110
624 143 185 26
623 36 34
621 355 90
620 94 81
618 297 40
618 619 613 610 296 2
617 131 192
617 732 149 15
617 449 485 275 3
617 449 447 630 154 20
614 254 30
611 150 38
608 229 14
608 609 293 13
606 159 55
606 193 658 80 19
605 4 96
603 318 20
600 308 53
595 534 82 1
595 280 266 25
595 649 648 354 22
595 654 12 28
595 658 80 10
595 592 193 658 80 4
595 591 610 296 22
589 168 41
586 64 127
586 585 152 19
580 101 72
579 155 52
579 543 564 214 22
578 226 71
577 68 154
576 40 281
575 91 109
575 718 179 29
568 161 44
567 350 38
567 58 172 13
566 242 32
562 49 49
558 110 41
556 217 57
550 265 62
550 186 151 7
549 233 115
549 200 218 211 3
548 47 16
547 303 85
537 259 84
537 539 9 19
536 288 51
536 539 9 25
535 307 59
535 539 9 50
533 245 28
532 105 23
532 798 164 9
531 261 33
529 26 141
529 713 252 11
529 106 333 12
527 148 87
523 352 22
522 206 62
519 251 26
519 732 149 44
516 114 164
516 636 635 588 587 123 7
515 310 86
515 436 120 3
510 322 75
510 511 1 23 81 8
509 76 94
509 792 794 281 7
509 799 798 164 29
508 239 220
507 10 39
507 582 798 164 1
506 327 99
505 255 85
504 330 60
503 165 54
503 499 436 120 4
502 144 87
501 345 124
496 132 11
496 444 449 447 630 154 2
495 299 42
494 336 7
490 305 61
486 177 45
486 485 275 7
484 107 67
483 87 71
479 302 144
477 295 84
476 171 127
476 475 240 20
471 182 42
471 474 30 17
471 472 474 30 21
470 129 89
470 335 91 249 14
468 292 18
467 0 105
467 215 338 28
467 475 240 3
466 142 50
464 267 114
462 147 106
461 95 106
460 104 82
459 237 85
458 326 312
455 137 6
454 113 82
453 357 54
451 319 17
434 250 69
433 108 107
433 436 120 50
432 313 115
432 436 120 35
431 156 77
429 43 61
427 96 14
425 317 6
425 348 789 271 11
424 309 180
423 85 266
423 395 27 23
423 751 673 167 38
422 359 66
419 157 151
418 209 119
418 794 281 3
418 176 50 22
416 83 48
415 23 58
413 194 82
410 97 82
409 71 42
407 277 87
405 124 13
404 289 64
402 58 113
397 216 101
397 395 27 13
396 213 68
396 23 81 8
396 400 399 208 6
396 400 395 27 5
396 399 208 31
396 395 27 22
391 235 153
389 118 81
388 143 115
388 386 53 15
387 187 80
387 385 386 53 6
383 316 77
383 534 82 8
383 112 117 713 252 2
383 112 116 673 167 3
379 169 56
371 3 59
371 753 345 399 208 7
368 130 106
368 372 378 324 28
365 51 60
365 366 779 138 13
364 328 58
362 282 7
361 28 34
358 93 129
356 315 72
355 75 91
355 534 82 11
354 263 152
351 11 40
350 74 76
336 228 67
336 798 164 2
333 291 37
332 342 42
332 294 435 436 120 5
330 286 22
330 51 143 185 9
330 51 52 19 5
329 248 47
328 33 19
327 183 88
327 534 82 10
324 176 131
324 290 23 81 8
324 290 23 658 80 1
323 276 119
322 232 46
319 272 102
319 21 487 485 275 9
318 158 122
316 20 106
314 246 169
314 343 348 789 271 2
314 343 348 386 53 14
311 128 137
310 188 104
309 38 106
309 588 587 123 1
308 32 25
301 343 66
300 335 112
299 6 66
299 709 269 5
298 181 52
296 197 34
288 92 45
288 289 198 9
286 196 59
286 289 198 20
285 270 117
285 289 198 30
276 258 36
273 2 49
272 125 35
272 274 212 21
271 62 87
267 199 63
266 344 55
265 283 66
263 77 204
263 386 53 30
260 223 62
259 180 46
256 145 98
256 475 240 10
253 42 85
251 311 112
248 210 132
247 346 79
247 757 563 331 11
247 439 116 1
244 31 44
244 564 214 14
243 294 52
241 300 103
240 320 66
239 166 136
237 175 97
234 13 28
232 312 44
226 73 37
224 56 45
224 534 82 8
222 90 44
222 683 732 149 14
222 683 717 485 275 4
222 683 718 179 3
221 178 20
220 340 46
220 270 314 18
220 270 472 474 30 1
217 153 72
217 218 211 47
214 78 87
213 287 55
213 346 742 741 273 2
212 170 52
211 253 44
209 325 87
209 779 138 29
199 52 3
195 323 22
194 329 26
192 24 157
188 55 45
188 38 439 116 20
188 38 2 27 353 23
188 186 151 10
187 257 60
187 186 151 49
181 207 98
181 441 447 630 154 3
181 182 65 191 7
181 182 180 141 32
179 162 42
179 182 180 141 4
178 284 32
178 341 673 167 1
174 70 49
172 60 96
168 18 59
166 290 216
163 139 126
162 306 112
161 285 90
161 673 167 46
160 100 31
157 84 54
153 67 24
149 17 23
144 119 83
141 304 115
141 142 332 37
141 139 142 332 28
138 227 178
135 134 83
135 111 117 713 252 2
132 298 105
131 221 112
131 751 673 167 10
131 751 176 50 18
128 57 21
119 66 53
109 140 54
109 613 610 296 47
105 61 39
105 108 741 273 11
105 106 333 10
104 89 26
104 106 333 13
102 339 35
100 7 263
100 96 588 587 123 4
99 236 85
95 45 225
94 117 141
93 200 179
90 21 11
87 173 4
84 54 53
83 127 114
82 163 44
82 673 167 11
81 48 90
80 136 87
79 14 147
79 7 563 331 6
78 59 51
77 219 49
75 279 94
73 230 40
73 378 324 12
73 474 30 7
72 25 78
70 103 31
69 63 24
68 280 49
67 238 42
67 630 154 40
67 65 191 1
63 220 115
62 321 112
62 65 191 28
61 341 86
59 205 101
59 525 1 14
59 58 172 11
57 190 51
57 58 172 50
56 39 117
56 58 172 2
54 186 63
50 243 91
48 334 59
48 208 91 249 3
45 44 70
45 44 280 266 8
42 16 40
42 52 19 36
41 349 84
39 203 19
31 224 54
31 36 581 789 271 7
31 36 2 27 353 6
30 126 28
22 193 69
22 349 437 439 116 8
18 34 131
17 5 41

