430

799 77 97
799 607 558 748 310 6
797 226 55
792 110 72
791 14 65
790 12 129
788 15 14
787 81 84
786 97 138
784 172 142
784 71 74 57 309 10
781 152 91
781 2 1 638 256 30
780 108 98
778 71 59
778 291 648 205 20
778 776 43 49
775 331 54
774 258 103
771 282 61
770 220 106
769 280 67
767 300 93
765 266 22
765 766 219 22
764 114 38
758 7 37
757 130 138
756 342 63
755 50 38
751 80 80
751 392 405 183 3
751 752 323 322 284 12
750 185 139
749 75 86
746 63 31
744 323 58
742 148 113
741 58 48
738 167 124
737 223 117
733 358 52
732 292 26
729 139 98
726 197 48
725 189 79
722 132 63
719 349 54
719 723 70 73 776 43 1
718 340 49
717 316 29
713 46 171
713 712 235 11
713 710 358 359 42 3
711 293 128
711 714 712 235 3
711 712 235 35
711 710 358 359 42 2
699 87 17
697 249 51
697 392 405 183 36
696 336 112
695 229 16
694 245 115
691 324 39
686 98 80
686 155 109 17
686 687 405 183 3
685 141 48
682 159 42
682 167 144 28
679 176 84
675 157 98
674 57 75
670 263 49
669 166 54
665 239 32
664 233 52
663 248 96
656 3 21
655 64 67
653 49 126
653 604 448 449 24 5
646 213 89
645 348 2
642 133 103
641 184 243
634 246 106
634 635 332 333 238 3
633 131 166
631 325 133
629 255 129
627 180 63
625 143 43
624 151 60
623 84 87
622 339 45
619 124 247
618 120 34
617 72 69
614 27 42
614 468 51 10
612 111 37
612 613 314 36
598 359 52
597 290 218
596 207 48
595 45 63
593 232 49
593 484 123 20
593 527 585 586 30 2
590 11 102
590 587 318 24
589 287 146
589 587 318 10
588 199 29
584 52 50
580 206 140
580 587 318 50
579 307 57
576 289 38
568 162 83
567 115 43
567 235 101 25
566 40 94
564 21 60
564 565 269 36
563 281 48
559 4 43
556 346 106
556 666 192 405 183 2
555 225 100
550 138 106
548 38 119
546 268 61
546 637 638 256 3
543 347 53
543 587 318 3
541 154 78
540 121 93
540 222 37 49
540 332 333 238 23
538 95 34
537 332 112
534 129 33
533 343 56
532 113 21
519 136 2
514 216 46
508 218 68
504 32 67
502 19 75
502 613 314 13
501 356 108
498 9 66
498 499 496 495 20 1
498 495 20 41
497 25 44
497 405 183 16
497 499 496 495 20 2
493 244 16
492 158 11
490 118 33
486 299 37
483 334 80
483 482 149 34
480 0 23
479 35 92
478 303 15
475 44 193
472 70 97
471 311 123
471 460 463 226 74 6
471 460 463 494 116 8
471 460 468 51 10
470 294 80
470 468 51 9
469 305 54
469 468 51 16
466 217 78
466 467 468 51 21
458 85 87
453 10 94
450 222 107
450 290 126 15
450 168 92 35
450 0 155 109 5
446 275 32
445 186 24
443 102 69
441 240 52
441 73 776 43 13
440 61 92
439 69 70
439 468 51 6
438 286 66
437 241 61
436 147 34
433 96 36
433 395 447 200 3
433 395 448 449 24 4
430 193 121
429 355 50
429 592 14 179 11
429 431 100 3
428 262 95
428 427 94 13
426 60 42
425 41 131
423 173 61
423 73 776 43 5
422 264 100
421 273 33
419 304 169
418 34 27
416 2 42
413 283 106
412 194 93
409 243 42
409 411 127 5
409 410 411 127 6
402 352 224
402 404 558 748 310 4
401 320 88
401 405 183 29
400 350 25
399 140 52
398 112 39
388 335 61
388 587 318 26
386 315 133
385 170 38
384 210 83
383 90 57
383 382 247 2
383 279 270 290 126 2
380 28 97
380 381 379 201 15
378 128 98
378 69 16 40
378 379 201 24
375 328 158
374 261 97
369 165 25
360 198 51
360 142 144 182 212 13
360 142 143 648 205 10
360 142 162 1 8
355 296 26
350 8 39
349 29 134
345 271 61
343 265 62
339 142 158
338 31 67
337 6 58
337 776 43 30
330 160 84
329 93 76
328 82 67
328 648 205 29
328 431 100 45
326 230 45
324 257 154
318 277 53
317 177 100
313 56 32
312 53 34
308 319 110
306 341 64
296 22 33
293 301 62
292 175 88
289 106 9
288 156 54
287 250 57
285 227 90
285 235 101 2
269 150 57
269 226 74 7
267 89 27
265 39 157
265 482 149 16
265 263 322 24
264 242 154
262 344 60
261 91 185
260 333 109
260 263 322 21
260 258 263 322 17
256 202 26
254 231 101
251 146 80
250 178 33
249 47 70
248 253 65
247 313 117
246 54 80
245 105 104
243 252 67
240 168 158
238 187 32
236 5 59
236 203 234 171 5
233 155 190
233 635 332 333 238 1
232 285 54
227 86 35
227 202 14 179 10
225 302 50
225 226 74 22
224 203 14
220 260 70
220 276 357 359 42 10
220 222 37 39
219 145 37
218 163 122
218 217 222 37 4
211 306 60
211 209 103 35
208 209 105
208 209 103 21
207 164 85
207 40 290 126 5
198 195 118
197 33 105
197 57 309 40
195 329 35
195 192 405 183 9
193 169 37
193 192 405 183 8
188 117 127
187 278 125
185 221 163
185 184 464 348 795 449 24 3
183 79 113
180 215 50
179 259 115
178 17 70
178 464 348 795 449 24 11
176 276 148
176 395 448 449 24 2
173 107 44
173 174 224 14
171 36 69
169 251 56
166 338 72
166 162 1 17
161 254 77
152 236 48
152 154 155 109 3
151 270 62
150 190 62
147 288 28
138 182 71
137 297 44
137 626 83 21
136 161 49
134 237 42
131 181 41
129 59 246
129 14 179 34
128 67 43
127 192 127
127 777 234 22
125 78 119
125 124 122 211 6
125 122 211 41
119 208 200
119 613 314 1
118 345 85
118 120 13 42
115 330 40
114 274 44
109 291 87
107 66 34
103 137 92
103 74 57 309 3
101 214 114
97 76 18
96 321 73
95 23 77
95 165 162 1 8
94 119 126
93 327 64
87 73 71
86 298 122
85 18 64
84 312 99
83 188 75
82 99 110
81 62 23
81 766 219 5
77 153 95
63 337 117
61 125 77
61 182 212 14
59 353 184
58 351 257
54 135 66
52 26 133
51 196 180
51 396 467 468 51 2
51 6 69 16 14
49 191 42
48 228 63
48 38 55 13
47 88 130
39 272 81
35 357 117
35 704 747 748 310 6
34 204 134
33 354 116
32 279 131
30 174 44
25 317 176
24 326 22
23 65 66
23 603 290 126 5
23 603 626 83 11
22 295 49
18 134 56
18 382 247 49
17 267 56
16 122 156
15 104 55
15 14 179 9
13 308 46
12 68 30
10 48 28

