615

798 214 64
797 66 88
797 274 3 31
797 235 279 10 5
797 235 60 423 337 22
793 76 63
793 717 582 4 18
790 194 151
790 164 94 29
790 366 232 27
790 396 565 274 32
790 396 565 564 356 1
790 396 424 426 165 8
790 788 222 45
787 11 152
787 121 18 47
787 230 335 705 34 13
787 230 240 322 19
787 230 665 453 192 208 1
787 786 112 34
782 137 62
782 783 156 21
779 81 78
779 203 98 23
774 217 132
774 114 63 37
761 246 38
760 269 82
760 82 80 354 10
754 263 110
754 5 531 257 148 4
754 5 2 45 121 5
754 740 745 530 105 30 7
754 740 745 675 676 284 5
751 91 92
751 503 502 172 235 20
751 174 220 15
750 227 119
750 65 114 63 5
750 740 745 675 676 284 2
750 740 745 131 201 181 2
750 740 355 424 426 165 17
746 22 54
736 92 149
736 423 337 32
736 132 747 88 15
736 132 138 216 308 21
736 132 137 209 317 6
736 734 182 33
735 41 88
730 195 143
730 727 340 48
723 49 54
714 132 90
714 382 564 356 22
714 382 783 156 9
712 310 110
712 783 156 32
712 665 453 192 208 21
712 665 707 86 22
710 177 101
710 231 57 123 22
698 324 71
698 361 130 32
692 213 91
692 234 642 131 201 181 10
692 234 642 645 154 10
692 234 663 588 217 179 10
692 695 226 17
692 694 218 44
692 694 695 226 1
692 693 695 226 4
692 664 514 219 12
692 664 380 283 24
689 243 54
687 95 94
684 300 105
684 477 1 34
684 683 681 133 2
684 681 133 3
679 225 65
678 242 51
669 178 145
669 541 491 16 13
669 541 412 295 4
669 541 545 581 574 238 3
669 541 543 588 217 179 1
669 541 543 542 572 571 326 7
668 228 98
655 332 137
655 604 164 24
655 656 653 651 74 10
655 652 656 653 651 74 26
655 652 651 74 19
655 651 74 11
649 311 125
649 455 34 229 1
649 455 456 191 236 3
649 455 514 219 10
646 48 46
644 268 52
644 293 172 235 4
644 645 154 19
637 241 129
637 171 299 3
637 457 287 247 2
637 457 528 270 3
637 666 432 434 29 13
637 639 323 48
635 315 101
635 636 640 163 282 10
634 336 45
633 265 98
630 245 114
630 394 593 592 271 10
630 394 395 328 9
630 394 393 52 290 4
630 693 695 226 12
630 631 75 9
628 312 81
628 625 124 22
626 294 124
626 73 84 11
626 326 327 350 24
626 629 625 124 8
624 258 134
624 216 308 28
624 623 77 20
612 331 78
610 205 115
607 100 69
607 613 85 14
607 606 103 4
605 255 29
605 608 266 158 37
605 608 606 103 3
605 606 103 14
600 106 86
599 252 67
597 72 74
597 33 191 236 2
597 773 772 171 16
591 46 63
591 592 271 6
589 319 78
589 288 286 4
589 453 192 208 4
589 587 248 54 28
584 262 34
584 586 593 592 271 2
584 586 585 298 11
584 585 298 4
578 153 48
576 275 77
576 458 622 327 30
570 260 66
567 187 29
567 568 90 24
566 9 126
566 349 30 73 7
566 556 555 107 18
566 556 552 555 107 3
566 135 771 481 35 6
566 135 549 615 140 6
566 135 549 616 279 5
566 135 130 734 182 8
566 135 130 150 120 6
566 564 356 22
562 347 61
562 670 483 45 121 9
561 136 99
561 232 434 29 8
561 663 588 217 179 9
561 663 466 31 20
560 239 116
557 288 60
557 558 259 8
557 540 57 123 15
557 540 545 581 574 238 8
554 57 97
554 555 107 13
538 357 127
536 281 51
524 250 124
524 138 216 308 14
524 666 432 434 29 9
524 666 662 473 168 1
524 522 266 158 9
523 203 101
523 621 622 327 3
523 527 301 25
523 525 13 44
523 522 266 158 9
520 210 102
520 661 216 308 2
520 661 366 232 22
518 131 133
518 105 30 4
518 519 358 21
517 59 43
517 519 358 21
512 292 143
512 513 108 31
510 278 94
509 264 134
509 505 662 680 266 15
506 196 140
501 254 76
501 313 2 14
495 244 55
495 497 0 37
495 497 493 159 2
494 146 49
494 493 159 14
494 453 192 208 8
494 453 622 327 17
490 89 33
490 491 16 32
490 489 215 1
487 198 129
487 310 92 7 4
487 310 314 325 9
487 310 313 2 11
487 310 312 6 23
487 381 231 11
487 451 474 342 5
487 485 240 38
484 277 130
484 485 240 12
478 306 73
478 747 88 34
478 399 161 7
478 529 108 109 316 1
478 529 108 107 109 316 13
478 529 528 270 22
478 477 1 13
470 142 152
470 388 391 206 29
467 80 98
467 681 133 25
467 468 162 36
467 466 31 6
467 465 79 23
464 62 143
464 21 82 2
464 15 615 140 11
464 468 162 35
464 468 201 181 3
464 468 465 79 7
464 466 31 4
464 465 79 7
449 24 120
449 675 676 284 14
449 280 282 770 109 16
449 280 282 283 352 8
449 171 299 7
448 166 81
448 447 64 34
444 32 66
444 446 267 19
443 307 108
443 101 183 26
443 439 772 171 20
442 14 51
442 118 617 616 279 2
440 5 124
440 473 168 32
440 2 45 121 30
440 439 772 171 16
433 248 75
433 434 29 23
427 176 69
427 428 426 165 32
421 151 103
421 354 357 92 7 16
420 333 96
420 500 129 17 9
420 422 617 616 279 8
419 128 102
419 580 15 8
417 51 113
417 25 335 31
413 83 136
413 613 85 5
413 786 112 20
413 132 137 209 317 9
413 132 156 96 2
411 71 112
411 173 36 18
411 412 295 39
407 345 94
407 391 206 46
404 105 83
398 70 45
398 477 1 15
398 292 91 92 7 6
398 399 161 22
390 27 120
390 64 564 356 19
390 64 6 321 11
390 64 99 138 9
390 64 61 659 334 6
390 391 206 6
390 386 24 25 335 12
390 385 391 206 5
389 55 75
389 250 160 21
387 99 90
387 661 366 232 6
387 391 206 37
377 8 40
377 375 127 26
377 374 56 12
376 296 153
376 345 788 222 13
376 375 127 33
376 374 56 8
376 351 67 57 123 24
376 351 123 122 78 1
376 351 357 92 7 1
376 351 294 333 163 23
372 58 79
372 548 613 85 23
372 373 250 160 14
372 371 370 185 5
372 370 185 39
369 143 70
369 233 657 674 672 200 9
369 370 185 15
363 175 39
363 364 123 122 78 18
362 201 31
362 360 21 9
347 152 64
347 314 325 23
344 50 120
344 295 172 235 5
344 295 357 92 7 10
340 20 181
340 631 75 30
340 481 35 48
340 342 211 19
340 338 342 211 11
334 113 55
334 283 352 4
334 335 705 34 2
328 42 50
328 631 75 12
325 44 118
325 756 333 163 5
325 744 680 266 4
325 744 403 339 35
324 52 82
323 28 119
318 37 46
316 43 95
316 739 253 37
316 132 156 96 16
311 189 124
311 160 261 5
311 314 325 13
311 313 2 24
311 312 6 32
311 310 312 6 3
308 234 68
308 309 307 230 40
308 307 230 38
302 343 70
301 313 104
301 545 581 574 238 20
301 545 581 582 4 6
301 545 585 298 13
301 231 57 123 1
298 19 58
298 135 130 150 120 30
289 45 75
289 288 286 29
284 180 128
284 288 286 25
284 287 247 46
284 286 288 286 8
284 286 288 737 184 16
281 69 94
281 778 344 17
281 283 352 46
271 173 160
267 348 75
267 266 158 11
267 266 265 135 17
267 265 135 18
263 359 95
263 353 447 64 17
263 353 399 161 22
262 167 134
262 734 182 28
260 53 73
260 22 21 82 41
260 261 317 115 37
260 261 15 615 140 11
259 302 125
253 309 200
253 672 200 2
251 141 98
251 272 256 45
251 252 145 12
249 118 101
249 242 257 148 30
249 242 26 25 335 3
249 248 54 17
247 139 62
247 513 108 26
247 757 755 351 18
247 248 54 8
246 93 96
245 297 77
241 61 67
241 243 705 34 32
239 125 107
237 212 37
229 276 159
229 631 75 11
229 631 491 16 32
229 659 334 37
229 549 616 279 18
229 549 542 572 571 326 17
228 257 62
225 338 53
225 380 283 33
225 227 226 305 7
225 226 305 35
224 25 86
224 660 727 340 12
224 660 8 6 321 2
224 660 381 231 20
224 547 606 103 19
222 197 56
222 223 318 50
221 224 99
213 221 96
213 211 217 179 4
210 349 120
210 212 237 30
206 169 75
206 205 208 694 695 226 9
206 205 204 203 98 2
206 203 98 8
197 129 85
195 155 92
195 48 772 171 5
195 680 266 20
195 196 194 12 3
195 194 12 9
190 149 107
188 67 47
188 300 672 200 15
188 300 708 706 355 10
188 300 542 572 571 326 9
187 202 65
185 150 65
182 209 30
182 192 208 26
182 192 191 236 7
182 183 101 14
170 190 83
170 172 235 45
170 171 299 9
170 134 615 140 16
169 39 66
166 47 113
166 615 140 5
166 615 109 316 2
166 167 144 47
166 164 94 36
166 164 167 144 1
165 280 109
165 167 144 12
162 233 46
162 163 282 3
161 119 92
161 136 176 104 3
161 136 194 12 30
161 160 261 1
161 159 223 3
157 193 36
157 156 96 2
157 155 156 96 3
153 68 44
153 683 681 133 2
153 154 23 10
153 152 154 23 13
147 186 100
147 176 104 3
147 174 220 45
147 108 107 109 316 5
146 304 128
146 326 327 350 1
146 46 331 40 2
146 622 327 24
143 293 92
141 251 66
141 46 676 284 21
128 192 155
128 623 77 2
128 742 462 451 474 342 3
128 742 13 332 403 339 11
128 129 17 17
126 33 151
126 777 776 778 344 1
124 122 142
124 513 108 8
124 707 86 39
111 102 59
110 174 83
103 117 136
103 105 30 13
103 104 106 105 30 1
103 104 105 30 4
94 249 94
94 168 167 144 4
94 168 164 167 144 2
94 98 2 45 121 2
90 341 72
90 89 216 21
88 320 99
88 768 770 109 25
88 89 216 23
85 273 78
85 312 6 38
85 86 346 31
83 157 129
83 82 80 354 10
81 272 156
81 176 104 23
81 742 13 332 403 339 4
81 742 13 332 331 40 2
81 84 80 354 6
81 80 354 19
79 116 93
79 622 327 2
79 207 204 203 98 3
79 207 203 98 9
79 663 466 31 1
79 663 203 98 7
79 663 73 84 19
79 663 272 256 11
79 62 66 199 198 191 15
77 204 42
77 313 2 27
75 287 71
75 171 299 9
75 474 342 11
70 199 58
70 73 84 1
70 72 73 84 6
70 72 71 207 23
58 60 159
58 59 586 585 298 15
56 329 139
56 491 16 20
56 491 489 215 12
56 744 403 339 13
56 744 160 261 3
56 744 789 788 222 6
56 744 743 52 290 8
56 744 743 401 331 40 14
55 172 48
54 353 63
54 201 181 23
54 412 295 1
54 525 13 4
51 65 68
51 294 333 163 6
51 294 333 776 778 344 3
51 53 52 290 5
49 126 90
44 188 81
42 114 139
42 36 170 44
41 26 131
41 36 170 1
40 97 89
40 677 661 366 232 12
40 677 661 664 380 283 2
40 677 661 662 680 266 5
38 291 162
38 786 112 26
38 546 447 64 12
38 546 542 572 571 326 1
38 39 36 170 13
37 134 123
35 111 108
35 34 229 27
29 147 85
29 33 191 236 9
29 32 672 200 21
29 32 30 73 18
29 30 73 17
27 289 26
27 707 86 31
27 28 110 27
19 330 92
18 314 166
18 60 423 337 10
18 60 776 778 344 6
18 60 681 133 31
16 303 114
14 285 120
14 99 138 8
14 586 585 298 3
14 180 159 223 34
14 11 87 26
7 38 53
7 580 15 31
7 6 321 17
7 6 380 283 10

