609

979 1 37
979 273 377 48
979 273 297 195 38
979 273 488 445 40
979 273 488 810 187 309 32
979 273 22 275 33
959 106 42
959 341 145 42
959 341 953 440 27
959 943 209 46
959 943 975 225 30
957 391 40
957 669 368 124 25
957 669 860 255 47
957 669 860 288 473 39
957 669 99 166 30
957 580 481 43
957 580 280 0 20
957 337 843 390 38
957 337 794 169 8
957 31 289 98 33
957 570 359 41
957 570 47 242 30
957 570 569 113 39
957 570 569 417 135 30
957 271 55 618 64 2
957 271 609 162 47
957 878 475 33
957 258 948 760 923 408 6
957 258 948 841 68 40
957 546 12 45
957 546 679 636 439 34
935 467 49
935 976 48 45
935 976 212 302 49
935 617 174 41
935 617 69 168 101 40
935 617 742 126 32
935 836 856 851 9 7
935 836 662 429 146 48
935 836 662 229 720 463 13
905 232 48
905 77 209 494 27
870 169 105 31
870 169 926 29 43
870 169 926 116 433 36
870 169 926 116 711 489 35
870 169 722 329 17
870 966 426 40
870 966 556 409 27
870 807 208 47
870 460 238 33
870 460 15 53 25
870 826 407 49
870 826 389 3 37
870 960 394 44
870 960 369 387 31
870 960 369 168 101 8
870 960 369 490 257 30
852 372 46
852 88 94 49
852 88 731 557 122 136 39
852 88 731 430 441 45
852 88 731 67 395 227 49
852 88 888 89 46
852 88 140 679 636 439 14
852 88 140 325 306 30
852 88 140 895 25 997 190 15
852 60 391 468 31
852 60 391 487 295 20
852 60 305 469 35
852 60 313 478 48
852 449 2 38
852 756 862 543 286 27
852 756 113 74 4
852 607 102 27
848 4 42
848 934 86 49
848 934 101 326 7 11
848 934 259 125 474 49
848 934 259 52 214 18
848 934 259 707 374 35
848 400 269 641 313 40
848 400 486 358 36
848 400 665 79 47
848 779 419 34
848 779 614 217 34
848 779 614 41 127 36
848 779 509 155 114 38
848 779 929 69 47
848 779 296 400 36
848 779 15 53 12
848 779 436 456 30
848 399 425 38
848 457 104 401 27
848 202 82 41
848 202 704 66 5
848 202 75 77 38
848 202 75 278 418 24
848 202 201 798 438 11
848 720 463 22
833 78 43
833 447 470 29
833 35 33 8 44
833 35 459 233 41
833 35 323 52 214 12
833 103 403 46
833 103 453 259 45
833 103 474 200 31
833 103 600 503 444 16
833 103 600 942 26 11
833 103 600 24 5 32
833 103 245 411 117 31
833 945 397 46
833 694 18 48
833 694 757 197 38
833 694 757 398 382 33
833 694 757 398 375 236 49
833 694 901 265 45
833 694 901 293 108 40
833 304 301 40
821 292 40
821 454 166 564 483 17
821 454 368 124 12
821 454 171 294 42
821 454 171 21 341 36
821 454 171 772 476 43
821 454 171 921 405 31
821 454 715 262 33
821 683 81 43
821 683 737 321 36
821 683 858 220 43
791 268 48
791 169 722 329 4
791 230 802 59 501 130 28
791 230 802 885 221 39
791 230 802 79 460 42
791 230 802 503 444 24
791 230 495 193 38
791 230 495 203 65 11
791 230 660 395 30
791 230 549 245 31
791 230 549 536 315 9
791 676 44 20 277 21
791 676 436 456 13
791 478 162 333 33
791 478 162 195 67 27
654 380 39
640 305 33
640 995 541 340 47
640 995 86 144 39
640 386 944 255 73 35
640 386 944 85 223 45
640 386 342 149 5
640 309 205 31
640 309 379 58 45
640 309 379 689 43 41
640 309 379 283 72 48
640 309 379 451 284 49
640 309 450 254 34
640 309 450 78 261 12
640 309 450 642 415 6
640 309 364 413 46
640 309 691 188 339 35
640 309 954 335 34
640 309 954 63 351 6
640 842 95 47
640 842 313 783 251 14
640 234 799 778 266 41
640 416 96 41
640 916 410 35
640 916 632 85 42
640 761 290 31
634 182 39
634 496 356 424 48
634 496 243 289 98 10
634 496 159 105 276 8
634 496 159 565 385 33
634 496 912 23 32
634 535 329 488 46
634 535 329 105 276 25
634 535 877 355 42
634 535 877 390 448 34
634 535 877 56 198 48
634 535 447 470 6
634 161 248 35
634 161 781 300 42
634 161 781 372 291 33
634 161 297 195 10
634 786 464 33
634 786 387 132 35
634 786 387 720 463 8
634 146 458 47
634 146 554 46 892 285 41
634 146 554 46 892 57 274 27
634 146 370 142 30
634 146 370 933 202 34
634 146 370 933 777 354 31
634 607 102 18
634 49 331 37
634 49 886 421 48
629 327 46
629 677 376 43
626 383 46
626 152 405 138 46
624 120 38
624 178 237 35
624 178 942 26 14
613 699 568 336 49
613 699 568 121 44 26
613 699 643 986 222 42
613 699 643 45 206 30
613 528 333 326 7 14
613 637 378 32
613 637 365 486 43
613 637 365 582 283 33
613 637 368 124 10
613 637 987 389 33
613 637 987 499 316 32
613 637 421 199 16 24
613 637 386 342 149 30
613 637 386 345 712 281 37
613 19 332 34
613 19 814 370 46
613 723 911 31 21
613 723 717 122 34
613 73 573 212 6
613 73 633 787 241 41
613 73 998 71 35
613 73 206 230 27
613 227 326 34
613 227 646 116 34
613 227 850 182 427 273 41
613 227 378 84 131 434 38
613 119 513 299 37
613 119 805 246 12
613 867 472 35
613 867 942 26 6
613 126 57 31
613 126 98 736 258 46
603 238 356 47
603 238 59 501 130 9
603 238 684 66 62 6
603 438 10 39
603 438 532 663 436 49
603 438 652 491 41
603 360 218 33
603 818 437 31
603 818 958 188 339 5
603 818 958 949 364 31
603 818 145 134 46
603 127 129 44
603 135 61 46
603 964 175 44
603 964 328 417 46
603 980 37 41
603 980 53 221 154 28
603 980 675 299 898 104 14
603 980 940 477 40
603 696 229 48
603 280 0 17
592 179 34
592 324 456 366 40
592 324 456 627 22 42
592 324 134 26 38 30
592 631 111 32
592 631 692 349 43
592 631 692 625 82 178 15
592 631 214 431 42
592 708 142 612 330 30
592 113 74 36
592 113 20 277 17
592 113 20 225 459 46
562 314 35
562 938 34 40
562 938 911 31 16
562 938 911 520 192 49
562 938 250 39 32
552 298 33
552 824 457 46
547 323 48
547 583 379 35
547 583 534 160 15
547 900 297 35
547 900 755 645 495 35
547 900 755 413 674 249 8
547 900 755 476 687 454 44
547 900 495 203 65 19
510 250 37
510 694 901 293 108 5
510 189 71 480 34
510 780 118 38
510 780 442 416 31
510 780 442 684 66 62 24
510 780 819 256 40
510 780 357 88 30
510 780 797 303 39
510 174 803 45 40
510 174 803 396 398 46
510 990 865 362 45
510 990 237 432 44
510 990 291 767 35 25
510 990 511 11 35
510 990 956 6 33
510 506 348 41
510 506 523 99 36
510 506 523 380 344 33
510 506 523 999 228 31
510 506 523 988 90 37
510 506 630 15 33
510 506 831 9 369 41
510 506 508 927 161 21
510 190 187 24
489 406 43
489 95 42 37
489 95 820 187 309 1
489 95 936 404 48
489 95 936 303 455 32
489 95 936 50 443 422 12
489 222 180 41
489 222 439 32 33
489 222 941 328 36
489 222 722 329 20
489 222 862 543 286 12
468 487 44
455 19 30
455 668 458 982 188 21
455 133 153 30
455 133 431 109 32
397 196 31
397 597 936 50 443 422 12
397 597 936 493 219 5
397 597 142 612 330 15
397 597 208 681 718 204 20
397 597 426 751 371 36
397 597 172 529 322 43
397 597 172 660 395 14
397 597 678 28 36
397 240 461 30
397 240 620 148 38
397 240 577 286 158 42
397 244 390 448 1
397 244 390 231 177 5
397 366 471 804 56 36
397 366 471 804 898 104 16
397 366 806 51 39
397 811 692 625 82 178 9
397 868 308 31
397 868 335 343 31
397 884 270 39
397 884 82 178 8
397 884 771 173 31
393 353 32
393 947 78 261 30
393 947 206 230 1
393 947 27 271 37
393 947 27 674 249 28
393 48 155 39
393 48 54 475 412 40
393 48 555 449 41
393 194 42 360 41
393 92 499 44
393 38 895 25 997 190 27
393 209 494 16
393 695 41 44
393 695 920 480 337 43
393 695 920 480 732 247 39
382 159 46
382 706 361 40
382 706 684 66 62 14
382 424 52 42
382 800 496 49
382 800 904 497 47
382 800 904 927 161 24
382 494 249 75 278 418 25
382 494 249 515 50 34
363 125 30
363 698 402 42
363 698 354 747 14 49
363 351 910 244 38
363 351 487 295 29
363 72 6 287 42
363 72 991 296 37
363 355 171 45
363 318 430 47
363 318 967 110 42
363 318 967 525 482 46
363 318 967 866 36 45
282 338 47
282 604 479 45
282 604 294 25 41
282 604 762 427 40
282 604 177 68 121 4
282 604 177 534 160 28
282 604 373 407 307 5
277 210 34
277 718 204 10
277 601 526 83 46
277 601 951 350 288 33
277 601 578 93 42
277 601 578 701 168 23
277 601 18 119 44
277 601 498 970 330 185 37
277 981 189 39
277 981 218 484 14
277 954 63 351 36
277 197 348 466 38
277 197 348 465 54 35
277 248 775 485 39
277 248 753 128 32
277 748 163 30
274 875 559 346 47
274 106 172 32
274 106 704 66 36
274 106 840 231 6
274 106 504 151 35
274 106 34 133 42
274 818 145 134 2
274 818 145 859 453 32
274 818 145 859 544 317 39
274 891 667 707 374 3
274 891 667 707 402 278 4
274 891 605 639 100 30
274 813 156 31
274 925 226 17
274 993 381 47
252 80 43
252 764 300 186 44
252 764 300 872 368 8
252 764 300 750 92 34
252 764 216 310 38
252 764 216 840 231 8
252 764 735 602 311 31
252 764 735 422 282 4
252 514 59 37
252 514 554 46 892 57 274 7
252 514 190 187 12
252 514 917 347 48
252 40 272 32
241 207 31
241 648 825 869 402 278 36
241 648 564 483 29
241 648 257 493 43
241 922 242 184 33
241 922 242 326 7 21
241 922 242 326 924 55 34
241 922 872 368 2
241 163 211 46
241 163 594 872 368 28
241 163 594 872 97 325 42
241 805 246 36
241 805 314 350 40
241 805 759 393 46
241 29 446 41
241 29 2 253 31
241 29 703 167 48
241 909 235 42
241 909 338 411 43
241 312 932 279 32
241 953 440 10
241 953 150 203 35
241 596 549 536 315 27
241 596 611 60 49
241 596 401 931 392 46
241 301 196 429 40
241 301 196 419 231 177 17
241 301 394 76 33
241 301 576 20 42
241 495 203 65 18
241 495 203 721 252 47
241 649 345 39
241 649 851 9 29
241 649 68 121 36
241 81 363 40
241 782 298 234 40
241 782 199 16 7
228 420 43
213 91 46
213 578 701 168 13
213 566 112 36
213 566 206 230 12
213 566 206 251 17 45
213 566 913 794 169 23
213 566 913 540 33 48
213 205 399 7
213 444 47 39
213 137 353 13 48
213 623 263 38
213 623 45 463 447 40
213 623 260 386 32
213 623 801 131 22
191 24 43
191 812 21 34
191 812 988 90 4
191 812 485 441 215 32
191 224 319 41
191 832 457 104 401 11
191 263 745 443 38
191 263 716 224 30
191 263 246 519 414 15
191 321 522 451 35
191 321 481 406 49 30
191 321 982 188 11
191 321 585 107 43
191 321 978 143 44
191 321 595 342 42
191 384 502 465 16
186 312 41
186 352 502 465 29
183 373 43
183 889 347 334 37
183 226 181 38
183 226 452 240 45
183 236 213 42
183 39 147 32
183 39 247 450 47
183 404 150 45
183 404 139 420 176 44
183 404 151 801 131 26
183 404 285 318 34
183 404 462 375 41
183 404 462 339 27 46
183 404 462 339 57 274 12
183 556 409 5
129 384 47
129 925 226 18
129 925 831 9 369 5
129 925 760 923 408 31
129 343 396 47
129 343 195 67 7
129 343 918 804 898 104 8
129 584 199 49
129 584 415 289 35
129 584 423 164 42
129 584 599 498 49
129 903 352 46
129 903 658 123 33
129 903 658 167 140 38
129 903 883 46 40
129 651 40 39
129 651 450 642 415 25
129 651 196 419 231 177 27
129 651 483 157 33
129 651 483 798 438 20
115 357 47
115 432 121 44 11
115 670 63 40
115 670 846 435 41
115 589 785 373 407 307 37
100 324 42
100 815 479 422 282 41
100 815 440 519 414 23
100 855 218 484 21
100 855 846 435 5
100 443 422 6
100 239 452 38
100 239 618 64 31
100 112 776 381 304 43
100 112 936 493 219 38
100 553 365 31
83 191 31
83 789 183 48
83 789 730 313 783 251 22
83 789 730 313 672 84 39
83 622 367 30
83 622 118 137 48
83 622 118 804 898 104 2
83 622 118 977 152 33
83 622 118 977 545 30 5
83 622 65 573 212 42
83 448 462 34
83 734 423 41
83 734 294 25 8
83 734 205 399 41
83 726 267 31
83 726 388 97 31
83 726 769 693 139 31
83 726 473 179 165 26
83 726 516 103 38
80 141 34
80 548 118 977 545 30 31
80 548 361 87 30
80 548 880 170 40
80 295 388 32
80 295 887 269 36
80 412 320 30
80 64 201 46
80 12 194 33
80 809 428 38
80 342 149 9
36 264 42
36 279 75 42
36 279 221 154 19
14 115 49
14 974 243 38
5 471 31
4 293 41
4 91 239 46
4 91 101 326 924 55 13
4 91 741 442 47
4 91 109 971 173 260 46
4 91 109 17 70 33
4 91 822 490 43
4 973 216 33
4 989 492 36
4 989 179 165 16
4 840 231 25
4 788 767 35 15
4 727 746 280 48

