1273

998 367 81
998 100 157 4
998 423 39 33
998 975 390 27
998 801 530 312 11
998 714 249 49
998 925 7 27
998 340 5 15
998 340 646 103 7
998 4 181 6
984 36 57
984 224 327 37
984 398 299 37
984 241 262 7
984 964 142 21
984 382 87 16
984 776 185 34
984 390 260 34
984 390 826 475 4
984 76 719 76 3
984 76 374 176 51
984 60 264 19
984 60 771 12 24
980 72 76
980 178 111 498 39
980 899 48 11
980 859 84 19
980 576 310 235 42
980 679 43 23
980 667 770 342 28
980 667 30 265 4
980 653 867 218 13
980 263 75 38
980 186 23 5
955 153 58
955 954 585 397 25
955 833 965 81 3
955 792 937 20 4
955 792 512 215 16
955 792 47 141 9
955 680 362 13
955 680 844 111 10
955 641 225 14
955 588 773 202 31
955 588 826 475 8
955 400 802 127 12
955 223 126 25
948 364 95
948 176 925 7 47
948 696 170 34
948 198 499 19
941 487 18
941 878 358 19
941 605 464 13
941 605 109 146 6
941 605 69 432 4
941 605 979 173 20
941 605 171 412 1
941 130 148 193 41
941 130 512 215 3
941 280 421 83 23
941 694 740 821 73 9
941 109 146 33
941 696 170 23
941 618 275 17
941 459 89 14
941 459 573 159 18
941 459 767 121 13
940 301 88
940 947 447 33
940 223 126 28
940 44 131 24
940 44 625 385 5
940 419 1 17
940 419 408 120 3
940 356 309 6
940 344 366 36
940 306 401 34
940 263 75 34
940 180 946 65 25
939 110 41
939 459 767 121 7
939 825 97 31
939 408 120 7
939 539 748 70 10
939 539 625 385 16
939 539 260 186 14
939 539 216 482 27 8
939 663 136 3
939 171 412 4
939 868 591 243 18
939 555 395 39
939 359 311 19
939 58 999 119 11
936 199 82
936 231 303 27
936 63 207 42
936 176 925 7 1
936 770 342 28
936 617 866 430 18
936 62 344 366 5
931 417 105
931 674 400 54
931 825 97 21
931 986 150 10
931 504 641 225 15
931 504 318 403 36
931 112 258 18
931 845 474 24
931 757 86 17
931 617 866 430 5
931 590 646 103 9
931 415 291 33
931 395 491 44
931 373 327 224 27
931 373 289 495 14
931 23 274 31
931 23 100 157 14
930 326 92
930 370 476 22
930 706 486 45
930 49 356 26
930 605 171 412 5
930 617 866 430 22
930 617 356 309 20
930 386 434 208 9
916 171 49
916 717 418 13
916 839 209 24
916 440 389 46
916 207 15 19
916 159 918 331 31
916 159 652 105 17
911 398 41
911 113 45 43
911 327 224 37
911 677 227 45
911 924 143 5
911 531 61 24
911 531 514 415 2
911 526 24 7
911 758 315 39
911 663 136 37
911 663 288 455 12
911 375 399 79 18
911 375 593 212 15
911 272 774 294 11
911 37 42 248 6
910 132 94
910 973 28 43
910 531 514 415 2
910 893 8 20
910 728 870 823 392 29
910 728 407 393 1
910 414 461 315 163 15
910 414 131 125 21
910 349 425 29
910 53 635 119 463 6
910 53 235 325 27
910 53 633 178 4
907 420 102
907 975 390 19
907 496 317 7
907 713 552 93 22
907 713 618 275 3
907 393 467 44
907 855 204 28
907 338 160 11
907 117 205 223 5
884 172 24
884 136 320 47
884 908 154 36
884 886 293 9
884 43 72 276 32
884 990 67 20
884 125 99 23
884 96 19 12
884 96 134 58 1
884 96 616 272 7
880 140 56
880 982 707 375 2
880 641 225 8
880 730 878 358 6
880 730 447 344 14
880 540 739 261 14
880 255 466 47
880 969 239 12
880 543 642 322 9
880 824 483 374 9
880 824 482 27 5
880 824 119 463 13
880 57 124 30
875 135 46
875 973 28 11
875 973 455 252 6
875 973 576 310 235 1
875 482 27 30
875 196 472 280 5
875 196 436 343 44
875 947 447 34
875 729 947 447 17
875 408 120 28
864 38 62
864 141 205 223 30
864 141 89 0 5
864 965 81 7
864 759 14 33
864 296 905 241 22
864 296 302 296 3
864 296 34 443 20
864 625 385 9
861 442 95
861 924 143 54
861 821 73 51
861 638 433 14
861 749 477 13
861 580 346 28
861 3 91 28
861 671 593 212 19
861 979 173 2
861 774 294 46
861 516 97 379 35
861 280 421 83 9
861 280 49 356 4
861 277 367 448 6
861 258 220 27
861 4 181 6
853 237 91
853 865 260 186 15
853 865 395 491 16
853 683 521 359 12
853 262 182 7
853 503 368 12
853 631 115 12
853 631 263 75 28
853 993 328 441 16
853 385 946 65 23
853 734 634 222 22
853 235 325 44
847 32 99
847 191 886 293 26
847 191 231 303 12
847 204 935 377 12
847 70 285 10
847 70 397 427 24
847 322 972 214 26
847 691 521 359 12
847 749 477 38
847 454 802 127 3
847 165 189 29
847 128 288 18
847 113 45 42
847 11 341 8
843 175 107
843 920 310 6
843 895 151 35
843 866 430 19
843 697 16 37
843 138 119 463 18
843 856 403 719 76 11
843 856 403 219 461 6
843 856 570 42 8
843 91 721 200 36
843 40 273 213 23
843 40 759 14 9
843 472 280 21
843 711 130 19
843 727 314 18
843 496 317 11
843 426 245 17
843 374 176 12
834 255 77
834 949 246 22
834 720 426 245 9
834 570 42 10
834 245 478 46
834 245 589 191 2
834 764 328 26
834 566 707 375 5
834 182 407 19
834 182 796 482 5
834 167 484 20
830 351 69
830 802 127 41
830 57 124 11
830 964 142 13
830 719 76 10
830 409 203 14
830 934 323 9
830 428 348 13
830 428 655 165 1
830 428 148 193 5
830 415 291 5
830 307 34 20
830 146 69 47
818 297 68
818 694 740 821 73 25
818 378 29 13
818 963 411 7
818 396 123 20
803 122 16
803 859 84 20
803 829 270 52
803 244 778 492 39
803 244 719 76 13
803 773 202 40
803 644 10 22
803 954 585 397 7
803 954 506 485 8
803 817 878 358 11
803 817 304 11 23
803 817 51 391 18
803 270 512 215 15
803 41 18 54
803 530 312 38
803 672 57 124 10
803 672 585 397 2
803 668 145 21
803 616 272 17
803 478 920 310 32
803 307 351 116 6
800 234 51
800 992 148 12
800 981 259 39
800 844 111 14
800 471 114 38
800 471 49 356 14
800 632 126 273 15
800 776 185 14
800 378 29 54
800 697 16 19
800 567 453 1
800 478 920 310 10
800 478 759 14 13
800 478 165 189 9
800 347 512 215 6
800 347 806 354 256 12
800 347 281 68 10
800 289 495 32
799 155 102
799 991 339 50
799 957 283 47
799 699 279 43
799 389 568 318 10
799 389 148 193 3
799 156 374 176 12
799 156 95 2 17
780 363 25
780 893 8 8
780 239 657 139 3
780 371 796 482 11
780 371 503 368 15
780 594 184 436 22
779 188 47
779 580 346 42
779 544 778 492 6
779 908 154 2
779 795 281 48
779 538 437 9
779 654 335 27
779 610 874 421 11
779 610 403 219 461 5
779 262 182 18
772 247 75
772 470 100 34
772 639 346 233 17
772 587 380 33
772 587 668 145 5
772 282 976 195 13
772 275 318 403 11
772 142 625 385 38
772 142 212 431 7
763 987 440 8
763 530 312 13
763 768 413 34
763 945 707 375 8
763 219 461 15
763 782 183 15
763 162 439 27
763 529 592 77 7
763 529 893 8 13
763 483 374 39
763 458 184 10
763 351 116 18
763 302 296 13
763 217 354 256 30
763 217 668 145 19
761 17 107
761 22 452 36
761 13 606 240 14
761 945 707 375 8
761 945 177 253 21
761 208 920 310 13
761 891 44 24
761 654 335 5
761 522 298 16
761 517 308 47 11
761 517 330 429 4
761 517 304 11 15
753 168 26
753 988 472 18
753 724 989 156 2
753 724 131 125 9
753 160 365 9
753 518 652 105 16
753 642 322 50
753 87 440 389 7
753 87 823 392 6
745 238 72
745 934 323 5
745 876 131 125 6
745 163 789 47 141 1
745 163 727 314 10
745 646 103 34
745 419 408 120 8
745 280 49 356 2
745 582 35 37
745 447 344 18
745 349 425 12
745 175 210 35
745 175 893 8 2
745 128 288 41
745 128 484 63 11
744 354 82
744 751 277 18
744 924 143 20
744 924 160 365 30
744 418 782 183 35
744 418 383 350 13
744 49 356 15
725 205 94
725 892 929 221 44
725 657 139 30
725 292 795 281 3
725 292 655 165 6
725 440 389 14
725 611 51 53
725 15 674 400 7
725 692 826 475 29
725 692 264 313 1
725 684 351 116 5
725 684 121 21 33
725 684 258 220 6
725 607 318 403 6
725 453 219 9
725 245 589 191 9
725 245 297 290 9
725 127 976 195 12
718 494 90
718 960 575 232 5
718 937 20 26
718 837 62 8
718 661 147 14
718 661 934 323 8
718 11 341 25
718 689 937 20 36
718 456 353 39
718 112 258 4
718 49 356 14
705 416 59
705 991 339 19
705 990 67 27
705 928 307 6
705 794 112 42
705 619 974 319 38
705 619 439 134 2
705 503 368 10
702 96 58
702 723 262 182 15
702 723 346 233 23
702 406 419 34
702 360 192 21
702 360 812 88 1
702 111 498 32
702 629 217 7
702 422 36 107 9
702 405 128 27
702 342 561 382 13
702 342 490 493 6
702 407 393 22
702 286 425 394 18
702 278 289 18
702 278 957 283 26
702 278 589 191 8
690 161 63
690 989 156 51
690 114 164 50
690 393 467 45
690 393 435 269 3
690 567 453 40
690 232 136 320 6
690 634 222 22
690 425 394 17
690 116 167 12
690 116 697 16 23
686 483 40
686 997 758 315 15
686 687 102 27
686 687 354 256 7
686 484 63 41
686 879 60 51
686 630 108 9
686 167 484 17
686 409 203 26
678 149 54
678 878 358 52
678 820 387 426 17
678 820 860 423 31
678 231 303 26
678 867 218 36
678 676 462 180 9
678 364 751 277 28
678 364 34 443 10
678 165 189 19
678 25 497 8
678 10 963 411 13
678 10 585 397 17
678 10 484 63 6
678 10 511 333 12
627 4 71
627 933 357 36
627 860 423 48
627 435 269 7
627 570 42 12
627 359 311 43
627 8 550 255 466 23
615 152 28
615 807 480 13
615 348 456 353 25
615 348 47 141 6
615 768 413 19
615 193 879 60 10
615 193 570 42 9
615 585 397 41
615 402 791 929 221 13
615 402 521 359 8
615 382 87 47
615 112 258 27
613 444 87
613 248 589 191 8
613 155 370 24
613 823 392 20
613 545 481 50
613 564 685 158 12
613 482 27 15
613 345 427 40 5
613 123 198 44
612 381 99
612 926 987 440 5
612 914 49 356 8
612 914 384 471 16
612 914 327 224 27
612 671 593 212 21
612 891 44 39
612 825 97 36
579 216 74
579 905 241 11
579 704 462 30
579 355 71 11
579 656 489 22
579 244 719 76 25
551 74 15
551 783 211 38
551 338 160 19
549 85 18
549 996 33 6
549 968 552 93 9
549 597 942 196 3
549 597 202 271 9
549 350 462 180 9
549 403 219 461 9
549 731 287 20
549 562 266 465 10
549 5 451 17
548 469 64
548 972 214 21
548 703 106 32
548 979 173 43
548 888 825 97 4
548 888 455 252 28
548 670 254 24
548 173 55 13
548 138 119 463 22
537 22 51
537 695 878 358 5
537 173 55 33
537 593 212 27
537 611 51 10
537 283 424 20
537 380 655 165 10
536 236 70
536 677 227 26
536 562 266 465 13
536 993 328 441 14
536 771 12 37
536 717 418 35
536 378 29 1
536 378 89 0 3
536 783 211 34
536 516 97 379 8
536 765 652 105 6
536 765 522 298 27
536 765 250 376 3
536 344 366 29
534 405 76
534 665 693 422 8
534 665 202 271 22
534 602 410 27
534 602 570 42 15
534 542 434 208 5
534 663 288 455 18
534 433 688 473 1
534 433 330 429 7
534 433 575 232 24
534 330 429 16
534 114 164 35
534 114 795 281 3
528 360 75
528 734 634 222 1
528 305 228 31
501 59 39
501 943 332 13
501 943 326 414 2
501 943 778 492 28
501 717 418 2
501 775 408 31
501 160 365 1
501 160 526 24 22
497 244 12
497 981 512 215 7
497 956 316 28
497 523 345 16
497 523 109 146 31
497 797 119 463 10
497 797 330 429 21
497 797 219 461 2
497 741 104 23
497 838 552 93 7
497 874 421 14
497 205 223 6
497 205 760 406 6
494 292 41
494 559 522 298 6
494 559 415 291 27
494 559 111 498 12
494 399 79 34
494 265 361 10
494 265 170 354 256 4
494 351 116 46
494 468 867 218 12
494 125 99 18
489 721 200 5
489 570 42 34
489 490 493 52
489 100 157 17
489 572 457 40
489 397 427 31
489 11 341 19
487 336 84
487 860 423 30
487 609 776 185 10
487 609 47 141 11
487 79 250 14
487 199 98 6
487 478 165 189 16
487 185 109 14
487 105 26 18
485 197 98
485 964 142 16
485 869 236 367 448 7
485 869 158 278 13
485 863 490 493 23
485 751 277 40
485 642 322 12
485 972 214 51
485 320 512 215 6
485 320 535 778 492 9
485 320 488 92 36
485 262 182 15
485 121 21 10
485 9 22 452 17
485 9 405 128 4
463 9 95
463 646 103 9
463 145 727 314 22
463 145 811 731 287 20
463 145 946 65 8
463 92 933 357 3
463 92 953 796 482 1
463 958 329 42
463 958 22 452 10
463 424 796 482 10
451 94 93
451 848 990 67 1
451 848 273 213 10
451 493 899 48 17
451 996 33 26
451 969 239 38
451 306 401 24
451 270 512 215 12
451 270 212 431 13
451 212 431 17
451 109 146 9
444 449 33
444 481 748 70 32
444 42 248 20
444 5 451 24
444 355 71 32
444 453 219 40
444 453 707 375 10
444 650 373 30
444 650 97 379 14
444 624 460 54
444 495 229 13
444 495 33 459 27
444 790 134 58 17
444 361 429 50 19
444 198 499 13
444 191 231 303 19
443 118 62
443 899 48 40
443 806 354 256 10
443 11 341 31
443 807 480 54
443 462 180 33
443 475 324 53
443 323 190 8
442 80 103
442 889 230 52
442 782 183 6
442 737 134 58 7
442 522 298 7
442 183 64 27
442 183 886 293 24
442 95 2 14
442 629 217 50
442 992 148 22
442 992 308 47 9
442 319 427 40 2
442 260 186 22
442 22 452 16
441 387 27
441 711 130 40
441 582 35 37
441 260 186 35
441 636 51 391 18
441 636 179 202 271 23
437 113 35
437 927 893 8 26
437 795 281 18
437 625 385 12
437 584 17 129 38
437 850 25 15
437 218 570 42 9
437 218 315 163 6
437 218 660 844 111 8
437 399 79 6
437 643 774 294 6
437 643 608 53 14
437 643 608 812 88 15
437 643 204 935 377 7
437 171 412 30
437 212 431 16
437 392 616 272 21
432 438 62
432 854 95 2 31
432 234 840 976 195 10
432 234 397 427 5
432 450 990 67 23
432 450 794 112 12
413 162 35
413 547 206 12
413 469 470 100 7
413 469 470 760 406 4
413 281 68 35
413 18 642 322 17
413 18 642 97 379 19
413 18 658 286 16
413 412 709 57 13
413 412 41 18 3
410 169 101
410 815 282 5
410 688 473 26
410 547 206 48
410 299 757 86 7
410 405 128 9
410 337 668 145 35
410 337 215 266 465 4
381 257 40
381 637 113 45 13
381 637 397 427 16
381 637 727 314 7
381 584 17 129 6
381 595 367 448 11
381 499 778 492 11
381 159 652 105 27
369 30 104
369 952 305 19
369 655 165 50
369 648 719 76 6
369 726 942 196 27
369 726 658 286 7
369 312 334 50
369 623 641 225 3
369 623 165 189 1
369 623 346 233 35
368 490 53
368 859 84 35
368 859 126 273 10
368 900 552 93 12
368 900 383 350 9
368 384 471 12
368 47 141 29
368 91 721 200 7
368 33 459 3
368 125 99 14
368 125 425 394 22
368 57 124 13
365 137 59
365 423 39 7
365 423 355 71 8
365 423 207 15 3
365 423 207 47 141 16
365 483 374 14
353 369 100
353 874 421 10
353 521 359 9
353 216 482 27 15
353 155 370 5
353 55 447 344 7
353 55 886 293 43
353 55 4 181 2
336 144 78
336 572 457 5
336 297 290 34
336 271 201 44
336 271 963 411 4
336 271 783 211 3
336 383 350 18
336 216 482 27 5
335 177 104
335 724 131 125 10
335 649 330 31
335 889 230 6
335 491 349 32
335 326 414 31
335 46 464 844 111 1
335 46 739 261 7
335 979 173 38
335 308 47 34
335 54 435 269 5
334 384 65
334 267 302 27
334 935 377 37
334 500 308 47 23
334 229 304 25
334 229 136 320 8
334 721 200 8
334 274 592 77 5
334 144 321 383 350 6
334 144 421 83 6
334 47 141 26
334 42 248 42
332 138 29
332 938 421 83 13
332 938 768 413 6
332 922 179 22
332 922 963 411 14
332 922 304 11 1
332 415 291 5
332 358 719 76 6
332 358 768 413 3
332 798 323 190 17
332 291 306 27
332 136 320 13
332 52 49 36
331 242 17
331 439 134 43
331 669 264 313 6
331 18 658 286 9
331 18 352 458 32
331 162 439 9
331 584 17 129 7
331 922 304 11 24
331 922 782 183 6
331 922 298 399 5
331 532 445 19
331 532 591 243 28
331 291 306 35
331 185 109 31
325 338 104
325 990 67 16
325 918 331 2
325 794 112 12
325 675 117 30
325 370 476 37
325 370 850 25 14
325 370 781 355 3
314 387 426 34
314 387 397 427 7
314 375 593 212 22
314 561 382 24
314 189 714 249 3
314 189 850 25 23
314 273 213 22
314 57 124 24
311 372 28
311 654 335 45
311 408 120 26
311 246 396 52
311 397 427 6
311 404 552 93 13
311 192 937 20 23
311 29 781 355 11
303 31 82
303 306 401 23
303 30 265 42
303 790 134 58 8
303 376 727 314 18
303 376 131 125 30
300 340 54
300 649 330 42
300 603 158 278 7
300 316 352 458 8
300 488 92 21
300 323 190 25
300 323 315 163 21
300 173 55 25
300 173 42 248 21
290 187 16
290 947 447 9
290 710 767 121 5
290 710 383 350 17
290 407 393 43
290 370 781 355 6
290 370 105 26 23
290 370 171 412 7
290 796 482 9
290 611 51 25
290 289 495 54
290 243 25 497 10
290 378 89 0 8
290 37 42 248 7
290 37 17 129 16
290 267 302 3
290 250 376 22
290 63 207 14
287 268 82
287 999 119 22
287 866 430 6
287 484 63 9
287 630 108 5
287 630 722 386 18
287 426 245 40
287 134 58 36
287 568 318 34
287 143 219 461 21
287 136 320 34
284 470 67
284 458 184 22
284 662 109 146 18
284 662 100 157 2
284 36 107 13
284 991 339 18
284 433 575 232 28
284 433 484 63 16
284 433 526 24 5
284 221 490 493 23
284 221 660 844 111 8
276 388 105
276 675 117 19
276 675 333 428 13
276 675 748 70 10
276 374 176 8
276 768 413 45
276 150 328 441 8
276 105 26 39
269 496 60
269 752 490 493 4
269 545 481 22
269 415 291 31
269 295 13 30
269 883 592 77 9
269 764 328 4
269 228 158 278 26
259 454 28
259 963 411 41
259 545 481 23
259 981 512 215 16
259 996 33 38
259 759 14 6
259 251 976 195 20
259 30 265 41
257 371 100
257 928 307 4
257 855 204 24
257 855 440 389 3
257 829 270 8
257 405 128 21
257 349 425 29
257 395 491 16
257 841 450 29
257 233 677 227 4
257 36 107 48
253 435 107
253 62 344 366 20
253 125 425 394 7
253 781 355 28
253 781 782 183 26
253 567 453 39
253 879 60 17
242 479 80
242 769 337 31
242 769 775 408 9
242 695 878 358 6
242 695 315 163 11
242 674 400 12
242 396 123 5
242 396 326 414 1
242 722 386 34
242 657 139 32
237 308 77
237 872 133 28
237 845 474 24
237 757 86 26
237 685 158 23
237 519 41 19
237 519 821 73 22
237 624 460 16
237 51 391 11
209 266 21
209 491 349 21
209 273 213 26
209 634 222 14
209 538 437 20
203 378 95
203 839 209 5
203 754 79 250 38
203 754 697 16 12
203 295 13 30
203 777 333 428 46
203 452 49 356 20
203 418 383 350 12
203 692 264 313 18
201 82 86
201 999 119 39
201 956 316 7
201 909 68 174 20
201 795 281 28
201 758 315 15
201 354 256 11
201 41 18 48
201 345 427 40 20
201 898 266 465 19
201 898 552 93 5
200 46 63
200 944 867 218 26
200 770 342 39
200 511 333 7
200 256 187 404 10
200 93 25 497 24
200 241 262 32
200 27 789 47 141 1
200 27 126 273 10
200 27 503 368 13
200 97 379 24
181 434 69
181 868 591 243 28
181 654 335 23
181 221 660 844 111 5
181 196 933 357 29
181 815 282 36
181 11 341 7
172 166 86
172 202 271 5
172 388 674 400 33
172 703 106 3
172 703 634 222 29
172 703 395 491 4
172 245 297 290 34
172 889 230 51
172 126 273 36
154 101 74
154 829 270 12
154 568 318 45
154 905 241 12
154 706 486 43
154 873 823 392 5
154 873 647 194 14
154 258 220 49
154 72 276 7
153 456 91
153 855 440 389 17
153 816 722 386 14
153 591 243 4
153 455 252 9
153 382 87 12
153 912 418 383 350 4
153 912 530 312 14
153 925 7 14
153 482 27 7
153 312 334 12
153 52 49 50
152 468 34
152 972 214 10
152 682 421 83 16
152 682 920 310 25
152 682 250 376 4
152 246 396 8
152 243 25 497 9
152 224 327 28
152 224 33 459 22
152 298 399 30
149 263 38
149 961 281 68 36
149 961 109 146 7
149 524 251 29
149 524 989 156 14
149 241 262 41
149 953 796 482 15
149 295 13 48
149 98 47 141 1
135 66 87
135 827 6 19
135 827 976 195 6
135 816 722 386 11
135 693 422 18
135 633 178 47
135 330 429 10
135 238 436 343 11
135 238 266 465 19
122 409 102
122 367 448 28
122 131 125 5
122 58 999 119 11
120 3 108
120 502 69 432 28
120 782 183 20
120 74 162 439 6
120 74 503 368 5
115 95 33
115 630 722 386 10
115 397 427 11
115 620 235 325 1
115 199 98 16
115 52 49 3
115 52 514 415 25
108 402 34
108 741 104 2
108 704 462 13
108 704 351 116 6
108 580 346 17
108 538 437 9
108 538 844 111 41
108 461 315 163 6
102 295 53
102 986 150 8
102 14 89 0 39
102 417 226 15
102 417 844 111 2
102 417 568 318 4
102 533 3 91 15
102 475 324 25
102 44 625 385 5
99 78 48
99 977 696 170 6
99 890 90 54
99 491 349 11
99 491 625 385 13
99 129 731 287 29
99 709 57 32
99 709 920 310 12
99 709 158 278 2
99 987 440 21
99 987 111 498 2
99 81 355 71 47
99 81 134 58 5
90 56 74
90 581 778 492 6
90 581 719 76 9
90 581 685 158 18
90 385 946 65 15
90 184 436 26
90 807 480 26
88 446 15
88 812 88 43
88 823 392 6
88 62 344 366 12
86 300 96
86 402 521 359 12
86 148 193 7
86 131 125 12
86 121 21 31
86 961 109 146 3
86 156 95 2 37
85 231 102
85 421 83 13
85 186 23 22
85 629 217 23
78 383 47
78 199 98 27
78 616 272 20
78 959 512 215 25
78 405 128 24
78 942 196 28
78 526 24 38
77 352 16
77 850 25 37
77 837 62 17
77 837 134 58 5
77 404 552 93 5
77 404 354 256 13
77 399 79 18
77 324 771 12 33
77 158 278 25
77 716 113 45 11
75 267 41
75 434 208 6
75 264 313 46
75 827 976 195 41
75 294 266 465 20
66 321 43
66 757 86 21
66 656 489 38
66 542 434 208 39
66 72 276 12
66 679 43 5
66 895 151 37
66 895 440 389 6
66 760 406 34
66 315 163 16
64 52 102
64 946 65 25
64 974 319 42
64 310 235 10
64 140 488 25
64 140 165 189 9
64 140 891 44 4
64 140 929 221 5
64 65 496 317 6
64 65 323 315 163 1
64 65 3 91 6
64 105 26 19
48 284 73
48 681 54 24
48 681 89 0 15
48 681 472 280 7
48 525 899 48 5
48 340 646 103 35
48 51 391 29
48 28 697 16 10
48 23 100 157 37
48 23 328 441 10
26 347 73
26 915 246 396 13
26 915 506 485 12
26 759 14 42
26 68 174 12
26 975 390 5
26 261 315 163 9
26 394 158 278 8
26 394 472 280 44
26 640 975 390 3
26 640 418 383 350 16
26 791 929 221 17
26 629 217 29
21 37 79
21 562 266 465 23
21 466 891 44 12
21 850 25 16
21 408 120 13
21 182 796 482 28
21 283 424 18

