50

183 20 20
183 235 30 4
183 234 226 28 4
183 125 13 1
183 39 332 268 34 5
183 39 332 31 150 15 10
183 11 2 16
112 338 268 34 15
112 337 197 231 28 207 25 1
112 337 71 28 207 25 14
112 337 29 4 26
112 300 37 4
112 300 289 232 29 6
112 300 224 27 1
112 300 139 187 21 6
112 266 278 35 10
112 266 246 32 19
112 266 110 238 31 1
112 266 110 238 170 18 18
112 171 187 21 10
112 171 167 161 48 7 12
112 171 48 7 1
81 212 26 21
81 189 23 26
81 189 258 336 77 9 9
81 188 22 22
81 188 193 24 23
81 69 8 30
81 69 343 144 14 18
30 5 24
30 322 39 17
30 322 320 316 102 11 13
30 322 317 38 10
30 256 224 27 14
30 200 299 247 33 13
15 3 7
15 292 36 24
15 292 154 168 17 7
15 260 187 21 1
15 260 137 77 9 8
15 260 5 1 23
15 181 19 8
15 17 54 170 18 6
0 0 26
0 298 310 40 6 4
0 164 16 24
0 98 210 89 48 7 5
0 98 83 118 12 13
0 98 79 97 10 14
0 11 2 10

