111

743 96 29
743 183 131 14 21
743 145 591 270 35 1
743 145 176 279 36 4
662 87 6
662 520 701 195 25 10
662 520 514 64 30
662 520 514 483 60 6
662 520 514 155 41 6 4
662 520 431 52 6
662 421 50 28
662 310 536 584 71 7
662 310 536 147 16 26
655 84 26
655 599 722 94 2
655 464 56 21
655 461 54 30
655 283 165 21 22
655 283 165 688 270 35 3
655 18 3 15
652 83 3
652 640 369 47 4
652 606 74 14
652 606 671 88 19
652 335 42 18
618 77 9
618 485 344 43 15
618 385 48 29
618 316 692 89 1
618 316 163 713 692 89 11
618 58 9 16
618 38 279 36 5
615 76 22
615 749 473 58 21
615 432 728 212 30 27
615 318 418 658 86 12
605 73 11
605 748 715 92 6
605 629 79 21
605 363 324 40 4
605 228 637 293 38 13
605 228 157 19 23
605 212 30 2
559 648 81 19
559 578 208 29 5
559 446 649 82 19
559 446 198 27 12
559 344 43 13
559 121 12 18
543 66 24
543 623 619 78 10
543 256 588 448 53 29
451 651 589 656 85 1
451 651 342 667 264 33 9
451 651 342 244 224 506 62 12
451 651 182 23 14
451 619 78 3
451 552 68 28
451 159 20 4
451 47 610 75 22
426 51 2
426 673 393 49 18
426 635 80 8
426 635 707 713 692 89 6
426 635 674 71 366 46 19
426 635 93 550 67 15
426 544 44 205 28 17
356 45 10
356 564 69 13
356 367 207 475 249 32 10
266 34 11
266 379 337 235 249 32 2
266 116 726 95 1
266 116 384 393 49 11
225 31 17
225 302 39 2
225 34 14 2 17
213 712 91 19
213 276 462 55 27
213 127 13 11
213 120 369 47 8
213 100 148 17 29
138 719 93 8
138 595 72 2
138 595 455 499 61 5
138 595 455 326 196 26 11
138 468 506 62 12
138 465 57 3
138 465 291 37 11
138 73 324 40 7
138 73 269 480 59 7
138 73 188 24 12
138 10 636 715 92 8
138 10 636 235 249 32 6
95 10 18
57 8 28
45 7 11
45 524 65 22
45 524 133 15 20
45 179 22 7
45 179 597 297 115 11 7
45 179 329 41 15
36 5 12
36 460 7 1 18
36 305 189 700 90 20
36 305 149 18 14
23 4 19
23 566 70 7
23 348 44 4
2 0 28
2 509 63 14

