485

730 735 758 170 3
730 731 744 138 18
730 731 746 29 19
730 731 749 63 1
730 738 131 14
730 740 7 8
730 741 253 14
730 742 31 15
730 743 140 12
730 513 531 298 11
730 513 511 517 207 5
730 513 511 519 301 3
730 513 510 516 186 7
730 364 384 99 3
730 145 146 154 62 5
730 145 150 25 17
730 145 74 90 110 3
730 37 47 126 3
730 37 48 161 14
682 692 124 12
682 693 82 9
682 732 752 233 12
682 732 753 38 7
682 732 551 563 43 21
682 732 551 328 343 230 4
682 681 688 108 22
682 681 329 350 191 10
682 541 549 39 11
682 511 519 301 5
682 440 445 109 14
682 423 438 155 4
682 423 495 498 316 20
682 423 495 499 156 6
682 395 414 36 1
682 395 415 227 3
682 365 386 251 7
682 365 387 141 2
682 361 785 787 798 58 7
682 361 785 788 2 1
682 283 299 75 12
682 283 735 758 170 11
682 283 658 667 229 2
682 283 658 670 194 5
682 263 278 120 12
682 263 540 542 30 6
682 263 360 366 276 1
682 263 360 368 244 11
682 233 234 250 42 1
682 233 234 230 237 117 1
682 233 234 230 238 34 1
682 233 247 26 16
682 233 248 144 11
682 233 550 557 208 2
682 124 138 312 12
682 124 142 266 8
682 76 103 129 11
682 76 360 368 244 21
682 76 360 369 142 8
682 76 75 98 306 5
638 650 65 6
638 651 303 10
638 652 1 21
638 552 564 245 11
638 552 565 95 7
638 552 681 329 350 191 3
638 552 681 329 352 280 5
638 552 495 499 156 12
638 552 392 405 305 6
638 458 473 307 11
638 458 457 466 286 1
638 261 263 360 369 142 9
638 261 263 360 371 187 10
638 261 263 360 372 125 4
638 261 263 360 373 269 1
638 261 262 271 189 10
638 261 262 272 283 8
638 261 262 273 86 5
638 107 115 206 4
638 107 118 192 10
638 107 391 395 415 227 5
638 107 391 395 419 157 4
638 107 391 392 405 305 3
638 107 391 401 162 2
638 107 391 404 76 18
638 51 767 779 172 9
638 51 767 600 603 80 5
638 51 767 6 31 317 9
638 35 36 41 232 10
638 35 36 42 287 6
638 35 38 295 7
638 35 39 107 9
638 35 40 44 7
638 35 657 540 542 30 1
635 640 103 15
635 695 701 722 268 7
635 695 187 200 32 26
635 695 187 202 293 5
635 496 503 167 15
635 496 505 213 1
635 482 491 111 3
635 482 492 210 20
635 481 485 314 6
635 481 486 297 4
635 420 424 6 1
635 393 406 40 1
635 363 379 53 13
635 363 380 258 3
635 300 306 57 5
635 300 309 127 1
635 300 310 184 5
635 215 696 701 722 268 4
635 215 696 701 724 70 9
635 215 696 701 726 45 6
635 215 440 445 109 1
635 166 172 182 1
635 166 173 262 10
635 166 657 540 542 30 8
635 166 698 713 181 7
635 124 143 220 16
635 107 391 404 76 3
635 107 601 611 238 9
635 60 61 228 3
635 60 62 304 19
635 2 21 136 8
635 2 22 292 13
635 2 0 6 31 317 5
635 2 0 7 51 9
615 620 22 11
615 621 50 2
615 736 762 67 6
615 736 763 248 7
615 736 764 21 15
615 736 734 757 16 6
615 698 713 181 2
615 695 187 202 293 5
615 695 187 203 100 3
615 732 551 328 343 230 5
615 732 230 238 34 7
615 765 769 214 23
615 765 771 308 12
615 602 613 139 4
615 602 614 33 14
615 602 766 774 225 16
615 602 514 533 37 3
615 602 235 252 201 3
615 602 235 256 195 2
615 602 235 257 72 1
615 583 597 171 3
615 480 483 224 2
615 480 328 343 230 4
615 480 106 112 93 2
615 475 765 512 523 252 3
615 475 765 364 384 99 3
615 475 550 557 208 6
615 475 550 626 634 199 9
615 475 391 404 76 1
615 475 281 291 246 4
615 456 457 466 286 8
615 456 457 468 147 1
615 456 461 134 12
615 456 636 642 27 3
615 421 430 309 10
615 393 406 40 11
615 331 329 352 280 9
615 331 329 354 151 14
615 331 325 327 340 145 9
615 304 322 11 1
615 261 262 273 86 6
615 261 269 179 22
615 261 785 788 2 2
615 188 204 74 4
615 188 540 542 30 13
615 188 540 545 222 1
615 188 187 203 100 4
615 188 185 192 169 16
615 166 72 87 190 12
615 166 72 88 71 7
615 166 1 15 310 5
615 166 1 18 8 9
615 166 1 19 41 8
615 123 134 115 1
615 123 135 313 25
615 123 136 166 10
615 123 734 757 16 4
615 105 108 160 19
615 105 616 624 202 3
615 105 216 222 234 5
615 60 62 304 5
615 37 48 161 2
615 37 280 284 263 4
615 37 280 287 112 4
615 3 23 122 8
615 3 24 223 1
581 582 589 35 10
581 582 592 290 7
581 587 274 31
581 637 649 48 2
581 768 780 215 8
581 768 783 98 10
581 768 497 506 165 10
581 768 497 507 60 3
581 768 497 508 291 6
581 768 497 509 85 2
581 768 497 421 430 309 4
581 768 442 454 84 2
581 768 442 495 499 156 2
581 580 585 10 11
581 580 586 19 6
581 580 515 535 61 1
581 580 515 537 121 5
581 555 576 226 7
581 555 578 235 2
581 555 579 236 7
581 555 553 567 137 12
581 423 495 500 132 1
581 423 495 501 302 14
581 420 424 6 9
581 420 656 664 221 4
581 420 328 345 135 12
581 361 785 788 2 12
581 361 785 282 296 237 12
581 70 77 204 14
581 70 78 5 1
581 70 79 219 4
581 6 31 317 6
581 6 32 55 2
303 304 322 11 9
303 304 324 265 1
303 304 733 755 241 3
303 304 786 790 270 4
303 304 786 792 20 3
303 304 300 310 184 7
303 304 231 239 242 11
303 319 64 7
303 320 88 11
303 321 0 15
303 325 327 340 145 7
303 361 636 642 27 4
303 361 360 373 269 5
303 390 396 267 5
303 390 398 105 16
303 390 400 198 11
303 301 313 49 7
303 301 314 311 1
303 301 315 211 7
303 301 495 501 302 9
303 301 495 502 148 2
303 234 230 238 34 1
303 51 767 6 32 55 3
303 51 700 720 315 2
303 51 625 627 254 9
180 736 734 757 16 18
180 736 734 231 239 242 8
180 736 734 231 241 256 2
180 736 217 228 285 2
180 736 217 229 205 1
180 655 661 218 3
180 625 627 254 5
180 600 603 80 7
180 600 604 288 11
180 600 608 272 11
180 515 537 121 9
180 497 421 433 130 16
180 482 492 210 9
180 482 493 106 4
180 482 5 29 173 5
180 475 281 291 246 13
180 475 281 582 592 290 7
180 475 189 206 24 2
180 475 189 209 81 16
180 475 70 79 219 1
180 363 380 258 13
180 363 655 661 218 1
180 363 655 190 213 176 5
180 302 318 13 5
180 302 655 190 213 176 4
180 302 301 495 502 148 2
180 302 189 209 81 1
180 302 189 364 384 99 5
180 260 265 188 7
180 260 267 133 10
180 187 203 100 1
180 215 440 445 109 11
180 215 440 447 149 1
180 215 787 799 216 6
180 215 5 29 173 1
180 326 330 357 104 9
180 326 330 329 354 151 1
180 326 330 329 355 289 15
180 326 336 212 16
180 393 406 40 1
180 393 407 168 13
180 393 636 643 180 8
180 422 436 119 17
180 422 437 54 4
180 475 70 80 94 13
180 475 70 81 146 1
180 475 36 42 287 2
180 475 4 26 118 4
180 481 486 297 9
180 481 487 91 5
180 481 488 114 6
180 481 420 328 345 135 3
180 481 395 419 157 14
180 541 549 39 10
180 541 734 231 241 256 1
180 541 423 495 502 148 1
180 541 280 287 112 9
180 583 597 171 2
180 583 598 261 9
180 659 672 79 9
180 659 674 92 2
180 680 684 318 9
180 680 735 758 170 8
180 680 735 759 116 3
180 680 554 573 296 1
180 680 554 4 26 118 9
180 700 720 315 14
180 700 698 713 181 8
180 767 6 32 55 2
180 786 792 20 7
180 786 796 175 3
180 786 797 90 3
180 786 232 245 284 2
180 786 167 174 196 12
180 167 174 196 3
180 167 176 102 2
180 167 177 217 1
180 167 178 278 1
180 165 168 17 28
180 165 169 15 12
180 165 170 273 3
180 148 146 154 62 2
180 148 146 160 150 15
180 148 145 74 90 110 8
180 148 145 74 91 174 2
180 148 145 74 92 203 4
180 148 6 33 56 13
180 121 126 77 2
180 121 127 9 9
180 74 92 203 8
180 74 93 59 20
180 74 94 277 6
180 60 62 304 3
180 60 63 300 1
180 60 63 300 3
180 51 625 627 254 10
180 51 625 628 14 2
180 51 625 629 250 6
180 51 625 630 68 6
180 51 625 631 243 4
180 51 553 567 137 2
180 51 482 5 29 173 10
180 51 482 5 30 158 2
180 3 24 223 5
180 3 25 152 25
65 66 279 24
65 68 271 3
65 69 46 13
65 637 649 48 13
65 637 658 670 194 1
65 637 731 749 63 3
65 616 624 202 3
65 616 657 540 545 222 2
65 616 495 502 148 13
65 616 217 229 205 14
65 616 217 1 19 41 5
65 583 598 261 6
65 583 599 264 10
65 583 146 160 150 9
65 583 146 161 249 15
65 550 626 634 199 20
65 458 457 468 147 3
65 458 457 470 164 3
65 458 190 213 176 7
65 390 400 198 8
65 260 268 177 15
65 260 766 774 225 13
65 260 766 775 200 1
65 215 5 30 158 4
65 215 5 1 19 41 2
65 185 192 169 7
65 185 195 185 9
65 185 196 159 12
65 185 197 197 9
65 185 198 28 3
65 167 178 278 3
65 167 179 52 4
65 71 84 178 5
65 73 636 643 180 2
65 73 636 647 113 3
65 73 70 81 146 2
65 73 70 82 78 18
65 73 70 512 523 252 3
65 186 187 203 100 2
65 186 551 328 345 135 1
65 186 551 328 348 12 2
65 186 551 328 349 183 11
65 186 260 766 775 200 1
65 235 257 72 16
65 235 258 87 11
65 235 231 230 238 34 1
65 262 273 86 5
65 262 275 257 22
65 262 276 240 2
65 302 189 364 384 99 4
65 302 72 88 71 4
65 326 336 212 4
65 326 337 18 11
65 326 230 238 34 2
65 362 375 231 28
65 362 625 631 243 4
65 362 360 373 269 2
65 420 328 349 183 6
65 442 495 502 148 2
65 496 505 213 14
65 496 696 701 726 45 7
65 496 696 701 728 193 7
65 512 523 252 13
65 512 524 275 10
65 512 527 69 5
65 512 528 154 8
65 553 567 137 3
65 553 570 47 24
65 553 571 239 11
65 553 572 247 1
65 697 701 728 193 3
65 697 698 713 181 3
65 697 698 715 73 7
65 697 706 101 13
65 697 707 96 11
65 697 708 123 6
65 697 625 631 243 5
65 733 755 241 2
65 733 756 128 30
65 60 63 300 18
65 60 626 634 199 1
65 60 626 360 373 269 4
65 60 626 187 203 100 1
65 60 515 537 121 6
65 60 442 495 502 148 4
65 60 235 231 230 238 34 1
65 37 280 288 259 7
65 0 7 51 4
65 0 11 163 1
50 51 482 5 1 19 41 6
50 51 165 170 273 2
50 51 329 355 289 3
50 51 363 655 190 213 176 8
50 51 363 655 190 214 66 6
50 53 255 6
50 54 89 3
50 55 3 8
50 56 260 6
50 57 23 22
50 680 554 4 26 118 6
50 680 497 421 433 130 6
50 680 497 124 143 220 2
50 680 497 124 144 282 4
50 680 262 276 240 5
50 659 674 92 13
50 659 677 143 3
50 659 440 447 149 7
50 659 440 448 319 7
50 441 453 294 11
50 441 699 716 153 9
50 441 262 276 240 6
50 441 148 6 33 56 1
50 441 148 6 34 83 16
50 75 98 306 6
50 75 99 299 13
50 75 100 281 1
50 75 553 572 247 16
50 75 553 232 245 284 3
50 71 84 178 7
50 71 85 97 6
50 147 281 582 592 290 6
50 280 288 259 3
50 583 146 161 249 11
50 657 540 545 222 21
50 697 625 631 243 5
50 735 759 116 1
50 735 760 4 18
50 36 42 287 9
50 36 43 209 5

