463

751 775 318 14
751 776 116 11
751 777 182 2
751 778 13 12
751 779 81 3
751 748 763 210 2
751 748 764 51 6
751 748 745 755 257 13
751 646 649 666 174 13
751 646 649 667 295 6
751 646 654 230 19
751 646 655 254 11
751 483 500 52 10
751 310 313 326 2 4
751 310 313 327 89 3
751 310 313 328 307 2
751 310 313 329 104 13
751 47 63 63 13
751 47 377 379 390 91 1
670 672 175 6
670 673 113 3
670 676 33 8
670 677 67 3
670 697 707 239 11
670 697 732 742 180 3
670 697 624 644 229 12
670 697 438 453 304 4
670 697 438 250 273 186 5
670 697 438 250 274 185 6
670 680 684 58 15
670 680 685 194 12
670 682 687 313 7
670 682 689 149 9
670 682 690 108 5
670 682 692 297 8
670 682 730 733 314 5
670 682 236 242 268 5
670 780 405 412 201 10
670 780 405 413 250 3
670 780 202 213 208 10
670 780 202 214 253 6
670 620 623 639 211 6
670 620 627 204 16
670 620 628 14 2
670 620 712 720 66 6
670 506 517 138 17
670 484 502 216 3
670 481 483 500 52 3
670 481 489 217 15
670 481 490 111 13
670 481 491 277 17
670 349 363 53 22
670 349 364 117 1
670 346 345 351 122 1
670 346 150 158 148 10
670 346 150 159 126 9
670 330 333 64 15
670 330 334 281 9
670 313 329 104 13
670 312 322 96 5
670 312 323 43 2
670 312 324 30 11
670 312 325 225 1
670 246 253 37 14
670 245 347 353 219 4
670 245 347 354 311 4
670 187 199 88 5
670 187 236 242 268 16
670 185 188 168 11
670 185 189 60 13
670 185 645 650 28 2
670 185 645 730 733 314 4
670 185 645 730 734 214 3
670 151 153 170 32 7
670 151 152 165 199 11
670 151 152 166 206 8
670 20 26 47 13
575 790 793 41 1
575 790 438 250 274 185 9
575 790 438 250 246 253 37 1
575 790 406 416 18 15
575 790 311 320 154 4
575 746 759 29 2
575 599 618 56 4
575 580 582 590 202 18
575 580 582 591 42 4
575 580 596 605 193 2
575 580 596 606 80 6
575 580 597 610 128 5
575 621 631 286 7
575 621 632 242 2
575 647 658 220 15
575 647 659 235 4
575 647 660 73 16
575 647 661 300 4
575 647 663 133 3
575 671 678 251 20
575 695 700 152 11
575 540 547 68 4
575 540 730 734 214 19
575 526 532 94 7
575 526 533 23 13
575 526 54 94 95 9
575 525 528 17 14
575 506 517 138 10
575 456 32 43 35 6
575 437 449 7 10
575 437 32 43 35 2
575 435 439 287 4
575 435 441 112 10
575 435 442 222 12
575 435 645 730 734 214 3
575 407 417 232 11
575 407 421 162 22
575 407 422 100 2
575 379 390 91 4
575 379 392 50 2
575 379 395 69 12
575 379 397 25 23
575 288 289 307 115 7
575 288 305 221 16
575 246 253 37 1
575 186 193 270 24
575 186 286 296 171 15
575 131 137 129 1
575 131 138 190 1
575 131 140 203 5
575 131 141 261 6
575 131 142 227 13
575 131 289 307 115 8
575 131 130 133 206 233 78 3
575 131 45 57 62 13
575 106 112 142 25
575 106 113 258 6
575 96 101 40 5
575 47 377 379 399 102 7
575 47 6 12 99 6
575 32 43 35 12
575 32 44 236 18
575 7 14 299 9
575 7 247 259 312 9
575 7 247 260 181 6
575 7 348 350 369 141 14
575 6 12 99 3
575 6 13 303 12
543 562 36 4
543 563 249 24
543 564 247 11
543 622 623 640 234 2
543 622 636 305 17
543 622 638 134 23
543 713 727 259 17
543 713 728 83 16
543 542 555 233 16
543 436 443 160 10
543 436 444 260 23
543 436 447 151 12
543 331 338 114 5
543 331 342 87 14
543 310 313 329 104 2
543 310 315 294 9
543 310 316 70 2
332 343 127 3
332 344 228 18
332 731 739 226 9
332 731 740 302 10
332 731 730 734 214 7
332 731 730 737 293 2
332 731 710 714 6 8
332 731 596 606 80 3
332 731 438 250 246 253 37 1
332 505 510 82 1
332 505 511 45 5
332 505 512 197 17
332 505 525 528 17 2
332 505 646 655 254 4
332 505 646 656 164 5
332 455 458 469 166 10
332 455 458 472 49 13
332 455 458 457 466 255 5
332 455 462 109 2
332 455 463 252 6
332 455 204 222 124 10
332 508 524 48 9
332 508 206 233 78 3
332 508 204 224 218 2
332 508 204 225 231 14
332 508 204 226 290 11
332 508 133 206 233 78 3
332 508 106 113 258 8
332 582 591 42 6
332 582 593 85 6
332 582 594 139 3
332 649 667 295 3
332 649 668 0 6
332 790 311 320 154 11
332 790 311 321 137 15
332 790 247 260 181 9
332 790 247 261 282 10
332 331 342 87 7
332 288 305 221 3
332 288 623 640 234 4
332 288 623 641 57 1
332 288 623 642 15 7
332 288 287 300 308 10
332 275 277 263 1
332 275 781 787 195 10
332 275 507 519 16 1
332 275 507 520 103 1
332 275 286 296 171 2
332 236 242 268 12
332 236 544 570 280 4
332 236 544 570 280 1
332 236 544 571 301 11
132 143 207 9
132 145 196 1
132 146 26 19
132 147 315 9
132 545 107 713 728 83 4
132 525 528 17 3
132 525 529 90 13
132 525 530 165 13
132 525 531 92 2
132 410 431 240 2
132 410 432 34 17
132 410 433 19 6
132 248 264 158 2
132 457 466 255 5
132 681 686 212 1
132 681 508 106 113 258 7
132 96 101 40 2
132 96 103 244 1
132 96 104 317 20
132 96 542 555 233 7
132 96 542 557 121 3
132 96 541 551 319 1
132 96 541 551 319 1
132 96 541 552 136 10
132 21 28 132 14
108 109 129 12 22
108 119 118 7
108 120 11 6
108 122 76 30
108 598 615 264 4
108 598 791 796 153 8
108 436 447 151 8
108 436 746 759 29 1
108 436 732 742 180 5
108 348 350 369 141 2
108 348 350 371 143 9
108 348 347 354 311 11
108 348 347 649 668 0 5
108 348 345 351 122 4
108 285 290 310 1
108 285 291 245 26
108 285 293 10 9
108 155 407 422 100 1
108 155 407 423 176 22
108 155 376 383 130 4
108 155 152 166 206 1
108 205 206 233 78 1
108 205 231 183 2
108 205 350 371 143 8
108 435 645 730 737 293 1
108 435 200 208 156 10
108 535 538 79 9
108 535 695 701 140 4
108 535 695 702 27 7
108 535 648 665 86 3
108 535 376 383 130 3
108 535 376 384 177 3
108 535 107 713 728 83 2
108 535 107 713 729 279 11
108 535 31 39 238 8
108 730 737 293 6
108 106 113 258 5
108 106 115 61 9
108 105 111 167 9
108 105 380 404 198 2
108 49 66 200 16
108 32 44 236 8
108 32 732 742 180 2
108 32 732 744 269 18
108 32 732 410 433 19 1
95 96 541 552 136 3
95 96 541 380 404 198 3
95 96 6 13 303 1
95 96 6 410 433 19 5
95 780 202 214 253 1
95 780 202 215 71 2
95 780 153 170 32 4
95 780 153 173 169 9
95 696 206 233 78 3
95 696 206 234 192 14
95 580 597 610 128 2
95 580 597 611 205 1
95 580 185 645 730 737 293 5
95 435 200 208 156 1
95 435 200 211 123 9
95 405 413 250 27
95 405 414 223 7
95 289 307 115 5
95 276 279 101 13
95 276 280 306 10
95 276 282 274 16
95 276 283 248 11
95 186 286 296 171 6
95 186 286 297 1 20
95 151 152 166 206 7
95 151 160 278 19
95 151 162 44 8
95 151 163 120 16
95 288 287 300 308 3
95 288 287 304 46 4
95 288 275 185 645 730 737 293 6
95 288 275 53 91 265 8
95 288 246 255 298 16
95 288 246 256 284 3
95 405 414 223 15
95 505 750 771 178 7
95 505 46 59 273 18
95 581 584 150 1
95 581 586 119 12
95 581 587 125 5
95 581 588 283 16
95 581 745 755 257 5
95 621 632 242 9
95 621 595 600 131 8
95 621 459 473 291 3
95 621 459 477 24 8
95 621 459 478 84 11
95 647 663 133 1
95 647 646 656 164 23
95 647 599 618 56 16
95 647 599 619 75 10
95 671 678 251 3
95 671 410 433 19 6
95 671 21 28 132 1
95 671 21 153 173 169 2
95 695 710 714 6 7
95 52 84 213 1
95 21 153 246 256 284 1
95 20 26 47 12
95 20 27 72 7
95 5 8 93 2
95 5 9 21 2
51 53 91 265 21
51 53 249 265 3 2
51 53 249 267 4 9
51 53 249 268 144 8
51 74 54 24
51 76 288 4
51 77 316 13
51 79 145 19
51 81 161 13
51 186 286 297 1 3
51 186 286 298 172 3
51 186 457 466 255 11
50 52 86 267 1
50 52 89 59 2
50 68 107 20
50 70 146 11
50 71 147 10
50 72 98 20
50 73 163 10
50 712 720 66 8
50 712 721 241 12
50 712 724 209 11
50 712 596 606 80 3
50 712 408 424 189 2
50 712 408 425 173 6
50 712 408 427 191 7
50 246 256 284 20
50 480 485 39 15
50 480 486 110 12
50 648 665 86 3
50 48 32 732 410 433 19 6
50 48 32 732 410 434 55 1
50 48 32 507 520 103 10
50 46 59 273 13
50 46 60 215 15
30 33 256 19
30 35 5 4
30 37 266 16
30 671 21 153 246 256 284 2
30 671 21 153 246 257 275 1
30 596 606 80 1
30 276 283 248 9
30 276 284 179 22
30 276 581 745 755 257 10
30 276 581 745 758 22 2
30 276 732 410 434 55 1
30 249 268 144 5
30 249 269 105 8
30 235 236 544 571 301 8
30 235 237 188 11
30 235 732 410 434 55 10
30 235 375 382 159 3
30 235 480 486 110 9
30 235 535 31 39 238 7
30 202 215 71 15
30 202 218 38 15
30 202 220 271 5
30 202 200 211 123 7
30 406 416 18 1
30 582 711 717 8 23
30 582 711 719 74 5
30 582 31 39 238 1
30 747 749 765 289 3
30 747 749 767 157 20
0 4 309 27
0 781 787 195 2
0 781 789 97 6
0 781 542 557 121 2
0 781 542 559 77 9
0 781 377 379 400 296 11
0 680 732 410 434 55 1
0 595 600 131 11
0 595 601 187 1
0 595 602 246 10
0 482 495 20 21
0 482 498 243 12
0 482 595 602 246 4
0 482 481 491 277 3
0 482 481 492 224 10
0 458 457 466 255 1
0 458 457 467 237 10
0 349 364 117 29
0 349 365 170 8
0 330 334 281 12
0 330 337 292 9
0 330 285 293 10 3
0 330 250 246 257 275 2
0 330 204 226 290 9
0 49 66 200 11
0 49 67 272 11
0 20 27 72 1
0 20 749 767 157 2
0 20 749 768 276 2
0 20 749 770 155 1
0 46 60 215 9
0 46 61 106 4
0 130 133 206 234 192 3
0 130 246 257 275 1
0 155 152 166 206 8
0 155 152 596 607 184 7
0 155 152 378 386 285 2
0 155 152 378 388 31 5
0 155 150 159 126 8
0 275 53 249 269 105 4
0 408 427 191 9
0 438 250 246 257 275 17
0 484 502 216 1
0 484 483 500 52 9
0 546 574 65 25
0 598 791 796 153 1
0 598 791 798 9 1
0 598 791 483 500 52 1
0 598 596 607 184 2
0 695 710 714 6 3
0 695 710 715 262 11
0 695 710 716 135 6
0 695 732 410 434 55 2

