440

670 672 671 698 120 2
670 692 158 24
670 693 100 4
670 694 51 28
670 695 105 17
670 696 233 24
670 667 678 72 10
670 667 680 128 6
670 615 642 43 2
670 487 497 64 14
670 460 484 249 11
645 649 270 15
645 650 48 16
645 651 223 8
645 652 188 11
645 707 717 306 4
645 745 748 762 269 4
645 745 748 767 9 12
645 745 746 755 160 7
645 745 750 264 6
645 745 751 298 5
645 745 752 12 2
645 614 635 83 18
645 614 636 28 5
645 558 569 196 24
645 558 571 247 9
645 525 531 121 26
645 525 533 36 6
645 525 534 163 1
645 502 513 210 6
645 502 514 272 7
645 347 356 307 2
645 347 359 170 6
645 347 487 497 64 4
645 347 487 498 183 1
645 347 487 499 191 4
645 347 748 767 9 1
645 347 748 768 237 15
645 347 21 28 119 5
645 231 239 267 9
645 231 419 437 23 20
645 231 419 439 75 10
645 231 419 400 403 69 4
645 192 210 260 4
645 192 212 162 7
645 126 130 52 13
645 126 132 246 13
645 126 134 280 10
645 126 504 520 4 3
645 126 504 521 200 2
645 126 504 524 46 1
645 82 90 150 4
645 82 92 288 3
645 82 746 755 160 7
645 82 367 368 384 218 1
645 82 367 368 385 305 1
645 82 367 378 195 8
645 82 367 379 274 7
546 258 8
401 409 134 1
401 410 278 31
401 771 781 56 3
401 771 782 113 4
401 771 784 123 14
401 555 562 217 8
401 555 22 32 268 7
401 555 22 33 114 5
401 369 388 292 6
401 369 390 302 7
401 369 368 385 305 22
401 152 164 8 4
401 152 590 595 125 15
401 152 170 174 297 13
401 152 775 795 40 3
401 152 775 797 6 2
401 152 775 798 154 10
401 95 97 115 6
401 81 88 201 13
401 81 726 736 259 7
358 85 29
346 351 245 3
346 528 529 547 287 2
346 528 542 127 14
346 528 543 39 6
346 528 544 124 9
346 365 367 379 274 4
346 365 367 380 146 12
346 365 367 382 152 14
346 459 478 11 10
346 459 480 179 4
346 500 506 153 13
346 500 170 174 297 7
346 500 170 175 166 11
346 592 602 176 2
346 592 646 653 256 4
346 592 366 748 768 237 1
346 668 684 300 9
346 708 718 0 1
346 708 720 76 14
346 277 287 148 13
346 277 289 26 13
346 197 502 514 272 5
346 197 668 684 300 4
346 197 668 685 60 2
346 197 668 667 680 128 16
346 197 668 667 681 57 3
346 197 194 216 33 12
346 193 213 15 6
346 153 169 68 5
346 42 53 171 5
346 42 54 271 6
346 42 101 110 89 2
346 42 400 403 69 5
346 42 400 405 18 3
346 42 525 534 163 22
328 341 186 22
328 342 284 4
328 343 25 6
328 344 55 17
328 705 709 231 3
328 529 547 287 13
328 529 549 161 10
328 529 550 21 17
328 529 551 180 2
328 395 396 299 6
328 395 399 22 9
328 395 725 729 58 8
328 395 725 731 118 9
328 395 415 420 93 10
328 395 278 279 295 149 1
328 501 508 156 12
328 528 544 124 11
328 325 329 3 12
328 325 330 112 3
328 230 235 169 29
328 230 525 534 163 4
328 230 400 405 18 1
328 230 400 406 53 7
328 172 178 232 11
328 126 504 524 46 1
328 126 22 36 219 5
328 126 22 37 172 16
328 20 21 28 119 2
328 20 21 29 81 4
328 20 25 182 3
316 319 239 9
316 320 140 25
316 321 29 5
316 322 71 6
316 323 230 18
316 748 768 237 2
316 708 720 76 3
316 708 721 240 22
316 708 724 54 6
316 667 681 57 8
316 369 368 385 305 5
316 369 172 178 232 1
316 369 172 181 77 25
316 369 172 182 34 7
316 402 411 319 18
316 402 413 255 14
316 457 470 139 12
316 457 472 304 11
316 457 473 181 7
316 457 474 104 5
316 457 455 461 275 6
316 457 455 462 133 7
316 614 636 28 6
316 614 637 282 6
316 614 638 222 8
316 614 639 164 4
316 614 640 91 15
316 773 772 787 14 1
316 773 772 194 216 33 4
316 773 772 194 220 241 8
316 773 101 110 89 11
316 773 101 113 314 4
316 773 101 114 32 8
316 773 101 100 106 224 8
316 276 278 279 295 149 6
316 194 220 241 14
316 194 221 95 2
316 194 222 281 2
316 150 154 31 5
316 102 116 265 14
316 102 614 640 91 3
316 102 2 15 141 16
316 102 2 746 755 160 7
316 102 2 746 756 167 5
316 40 43 88 8
316 23 150 154 31 3
316 23 150 155 220 4
316 23 561 586 30 12
316 23 561 587 243 5
316 23 561 588 103 11
316 23 561 589 101 6
316 23 561 748 768 237 4
316 20 25 182 3
316 20 26 215 7
316 20 27 74 9
316 20 416 425 213 8
316 20 416 426 132 7
316 20 416 429 47 10
316 3 17 122 1
281 300 108 7
281 301 202 16
281 302 174 11
281 559 560 577 244 3
281 706 710 137 18
281 745 752 12 9
281 276 278 279 295 149 5
281 276 284 79 10
281 276 260 263 2 7
281 276 260 264 63 4
281 275 283 136 4
281 275 725 731 118 14
281 232 243 67 1
281 232 244 184 12
262 272 144 24
262 273 197 6
262 274 66 20
262 360 362 289 20
262 360 593 605 178 15
262 360 190 199 242 9
262 360 190 201 211 3
262 593 605 178 1
262 593 606 294 10
262 261 269 38 2
262 261 560 577 244 5
262 196 226 290 8
262 196 171 726 736 259 12
262 196 171 40 43 88 4
262 196 171 40 44 203 13
262 173 183 303 7
262 173 184 19 21
262 173 189 253 10
255 256 7 20
255 259 279 14
255 749 55 59 236 5
255 749 55 60 126 5
255 749 55 61 65 4
255 648 660 311 8
255 648 664 165 13
255 591 598 252 8
255 591 600 310 10
255 591 601 206 4
255 485 491 257 12
255 485 325 330 112 4
255 485 325 331 227 5
255 485 193 213 15 4
255 485 193 529 551 180 1
255 402 413 255 21
255 402 414 266 8
255 367 382 152 7
255 367 383 234 5
255 360 190 201 211 12
255 395 278 279 295 149 8
255 395 278 279 296 198 9
255 395 278 279 297 20 9
255 402 260 264 63 14
255 402 260 441 448 205 8
255 456 466 80 5
255 456 467 168 24
255 456 469 291 12
255 486 487 499 191 5
255 486 492 214 7
255 486 493 177 2
255 486 40 44 203 3
255 503 517 216 10
255 503 501 508 156 4
255 503 501 512 82 1
255 503 2 746 756 167 1
255 557 568 142 9
255 557 325 331 227 12
255 557 325 332 5 14
255 233 728 744 131 14
255 233 728 671 698 120 1
255 190 201 211 1
255 190 202 316 8
255 190 203 185 23
255 95 97 115 18
255 95 770 778 262 7
255 95 725 731 118 1
255 95 725 746 756 167 2
255 95 526 527 537 73 3
255 95 526 527 540 250 8
255 80 83 313 11
255 80 556 565 129 14
255 80 556 566 193 4
255 80 556 567 159 2
255 56 726 736 259 6
255 56 591 601 206 4
255 56 400 406 53 14
255 42 525 534 163 7
255 42 41 47 102 10
255 42 40 44 203 13
255 21 29 81 7
255 21 30 16 19
145 147 92 1
145 747 748 768 237 1
145 747 757 50 7
145 747 759 41 23
145 727 739 143 2
145 727 740 117 17
145 727 742 285 13
145 616 643 207 18
145 616 644 87 3
145 616 727 742 285 2
145 616 727 743 42 12
145 616 612 626 187 4
145 616 560 577 244 2
145 616 325 332 5 8
145 559 560 577 244 6
145 559 560 579 208 10
145 559 560 584 1 7
145 559 574 251 8
145 559 575 145 8
145 415 420 93 1
145 415 422 254 8
145 415 423 99 11
145 415 424 37 5
145 395 278 279 297 20 1
145 395 278 292 35 2
145 395 104 121 110 14
145 395 104 124 276 9
145 395 80 556 567 159 11
145 395 65 68 190 3
145 345 348 24 19
145 345 728 671 698 120 9
145 345 100 106 224 1
145 151 160 45 34
145 151 487 499 191 7
145 195 224 301 7
145 195 225 225 20
145 195 191 206 229 6
145 195 191 209 173 5
145 234 252 263 11
145 365 367 383 234 10
145 365 374 96 5
145 365 646 653 256 9
145 365 646 654 317 19
145 365 22 282 310 44 1
145 365 22 282 314 157 1
145 365 22 170 175 166 1
145 395 65 68 190 10
145 400 406 53 2
145 442 452 228 14
145 442 454 175 10
145 442 315 317 90 1
145 442 315 647 658 204 4
145 442 315 707 717 306 1
145 526 527 540 250 2
145 526 527 541 116 6
145 615 642 43 3
145 615 612 626 187 2
145 615 612 627 238 2
145 615 612 628 261 11
145 615 612 629 273 12
145 615 612 280 298 130 2
145 705 709 231 13
145 774 793 189 9
145 774 772 194 222 281 4
145 774 771 784 123 5
145 103 118 209 14
145 103 441 448 205 7
145 103 441 449 318 8
145 103 727 743 42 14
145 95 526 170 175 166 12
145 95 487 499 191 1
145 95 457 455 462 133 2
145 95 136 142 235 3
145 95 746 756 167 9
145 80 556 567 159 1
145 55 61 65 2
145 55 62 295 8
145 55 775 798 154 2
145 55 530 552 78 5
145 55 530 553 286 11
145 55 81 726 736 259 3
145 55 81 726 737 312 4
145 55 725 194 222 281 1
135 136 142 235 2
135 136 143 84 7
135 136 144 199 16
135 136 746 756 167 1
135 136 327 334 309 14
135 136 327 336 97 2
135 136 327 338 107 1
135 136 327 748 768 237 3
135 136 327 748 170 175 166 1
135 137 155 5
135 140 62 22
135 502 514 272 15
135 441 450 226 17
135 150 155 220 15
135 150 158 248 6
135 150 159 61 5
135 234 252 263 8
135 234 254 277 11
135 234 558 571 247 3
135 234 456 469 291 8
135 613 630 138 2
135 613 633 59 1
135 613 611 621 147 4
135 613 611 625 86 13
135 665 671 698 120 2
135 665 671 700 94 2
135 665 671 701 13 9
135 665 671 702 98 18
135 705 709 231 17
135 125 129 296 2
135 125 21 30 16 6
135 66 71 151 6
135 66 72 212 6
135 66 73 17 6
135 1 11 308 10
135 1 12 10 24
67 76 109 18
67 77 315 5
67 78 70 6
67 79 106 23
67 502 514 272 1
67 502 501 512 82 9
67 502 501 610 618 27 3
67 440 529 551 180 4
67 440 647 658 204 22
67 440 647 659 194 16
67 417 433 49 3
67 417 434 111 3
67 417 441 450 226 7
67 417 441 451 192 18
67 417 441 279 297 20 12
67 345 100 106 224 4
67 345 100 107 293 6
67 345 65 68 190 15
67 345 65 69 135 1
67 419 400 406 53 11
67 485 193 529 551 180 9
67 0 6 221 10
67 0 7 283 14

