481

778 789 246 5
778 790 55 23
778 791 77 17
778 793 20 9
778 795 796 264 10
778 777 315 339 16 4
778 777 5 30 144 3
778 777 5 230 233 155 14
778 777 1 15 157 7
778 699 715 163 6
778 699 717 137 2
778 615 616 229 17
778 560 583 193 26
778 559 577 133 22
778 559 578 242 21
778 559 579 41 1
778 450 590 592 607 174 5
778 450 257 271 234 1
778 231 236 248 17
778 231 237 188 4
778 101 107 182 30
778 101 343 360 256 1
778 101 231 237 188 4
500 700 722 243 1
500 670 693 302 13
500 636 646 175 7
500 636 648 43 10
500 585 586 108 9
500 585 588 198 3
500 585 460 486 87 6
500 585 301 305 78 6
500 585 301 307 271 14
500 585 301 702 729 105 6
500 556 566 74 16
500 556 568 143 12
500 532 540 33 21
500 532 543 110 1
500 505 508 525 191 9
500 507 516 14 5
500 507 522 156 14
500 507 523 159 16
500 507 421 424 442 53 1
500 507 421 433 115 4
500 507 421 255 268 268 2
500 622 633 281 2
500 638 640 664 63 3
500 638 639 653 26 16
500 638 639 655 44 8
500 638 639 656 181 12
500 740 490 492 289 9
500 740 490 494 136 7
500 740 145 150 218 5
500 776 785 270 11
500 776 786 217 19
500 776 787 315 15
500 795 796 264 6
500 795 798 58 13
500 491 497 184 25
500 491 594 612 199 12
500 491 640 664 63 3
500 491 640 639 656 181 1
500 457 470 15 14
500 457 471 83 15
500 450 257 271 234 15
500 450 55 58 276 7
500 450 55 60 113 2
500 450 55 61 125 10
500 450 55 64 205 1
500 424 442 53 4
500 424 443 290 9
500 424 445 93 7
500 343 360 256 14
500 343 361 216 1
500 343 342 355 263 8
500 311 322 294 15
500 311 324 308 9
500 199 221 131 8
500 199 669 688 103 3
500 199 669 690 135 17
500 199 669 692 235 11
500 148 160 7 7
500 148 163 98 3
500 101 231 237 188 1
500 100 102 111 119 5
500 100 103 0 5
500 100 105 56 8
500 100 450 55 64 205 2
500 85 89 12 14
500 85 393 408 75 5
500 85 300 302 192 12
500 85 300 303 202 5
500 85 300 304 54 6
500 85 198 210 154 3
500 85 198 210 154 5
500 85 593 610 240 3
500 85 593 611 99 6
500 85 71 78 224 11
500 57 69 251 14
500 46 48 231 16
390 395 417 40 7
390 395 419 118 10
390 395 590 592 607 174 7
390 395 590 592 608 51 14
390 394 457 591 601 186 4
390 394 457 591 602 247 9
390 394 698 714 166 4
390 394 393 408 75 1
390 394 393 409 84 16
390 394 393 410 38 10
390 392 393 410 38 6
390 391 403 189 14
390 391 147 157 222 6
390 391 147 158 81 3
390 398 171 8
390 399 31 15
390 532 543 110 10
390 200 224 4 4
390 71 78 224 17
390 71 79 280 5
390 71 534 551 8 1
390 71 118 131 265 1
390 46 50 69 3
390 46 52 10 6
390 46 54 232 1
390 46 259 278 180 17
390 5 230 233 155 7
390 5 230 234 295 6
327 96 32
212 124 22
212 198 210 154 14
212 198 213 132 8
212 198 216 210 11
95 97 244 13
95 99 46 21
95 745 767 71 18
95 703 732 291 28
95 703 738 94 6
95 703 310 316 207 6
95 666 676 178 9
95 637 649 206 9
95 622 633 281 3
95 622 702 729 105 10
95 622 702 731 134 15
95 622 591 602 247 1
95 615 616 229 4
95 615 617 138 8
95 615 618 209 23
95 531 539 208 6
95 531 0 10 49 7
95 531 0 12 35 7
95 509 529 213 4
95 509 450 55 64 205 9
95 509 450 55 666 676 178 8
95 509 450 55 666 677 97 1
95 509 391 147 158 81 2
95 509 230 234 295 13
95 509 230 235 147 5
95 509 230 365 371 61 1
95 509 230 365 372 57 7
95 456 468 275 14
95 423 437 164 1
95 423 438 128 8
95 423 439 42 2
95 366 379 230 4
95 366 365 372 57 2
95 261 287 201 3
95 231 237 188 2
95 231 238 107 22
95 198 216 210 8
95 101 231 238 107 10
95 101 231 239 203 13
95 101 666 677 97 8
95 101 46 259 278 180 10
95 119 132 116 21
95 119 136 255 2
95 171 181 287 8
95 245 247 72 14
95 245 249 145 12
95 455 456 468 275 18
95 455 456 469 301 4
95 455 456 637 649 206 6
95 455 456 637 365 372 57 2
95 455 462 21 6
95 455 465 121 1
95 530 537 254 17
95 530 538 158 5
95 556 568 143 4
95 742 744 763 257 6
95 742 744 764 13 7
95 742 756 238 19
95 742 758 150 12
95 795 799 299 12
95 795 746 774 196 4
95 795 746 742 758 150 4
95 795 746 742 760 79 1
95 795 742 760 79 6
95 795 742 741 749 297 17
95 795 742 741 750 151 2
95 795 695 704 212 3
95 70 72 161 4
95 70 696 702 731 134 2
95 70 696 711 221 9
95 70 669 692 235 7
95 70 669 557 570 111 2
95 70 556 568 143 6
95 70 590 592 608 51 4
95 70 590 592 609 123 3
95 70 590 595 296 2
95 56 65 149 1
95 45 47 223 12
86 90 27 11
86 91 86 10
86 92 262 3
86 93 214 6
86 94 22 28
86 744 764 13 1
86 532 543 110 14
86 532 544 267 17
86 367 382 288 1
86 311 324 308 18
86 311 325 92 1
86 311 310 316 207 6
86 311 310 317 82 1
86 311 310 320 120 3
86 255 268 268 12
86 258 275 237 9
86 258 257 273 52 4
86 340 345 266 9
86 340 347 279 18
86 340 348 277 11
86 369 387 130 6
86 369 389 250 1
86 369 367 382 288 5
86 369 365 372 57 7
86 369 365 373 70 4
86 560 583 193 1
86 560 584 177 3
86 585 301 666 677 97 3
86 585 301 257 273 52 3
86 585 230 365 373 70 13
86 585 149 166 227 15
86 585 149 167 45 9
86 701 702 731 134 2
86 701 727 309 4
86 795 695 704 212 6
86 795 695 705 239 4
86 0 12 35 4
86 0 230 365 373 70 1
86 0 230 145 150 218 9
86 0 230 145 151 106 11
86 0 230 145 153 66 4
80 81 50 4
80 82 204 4
80 83 3 30
80 795 695 705 239 6
80 795 695 708 303 1
80 795 635 639 656 181 5
80 795 635 639 657 48 5
80 795 635 643 169 13
80 775 779 319 5
80 775 781 18 22
80 775 669 557 570 111 11
80 775 534 551 8 5
80 775 534 552 80 3
80 741 750 151 20
80 741 751 1 27
80 697 712 25 6
80 622 591 602 247 4
80 560 584 177 6
80 560 559 579 41 17
80 560 559 580 252 10
80 560 559 581 259 6
80 560 56 65 149 2
80 530 538 158 12
80 530 667 684 91 2
80 530 667 686 179 5
80 530 667 666 677 97 2
80 530 368 383 228 3
80 530 368 385 187 6
80 491 640 639 657 48 4
80 491 640 639 658 59 4
80 491 640 639 744 764 13 3
80 491 640 639 744 765 183 7
80 491 490 494 136 1
80 491 490 559 581 259 11
80 491 201 225 172 8
80 491 57 69 251 3
80 420 424 445 93 1
80 420 426 185 17
80 420 290 590 595 296 4
80 344 363 316 10
80 344 555 562 101 11
80 344 555 564 173 12
80 344 313 330 300 8
80 344 313 331 312 2
80 246 695 708 303 9
80 246 591 602 247 2
80 246 591 603 310 6
80 246 490 559 581 259 3
80 246 314 333 104 1
80 246 291 298 278 7
80 246 291 299 95 4
80 246 291 744 765 183 10
80 246 291 259 534 552 80 1
80 246 291 145 153 66 3
80 232 243 245 12
80 232 701 727 309 11
80 232 231 239 203 5
80 232 231 241 117 12
80 232 231 242 148 6
80 173 559 581 259 5
80 173 559 582 318 10
80 147 158 81 13
80 147 159 11 6
80 115 119 136 255 3
80 115 121 89 11
80 115 123 60 13
80 115 124 274 4
80 115 255 268 268 2
80 115 615 618 209 2
80 148 163 98 12
80 148 457 591 605 23 5
80 172 182 284 2
80 172 183 190 3
80 172 184 306 1
80 172 186 226 6
80 172 187 162 3
80 172 775 534 552 80 14
80 314 333 104 16
80 314 334 129 11
80 314 337 2 10
80 314 338 152 5
80 368 385 187 10
80 368 615 618 209 4
80 368 615 744 765 183 1
80 368 615 636 648 43 5
80 391 147 745 767 71 6
80 391 147 745 768 273 2
80 391 120 139 167 7
80 391 120 143 5 12
80 391 120 144 39 8
80 422 424 445 93 2
80 422 436 317 2
80 422 533 548 85 14
80 422 533 549 241 5
80 455 465 121 5
80 455 466 249 4
80 455 505 508 525 191 9
80 455 505 508 526 24 3
80 455 505 341 349 194 5
80 530 368 615 393 410 38 2
80 530 368 365 373 70 5
80 530 313 331 312 5
80 593 611 99 11
80 593 170 178 28 7
80 593 170 179 258 3
80 670 693 302 3
80 670 776 787 315 2
80 670 665 674 90 3
80 670 665 675 30 1
80 670 366 365 373 70 9
80 70 590 595 296 12
80 45 47 223 1
80 45 314 338 152 8
80 45 314 666 677 97 5
80 45 314 666 678 197 4
80 45 314 666 679 127 3
80 45 314 666 681 165 4
80 2 6 31 109 4
80 2 6 32 233 13
80 2 16 102 16
40 42 304 8
40 44 293 18
40 795 635 643 169 2
40 795 342 355 263 1
40 795 342 357 88 3
40 795 261 287 201 19
40 795 261 257 273 52 4
40 795 116 118 131 265 4
40 743 762 305 10
40 696 711 221 5
40 615 393 410 38 10
40 460 486 87 5
40 460 488 313 19
40 460 365 374 298 12
40 460 365 376 272 10
40 425 447 285 28
40 425 448 269 4
40 425 449 62 9
40 425 458 460 365 376 272 6
40 392 393 410 38 3
40 392 393 411 17 8
40 392 393 412 195 4
40 392 405 19 4
40 392 406 112 19
40 392 555 564 173 3
40 311 149 167 45 4
40 311 149 169 215 24
40 300 304 54 18
40 245 249 145 4
40 245 341 349 194 2
40 245 341 350 67 15
40 245 700 722 243 3
40 245 174 191 122 3
40 245 174 193 311 8
40 198 216 210 2
40 198 217 283 7
40 198 220 170 20
40 198 741 751 1 5
40 198 741 755 65 6
40 119 136 255 1
40 119 137 153 5
40 119 138 220 25
40 46 259 534 552 80 2
40 46 259 257 273 52 7
40 46 534 553 211 7
40 119 138 220 4
40 174 193 311 4
40 174 194 100 4
40 200 224 4 16
40 200 558 576 76 2
40 200 425 458 460 365 376 272 5
40 343 342 357 88 6
40 343 342 534 553 211 9
40 343 342 341 350 67 8
40 343 340 348 277 18
40 365 376 272 9
40 459 480 146 2
40 508 526 24 1
40 508 527 261 12
40 621 532 544 267 5
40 638 639 744 765 183 10
40 638 650 37 6
40 638 620 626 34 11
40 638 201 225 172 14
40 638 201 228 114 2
40 638 201 229 236 1
40 668 558 576 76 4
40 668 558 557 571 200 2
40 668 558 557 574 225 4
40 668 558 557 575 292 6
40 668 201 229 236 2
40 700 722 243 4
40 700 723 6 3
40 700 724 160 8
40 700 725 142 3
40 700 698 714 166 29
40 745 768 273 3
40 745 770 219 4
40 795 116 118 131 265 7
40 795 116 125 140 11
40 6 33 68 12
40 6 35 73 27
3 7 37 64 5
3 4 6 35 73 1
3 4 29 126 13
3 4 290 590 595 296 13
3 4 557 575 292 2
3 18 307 18
3 19 36 23
3 21 141 16
3 23 32 30
3 24 286 13
3 25 47 6
3 26 314 6
3 559 582 318 10
3 559 555 564 173 10
3 559 555 565 282 13
3 425 458 474 253 10
3 425 458 475 260 16
3 425 458 341 350 67 2
3 172 775 534 553 211 9
3 172 170 179 258 8
3 260 279 9 12
3 260 282 139 23
3 260 283 168 6
3 591 605 23 11
3 591 606 29 9
3 1 15 157 19
3 0 230 145 153 66 1
3 0 230 145 155 176 10

