471

747 757 288 11
747 758 279 22
747 746 755 146 9
747 745 748 225 2
747 745 749 202 18
747 681 688 47 23
747 671 677 228 24
747 671 678 181 23
747 599 616 236 17
747 599 618 277 8
747 566 578 287 18
747 566 579 197 26
747 505 529 261 6
747 505 502 513 104 8
747 505 502 514 152 3
747 505 476 485 317 16
747 505 476 487 83 10
747 322 630 649 164 7
747 266 279 61 2
747 266 182 190 224 4
747 266 182 194 205 12
747 217 226 19 6
747 145 146 154 243 14
747 145 150 130 19
747 2 13 233 25
747 2 15 187 2
697 706 301 8
697 707 59 3
697 709 293 6
697 710 717 141 7
697 710 718 165 12
697 710 719 124 20
697 710 781 785 234 2
697 714 732 247 19
697 714 733 145 15
697 714 735 6 6
697 599 618 277 1
697 599 619 52 14
697 437 453 231 5
697 400 402 143 6
697 265 270 30 10
697 260 261 85 5
697 260 502 514 152 1
697 260 321 334 222 11
697 260 292 302 8 4
697 260 386 626 634 16 3
697 260 386 626 635 48 4
697 260 386 626 636 81 1
697 230 236 99 7
697 217 226 19 17
697 217 227 118 4
697 216 223 307 6
697 216 224 163 4
697 167 173 11 6
697 97 104 139 12
697 97 107 206 22
697 97 108 237 2
697 97 109 75 6
680 682 692 238 7
680 682 320 324 58 19
680 682 320 325 109 2
680 682 320 327 82 9
680 682 115 135 161 7
680 683 63 8
680 780 782 198 1
680 745 749 202 5
680 695 698 148 12
680 762 772 117 11
680 762 773 239 2
680 762 695 698 148 1
680 762 695 655 658 73 7
680 762 695 655 660 60 10
680 670 672 56 11
680 670 674 25 1
680 627 640 51 8
680 597 607 235 18
680 597 608 249 20
680 479 494 162 4
680 435 444 24 5
680 435 444 24 3
680 342 361 100 7
680 342 362 227 21
680 181 180 186 176 5
680 181 180 187 285 6
680 49 53 90 200 14
680 49 53 91 300 13
680 49 74 135 4
680 49 74 135 6
680 21 26 116 7
680 21 27 219 5
656 657 668 309 10
656 657 746 755 146 5
656 657 746 714 735 6 13
656 657 746 714 736 255 3
656 657 182 194 205 5
656 664 270 23
656 666 193 21
656 715 740 299 5
656 775 781 785 234 2
656 775 671 678 181 1
656 775 671 679 67 3
656 625 633 123 4
656 566 579 197 7
656 566 580 178 15
656 566 581 105 5
656 566 582 166 7
656 566 46 58 175 13
656 411 417 137 18
656 411 418 89 20
656 411 423 92 9
656 411 346 375 192 3
656 307 313 41 7
656 307 314 12 5
656 307 316 22 9
656 307 317 240 19
656 307 319 115 6
656 232 245 214 2
656 167 173 11 5
656 167 175 216 18
656 166 761 765 119 14
656 166 52 87 296 5
656 96 101 174 8
656 96 103 103 10
567 583 179 17
567 584 273 17
567 585 112 8
567 586 281 7
567 681 688 47 1
567 681 691 131 19
567 566 46 58 175 5
567 566 46 59 125 3
567 565 571 253 16
567 565 572 39 4
567 504 522 15 5
567 437 453 231 26
567 437 458 246 9
567 437 459 76 1
567 412 424 88 10
567 412 425 97 30
567 412 711 720 32 3
567 345 346 375 192 13
567 345 371 101 5
567 345 374 87 18
567 345 342 362 227 6
567 292 302 8 6
567 292 303 91 12
567 216 224 163 2
567 216 502 514 152 7
567 54 94 66 23
567 54 51 83 133 12
567 54 51 86 68 9
567 21 27 219 18
567 21 438 463 266 3
478 479 494 162 2
478 479 696 699 180 15
478 492 262 18
478 569 565 572 39 6
478 569 565 574 122 2
478 569 565 576 79 2
478 569 565 577 286 7
478 569 532 541 1 13
478 477 260 386 626 636 81 2
478 477 260 386 626 637 167 15
478 475 480 127 4
478 475 482 95 14
478 475 400 402 143 4
478 475 400 403 155 14
478 475 400 713 730 173 1
478 442 474 2 4
478 442 440 468 172 4
478 442 292 304 78 2
478 413 430 209 12
478 413 432 37 2
478 413 671 679 67 2
478 413 671 552 564 272 4
478 413 290 293 217 1
478 413 290 296 144 6
478 165 168 150 16
478 165 344 367 128 6
478 165 385 388 250 6
478 145 150 130 3
478 145 151 86 17
478 114 126 315 7
478 114 128 168 4
478 114 130 199 17
478 114 131 220 8
401 404 23 6
401 406 256 9
401 791 795 31 17
401 791 796 211 13
401 781 785 234 9
401 781 787 14 3
401 781 789 53 8
401 530 536 7 8
401 503 518 274 11
401 503 520 38 11
401 438 463 266 22
401 340 348 380 283 2
401 340 350 153 8
401 340 352 171 23
401 340 353 43 4
401 340 354 298 6
401 305 695 655 660 60 2
401 305 695 655 661 218 1
401 305 745 749 202 9
401 305 745 751 18 4
401 291 297 77 11
401 291 298 221 11
401 291 299 107 15
401 291 300 142 5
401 291 301 252 3
401 147 346 375 192 9
401 147 346 376 10 13
401 147 346 696 699 180 10
401 147 346 696 700 69 1
401 113 115 135 161 5
401 113 125 212 5
401 113 125 212 15
401 97 109 75 22
401 97 566 46 59 125 4
401 97 566 46 63 188 16
401 47 65 156 14
401 47 66 195 2
401 47 69 194 10
401 0 3 17 304 13
401 0 3 19 54 19
401 0 3 185 206 297 1
235 254 203 22
235 256 149 12
235 257 177 6
235 258 160 10
235 630 649 164 15
235 630 650 157 10
235 551 555 229 8
235 234 253 267 18
235 234 790 793 121 5
235 234 790 291 301 252 6
235 234 790 267 265 270 30 2
235 234 790 111 45 51 86 68 1
235 234 47 69 194 6
235 234 47 70 72 9
235 230 239 154 4
235 184 204 268 23
210 214 196 3
210 791 796 211 19
210 791 797 208 3
210 746 714 736 255 10
210 746 387 395 3 5
210 627 640 51 16
210 627 642 20 3
210 568 588 5 1
210 568 628 646 26 1
210 568 628 436 447 186 9
210 568 775 671 552 564 272 4
210 568 775 671 180 187 285 14
210 568 775 671 180 188 184 7
210 568 775 671 180 265 270 30 1
210 568 775 671 180 265 271 147 1
210 568 775 570 593 13 10
210 440 468 172 16
210 440 470 257 3
210 320 327 82 9
210 320 330 49 17
210 307 319 115 4
210 265 271 147 10
210 265 274 313 17
210 231 242 259 13
210 231 243 9 4
210 291 301 252 2
210 291 503 520 38 9
210 291 503 521 129 7
210 347 348 380 283 2
210 347 379 185 13
210 347 48 72 306 11
210 386 626 637 167 1
210 386 215 218 96 1
210 400 713 730 173 2
210 412 711 720 32 16
210 412 711 722 294 3
210 412 711 725 189 17
210 412 775 570 593 13 2
210 501 502 515 248 27
210 501 502 516 44 9
210 501 511 45 7
210 501 550 554 303 7
210 552 564 272 13
210 626 637 167 2
210 626 638 215 7
210 655 661 218 8
210 655 533 543 62 1
210 681 691 131 5
210 712 726 204 1
210 712 729 295 8
210 781 789 53 4
210 185 206 297 5
210 185 207 28 9
210 184 204 268 10
210 184 205 4 12
210 184 182 194 205 2
210 184 182 195 280 11
210 184 110 116 136 182 4
210 184 110 116 139 106 6
210 145 151 86 3
210 145 152 27 8
210 145 696 700 69 2
210 116 139 106 6
210 116 141 183 16
210 116 142 113 1
210 53 91 300 11
160 162 258 30
160 164 308 24
160 791 797 208 12
160 791 798 271 7
160 791 438 463 266 2
160 791 185 207 28 6
160 791 185 208 263 7
160 780 782 198 7
160 780 783 302 24
160 775 570 593 13 1
160 775 570 594 17 14
160 775 45 51 86 68 11
160 775 45 50 81 278 7
160 775 45 55 29 10
160 775 23 36 251 1
160 760 761 765 119 2
160 760 761 768 269 7
160 760 781 789 53 5
160 760 597 608 249 5
160 760 49 74 135 12
160 760 49 76 50 1
160 714 736 255 7
160 714 738 74 9
160 714 595 602 140 5
160 696 700 69 1
160 696 701 276 17
160 696 702 35 23
160 696 703 284 6
160 629 647 64 10
160 500 506 201 24
160 500 509 254 5
160 439 437 459 76 7
160 268 284 242 13
160 184 110 116 142 113 2
160 184 110 118 311 20
160 166 52 87 296 5
160 166 52 50 81 278 24
160 165 385 388 250 3
160 165 385 391 114 13
160 165 385 533 543 62 1
160 165 385 533 549 210 1
160 217 227 118 8
160 217 627 642 20 4
160 217 627 644 71 4
160 217 551 555 229 2
160 217 551 556 191 3
160 217 551 557 213 3
160 217 600 622 151 5
160 217 600 623 230 3
160 269 285 138 3
160 269 287 314 11
160 269 266 182 197 36 8
160 307 670 674 25 5
160 307 670 675 319 16
160 307 670 292 304 78 3
160 307 167 175 216 11
160 307 167 177 290 4
160 307 167 178 310 5
160 343 365 90 15
160 343 215 218 96 5
160 343 215 219 55 3
160 414 434 111 11
160 414 531 540 291 11
160 414 531 440 470 257 7
160 414 531 323 337 245 3
160 414 531 323 339 305 1
160 440 470 257 10
160 440 471 120 5
160 504 522 15 8
160 504 523 312 7
160 504 524 108 2
160 504 525 260 4
160 530 536 7 5
160 530 537 244 5
160 551 557 213 15
160 627 644 71 12
160 713 730 173 7
160 745 751 18 20
160 745 754 42 16
160 745 435 444 24 4
160 791 185 208 263 3
160 95 99 223 29
160 95 532 541 1 8
160 95 532 681 691 131 1
160 95 217 600 623 230 1
160 95 217 215 219 55 4
160 95 54 51 86 68 5
160 95 54 51 46 63 188 1
160 47 70 72 5
40 42 170 16
40 43 93 17
40 761 768 269 3
40 745 435 446 33 19
40 745 146 157 134 8
40 681 691 131 8
40 629 647 64 1
40 551 560 275 13
40 439 437 459 76 2
40 439 437 460 232 3
40 306 309 102 12
40 306 311 158 8
40 215 219 55 9
40 215 220 132 12
40 96 103 103 2
40 146 157 134 12
40 183 198 264 20
40 183 505 476 487 83 13
40 217 215 220 132 1
40 217 215 221 241 25
40 348 380 283 24
40 348 382 21 11
40 348 344 367 128 7
40 348 344 368 226 1
40 387 395 3 9
40 387 398 159 1
40 387 2 15 187 23
40 400 713 730 173 3
40 400 713 731 40 14
40 436 447 186 8
40 436 451 190 8
40 477 260 386 215 221 241 4
40 477 260 216 502 516 44 2
40 477 260 216 502 517 98 2
40 477 260 216 2 15 187 7
40 477 53 92 46 6
40 477 0 3 185 208 263 3
40 477 0 4 169 4
40 477 0 5 265 4
40 477 0 386 215 221 241 1
40 501 550 554 303 3
40 501 596 598 611 94 9
40 501 596 604 289 24
40 761 768 269 11
40 791 185 208 263 16
40 21 438 463 266 6
40 21 438 466 318 16
40 20 24 110 16
40 20 180 265 274 313 2
40 20 180 265 276 65 1
40 1 9 126 1
40 1 10 80 22
40 1 11 0 8
40 1 265 276 65 1
22 23 36 251 24
22 23 38 84 11
22 23 550 554 303 7
22 31 57 29
22 32 316 2
22 33 34 3
22 598 611 94 8
22 598 612 282 13
22 230 239 154 21
22 230 240 207 1
22 230 551 560 275 13
22 49 77 136 14
22 49 78 292 1
22 115 135 161 6
22 385 533 549 210 9
22 385 502 517 98 10
22 1 265 276 65 10
22 1 265 277 70 4
22 1 500 509 254 10

