471

590 593 140 30
590 594 127 12
590 762 772 20 14
590 762 773 113 10
590 717 726 289 2
590 717 727 98 7
590 701 710 119 20
590 701 372 385 198 7
590 623 636 240 4
590 640 452 464 63 19
590 640 452 465 272 1
590 651 655 49 4
590 651 658 172 2
590 651 775 780 67 13
590 651 450 458 9 3
590 661 667 296 11
590 675 696 139 11
590 675 697 166 10
590 702 712 277 5
590 702 595 600 173 18
590 702 595 601 175 18
590 702 595 603 252 5
590 760 765 160 11
590 760 595 603 252 4
590 760 472 476 502 174 7
590 760 470 155 161 44 5
590 760 336 362 126 13
590 760 336 363 165 1
590 573 585 222 3
590 573 586 150 6
590 571 577 199 15
590 571 579 205 1
590 571 570 574 86 1
590 571 570 576 297 9
590 571 334 351 35 6
590 561 565 145 9
590 561 566 314 13
590 561 567 281 11
590 561 568 48 2
590 539 553 263 6
590 537 545 120 10
590 537 546 122 18
590 472 476 502 174 5
590 472 473 488 19 5
590 472 486 248 3
590 472 487 90 12
590 450 458 9 2
590 373 390 255 5
590 373 392 303 6
590 370 377 29 1
590 337 369 7 13
590 331 343 196 17
590 331 344 12 6
590 331 345 307 14
590 300 323 186 19
590 300 324 27 6
590 300 326 92 2
590 296 307 69 7
590 296 308 102 26
590 296 309 232 11
590 271 277 298 4
590 271 597 609 152 5
590 251 257 131 32
590 251 260 216 6
590 228 244 200 20
590 228 245 147 8
590 228 247 317 18
590 212 223 292 2
590 212 224 143 9
590 185 206 116 18
590 159 175 284 13
590 159 176 162 1
590 159 179 159 1
590 157 167 62 16
590 142 151 233 10
590 142 153 254 2
590 85 88 300 12
590 85 90 78 8
590 85 91 223 13
590 68 82 52 9
590 68 83 57 14
590 41 47 283 9
590 41 48 61 8
590 41 672 680 271 6
590 41 640 452 465 272 1
590 8 23 177 11
590 8 26 293 19
590 6 10 31 212 10
590 6 474 489 191 14
590 6 474 491 54 3
400 402 214 11
400 403 285 17
400 404 319 1
400 775 780 67 3
400 775 781 108 20
400 762 773 113 6
400 762 774 104 16
400 762 538 548 238 4
400 743 755 164 1
400 743 756 39 20
400 743 758 43 18
400 743 759 315 5
400 702 595 603 252 5
400 702 424 442 59 4
400 702 212 224 143 5
400 702 212 272 280 274 8
400 670 673 685 237 23
400 670 673 687 81 5
400 670 676 257 16
400 622 631 231 12
400 622 632 107 1
400 622 633 276 6
400 622 475 495 144 19
400 561 569 28 10
400 561 700 703 239 3
400 535 536 537 546 122 7
400 535 541 229 11
400 535 420 426 112 14
400 525 527 103 4
400 525 528 94 1
400 508 524 151 17
400 508 424 442 59 3
400 508 424 444 51 9
400 508 424 330 338 75 8
400 451 459 60 1
400 422 437 204 15
400 422 597 609 152 6
400 422 560 564 262 7
400 422 560 777 791 95 10
400 405 406 407 417 251 15
400 405 470 155 161 44 5
400 405 505 510 13 10
400 405 570 576 297 3
400 405 570 473 488 19 1
400 405 301 327 290 4
400 526 529 31 2
400 526 531 225 15
400 526 532 5 9
400 526 775 781 108 3
400 526 775 783 299 7
400 538 548 238 1
400 538 549 185 8
400 538 550 66 17
400 538 551 260 12
400 538 552 288 4
400 599 615 77 4
400 599 617 201 5
400 599 619 109 5
400 672 680 271 15
400 672 683 266 7
400 716 722 105 8
400 716 762 538 673 687 81 6
400 716 536 537 546 122 2
400 716 536 537 547 221 9
400 716 67 80 40 3
400 716 67 8 26 293 4
400 740 742 753 45 1
400 740 745 256 7
400 740 746 227 14
400 740 747 193 9
400 740 595 603 252 11
400 740 595 604 268 2
400 375 398 142 1
400 373 392 303 5
400 335 355 84 6
400 335 356 301 28
400 335 357 247 11
400 335 358 89 3
400 335 359 155 2
400 331 345 307 1
400 331 330 338 75 1
400 331 330 339 167 2
400 229 248 188 2
400 211 217 124 16
400 211 218 250 7
400 211 222 168 4
400 211 372 385 198 4
400 211 372 387 42 10
400 211 270 276 87 3
400 183 195 197 11
400 182 190 305 13
400 182 191 111 3
400 159 179 159 9
400 156 651 450 458 9 6
400 141 150 195 1
400 141 140 143 14 4
400 141 140 144 244 3
400 141 140 146 38 21
400 141 140 147 246 6
400 104 106 129 182 7
400 104 124 163 3
400 101 105 127 121 7
400 101 105 128 154 6
400 86 93 125 6
400 86 735 736 132 10
400 86 735 598 610 235 8
400 42 406 407 417 251 2
400 42 406 718 733 128 13
400 42 406 180 186 180 3
400 42 406 180 187 136 3
400 42 506 515 82 2
400 42 506 517 170 10
400 42 506 518 184 15
400 40 44 179 22
400 7 10 31 212 5
400 7 10 370 377 29 3
400 7 10 370 378 101 6
400 7 21 265 24
400 7 22 70 9
400 6 474 491 54 1
400 6 474 375 398 142 2
252 253 267 269 11
252 253 268 10 18
252 253 269 117 19
252 262 99 13
252 265 310 2
252 650 674 691 203 8
252 650 674 694 309 1
252 650 778 779 797 106 9
252 650 778 794 192 3
252 650 778 795 311 9
252 650 778 796 202 2
252 420 426 112 3
252 420 429 149 2
252 420 430 286 9
252 297 314 71 3
252 297 315 224 3
252 297 318 72 1
252 453 467 208 3
252 453 140 147 246 9
252 717 730 114 4
252 717 374 375 398 142 7
252 717 183 195 197 1
252 717 183 196 24 14
252 717 183 197 4 4
252 717 183 199 33 1
252 251 260 216 2
252 251 261 312 30
252 250 40 44 179 2
252 250 40 46 213 9
252 157 167 62 3
252 157 168 32 11
252 86 85 91 223 6
252 86 85 92 189 5
252 86 85 295 304 115 2
252 65 69 110 5
252 65 70 3 15
252 65 71 308 20
252 65 74 37 9
252 5 12 190 14
252 5 13 58 2
210 215 11 17
210 641 643 85 3
210 641 644 80 4
210 641 645 241 3
210 641 646 18 3
210 506 518 184 4
210 476 502 174 8
210 476 503 220 13
210 476 536 542 282 1
210 476 536 543 73 14
210 476 536 544 8 1
210 299 322 15 11
210 299 735 598 612 53 10
210 452 465 272 6
210 452 466 226 19
210 525 528 94 3
210 525 87 96 16 16
210 525 87 97 123 6
210 621 625 146 11
210 621 627 181 7
210 621 670 11 33 47 10
210 641 646 18 7
210 661 667 296 15
210 661 668 23 24
210 661 669 194 3
210 185 209 157 18
210 185 182 191 111 12
210 185 182 192 65 2
210 185 182 193 88 14
210 157 168 32 2
210 157 169 304 5
210 157 170 279 4
210 102 106 129 182 15
210 102 106 131 83 3
210 102 106 132 259 6
210 102 119 134 10
210 102 673 687 81 11
60 61 242 4
60 62 133 20
60 760 336 363 165 2
60 760 336 367 258 15
60 760 336 335 359 155 8
60 760 336 333 349 234 4
60 760 336 101 105 128 154 2
60 760 212 272 280 274 6
60 735 598 612 53 5
60 735 598 613 26 2
60 735 598 614 295 1
60 735 505 510 13 10
60 735 184 201 17 23
60 735 184 204 100 5
60 661 660 662 156 15
60 661 421 432 209 10
60 661 158 171 93 17
60 661 158 172 141 3
60 622 475 495 144 8
60 622 475 497 79 6
60 622 407 417 251 2
60 622 407 419 183 9
60 622 407 775 783 299 4
60 622 407 775 784 64 12
60 599 619 109 11
60 599 475 497 79 6
60 599 475 499 129 11
60 470 155 161 44 5
60 470 155 162 138 21
60 470 155 163 96 5
60 452 466 226 10
60 452 539 553 263 2
60 452 450 458 9 1
60 452 421 432 209 1
60 452 421 433 76 7
60 452 158 172 141 9
60 423 440 261 5
60 423 441 74 7
60 423 421 433 76 3
60 423 421 434 1 17
60 372 387 42 8
60 225 231 34 4
60 225 232 153 2
60 185 182 193 88 7
60 66 78 50 10
60 68 83 57 4
60 68 274 292 46 19
60 68 274 293 236 17
60 68 65 74 37 3
60 68 65 75 135 5
60 107 138 287 3
60 107 139 280 15
60 299 735 184 204 100 2
60 299 298 300 326 92 2
60 299 298 319 273 21
60 299 298 320 22 9
60 299 298 11 33 47 3
60 299 298 11 38 137 1
60 299 295 304 115 4
60 299 158 172 141 5
60 299 100 105 128 154 3
60 330 339 167 4
60 330 340 130 2
60 425 446 148 5
60 425 447 215 6
60 425 449 171 4
60 425 742 753 45 4
60 425 424 330 340 130 5
60 526 775 784 64 1
60 526 775 786 68 2
60 526 560 777 791 95 2
60 526 560 777 792 275 4
60 526 370 378 101 5
60 526 330 340 130 1
60 526 270 451 459 60 8
60 539 553 263 14
60 539 556 118 4
60 539 775 786 68 6
60 539 775 788 25 20
60 701 372 387 42 2
60 701 372 596 606 245 14
60 735 184 204 100 2
60 735 140 147 246 4
60 735 140 332 347 169 19
60 735 140 332 348 36 7
60 735 100 110 243 9
60 741 751 291 2
60 779 797 106 8
60 779 798 228 7
60 779 799 278 6
60 43 54 207 12
60 43 57 206 6
60 43 59 249 6
60 9 27 0 9
60 9 5 13 58 2
60 9 5 14 55 10
0 4 2 19
0 776 85 295 304 115 4
0 776 85 301 327 290 16
0 761 767 218 15
0 761 769 97 13
0 761 451 459 60 1
0 761 451 460 21 6
0 761 253 269 117 5
0 741 751 291 2
0 741 752 187 15
0 735 100 110 243 7
0 675 697 166 2
0 675 674 694 309 12
0 675 674 695 158 2
0 675 182 193 88 3
0 675 182 194 178 17
0 651 450 458 9 3
0 651 450 330 340 130 7
0 651 450 330 342 41 7
0 651 450 182 194 178 5
0 641 646 18 6
0 621 670 11 38 137 6
0 621 670 11 5 14 55 2
0 621 670 11 5 17 210 4
0 621 701 372 596 606 245 1
0 621 701 372 596 5 17 210 8
0 621 598 614 295 14
0 526 270 451 460 21 4
0 526 159 179 159 1
0 526 142 153 254 9
0 526 142 450 182 194 178 4
0 526 87 97 123 4
0 526 87 99 306 22
0 507 523 6 10
0 471 479 30 14
0 471 775 788 25 1
0 471 700 703 239 9
0 471 700 706 176 5
0 226 228 247 317 6
0 226 227 225 232 153 6
0 226 227 225 233 56 14
0 183 199 33 6
0 66 78 50 1
0 41 640 452 158 172 141 2
0 41 640 421 434 1 1
0 41 374 375 398 142 3
0 41 101 105 128 154 1
0 41 101 113 91 13
0 41 101 116 217 10
0 41 650 778 796 202 4
0 41 650 183 199 33 2
0 41 650 183 200 264 6
0 6 474 375 398 142 5
0 6 474 375 399 294 1
0 6 573 586 150 24
0 6 5 17 210 13
0 107 139 280 1
0 181 182 194 178 7
0 181 158 172 141 2
0 273 282 253 13
0 273 288 318 16
0 273 660 665 161 8
0 273 660 743 759 315 2
0 273 157 170 279 2
0 273 157 775 788 25 4
0 334 351 35 5
0 334 353 230 3
0 334 253 269 117 1
0 371 379 211 5
0 371 380 219 10
0 420 430 286 8
0 420 506 518 184 4
0 420 274 293 236 1
0 561 700 706 176 1
0 561 700 708 302 2
0 561 538 673 687 81 13
0 561 538 536 544 8 17
0 596 5 17 210 6
0 596 5 19 313 22
0 623 636 240 21
0 623 639 316 14
0 623 671 679 270 4
0 650 183 200 264 4
0 650 183 296 312 267 3
0 650 65 75 135 4
0 700 708 302 15
0 779 799 278 11

