467

770 773 21 3
770 741 740 764 187 11
770 741 275 278 58 11
770 741 275 580 587 140 15
770 741 275 580 588 233 2
770 741 275 240 259 230 4
770 709 710 729 61 7
770 709 722 244 12
770 709 723 173 3
770 709 726 158 7
770 675 680 677 696 216 3
770 675 681 41 11
770 675 682 205 2
770 675 683 24 7
770 675 684 279 7
770 675 686 191 10
770 675 321 346 250 3
770 675 321 347 171 2
770 675 56 61 4 4
770 642 654 211 2
770 642 391 395 82 24
770 642 391 396 288 2
770 642 0 5 224 5
770 617 627 25 5
770 617 628 213 2
770 617 497 510 282 6
770 617 318 335 241 7
770 617 318 336 100 2
770 617 131 137 311 12
770 616 619 136 5
770 583 585 608 106 2
770 583 602 260 26
770 583 603 102 7
770 583 606 276 3
770 575 576 254 2
770 575 578 304 2
770 575 707 718 234 20
770 547 555 278 1
770 448 466 221 2
770 448 445 452 119 1
770 448 445 455 80 1
770 428 439 242 1
770 428 439 242 19
770 428 441 172 8
770 401 406 109 9
770 401 407 273 12
770 401 408 91 20
770 401 409 49 5
770 391 396 288 10
770 391 397 32 26
770 391 616 619 136 1
770 350 352 364 228 3
770 317 327 177 4
770 317 328 179 3
770 317 329 20 5
770 317 330 306 3
770 317 331 261 2
770 317 332 128 1
770 286 496 503 2 3
770 286 496 504 208 10
770 276 282 147 14
770 276 283 180 15
770 240 259 230 6
770 171 176 72 2
770 171 178 12 17
770 151 159 159 10
770 151 160 139 3
770 151 575 707 718 234 1
770 71 78 63 4
770 57 66 227 4
770 57 67 302 5
770 26 32 155 3
770 26 33 193 7
770 26 34 30 2
770 26 75 97 252 11
770 26 75 99 215 6
770 26 75 73 87 90 2
655 656 26 3
655 657 310 8
655 658 105 2
655 660 615 618 48 13
655 660 285 289 66 3
655 660 75 73 87 90 4
655 660 75 72 80 156 10
655 660 0 5 224 2
655 660 0 6 28 6
655 736 743 189 22
655 630 635 99 19
655 630 739 760 22 1
655 630 708 710 729 61 3
655 630 481 489 290 5
655 630 481 490 263 12
655 584 607 130 6
655 549 568 93 1
655 548 559 76 10
655 548 560 153 16
655 548 563 15 9
655 548 564 107 7
655 519 534 95 3
655 519 535 265 16
655 519 496 504 208 18
655 519 496 505 165 2
655 496 505 165 6
655 496 506 131 7
655 496 508 145 1
655 445 455 80 9
655 427 428 441 172 4
655 427 428 442 318 12
655 403 419 243 1
655 355 381 201 13
655 355 383 315 9
655 355 350 352 364 228 3
655 319 343 10 25
655 319 193 217 17 2
655 310 312 163 16
655 310 450 474 77 1
655 310 548 564 107 1
655 310 198 190 199 274 16
655 288 303 149 2
655 288 285 289 66 13
655 288 150 153 245 5
655 287 300 272 21
655 191 210 176 1
655 152 162 294 6
655 152 163 161 8
655 152 164 143 22
655 152 585 608 106 2
655 151 575 707 719 88 2
655 151 449 467 269 1
655 130 134 174 4
655 130 56 61 4 3
655 130 56 62 144 5
655 130 56 64 300 5
655 74 90 89 12
655 74 94 59 33
655 74 95 57 2
655 70 72 80 156 19
655 70 72 81 23 13
655 70 496 508 145 2
655 25 27 231 10
655 25 28 291 7
655 25 662 668 132 5
640 641 648 168 15
640 641 649 97 4
640 641 653 275 9
640 641 580 588 233 5
640 641 446 458 170 2
640 643 85 9
640 644 79 11
640 645 92 2
640 647 210 22
640 738 753 68 2
640 738 756 65 11
640 582 583 606 276 3
640 582 595 7 9
640 582 597 5 11
640 197 231 167 9
640 197 232 255 5
640 197 233 232 7
640 152 585 608 106 2
640 152 172 181 295 5
640 152 172 182 285 9
640 109 127 50 3
640 109 128 249 3
640 71 78 63 1
520 538 281 18
520 539 142 25
520 544 178 31
520 518 530 69 11
520 518 531 223 10
520 518 532 236 4
520 518 517 525 0 7
520 518 517 528 37 11
520 391 616 619 136 12
520 391 616 620 218 19
520 391 616 621 185 7
520 391 191 210 176 4
520 391 191 211 101 7
520 285 289 66 13
520 285 290 83 21
520 285 291 54 9
520 36 40 112 17
404 422 73 17
404 423 103 12
404 676 678 698 217 3
404 676 678 699 175 2
404 676 678 738 756 65 5
404 676 678 738 737 747 35 2
404 676 678 496 508 145 6
404 676 688 188 11
404 676 631 636 206 10
404 676 310 198 190 199 274 1
404 676 191 211 101 2
404 482 357 352 364 228 13
404 482 150 153 245 4
404 482 150 155 225 5
404 482 150 157 87 6
404 495 499 289 8
404 495 500 257 11
404 495 501 127 17
404 402 414 204 16
404 402 417 1 24
404 401 409 49 1
404 317 332 128 11
404 317 334 3 12
404 286 496 508 145 1
404 133 144 67 18
404 133 148 39 10
370 13 23
305 306 248 8
305 307 134 9
305 309 169 8
305 779 798 56 5
305 779 799 46 9
305 779 776 784 293 8
305 779 575 707 719 88 1
305 740 764 187 10
305 710 729 61 21
305 710 732 198 1
305 678 496 508 145 3
305 616 621 185 14
305 496 508 145 7
305 496 547 555 278 5
305 447 460 214 24
305 390 392 237 2
305 390 393 122 24
305 390 403 419 243 5
305 350 352 368 138 8
305 320 345 113 15
305 320 35 737 747 35 3
305 320 35 737 748 8 23
305 320 35 737 749 104 5
305 310 198 190 200 150 3
305 310 198 190 201 199 4
305 310 198 190 205 251 1
305 482 150 157 87 3
305 575 707 719 88 7
305 586 614 184 7
305 586 581 590 135 4
305 586 581 592 253 10
305 586 580 588 233 7
305 285 291 54 11
305 285 293 116 6
305 235 243 182 12
305 235 445 455 80 8
305 185 186 121 22
305 170 586 580 588 233 2
305 170 775 782 207 1
305 170 775 783 313 3
305 170 775 428 442 318 11
305 151 449 467 269 4
305 151 449 468 133 2
305 151 38 54 303 5
305 132 141 219 6
305 76 102 18 28
305 74 95 57 5
305 36 40 112 7
305 36 42 71 10
305 36 43 301 12
305 3 19 277 18
305 3 150 157 87 2
305 3 0 6 28 1
270 271 125 8
270 272 40 7
270 273 75 21
270 679 701 38 21
270 679 703 151 15
270 450 474 77 8
270 450 475 314 1
270 317 334 3 1
270 310 198 190 205 251 8
270 310 35 737 749 104 5
270 310 35 737 749 104 4
270 425 430 148 2
270 497 510 282 16
270 497 512 47 2
270 497 550 571 194 20
270 519 496 547 555 278 9
270 519 57 67 302 11
270 519 57 68 222 20
270 519 57 172 182 285 6
270 519 57 172 184 247 4
270 546 554 45 3
270 575 707 719 88 4
270 575 401 409 49 7
270 575 354 378 118 7
270 585 608 106 17
270 585 609 126 15
270 585 610 43 4
270 585 611 152 11
270 190 205 251 2
270 190 206 195 2
270 185 186 121 7
270 185 188 262 5
270 185 189 296 2
270 185 516 522 62 17
270 133 148 39 9
270 133 740 767 220 19
270 133 740 768 235 15
270 132 141 219 1
270 132 546 554 45 7
270 132 352 368 138 3
270 132 131 137 311 12
270 132 131 138 270 11
270 56 64 300 17
270 36 43 301 20
270 36 44 280 3
270 36 710 732 198 1
270 36 710 733 305 11
270 26 75 72 82 238 8
270 26 75 72 83 33 1
270 26 75 72 85 34 2
270 26 403 419 243 6
270 26 498 513 42 2
270 25 662 668 132 7
270 25 662 671 186 1
270 25 616 621 185 3
270 25 616 626 181 6
270 25 35 737 749 104 5
270 25 35 737 751 96 4
270 25 316 323 258 4
165 661 664 203 12
165 548 564 107 11
165 518 517 528 37 17
165 518 275 240 259 230 10
165 518 275 240 262 197 12
165 498 513 42 10
165 498 514 298 6
165 498 739 760 22 7
165 480 483 283 5
165 480 484 166 11
165 480 486 117 2
165 356 384 16 13
165 287 300 272 1
165 276 283 180 2
165 276 548 564 107 4
165 276 548 566 110 12
165 276 549 568 93 21
165 192 214 31 12
165 192 215 183 8
165 195 221 312 4
165 195 222 307 6
165 276 549 568 93 4
165 276 615 618 48 12
165 276 615 449 468 133 2
165 350 352 368 138 3
165 350 351 359 146 4
165 350 351 361 6 9
165 350 351 362 212 6
165 350 190 206 195 8
165 390 241 263 240 1
165 390 241 269 256 12
165 402 417 1 2
165 427 428 442 318 4
165 427 428 443 115 4
165 427 435 246 11
165 427 436 137 4
165 427 437 259 13
165 427 438 11 5
165 497 550 574 120 13
165 497 550 547 555 278 2
165 705 710 733 305 6
165 705 711 229 14
165 705 714 157 7
165 705 580 588 233 4
165 705 580 589 239 15
165 705 172 184 247 3
165 705 172 428 443 115 1
165 779 575 354 378 118 16
165 779 575 193 217 17 1
165 779 402 417 1 5
165 779 353 369 266 6
165 779 353 372 226 15
165 779 353 376 44 5
165 779 353 352 368 138 2
165 150 157 87 5
165 109 128 249 4
165 70 496 547 555 278 1
165 70 496 547 558 287 2
165 70 585 611 152 8
165 70 585 612 124 24
165 56 662 671 186 5
165 56 662 547 558 287 5
165 37 775 428 443 115 2
165 37 775 428 444 64 6
165 37 353 352 368 138 4
146 192 23
106 115 271 18
106 116 114 4
106 118 9 27
106 121 29 9
106 776 784 293 3
106 776 710 733 305 4
106 776 710 401 409 49 4
106 776 710 401 410 286 13
106 736 743 189 1
106 445 455 80 7
106 445 456 27 8
106 194 218 297 17
106 194 219 154 2
106 194 220 51 8
106 195 222 307 13
106 195 225 202 32
106 480 486 117 11
106 480 487 14 4
106 480 739 760 22 20
106 480 449 468 133 7
106 498 739 760 22 3
106 105 114 84 2
55 58 52 34
55 59 317 3
55 515 521 98 12
55 515 481 490 263 2
55 515 481 493 141 29
55 515 76 102 18 2
55 515 76 103 81 2
55 496 547 558 287 4
55 450 475 314 4
55 450 403 419 243 1
55 450 403 420 123 9
55 450 403 421 111 9
55 356 384 16 16
55 356 385 108 9
55 74 95 57 24
55 74 71 78 63 8
55 74 71 79 60 5
55 108 124 299 3
55 185 516 522 62 8
55 185 239 258 264 19
55 185 548 566 110 18
55 315 322 309 2
55 400 405 74 4
55 400 285 293 116 3
55 545 547 558 287 1
55 545 551 86 2
55 545 553 36 19
55 545 238 252 268 7
55 545 238 253 209 5
55 641 446 458 170 20
55 641 446 480 449 468 133 8
55 641 446 480 449 470 129 1
55 641 238 253 209 4
55 641 38 54 303 11
2 4 21 196 25
2 4 22 284 6
2 4 133 72 85 34 2
2 14 190 2
2 16 53 12
2 631 637 164 3
2 631 638 94 21
2 631 639 200 6
2 451 476 316 2
2 451 479 78 13
2 109 549 569 292 2
2 109 549 570 308 22
2 735 742 267 4
2 778 795 162 16
2 778 740 768 235 16
2 778 356 385 108 5
2 778 356 387 19 7
2 1 12 55 30
2 0 6 28 4
2 0 7 160 6
2 0 8 70 13
2 0 9 319 10
2 0 661 664 203 7
2 0 661 445 456 27 7

