483

615 316 20
411 413 428 76 15
411 413 431 190 3
411 412 424 206 1
411 421 124 24
411 423 298 10
411 620 623 414 512 521 188 7
411 620 626 151 13
411 484 501 251 20
411 484 503 89 13
411 450 474 269 9
411 450 483 498 160 4
411 602 612 127 12
411 763 780 60 14
411 763 782 166 3
411 410 415 276 28
411 410 418 255 8
411 410 419 270 2
411 410 420 16 1
411 296 300 6 9
411 296 301 37 25
411 296 302 199 9
411 281 290 146 5
411 281 291 156 17
411 281 510 514 197 5
411 251 259 296 13
411 251 225 243 191 4
411 251 225 244 137 20
411 223 240 126 10
411 223 766 795 92 4
411 223 766 796 70 2
411 172 177 250 15
411 172 179 45 4
411 172 181 186 17
411 172 694 713 35 1
411 172 252 263 123 2
411 86 93 259 13
411 86 94 42 1
411 86 570 577 308 21
411 24 483 498 160 5
358 389 303 20
358 390 57 6
358 391 128 16
358 392 119 10
358 393 252 26
358 394 50 12
358 665 667 265 3
358 481 141 148 111 11
358 435 448 462 162 2
358 511 519 24 4
358 511 571 573 596 293 5
358 511 571 583 59 20
358 548 573 596 293 16
358 676 685 139 4
358 766 796 70 12
358 357 387 20 6
358 357 350 359 84 2
358 355 350 359 84 5
358 353 371 239 2
358 353 373 164 18
358 353 374 192 10
358 351 362 193 13
358 351 363 93 7
358 350 359 84 18
358 350 360 171 19
358 319 397 406 17 4
358 319 547 561 104 6
358 319 762 777 210 6
358 319 315 320 4 20
358 319 315 321 38 1
358 319 45 95 101 198 9
358 295 297 203 7
358 280 283 318 5
358 280 285 311 10
358 280 286 306 4
340 342 194 18
340 343 18 18
340 344 237 24
340 345 184 8
340 346 32 4
340 761 767 797 107 19
340 666 572 589 300 4
340 666 512 521 188 7
340 410 420 16 9
340 410 282 692 641 647 235 8
340 410 282 692 641 648 36 11
340 435 448 462 162 6
340 435 690 698 138 6
340 435 280 286 306 3
340 435 221 229 27 4
340 570 577 308 4
340 570 578 40 1
340 570 579 209 1
340 600 602 612 127 1
340 600 602 614 236 3
340 666 512 521 188 5
340 666 512 522 83 5
340 690 698 138 16
340 690 699 177 5
340 690 700 3 17
340 728 745 284 10
340 255 276 163 2
340 255 277 267 2
340 255 480 486 179 13
340 255 480 487 136 9
340 255 96 103 34 9
340 225 244 137 2
340 215 217 174 6
340 215 572 589 300 1
340 161 169 222 16
340 161 601 602 614 236 6
340 161 601 602 617 218 1
340 161 601 602 618 114 4
340 161 575 599 278 16
340 161 642 654 247 3
340 161 120 123 187 1
340 85 87 292 20
340 85 89 41 17
340 85 90 131 8
340 76 83 91 10
340 76 84 80 8
340 76 693 695 714 117 2
340 76 642 654 247 23
305 309 122 6
305 310 195 11
305 760 761 767 797 107 1
305 760 761 770 264 10
305 760 761 771 275 3
305 666 512 522 83 5
305 666 220 226 263 15
305 666 96 103 34 1
305 666 96 413 431 190 7
305 621 622 633 29 6
305 621 622 634 257 13
305 621 622 636 277 8
305 621 627 149 12
305 571 583 59 2
305 530 533 161 7
305 530 535 133 12
305 530 537 13 11
305 530 602 618 114 9
305 530 675 679 53 2
305 530 254 272 233 3
305 530 254 274 297 3
305 435 221 229 27 4
305 356 385 88 1
305 356 386 230 9
305 356 351 363 93 6
305 341 348 63 1
305 341 349 286 1
305 622 636 277 4
305 622 637 75 3
305 622 638 183 10
305 622 676 685 139 2
305 622 676 686 43 1
305 622 545 549 227 9
305 622 315 321 38 2
305 622 315 323 242 2
305 622 315 324 268 9
305 693 695 714 117 7
305 693 695 715 54 4
305 693 705 178 24
305 693 706 312 2
305 252 263 123 22
305 252 265 304 8
305 252 761 771 275 6
305 222 235 31 12
305 222 236 295 8
305 222 220 226 263 1
305 196 208 102 7
305 196 546 558 12 7
305 196 546 559 44 2
305 196 546 560 240 7
305 196 351 363 93 5
305 196 351 367 248 2
305 196 395 397 406 17 1
305 196 643 659 234 3
305 173 184 282 7
305 173 188 121 16
305 173 143 445 452 245 6
305 98 112 154 11
305 98 115 33 7
305 85 90 131 2
305 85 729 748 72 4
305 85 729 749 216 22
305 85 729 696 724 302 2
305 85 729 122 129 8 1
305 85 446 457 291 5
305 46 49 172 5
305 46 50 69 4
305 1 7 141 24
305 1 9 67 16
253 267 205 18
253 268 221 6
253 269 147 13
253 270 283 5
253 271 97 17
253 765 788 98 3
253 765 789 103 11
253 765 791 201 1
253 765 21 29 301 1
253 676 686 43 17
253 676 694 713 35 5
253 676 575 599 278 13
253 676 575 570 579 209 8
253 676 412 424 206 3
253 548 573 596 293 2
253 548 547 561 104 2
253 548 21 29 301 4
253 571 583 59 8
253 571 584 55 1
253 571 586 153 9
253 693 706 312 2
253 693 707 79 18
253 693 709 96 5
253 250 252 761 771 275 4
253 250 256 5 18
253 250 257 169 2
253 250 676 412 424 206 1
253 215 572 590 142 10
253 215 531 539 110 7
253 215 531 540 14 2
253 215 531 451 475 99 1
253 215 446 457 291 1
253 198 212 132 10
253 198 213 207 6
253 141 148 111 5
195 196 643 659 234 2
195 196 643 482 484 503 89 7
195 199 81 7
195 200 249 5
195 201 305 4
195 204 145 25
195 206 9 23
195 766 796 70 11
195 435 221 229 27 9
195 395 397 406 17 9
195 395 397 407 58 6
195 224 241 118 1
195 224 242 310 5
195 224 221 229 27 3
195 224 221 231 129 6
195 215 446 457 291 8
195 215 446 695 715 54 5
195 318 334 68 4
195 318 335 225 8
195 318 316 327 208 9
195 318 316 328 307 18
195 318 224 221 231 129 1
195 352 369 258 8
195 413 431 190 12
195 485 506 2 22
195 485 507 64 27
195 96 413 431 190 3
189 262 14
174 190 204 23
174 191 22 3
174 192 274 32
174 194 66 7
174 532 541 74 10
174 532 543 219 6
174 170 175 231 23
174 170 644 664 10 3
174 170 1 9 67 1
174 170 1 12 168 16
174 170 1 640 646 266 7
174 161 120 123 187 9
174 161 60 64 23 1
174 161 24 483 498 160 14
174 161 24 644 664 10 2
174 161 20 25 125 12
174 47 54 108 9
160 163 148 1
160 165 290 28
160 166 202 29
160 727 642 654 247 5
160 727 642 655 170 8
160 447 448 462 162 9
160 447 448 463 180 9
160 447 448 512 523 232 12
160 447 448 512 524 289 8
160 447 460 287 8
160 447 461 243 4
160 436 440 200 7
160 436 444 115 15
160 436 512 524 289 6
160 410 282 692 641 651 159 5
160 410 282 731 754 143 7
160 410 282 731 756 319 5
160 410 3 19 30 10
160 254 274 297 3
160 254 275 238 1
160 198 213 207 24
160 198 316 328 307 6
160 198 254 275 238 5
160 225 244 137 11
160 225 245 11 5
160 574 598 62 8
160 574 482 484 503 89 8
160 693 709 96 2
160 693 711 77 20
160 761 771 275 2
160 761 775 241 7
160 142 156 261 7
160 142 158 95 17
160 142 120 123 187 6
160 142 120 124 90 5
160 140 144 19 11
160 99 117 113 1
160 99 97 106 253 1
160 60 64 23 6
160 60 65 130 20
160 60 66 246 19
160 46 50 69 12
160 46 52 254 19
160 2 17 226 3
160 2 21 29 301 2
160 2 726 739 86 1
160 2 726 742 73 1
135 136 152 1
135 138 65 25
135 139 100 18
135 665 667 265 3
135 665 671 173 6
135 665 673 25 13
135 621 627 149 9
135 621 630 120 4
135 621 631 244 5
135 621 729 122 129 8 12
135 621 729 122 130 260 6
135 621 729 122 131 224 2
135 565 567 47 10
135 565 482 484 503 89 1
135 565 482 484 505 48 1
135 565 482 493 167 5
135 548 21 29 301 3
135 548 20 25 125 4
135 548 20 26 309 15
135 513 528 49 12
135 513 642 655 170 3
135 513 642 656 256 12
135 513 0 5 213 8
135 315 324 268 7
135 306 675 679 53 7
135 306 640 646 266 11
135 306 572 590 142 2
135 306 572 592 21 2
135 306 641 651 159 1
135 306 641 695 716 223 2
135 306 215 446 695 716 223 7
135 306 215 141 148 111 9
135 306 215 141 149 212 7
135 306 215 141 150 61 2
135 296 302 199 1
135 296 449 469 285 10
135 221 231 129 7
135 221 232 71 24
135 221 233 150 9
135 197 209 281 16
135 197 211 7 3
135 172 252 761 775 241 7
135 172 547 561 104 1
135 172 547 563 176 1
135 282 731 756 319 22
135 282 731 122 131 224 1
135 282 197 211 7 4
135 282 99 97 106 253 1
135 282 99 97 111 215 5
135 295 297 203 4
135 295 298 87 3
135 295 642 656 256 12
135 295 510 514 197 3
135 316 328 307 3
135 396 397 407 58 11
135 396 397 409 15 1
135 396 405 175 18
135 451 475 99 22
135 451 476 273 2
135 451 478 313 19
135 530 22 35 294 26
135 570 579 209 5
135 570 580 315 17
135 677 687 211 4
135 677 689 279 14
135 677 690 700 3 14
135 677 565 3 19 30 8
135 725 732 185 16
135 725 733 94 14
135 725 734 52 10
135 725 736 271 7
135 725 531 451 478 313 1
135 761 775 241 9
135 96 413 431 190 4
135 96 413 432 189 12
135 75 78 135 12
135 47 54 108 11
135 47 56 155 15
135 47 57 106 13
135 47 59 82 5
135 47 640 646 266 3
135 23 40 317 19
135 23 41 78 11
135 23 22 36 157 14
62 70 101 2
62 72 28 17
62 73 116 23
62 727 642 656 256 1
62 620 626 151 5
62 620 353 374 192 5
62 620 95 101 198 11
62 620 95 695 717 0 1
62 620 20 26 309 1
62 601 602 618 114 2
62 601 623 414 512 524 289 2
62 250 676 412 424 206 3
62 250 121 122 131 224 18
62 250 121 122 134 272 10
62 250 21 29 301 12
62 143 445 452 245 2
62 121 122 134 272 7
62 121 126 51 11
62 121 532 543 219 4
62 76 642 656 256 9
62 76 95 695 717 0 4
62 76 95 695 722 220 9
62 76 225 245 11 3
62 76 225 248 196 1
62 76 546 560 240 16
62 75 78 135 1
62 75 81 39 7
62 75 484 505 48 14
62 396 405 175 7
62 396 762 777 210 8
62 396 762 778 109 1
62 511 571 586 153 16
62 511 341 349 286 13
62 570 580 315 3
62 677 565 3 19 30 9
62 677 565 3 0 5 213 2
62 690 700 3 2
62 762 778 109 11
61 67 1 7
61 68 165 14
61 69 228 7
61 676 412 424 206 6
61 676 412 425 85 4
61 676 412 426 217 15
61 676 412 427 46 5
61 676 351 367 248 5
61 575 570 580 315 5
61 575 570 581 280 21
61 485 507 64 1
61 485 508 105 16
61 436 512 524 289 2
61 436 512 525 314 1
61 436 141 150 61 8
61 436 141 152 134 1
61 436 141 153 214 12
61 436 141 154 182 11
61 395 397 409 15 2
61 395 397 413 432 189 1
61 395 398 288 5
61 395 403 112 3
61 395 728 745 284 17
61 395 728 746 26 9
61 395 447 461 243 9
61 395 24 644 664 10 3
61 280 286 306 13
61 280 287 158 2
61 280 140 144 19 8
61 280 140 510 514 197 2
61 221 233 150 6
61 196 643 482 493 167 8
61 196 141 154 182 1
61 196 141 155 140 6
61 354 378 299 23
61 354 380 181 4
61 600 602 618 114 3
61 600 604 56 2
61 600 607 229 13
61 600 608 144 7
61 600 641 695 722 220 4
61 2 726 742 73 2

