463

743 164 12
696 251 23
674 247 2
642 47 16
630 632 196 7
630 634 45 18
630 636 14 2
630 760 763 155 15
630 641 374 394 48 7
630 685 686 710 311 1
630 685 706 23 4
630 685 708 221 16
630 737 750 63 13
630 737 751 128 7
630 737 605 608 212 1
630 620 775 780 33 2
630 498 516 183 8
630 420 427 182 5
630 420 429 257 3
630 365 366 186 1
630 365 367 82 10
630 365 369 101 5
630 322 324 346 245 3
630 322 324 347 46 19
630 322 324 348 277 4
630 320 329 3 2
630 320 331 105 4
630 320 333 280 7
630 307 605 608 212 2
630 307 605 609 309 15
630 307 374 394 48 12
630 307 374 395 234 15
630 307 374 396 188 2
630 126 133 205 3
630 126 34 52 6 4
630 98 112 242 8
630 98 113 54 11
630 98 116 228 6
630 98 761 770 59 1
606 607 618 249 10
606 607 619 258 21
606 607 34 52 6 2
606 610 146 7
606 612 267 11
606 613 157 30
606 615 297 7
606 739 756 116 16
606 684 704 238 4
606 631 638 154 14
606 631 569 584 285 4
606 631 450 455 262 6
606 640 643 140 3
606 640 644 275 1
606 640 645 208 9
606 640 739 756 116 12
606 640 739 757 31 23
606 730 732 113 3
606 730 739 759 159 2
606 761 770 59 1
606 605 609 309 3
606 590 593 100 19
606 590 735 740 270 2
606 590 735 744 108 6
606 590 653 666 272 11
606 590 472 479 286 3
606 590 253 269 78 3
606 567 577 185 10
606 567 34 52 6 5
606 567 34 54 163 8
606 451 325 351 310 1
606 451 325 352 104 18
606 451 325 354 290 3
606 424 441 12 10
606 403 525 529 80 8
606 403 621 625 264 7
606 403 621 628 202 3
606 374 396 188 5
606 360 653 666 272 7
606 360 365 369 101 8
606 360 595 597 81 2
606 322 324 348 277 7
606 322 324 254 252 264 193 7
606 322 323 340 230 6
606 322 323 341 43 3
606 322 336 9 6
606 322 337 235 11
606 201 213 106 24
606 201 215 236 1
606 201 216 61 5
606 195 196 252 3
606 195 199 69 6
606 195 250 255 118 11
606 145 153 5 2
606 145 154 220 13
606 145 155 192 4
606 145 156 312 11
606 145 525 529 80 4
606 145 525 531 199 3
606 145 525 778 792 138 9
606 95 102 172 19
606 95 103 129 3
606 10 16 123 6
606 10 18 181 24
606 10 19 306 17
568 582 26 27
568 583 99 5
568 682 684 704 238 3
568 682 683 697 244 18
568 565 571 265 15
568 565 572 4 3
568 527 534 307 7
568 527 535 224 8
568 527 536 75 1
568 527 538 57 12
568 527 539 92 4
568 527 681 688 16 2
568 495 498 516 183 8
568 495 496 509 135 3
568 495 505 21 7
568 495 506 141 14
568 495 738 753 88 11
568 495 738 754 83 6
568 423 433 76 23
568 423 434 214 13
568 423 436 147 7
568 149 166 7 5
568 70 89 222 4
568 70 90 42 17
568 70 91 213 11
515 150 6
474 490 225 3
474 491 313 12
474 492 191 11
474 493 178 5
474 494 84 12
474 680 653 666 272 6
474 680 653 668 203 24
474 620 775 780 33 12
474 473 487 187 22
474 473 651 653 668 203 5
474 473 651 653 669 273 7
474 473 651 663 318 12
474 473 761 770 59 3
474 472 479 286 7
474 472 480 239 13
474 472 482 283 2
474 472 485 95 2
474 470 776 778 792 138 6
474 470 776 785 115 13
474 470 776 786 207 9
474 470 776 787 305 6
474 470 776 788 217 2
474 402 403 621 628 202 6
474 402 403 621 629 90 1
474 402 403 10 19 306 6
474 402 414 52 13
474 402 416 66 7
474 402 325 354 290 7
474 365 369 101 4
474 251 252 264 193 5
474 251 256 260 14
474 251 258 142 4
474 251 778 792 138 2
400 401 413 87 16
400 401 365 369 101 14
400 401 365 375 397 226 6
400 404 98 25
400 405 246 8
400 406 131 4
400 409 198 11
400 738 754 83 6
400 655 675 133 3
400 655 678 97 16
400 730 739 759 159 10
400 730 201 216 61 9
400 730 201 217 175 1
400 730 149 166 7 5
400 207 209 245 50 11
400 207 208 243 240 4
400 207 239 53 25
400 127 138 170 2
400 36 64 30 11
370 375 397 226 3
370 374 396 188 3
370 374 654 671 219 23
370 372 375 397 226 9
370 372 373 391 171 8
370 372 390 218 17
370 372 542 556 263 5
370 372 542 424 441 12 3
370 371 382 153 8
370 371 383 18 5
370 371 384 243 4
370 371 387 289 7
370 371 181 686 710 311 5
370 371 181 686 712 167 2
370 371 181 686 713 254 15
370 376 62 3
370 377 194 14
370 379 179 13
370 381 8 9
370 760 763 155 4
370 760 764 85 14
370 760 768 296 10
370 760 424 441 12 14
370 760 424 444 278 1
370 760 67 79 35 3
306 312 143 7
306 313 256 28
306 316 11 14
306 762 771 56 18
306 762 365 375 397 226 1
306 762 13 29 233 6
306 324 254 252 264 193 11
306 324 254 252 265 91 9
306 324 254 252 267 144 14
306 453 467 276 4
306 453 469 86 11
306 453 360 595 597 81 4
306 453 360 595 736 746 32 18
306 453 360 595 736 747 189 6
306 540 545 227 7
306 540 549 74 19
306 540 551 19 16
306 569 584 285 8
306 569 585 281 1
306 569 587 27 6
306 569 588 124 10
306 596 601 237 9
306 596 603 145 2
306 305 311 232 27
306 305 425 446 22 1
306 305 277 289 174 11
306 305 277 65 67 79 35 2
306 128 141 25 20
306 128 143 55 3
306 128 144 71 10
306 11 24 253 1
306 11 26 284 23
306 11 27 39 3
279 280 498 516 183 3
279 280 277 65 67 79 35 12
279 280 149 166 7 6
279 295 60 14
279 296 117 28
279 297 315 2
279 298 49 2
279 302 77 6
279 565 572 4 4
279 566 576 184 15
279 278 292 10 4
279 277 65 71 190 5
279 277 65 72 65 10
279 277 65 73 120 3
279 277 65 74 110 1
279 277 65 75 29 2
272 210 8
226 136 9
218 93 1
190 192 197 16
190 193 303 23
190 730 149 166 7 1
190 730 149 167 169 6
190 730 149 168 36 14
190 730 34 54 163 7
190 650 660 72 18
190 650 661 73 21
190 650 777 778 792 138 1
190 650 777 778 793 24 3
190 650 452 460 216 6
190 640 739 759 159 3
190 640 716 726 287 2
190 640 424 444 278 3
190 640 99 117 206 13
190 640 99 118 40 14
190 640 99 121 151 8
190 631 450 455 262 8
190 631 450 456 114 12
190 631 128 144 71 1
190 596 13 29 233 8
190 527 681 688 16 6
190 471 476 294 19
190 307 374 654 672 269 3
190 307 253 269 78 7
190 307 253 271 266 5
190 307 253 654 672 269 10
190 204 209 245 50 6
190 195 250 255 118 7
190 195 278 292 10 6
190 195 278 293 166 1
190 322 338 231 14
190 322 320 333 280 4
190 322 320 334 109 3
190 360 595 736 747 189 4
190 360 595 684 704 238 1
190 360 595 684 681 689 288 7
190 360 653 669 273 3
190 372 542 424 444 278 16
190 372 715 718 241 11
190 372 715 722 152 3
190 372 715 723 248 3
190 423 436 147 2
190 423 438 132 13
190 500 522 127 8
190 500 523 319 14
190 590 253 654 672 269 10
190 590 253 654 673 293 3
190 590 253 654 34 54 163 1
190 590 148 163 302 27
190 590 148 164 70 1
190 682 683 697 244 10
190 682 683 699 229 4
190 682 683 701 51 11
190 715 723 248 11
190 180 182 38 2
190 180 185 274 5
190 180 187 259 3
190 170 173 79 3
190 147 452 460 216 3
190 147 452 462 173 6
190 147 66 78 122 12
190 35 56 107 14
190 35 58 291 6
171 176 299 23
171 177 156 4
171 178 250 8
171 776 788 217 8
171 540 551 19 6
171 471 476 294 2
171 471 478 17 33
171 471 715 723 248 1
171 195 278 293 166 11
171 195 425 446 22 4
171 195 425 449 180 7
171 195 65 75 29 11
171 180 187 259 15
171 180 253 654 34 54 163 5
171 180 207 239 53 1
171 180 207 240 64 23
171 180 207 241 211 6
171 276 278 293 166 4
171 276 284 161 8
171 276 285 148 13
171 276 67 79 35 6
171 325 354 290 9
171 497 514 139 20
171 497 126 34 54 163 1
171 541 543 557 111 4
171 541 543 558 68 10
171 541 543 559 121 1
171 541 543 560 96 1
171 541 552 2 16
171 541 554 1 3
171 620 374 654 34 54 163 3
171 620 374 654 34 55 67 5
171 620 209 246 215 8
171 170 173 79 5
171 170 204 209 246 215 5
171 170 204 205 231 317 5
171 100 123 130 10
171 100 99 121 151 1
171 100 99 681 689 288 3
171 100 96 106 134 9
171 100 11 27 39 2
171 100 11 10 19 306 2
171 100 11 10 20 103 9
171 68 65 75 29 5
171 35 58 291 4
171 35 60 125 18
125 126 34 55 67 3
125 132 102 1
125 777 778 793 24 12
125 777 778 794 119 1
125 777 789 160 7
125 777 208 243 240 26
125 730 34 55 67 5
125 730 10 20 103 4
125 730 10 21 41 7
125 360 653 669 273 1
125 360 146 159 209 3
125 360 146 160 20 9
125 360 145 525 778 794 119 7
125 360 145 778 794 119 4
125 360 145 778 795 58 19
125 360 145 778 796 292 6
125 327 356 271 2
125 327 359 149 13
125 327 596 13 29 233 5
125 327 323 341 43 7
125 327 323 343 28 16
125 452 462 173 8
125 452 464 268 12
125 452 465 44 1
125 452 466 158 6
125 452 12 28 314 6
125 655 735 744 108 7
125 34 55 67 5
32 36 64 30 4
32 35 60 125 1
32 35 716 726 287 3
32 48 282 16
32 50 168 8
32 496 509 135 9
32 496 511 200 5
32 275 282 304 20
32 275 0 423 438 132 12
32 206 209 246 215 1
32 206 209 248 298 3
32 181 686 713 254 2
32 181 686 714 295 8
32 181 686 681 689 288 2
32 181 686 681 690 126 3
32 181 148 164 70 1
32 499 517 223 12
32 499 519 15 1
32 499 521 301 7
32 31 323 343 28 3
32 30 36 64 30 4
32 30 40 162 12
1 4 316 11
1 6 255 20
1 7 13 5
1 8 0 6
1 9 112 4
1 682 683 701 51 6
1 682 694 195 7
1 590 127 138 170 13
1 590 127 139 176 19
1 590 65 75 29 1
1 321 424 444 278 6
1 252 267 144 7
1 206 209 248 298 11
1 206 205 231 317 4
1 206 205 235 201 3
1 206 205 236 300 1
1 206 202 425 449 180 15
1 206 201 217 175 8
1 98 761 770 59 7
1 98 761 716 726 287 3
1 98 149 168 36 2
1 70 69 65 75 29 3
1 97 108 94 1
1 97 109 261 13
1 97 111 137 17
1 97 595 684 681 690 126 4
1 97 595 499 521 301 2
1 170 204 205 236 300 1
1 170 204 228 165 13
1 170 204 230 89 9
1 170 204 203 225 37 13
1 170 35 716 726 287 5
1 450 456 114 1
1 450 457 177 8
1 450 543 560 96 12
1 450 68 65 75 29 5
1 450 68 65 76 279 12
1 543 560 96 4
1 543 561 308 24
1 641 373 391 171 1
1 641 373 392 204 6
1 641 325 354 290 1
1 684 681 690 126 1
1 684 681 691 34 11

