86

151 39 43
151 159 23 19
134 40 37
131 3 121
131 123 125 155 1 19
131 123 146 5 12
131 123 147 46 10
131 15 2 12 42 2
124 126 157 9 11
124 126 125 156 50 3
124 126 120 127 158 22 5
124 126 120 128 35 13
124 152 17 14
124 153 28 8
124 123 149 8 6
124 123 120 128 35 6
124 123 120 129 38 4
124 123 45 130 41 11
124 121 127 158 22 11
124 121 127 159 23 6
124 121 130 41 9
124 121 133 58 19
124 91 98 19 5
124 91 100 53 8
124 91 101 27 21
124 91 102 51 8
114 2 57
114 110 111 119 15 4
114 110 111 141 26 3
114 110 14 49 31
113 34 56
105 59 101
105 122 139 4 9
105 122 143 14 2
105 122 120 129 38 3
105 122 21 46 10 4
105 122 2 12 42 2
105 127 159 23 6
105 85 159 23 3
103 12 23
90 93 107 31 10
90 93 108 62 19
90 93 109 6 10
90 93 60 130 41 2
90 93 60 9 37 2
90 91 102 51 11
90 94 18 3
90 96 7 26
90 97 52 13
90 67 111 141 26 19
90 3 17 20 2
90 2 12 42 5
90 2 13 44 8
87 56 68
87 92 157 9 4
87 69 88 55 5
87 69 89 24 46 10 4
87 69 89 24 99 47 1
82 13 49
65 71 16 24
65 72 57 46
65 74 45 24
65 60 9 37 8
65 1 5 25 7
65 1 21 46 10 9
65 1 129 38 1
55 43 47
53 36 36
51 54 24 41
51 106 92 157 9 1
51 148 11 20
51 50 52 32 22
51 23 41 29 9
51 6 48 41
49 30 20
47 60 45
47 24 99 47 30
47 24 20 21 46 10 9
39 21 46
39 14 49 3
38 63 23
38 150 54 16
37 61 23
37 88 55 17
28 33 38
16 0 59

