94

154 47 39
152 18 102
152 11 104 51 15
152 11 2 12 107 129 15 6
152 11 2 73 62 5
152 11 2 66 26 15
151 27 42
151 145 148 5 25
140 141 52 18
140 142 132 37 28
140 143 81 33 38
140 127 125 128 11 13
140 127 7 2 18
140 125 128 11 2
140 125 130 30 3
140 90 112 3 7
140 90 115 21 1
140 76 123 36 23
140 76 75 81 33 2
140 76 75 88 108 6 5
140 21 46 57 10
140 21 49 9 2
140 21 18 35 29 11
140 19 40 31 2
136 19 48
136 100 40 18
118 8 78
118 17 19 40 31 3
118 17 30 59 19
118 17 31 63 13
118 17 16 26 45 7
103 55 102
103 130 30 23
103 142 132 37 2
102 53 60
102 147 157 60 8
102 147 158 1 5
102 147 146 145 148 5 3
102 147 145 149 12 8
102 86 97 17 5
102 86 129 15 15
84 48 42
80 16 47
80 129 15 10
72 56 39
72 119 24 15
64 38 68
64 114 89 109 58 5
56 49 44
56 63 34 8
56 50 53 67 44 4
55 23 32
54 68 50 13
54 69 54 3
54 70 97 17 10
54 73 62 32
54 126 132 37 11
54 126 85 91 120 22 17
54 126 85 89 109 58 10
54 126 0 26 45 1
54 85 89 109 58 1
54 85 89 109 40 31 1
54 85 87 91 120 22 8
54 85 87 89 109 40 31 1
54 85 87 89 106 43 5
54 85 87 104 51 4
54 53 67 44 17
54 51 0 26 45 2
54 50 53 67 44 25
54 50 58 7 11
54 50 149 12 10
48 42 58
47 0 62
47 26 45 5
42 10 59
32 28 55
32 52 63 34 1
32 52 65 32 17
28 20 52
22 13 66
22 134 39 29
22 153 61 20
10 46 40
10 155 41 34
1 6 35 17
1 6 23 100 40 6
1 6 23 73 62 4
1 7 2 3
1 7 142 132 37 17
1 8 69 54 17
1 9 4 29
1 76 75 88 108 6 7
1 76 4 25 24
1 101 14 29

