94

153 35 67
153 117 77 25 10
139 154 22 14
139 157 37 8
139 159 55 20
139 138 136 144 40 2
139 138 76 61 21
139 138 6 21 13
139 137 147 57 7
139 137 149 32 21
139 137 101 107 67 20 10
139 29 41 9
130 45 60
130 82 7 20
128 9 83
128 22 10 23
124 15 80
124 114 133 39 147 57 7
124 114 100 102 19 9
124 114 1 4 25 23 6 4
124 114 1 6 21 4
124 114 1 8 121 14 3
124 114 1 28 40 34 8
124 111 126 50 17
124 111 100 102 19 13
115 47 45
115 110 119 16 9
115 110 121 14 3
115 88 4 24
104 62 48
104 100 102 19 21
104 100 61 47 62 157 37 3
97 2 107
97 57 63 31 3
96 49 70
95 53 33
95 98 38 14
95 44 42 20
89 29 39
86 1 38
86 72 87 51 17
86 13 3 16
71 74 93 43 5
71 74 94 46 13
71 82 7 2
71 83 8 43
71 83 34 60 7
71 84 13 8
71 126 50 37
71 70 76 61 5
71 70 77 25 8
71 70 78 5 8
71 70 146 28 20
71 24 39 19
69 48 63
69 26 25 23 6 4
65 59 59
65 136 144 40 4
65 136 145 26 5
65 136 146 28 2
58 44 37
56 30 118
54 24 75
54 127 11 8
54 34 60 41
45 48 63 31 7
45 48 67 20 7
45 48 47 62 157 37 4
45 50 129 54 22
45 51 27 13
45 52 151 33 24
45 55 150 23 15
45 55 34 60 1
45 62 157 37 2
45 0 2 12 27
31 18 20
31 147 57 32
31 147 34 60 7
30 56 30
17 63 76
17 112 127 11 10
12 22 10 6
12 23 6 19
12 24 39 11
12 26 25 23 6 3
12 126 50 20
11 19 17 18
11 21 36 8
11 73 88 4 1
11 73 91 8 121 14 2
11 27 36 0 12
11 27 144 40 14
7 58 29
7 105 52 8

