91

159 19 34
150 48 53
150 122 39 41
127 133 13 23
127 133 76 9 9
127 135 11 37
127 136 2 19
127 66 73 56 9
127 52 62 57 2
127 52 64 38 10
127 50 51 58 35 16
127 41 49 5 17
127 0 3 41 8
127 0 4 5 20 14
126 131 49 8
126 132 43 22
126 142 154 16 21
126 142 156 59 18
126 142 141 45 15 4
126 125 130 12 2
126 125 108 29 25 36 9
126 125 66 74 7 9
126 83 100 8 11
126 83 143 158 40 7
126 40 44 9 45 6
126 40 106 63 6
124 31 74
124 145 23 4
124 22 54 26
120 21 44
120 143 158 40 7
118 1 57
118 38 42 14
117 37 30
117 107 61 29
117 42 34 26 12
104 47 33
104 137 25 42
103 62 33
90 46 65
81 87 116 6 27 3
81 87 119 22 16
81 85 106 63 17
81 85 62 57 28
81 84 105 10 15
81 82 87 119 22 4
81 92 53 10
81 93 51 21
81 94 34 47
81 94 106 63 1
81 95 58 22
81 50 51 58 35 1
81 50 51 21 50 3
81 50 53 29 21
81 50 55 3 18
65 67 76 9 2
65 67 66 74 7 4
65 66 74 7 10
65 71 24 23
65 72 18 6
65 84 105 10 2
65 38 42 12
65 37 33 18
54 17 49
54 50 56 135 11 2
54 50 57 28 7
33 55 75
33 141 45 15 22
19 34 26 23
19 36 30 20
19 38 42 19
19 18 32 32 18
17 26 6 19
17 28 60 9
17 140 145 23 39
17 75 0 27
17 35 44 28
17 16 25 36 1
17 16 131 49 9
17 15 21 50 15
17 15 22 54 2
10 14 26
10 1 6 27 21
10 1 9 45 12
10 1 44 9 45 5
8 4 35
7 52 77
7 67 66 74 7 4
7 67 66 75 0 1
7 55 3 12
7 49 5 40

