89

154 34 96
154 150 55 12
154 62 5 9
151 33 47
151 130 152 49 25
151 130 127 126 137 4 1
139 21 30
139 127 126 137 4 3
139 127 126 138 14 1
139 127 20 22 60 2
139 109 13 36
135 26 35
134 36 49
134 147 22 32
132 46 23
124 61 29
124 96 91 100 29 11
110 8 94
110 94 96 91 100 29 14
110 94 95 115 35 23
110 94 32 44 54 5
105 20 36
102 30 29
101 44 125
101 61 24 50
101 48 32 44 54 16
101 48 32 46 43 4
101 35 21 28 58 18
101 24 31 22
98 56 45
98 112 59 47
88 11 45
88 97 52 21
88 81 80 128 131 126 138 14 4
88 11 39 24
75 76 10 28 7
75 77 41 17
75 126 138 14 5
75 80 5 38 19
75 90 95 115 35 2
75 90 97 52 4
75 109 13 10
75 82 23 4
75 20 22 60 5
75 1 8 7 11
75 1 10 28 6
75 1 12 66 63 6
71 16 63
71 119 27 27
64 37 46
64 56 62 5 17
64 56 66 63 4
64 10 28 2
63 57 44
57 69 50 24
57 70 19 31
57 72 24 31 8
57 73 6 11
57 2 16 18 6
51 40 64
51 60 104 62 14
51 148 121 45 11
42 17 95
42 106 24 31 24
42 157 130 127 20 22 60 8
42 31 33 49 32 1
42 31 33 50 10 20
42 31 49 32 1
42 31 21 28 58 4
42 31 21 61 24 5
42 29 0 17
42 20 22 60 5
42 20 26 48 5
41 51 44
41 142 129 141 1 3
40 2 41
36 15 19
36 66 63 14
25 3 129
25 20 26 48 19
23 12 55
18 53 67
15 42 75
15 12 66 63 15
15 2 16 18 8
15 2 17 25 12
15 2 74 47 9
6 9 36
6 140 74 47 9

