88

151 132 108 129 44 3
151 132 43 52 40 1
151 132 11 23 1 13
151 110 111 139 3 10
151 58 63 11
151 42 49 144 59 4
151 42 50 21 7
151 42 51 36 20
151 30 56 37
151 12 11 23 1 10
151 12 10 20 31 7
151 12 10 21 55 2
146 24 53
146 89 21 55 18
141 33 34
141 112 144 59 20
141 112 96 39 10
141 2 26 27
138 53 50
133 38 59
124 5 48
119 9 55
119 106 108 129 44 25
119 106 118 57 16
114 62 37
97 51 37
92 101 28 8
92 103 29 20
92 104 22 32
92 150 153 45 13
92 150 145 147 35 8
92 150 0 2 26 1
92 145 147 35 6
92 145 148 47 14
92 145 149 32 11
92 100 13 34
92 91 5 14 4
92 40 41 47 50 6
92 13 29 30 11
92 13 11 23 1 10
82 19 29
82 96 39 3
82 64 83 17 13
82 64 86 2 4
82 64 63 80 20 8
82 64 62 72 11 5
79 7 29
79 67 10 25
76 6 38
76 104 22 3
73 16 39
73 54 58 8
59 18 59
59 43 52 40 6
59 43 53 25 1
59 43 56 48 11
59 43 41 72 11 2
59 31 56 48 12
44 60 38
44 118 57 7
39 41 107
39 66 27 36
39 30 56 15
38 54 25
38 55 66 27 1
37 12 60
37 117 106 118 57 6
37 117 106 120 52 3
33 4 53
32 61 64
32 107 111 139 3 2
32 107 125 49 3
32 107 106 120 52 8
32 107 90 95 46 6
32 8 42 10
27 23 59
26 34 33
19 43 88
19 8 42 11
9 8 38
1 5 14 40
1 8 42 1
1 8 149 32 2
1 63 80 20 2
1 61 69 37 2
1 61 70 15 8
1 35 0 34
1 35 149 32 1

