86

149 51 14
149 115 12 10
148 25 120
148 159 15 28
148 101 26 42
148 101 95 100 30 3
148 90 14 37
148 35 3 38
143 153 57 27
143 154 54 3
143 155 47 28
143 156 9 16
143 140 144 38 10
143 140 155 47 2
143 48 64 154 54 3
143 48 33 59 23
138 7 49
133 44 28
133 158 52 14
133 122 129 2 3
133 122 131 13 9
133 122 117 27 2
113 56 58
113 97 140 10 63 15
113 92 49 11
113 91 100 30 5
109 17 52
109 152 34 13
109 15 18 9
106 8 44
96 98 115 12 6
96 98 111 155 47 17
96 104 33 19
96 105 42 25
96 107 60 34
96 120 125 16 1
96 120 47 46 53 46 13
96 120 47 46 56 21 10
87 55 87
87 49 32 22
83 41 36
81 45 36
80 53 40
79 61 57
79 94 24 23
79 63 18 20 15
78 89 40 7
78 92 49 20
78 77 86 31 5
78 77 122 117 27 18
78 69 0 20
78 59 1 3
66 71 50 10
66 123 137 48 17
66 123 53 46 12
66 107 60 10
66 22 22 31
55 19 29
52 6 57
52 151 35 28
52 159 15 18
52 4 18 20 9
52 4 22 22 3
52 4 23 11 8
42 10 20
26 34 29 24
26 36 36 26
26 129 2 44
26 25 28 43 144 38 3
26 25 28 44 23 9
26 25 27 39 58 3
26 25 65 107 60 9
7 28 31
2 3 17 5 8
2 3 47 46 131 13 1
2 14 37 17
2 15 18 10
2 16 62 22
2 59 1 11
2 1 10 63 15
2 1 12 43 4
2 1 65 107 60 4
2 1 0 9 4 11
2 0 9 4 1
2 0 110 39 25
2 0 110 125 16 5

