94

156 0 101
156 138 139 158 40 12
156 138 139 23 49 12
150 7 62
150 137 148 24 27
150 137 152 10 13
149 4 45
149 126 44 13 11
145 20 40
145 46 52 18 5
145 46 55 15 10
143 44 35
143 147 31 24
143 136 141 19 2
113 12 46
112 51 37
112 142 33 16
109 110 130 25 16
109 110 107 119 53 2
109 110 106 116 8 3
109 128 11 39
109 144 34 14
109 108 69 90 36 11
109 108 69 91 22 4
109 107 119 53 5
109 102 55 24
99 9 48
94 59 44
94 69 91 22 1
77 38 67
77 66 69 91 22 8
77 66 118 106 116 8 3
77 66 118 106 117 32 13
75 21 38
75 65 74 14 5
75 65 76 57 5
64 35 54
64 48 63 17 6
64 48 93 88 46 8
62 37 34
62 48 93 88 46 3
58 41 36
56 47 53
56 16 23 49 8
56 16 136 141 19 5
56 16 136 144 34 1
56 16 136 147 31 2
56 16 136 74 14 8
50 1 55
50 98 48 1
35 36 44 13 6
35 36 85 3 7
35 37 39 4
35 38 60 32
35 110 106 117 32 1
35 110 105 115 2 1
35 110 105 9 45 2
35 100 102 55 9
35 100 71 69 91 22 3
35 100 47 57 50 5
35 100 47 70 98 48 8
35 100 46 55 15 1
35 100 21 61 10
35 100 18 117 32 4
35 100 0 4 43 6
35 67 88 46 7
35 65 76 57 2
35 107 120 62 13
35 107 122 6 15
35 27 56 46
31 63 84
31 34 26 30
31 17 30 29 4
31 17 69 91 22 1
31 17 69 96 23 19
22 28 38
22 141 19 7
22 15 20 107 122 6 10
19 42 42
19 36 85 3 13
19 36 119 53 3
19 42 58 30
14 16 47
14 2 9 45 14
14 2 10 5 22
8 30 44
8 134 27 17
8 93 88 46 11
8 142 98 48 3
7 52 89
7 74 14 3
3 54 67
3 0 4 43 16
3 0 122 6 4

