84

155 38 39
155 151 154 16 15
148 12 28
142 17 37
141 37 49
141 127 128 129 145 33 21
141 127 128 143 8 9
141 127 126 129 145 33 5
141 127 126 137 28 1
141 115 6 2
141 67 52 32
140 42 66
140 127 126 138 9 7
125 130 47 17
125 132 45 5
125 133 14 21
125 134 29 14
125 135 32 29
125 43 24 20
120 30 46
120 111 85 59 18
120 111 38 43 19
118 3 42
118 76 87 36 18
118 71 63 16
112 122 50 17
112 123 55 44
112 124 57 19
112 110 115 6 6
112 108 54 38
112 93 40 26
112 81 20 32
112 57 86 23 25
107 61 96
104 26 71
98 4 27
98 117 137 28 17
98 8 0 10 132 45 6
92 27 67
92 47 39 16
90 11 63
90 78 93 40 13
90 40 46 13
75 77 89 51 16
75 76 87 36 17
75 80 53 35
75 81 20 11
75 81 95 99 31 8
75 82 19 11
75 83 58 7
75 84 18 18
75 85 59 12
75 34 54 15 20
75 34 31 33 47 39 13
74 48 97
74 97 128 143 8 3
74 97 103 34 24
74 97 96 33 47 39 1
74 97 96 33 48 7 5
74 97 96 33 122 50 3
74 97 95 99 31 3
74 150 153 25 2
62 21 48
62 88 95 99 31 4
62 88 95 100 44 7
62 88 95 58 72 60 2
62 88 95 58 65 2 2
60 49 45
56 58 65 2 12
56 57 86 23 2
56 65 2 1
56 66 1 29
56 100 44 12
56 2 15 62 14
56 2 16 41 7
36 35 47
36 108 54 11
29 56 122
29 159 6 0 25
27 13 33
27 43 24 19
26 5 44
21 22 51
17 10 27

