198

271 275 37 6
271 276 74 10
271 277 0 3
271 278 48 27
271 280 286 297 29 12
271 280 287 87 29
271 270 273 13 9
271 245 264 61 12
271 245 265 113 5
271 225 5 39
271 219 233 69 19
271 190 191 202 1 3
271 190 195 4 1
271 190 196 117 37
271 160 162 170 90 8
271 160 163 16 58 16
271 68 99 46 32
271 21 28 88 13
271 21 29 52 8
252 39 33
250 3 29
248 15 95
247 17 53
244 259 67 5
244 260 43 27
244 261 101 100 11
244 263 56 10
244 241 136 223 55 3
244 241 87 102 109 4
244 241 57 28 15
244 175 177 187 32 3
244 175 178 66 12
244 175 179 196 117 1
244 175 179 8 59 7
244 175 192 17 10 11
244 175 219 233 69 2
244 175 219 234 260 43 6
244 72 81 119 5
244 72 136 223 55 2
239 77 32
239 219 234 260 43 1
239 219 234 274 106 3
239 219 237 34 27
239 204 227 72 21
230 112 37
230 290 78 13
230 217 227 72 4
228 86 54
228 284 49 21
228 216 224 233 69 6
228 140 41 45
222 114 25
220 27 43
220 133 116 11
197 60 92
197 240 243 255 104 15
197 240 242 75 2 4
197 190 196 117 8
181 71 26
181 176 177 187 32 3
181 176 177 188 7 1
181 176 276 74 23
180 23 30
180 255 104 7
180 40 47 8 9
180 40 48 107 3
180 40 49 227 72 5
180 40 126 81 12
174 108 16
164 99 45
164 166 105 23
164 161 160 163 16 58 14
164 161 160 1 8 59 13
155 47 67
139 150 64 25
139 152 73 19
139 156 92 8
139 157 89 7
139 158 19 7
139 159 70 24
139 283 295 82 1
139 283 297 29 6
139 283 298 9 5
139 245 265 113 7
139 245 266 57 3
139 245 268 178 66 3
139 245 269 83 10
139 245 44 177 188 7 3
139 245 20 283 298 9 15
139 138 148 6 6
139 138 149 276 74 5
139 137 145 21 4
139 137 147 80 25
139 136 223 55 1
124 101 71
118 128 40 23
118 131 42 32
118 132 14 6
118 133 116 12
118 134 12 22
118 136 223 55 16
118 290 78 16
118 15 31 41
118 3 17 10 16
118 3 137 147 80 7
118 3 137 136 223 55 3
116 117 125 91 6
116 117 126 81 35
116 122 36 30
116 123 28 88 4
116 135 142 84 21
116 115 119 20 2
116 21 29 52 2
116 21 227 72 4
116 21 257 24 30
114 118 54
114 260 43 8
114 90 237 34 16
114 90 231 171 98 12
114 90 85 92 94 9
114 90 85 43 58 115 2
114 90 20 283 298 9 8
114 90 20 162 170 90 3
108 95 83
107 18 52
107 102 109 21
103 97 42
103 158 19 16
89 112 22 5
89 128 40 20
89 87 102 109 4
89 87 104 65 16
89 44 177 188 7 18
89 44 135 142 84 2
89 44 275 37 6
86 90 20 162 170 90 4
86 90 20 212 85 18
86 90 20 255 104 1
86 88 111 125 91 9
86 88 111 125 274 106 1
86 98 93 5
86 99 46 14
86 100 117 126 81 7
86 100 117 127 11 9
86 101 100 31
86 162 172 76 7
86 173 54 33
86 85 43 58 115 6
86 85 43 60 62 11
80 103 32
80 193 194 211 33 2
80 193 194 214 53 2
80 193 73 50 2
78 38 41
78 226 264 61 1
70 71 55 51 35 9
70 73 50 29
70 75 2 45
70 77 202 1 16
70 177 188 7 3
70 83 154 48 107 6
70 199 191 202 1 3
70 31 38 187 32 9
70 31 39 26 18
70 31 132 14 12
70 31 1 8 59 6
56 44 109
56 119 20 49
56 178 66 48
41 50 102 14
41 51 35 14
41 52 79 10
41 21 257 24 11
41 21 267 51 3
27 96 57
27 270 273 13 2
27 270 274 106 25
27 270 42 57 28 10
26 30 19
26 130 68 43
26 21 267 51 11
23 16 23
23 269 83 14
7 75 18
7 8 59 9
2 12 45 2
2 13 25 32
2 14 63 23
2 15 31 2
2 16 58 10
2 218 217 227 72 2
2 218 46 110 15
2 177 188 7 8
2 177 189 99 46 1
2 43 60 62 9
2 115 119 20 1
2 115 43 60 62 5
2 0 4 111 4

