209

297 4 44
297 269 270 298 73 5
297 269 270 228 187 66 2
297 269 292 6 4
297 269 266 267 283 24 2
297 269 266 276 28 15
297 269 266 277 53 8
297 215 230 80 10
297 215 137 164 40 16
297 215 133 155 9 4
297 187 66 10
293 37 54
293 158 8 22
293 62 90 25
291 75 23
291 142 91 35
288 92 37
286 20 28
272 0 41
246 52 55
246 240 245 32 25 28
246 240 247 21 1
246 240 111 68 3
246 240 1 58 17
246 120 7 30
235 27 27
214 51 15
214 244 264 36 9
214 244 241 249 46 7
214 244 227 80 87 102 13 2
207 99 42
207 205 208 60 22
207 205 232 79 7
203 87 66
203 198 83 36
203 196 202 19 7
203 196 204 70 6
193 12 20
193 271 299 112 6
193 271 266 277 53 3
193 271 266 278 96 8
193 271 58 72 42 61 12
193 164 40 10
188 78 33
186 89 19
180 118 41
180 195 197 3 17
170 173 254 29 1
170 174 74 48
170 243 256 38 6
170 243 258 50 93 13
170 243 241 249 46 1
170 206 212 71 22
170 206 213 248 85 15
170 206 195 197 3 3
170 178 241 250 44 16
170 178 176 253 88 4
170 216 219 86 18
170 216 195 197 3 1
170 216 195 198 83 1
170 216 195 199 103 2
170 216 175 183 107 1
170 216 117 187 66 1
170 226 233 54 2
170 250 44 32
170 183 107 7
170 185 49 12
170 137 164 40 5
170 137 168 114 11
170 132 154 94 12
170 57 64 17 1
170 57 67 119 6
170 57 68 111 9
170 35 39 110 12
170 0 206 195 199 103 3
170 0 177 187 66 9
170 0 130 133 155 9 4
170 0 130 138 98 23
170 0 100 122 115 7
159 56 18
159 256 38 27
159 134 132 154 94 8
159 134 132 185 49 9
152 22 19
152 132 185 49 11
146 116 57
146 226 233 54 25
146 226 236 31 3
146 226 247 21 20
146 131 135 160 16 4
146 131 195 199 103 11
146 131 226 247 21 10
146 131 226 57 68 111 10
145 69 11
129 45 49
129 0 100 122 115 6
129 0 100 125 199 103 1
129 0 36 42 61 11
129 0 36 255 100 11
129 0 36 35 39 110 7
129 0 36 35 64 17 3
129 0 278 96 2
123 63 40
123 252 39 25
123 252 241 250 44 8
123 100 125 199 103 17
123 100 226 57 68 111 1
123 100 226 57 69 102 3
115 42 29
115 157 41 21
115 157 187 66 5
110 32 92
110 0 278 96 4
110 0 23 59 15
109 10 57
109 195 199 103 23
109 195 200 76 12
109 61 1 19
103 95 72
103 105 11 43
103 294 84 26
103 64 17 26
96 101 126 5 10
96 101 127 113 13
96 105 11 21
96 107 81 40
96 111 68 43
96 113 55 16
96 113 154 94 5
96 114 104 3
96 205 232 79 29
96 205 135 160 16 3
96 95 101 127 113 6
96 95 101 135 160 16 7
96 95 102 13 20
94 77 16
94 67 119 11
92 35 55
92 82 93 48 14
92 82 175 183 107 1
92 82 35 64 17 5
92 82 35 199 103 8
88 82 53
88 217 64 22
83 33 20
83 234 187 66 2
83 234 133 155 9 3
83 80 87 102 13 6
73 14 63
73 58 72 42 61 12
73 58 77 197 3 2
73 58 135 160 16 3
73 23 59 16
53 72 65
53 173 254 29 8
53 279 65 6
44 23 14
44 37 48 109 7
44 37 196 204 70 3
44 37 196 242 253 88 3
44 37 196 242 254 29 7
44 37 196 195 200 76 2
38 50 93 2
38 54 26 24
38 227 80 87 102 13 1
38 178 176 253 88 9
38 178 176 249 46 4
38 178 176 147 50 17
38 178 56 63 67 7
38 55 283 24 13
38 215 133 155 9 13
38 37 196 195 200 76 2
38 37 196 195 174 74 3
38 37 196 132 185 49 2
38 37 107 81 14
34 117 34
34 292 6 20
34 10 32 25 7
28 62 55
28 174 74 10
28 15 225 232 79 11
28 15 225 266 278 96 7
28 15 225 63 67 16
27 97 44
27 9 26 34 7
22 30 40
22 259 43 26
22 155 9 6
22 127 113 4
22 8 21 15 18
22 8 23 59 1
22 8 24 108 3
22 8 130 138 98 9
22 8 130 141 57 6
22 8 130 142 91 7
20 101 49
20 120 7 49
18 47 64
18 274 266 278 96 4
16 18 95
16 6 8 130 142 91 6
16 6 8 130 142 138 98 2
16 6 17 105 4
16 6 175 183 107 9
16 6 175 185 49 1
16 6 178 56 63 67 5
16 6 111 68 17
14 2 53
14 5 12 106 1

