211

295 70 40
295 276 285 66 10
295 254 111 20
295 221 100 53 10
262 63 98
262 209 278 77 10
246 81 60
246 116 245 52 14
224 105 49
224 199 227 73 17
224 199 171 109 26
224 22 28 46
216 84 62
216 298 67 24
216 112 285 66 2
203 1 75
203 258 269 45 3
203 45 46 24 31
203 45 178 194 43 2
203 45 270 99 115 3
203 45 99 115 12
197 202 201 233 80 2
197 200 228 119 22
197 200 231 11 14
197 199 171 109 11
197 213 102 6
197 218 86 17 13
197 219 122 64 21
197 290 292 22 1
197 258 269 45 5
197 258 271 35 13
197 258 272 117 7
197 258 273 89 9
197 222 232 5 29
197 196 208 44 3
197 196 210 90 18
197 92 142 213 102 11
197 92 106 119 29 9
197 92 277 254 111 5
183 56 82
166 174 72 43
166 290 292 22 8
166 290 296 23 31
166 275 278 77 13
166 275 280 252 39 10
166 275 280 149 54 8
166 275 282 71 1
166 257 266 15 7
166 257 267 118 8
166 257 178 194 43 6
166 257 178 184 48 14 18
166 257 178 233 80 2
166 165 168 85 4
166 91 95 278 77 4
166 91 96 112 24
166 91 100 53 1
166 91 82 61 18
166 82 61 19
166 51 59 114 4
166 51 237 248 48 9
166 51 50 52 194 43 5
166 51 50 56 37 8
166 45 99 115 13
166 45 43 38 10
162 3 89
162 276 285 66 34
162 276 286 21 6
162 276 288 10 9
162 144 143 159 8 2
162 144 140 147 96 15
162 136 60 9
157 34 41
157 22 28 10
155 55 26
154 110 50
131 94 100
131 141 143 159 8 12
131 141 149 54 9
131 141 151 260 100 20
130 58 51
130 186 46 21
130 110 109 107 12 2 1
130 79 18 38
129 32 73
129 288 10 23
129 266 15 19
129 124 107 12 2 2
129 59 114 3
128 57 68
128 238 252 39 6
128 238 253 83 20
128 238 291 296 23 7
128 227 73 24
111 136 60 19
111 136 250 27 25
111 138 51 8
111 108 125 82 20
111 108 126 92 2
111 106 119 29 24
111 105 108 126 92 8
111 105 106 119 29 10
111 105 106 121 25 5
111 105 106 122 64 16
111 105 114 36 7
111 105 115 269 45 2
104 68 45
104 153 75 20
101 113 19
97 4 18
97 165 168 85 4
97 137 7 27
97 91 82 61 15
94 59 56
94 103 297 33 5
88 16 32
88 188 0 24
88 68 83 12 9
88 54 254 111 6
85 106 100
85 238 291 296 23 7
85 238 273 89 8
85 238 245 52 7
85 238 237 248 48 21
85 238 237 250 27 3
85 238 237 165 168 85 1
85 238 211 79 18 1
85 119 29 7
85 68 83 12 9
85 68 84 62 2
85 68 86 17 4
81 78 28
78 49 60
78 158 50 23
78 158 95 278 77 1
76 97 47
76 84 62 13
75 86 17
75 281 98 11
72 69 43
72 274 258 273 89 3
72 274 195 201 233 80 7
72 274 195 207 20 8
67 69 30 40 14
67 82 61 3
67 103 297 33 37
67 103 297 33 7
67 138 51 19
67 60 47 39
67 4 7 34 108 8
65 69 30 40 5
65 70 30 5
65 73 93 21
65 73 267 118 7
65 77 95 3
65 239 6 21
65 121 25 36
65 298 67 4
58 9 53
49 41 69
49 236 243 87 3
49 236 245 52 1
49 236 56 37 36
42 101 44
40 41 26 23
40 41 48 14 4
40 43 38 19
40 43 270 99 115 4
40 290 296 23 1
40 290 7 34 108 1
40 106 122 64 29
40 106 123 103 3
40 52 194 43 16
40 45 43 270 99 115 10
40 66 79 18 8
40 165 168 85 2
40 175 177 186 46 6
40 175 177 165 168 85 8
40 175 182 30 40 7
40 175 281 98 22
40 175 90 208 44 6
40 255 260 100 11
40 255 200 231 11 6
40 255 200 232 5 2
40 255 148 79 15
40 291 296 23 2
40 4 7 34 108 5
40 0 7 34 108 6
40 0 7 35 65 2
40 0 7 37 116 3
40 0 3 20 74 9
36 13 40
36 192 99 11
11 19 24
6 7 37 116 2
6 30 40 21
6 31 91 31
6 32 104 12
6 110 109 107 12 2 5
6 175 90 208 44 3
1 5 7 37 116 17
1 3 20 74 11
1 12 2 11
1 15 31 13
1 16 88 15
1 16 149 54 1
1 17 76 21
1 18 176 185 42 8
1 18 176 290 7 37 116 2
1 18 20 74 10
1 0 3 20 74 14
1 0 8 107 22

