203

296 98 38
296 197 101 14
296 15 117 39
291 99 70
291 273 275 297 91 10
291 273 275 298 86 2
291 273 290 82 4
291 101 20 9
287 50 27
287 206 232 40 78 13
287 206 202 214 60 9
279 35 27
247 83 35
242 245 268 6 23
242 244 263 53 1
242 252 13 2 167 177 103 3
242 252 13 2 167 178 47 6
242 253 119 24
242 254 73 23
242 256 74 29
242 241 250 105 1
242 241 224 118 4
242 240 246 81 23
242 240 248 109 3
242 162 45 3
242 93 108 9 2
225 115 77
225 46 53 85 3
215 23 42
204 207 234 44 7
204 207 235 16 4
204 207 203 162 45 5
204 205 223 97 41 5
204 205 224 118 3
204 205 227 76 8
204 218 75 24
204 220 36 43
204 220 132 116 3
204 221 62 18
204 275 298 86 12
204 202 214 60 10
204 202 216 31 1
204 202 262 21 9
204 30 68 39
185 187 196 40 11
185 187 199 97 21
185 187 104 249 39 7
185 190 46 33
185 190 283 107 14
185 274 275 298 86 16
185 274 271 283 107 1
185 274 122 88 23
185 243 259 25 9
185 206 202 262 21 2
185 206 137 71 43
185 216 31 11
185 177 103 21
185 92 105 92 3
180 181 113 43
180 183 65 17
180 184 94 8
180 244 263 53 15
180 244 264 54 4
180 206 137 71 1
180 272 288 102 16
180 272 271 283 107 3
180 294 273 290 82 16
180 168 165 167 178 47 19
180 168 165 169 12 11
180 168 165 171 38 14
180 168 165 110 120 110 2
180 166 175 96 104 5
180 166 285 70 36
180 166 164 66 4
180 90 96 104 4
180 90 97 41 1
180 90 228 58 17
180 65 244 264 54 1
180 46 53 85 16
180 46 66 147 162 45 5
180 46 66 270 281 48 6
180 46 66 170 27 8
180 33 90 5
180 18 108 13
180 5 34 2
180 3 14 298 86 1
180 3 15 117 3
176 72 61
158 32 75
156 30 24
154 112 15
154 146 155 114 1
154 146 1 5 34 22
151 95 11
151 145 57 61 14
143 0 47
143 172 89 18
126 8 32
126 224 118 13
126 108 9 18
119 19 37
119 192 24 33
119 110 120 110 1
113 114 134 177 103 16
113 114 134 125 10 16
113 114 137 71 5
113 114 138 33 10
113 128 22 10
113 129 77 5
113 130 259 25 11
113 131 49 22
113 132 116 22
113 200 211 7 10
112 125 10 27
112 244 264 54 6
112 244 265 67 1
112 244 266 106 9
112 244 283 107 2
112 166 164 66 16
112 172 89 22
112 111 121 210 42 12
112 111 122 88 10
112 111 268 6 2
112 110 120 110 16
112 110 281 48 10
112 65 244 283 107 5
112 65 164 66 8
109 26 50
109 45 47 105 92 3
109 45 50 69 14
109 45 52 111 13
100 14 78
100 132 116 7
100 74 11 43
95 57 26
95 199 97 34
95 90 228 58 8
91 93 155 114 25
91 101 20 12
91 101 186 194 263 53 4
91 101 186 246 81 1
91 101 186 1 5 34 7
91 104 249 39 19
91 115 140 56 6
91 171 38 26
91 153 257 17 22
91 217 80 24
91 217 203 162 45 14
91 133 2 33
91 219 35 87 12
91 51 1 44
83 4 54
83 199 97 11
83 261 243 259 25 2
80 52 24
73 18 45
71 55 103
71 280 9 15 16
71 66 170 27 7
71 66 2 167 128 22 6
71 66 2 167 105 92 8
71 41 133 2 16
55 57 61 50
55 77 45 52 111 6
55 76 79 79 15
55 76 111 268 6 21
55 76 105 92 7
55 114 138 33 2
55 244 283 107 32
55 272 271 284 51 17
55 272 270 281 48 7
55 11 62 100 12
49 96 31
49 250 105 20
48 5 12
48 45 52 111 2
43 63 26
42 64 19
34 59 50
34 236 29 13
34 21 23 39 84 9
34 21 23 40 78 1
34 21 23 265 67 6
34 21 33 90 16
34 21 35 87 1
32 13 30
29 3 33
20 23 265 67 7
20 22 24 23 265 67 3
20 22 23 265 67 12
20 22 37 28 14
20 22 243 259 25 3
20 22 243 262 21 3
20 31 37 32
20 56 97 41 18
20 56 224 118 21
20 236 29 40
20 197 101 8
20 50 69 5
8 93 48
8 265 67 13
8 1 5 34 2
8 1 10 43 11

