182

297 110 72
297 236 17 9
297 181 190 87 14
297 181 191 61 19
297 181 192 117 1
286 96 96
286 141 86 41
277 53 61
277 266 278 108 5
277 266 283 135 142 40 10
277 266 151 165 119 10
277 266 140 103 18
277 15 19 29 8
277 15 252 115 1
269 28 76
268 41 62
268 265 271 92 2
268 265 274 54 13
268 265 131 16 15
263 0 44
263 232 260 4 2
263 188 79 17
263 23 26 40
256 33 33
256 231 255 71 5
244 6 71
244 137 146 32 11
244 120 121 125 15 4
244 120 123 222 156 18 2
244 120 154 155 160 43 1
244 120 154 177 89 7
244 120 154 150 156 18 4
244 120 154 150 157 109 3
227 231 255 71 6
227 231 257 14 24
227 229 231 257 14 1
227 229 231 257 241 65 64 2
227 229 248 51 20
227 229 57 9 87 76 18
227 228 231 257 241 65 64 6
227 228 230 252 115 8
227 228 243 113 2
227 240 56 39
227 241 65 64 4
227 152 167 2 14
227 152 168 20 20
227 152 151 165 119 3
227 122 130 66 8
227 122 108 8 8
226 284 36 42
226 225 236 17 33
226 144 69 36
221 80 24
221 203 202 214 21 2
221 203 202 217 78 10
221 203 4 23 26 15
221 203 4 125 15 2
220 57 32
219 83 24
219 283 135 142 40 4
216 60 85
216 285 156 18 21
210 23 15
210 200 205 102 2
210 200 209 47 9
210 168 20 1
206 25 57
206 225 236 17 3
206 56 67 44 15
206 56 202 217 78 1
206 56 201 212 75 7
206 56 156 18 20
199 50 37
193 46 47
193 182 195 45 20
169 111 30
133 49 79
133 266 140 103 1
133 266 96 74 9
133 223 107 13
133 37 46 73 37
128 39 16
128 122 108 8 3
127 98 30
114 90 33
114 295 83 197 192 117 1
111 99 56
111 38 136 143 29 35 2
111 38 136 217 78 7
107 10 29
107 160 43 13
104 67 15
104 163 292 112 21
102 63 22
102 190 87 23
100 93 46
100 91 101 88 9
97 27 79
97 261 94 34
97 90 92 29 35 2
97 90 98 24 18
88 48 48
88 148 34 32
88 148 135 142 40 12
88 11 10 151 165 119 4
88 3 95 122 108 8 15
86 106 61
86 121 125 15 6
82 5 46
82 265 131 16 20
82 265 15 252 115 9
82 175 72 10
81 95 59
81 282 298 62 2
81 71 77 58 2
79 85 52
79 267 217 78 15
79 71 77 58 12
74 100 55
74 140 103 11
74 131 16 1
73 87 76 3
73 89 101 11
73 281 288 30 13
73 281 292 112 3
73 232 260 4 8
73 201 212 75 11
73 153 170 19 8
73 153 172 77 7
73 153 174 116 2
73 153 175 72 1
73 153 176 37 20
73 110 42 25
73 72 137 146 32 2
73 72 92 29 35 3
73 10 151 165 119 1
73 10 151 67 44 5
68 13 58
59 22 50
59 296 282 298 62 5
59 35 40 1 18
51 105 70
51 274 54 48
51 37 46 73 6
51 37 96 74 13
51 37 32 18 28 114 6
51 37 32 18 29 35 3
51 37 32 18 30 81 2
48 31 36
48 94 109 118 8
48 94 115 125 15 5
44 7 62
44 22 9 19
41 91 94
41 137 146 32 10
31 3 30
31 18 30 81 13
31 18 33 59 3
31 18 34 12 22
26 11 54
26 275 52 25
14 84 27
2 55 51
0 1 9 87 76 9
0 182 196 38 13
0 182 181 192 117 9
0 150 157 109 6
0 150 161 97 4
0 137 146 32 1
0 137 181 192 117 2
0 137 181 271 92 4
0 17 18 34 12 2
0 17 27 104 6
0 121 125 15 9
0 121 141 86 3
0 150 161 97 16
0 150 162 65 5
0 232 260 4 7
0 232 262 70 22
0 232 262 224 82 1
0 232 264 68 4
0 224 82 2

