199

289 13 67
289 282 294 131 41 15
289 280 287 73 4
289 92 49 35
279 52 52
253 17 49
253 242 257 12 14
253 36 39 33
240 246 110 46
240 247 101 34
240 158 75 13
240 105 227 237 96 10
240 105 34 109 36 4
240 61 69 55 3
240 40 45 25 36
236 116 31
233 54 57
233 231 10 22
233 180 280 287 73 6
233 180 280 288 89 5
233 180 243 244 264 22 6
233 180 227 237 96 3
233 180 227 239 74 20
233 180 211 218 114 1
233 180 80 258 85 6
226 234 35 28
226 152 250 18 12
226 114 67 1
226 78 106 33
226 78 63 76 156 72 3
226 78 63 79 78 1
225 228 48 30
225 229 81 40
225 231 10 11
225 282 294 131 41 8
225 282 297 71 20
225 82 93 208 193 46 13
225 82 94 44 13
225 62 127 138 40 31
225 62 127 138 79 78 5
225 5 185 190 69 11
225 5 185 63 79 78 4
225 4 26 26 8
225 4 27 91 11
220 37 18
220 297 71 49
220 211 218 114 9
220 211 221 58 26
217 16 82
217 266 271 237 96 1
217 266 273 9 87 9
217 266 268 60 7
217 266 42 159 102 2
217 102 58 4 10
217 84 104 117 1
217 84 80 258 85 2
215 68 68
206 113 39
206 203 53 9
206 188 201 8 4
206 188 202 94 5
206 183 294 131 41 4
206 183 100 30 11
199 84 38
199 251 64 33
199 187 196 5 16
199 187 197 56 9
181 100 86
181 180 80 258 85 39
181 180 62 127 138 79 78 2
181 63 79 78 7
181 63 287 73 3
171 95 35
171 228 48 34
171 150 168 11 1
171 150 170 3 5
171 150 172 1 10
166 66 27
166 148 165 51 3
166 148 140 196 5 3
145 151 241 244 264 22 8
145 151 150 172 1 3
145 153 118 28
145 155 93 11
145 282 297 71 9
145 282 130 103 4
145 227 212 219 14 7
145 210 213 45 13
145 210 216 80 18
145 210 267 275 20 3
145 210 149 167 59 6
145 184 204 27 16
135 115 96
135 33 28 29
133 57 77
133 19 119 13
129 108 48
121 15 46
121 30 35 29 1
118 88 57
118 288 89 20
118 107 114 67 11
118 107 120 9 26
118 30 35 29 11
118 30 36 39 2
118 30 188 202 94 7
118 30 188 203 53 5
118 30 188 204 27 7
112 19 24
112 297 71 11
112 106 125 128 141 0 5
112 106 63 287 73 8
112 77 70 21
95 33 63
86 34 56
86 81 87 112 8
83 97 62 12
83 98 79 11
83 99 65 25
83 100 30 13
83 101 298 61 20
83 101 89 2 4
83 108 186 193 46 3
83 108 186 193 259 23 3
83 108 126 132 24 25
83 267 275 20 3
83 82 94 44 8
83 81 87 112 3
83 31 38 63 16
83 31 109 36 3
83 31 30 188 204 27 6
83 31 30 188 156 72 2
83 31 30 187 197 56 5
67 50 32
67 131 41 1
65 92 51
60 64 111 11
60 68 31 18
60 241 244 264 22 6
60 241 250 18 25
60 251 64 1
60 137 104 40
60 47 109 27
59 107 50
59 149 167 59 9
59 43 58 4 4
59 43 282 130 103 8
59 43 109 36 21
55 47 44
55 284 42 159 102 4
52 32 98
52 41 50 86 15
52 41 287 73 7
52 41 40 45 25 1
52 41 40 47 109 10
44 97 24
28 21 51
28 4 27 91 3
16 76 51
16 13 83 10
2 5 185 63 287 73 10
2 5 283 296 6 4
2 5 283 212 219 14 7
2 5 283 212 128 141 0 7
2 5 283 187 197 56 12
2 5 283 187 144 128 141 0 1
2 5 160 105 1
2 13 83 32
2 17 99 19
2 17 243 258 85 3
2 17 243 259 23 8
2 19 119 18
2 19 288 89 25
2 20 38 21
2 265 267 275 20 8
2 265 267 276 82 20
2 265 270 42 5
2 265 128 141 0 8
2 211 221 58 10
2 211 36 39 9
2 146 156 72 14
2 146 159 102 6
2 241 250 18 1
0 5 160 105 29
0 5 245 231 10 6
0 5 3 21 43 4
0 4 27 91 2
0 4 89 2 18
0 3 21 43 15
0 3 23 98 3
0 6 90 11
0 7 7 22
0 9 87 9
0 281 290 77 4
0 108 126 132 24 7
0 108 244 264 22 8
0 108 244 264 20 38 1
0 108 273 9 87 13
0 23 98 34

