191

284 90 39
284 259 27 12
284 201 20 23
274 275 297 91 1
274 275 299 104 18
274 275 194 213 62 7
274 292 95 10
274 294 44 40
274 295 100 21
274 270 279 108 16
274 158 172 77 1
274 158 173 47 13
274 158 174 101 8
273 288 97 28
273 289 285 112 1
273 271 220 224 66 7
273 270 279 108 8
273 270 280 16 18
273 270 282 37 15
273 270 292 95 9
273 150 42 47
265 84 61
265 143 80 12
260 61 37
260 256 259 27 25
260 253 87 13
260 61 175 179 35 1
260 53 46 28
258 106 108
258 205 110 4
252 119 21
246 56 40
244 43 64
244 193 211 98 5
236 238 251 7 11
236 238 254 99 25
236 238 8 183 1 2
236 245 68 38
236 218 286 38 10
236 202 55 38
236 193 211 98 18
236 193 230 6 8
236 193 40 40 6
236 193 25 27 41 65 5
236 90 96 81 3
236 90 211 98 15
236 61 175 179 35 10
236 61 175 180 41 8
236 61 175 58 116 11
236 61 36 0 14
236 3 17 75 9
236 3 130 102 19
236 3 48 2 15
236 3 1 90 211 98 5
229 88 55
229 157 166 29 16
229 157 167 97 117 9
207 63 23
207 192 195 219 31 7
196 96 27
196 183 1 11
190 199 23 18
190 201 20 6
190 98 57 18
187 54 50
187 225 227 103 25
187 225 230 6 5
186 36 58
186 245 68 35
186 208 71 22
186 119 74 4
170 4 55
170 188 76 8
170 158 174 101 14
170 158 155 157 167 97 117 3
170 158 155 159 72 8
170 158 155 191 202 55 1
169 105 21
163 52 16
153 89 1
147 19 21
147 183 1 34
147 125 126 154 92 10
147 125 150 42 4
145 79 61
129 69 52
120 125 150 42 5
120 123 137 22 14
120 123 138 109 4
120 123 139 21 13
120 123 140 159 72 19
120 122 124 144 30 4
120 122 177 189 25 17
120 122 177 226 217 67 1
120 122 132 83 5
120 121 123 140 159 72 4
120 121 123 141 3 2
120 128 32 14
120 130 102 21
120 132 83 8
120 203 18 38
120 78 282 37 23
120 30 56 64 9
115 113 33
115 272 286 38 15
115 283 39 8
109 17 18
105 107 119 74 11
105 110 118 40
105 111 235 240 111 1
105 113 269 34 18
105 257 263 58 20
105 257 268 60 19
105 257 269 34 5
105 235 240 111 11
105 235 242 14 8
105 220 224 66 12
105 220 194 213 62 8
105 220 191 202 55 11
105 62 70 166 29 1
105 62 74 70 12
105 62 30 56 64 4
95 24 69
95 158 155 191 202 55 6
93 26 41
93 285 112 33
91 98 57 4
91 100 86 18
91 102 259 27 35
91 257 269 34 1
91 257 280 16 8
91 257 189 25 1
91 257 56 64 17
91 155 191 202 55 1
91 155 191 203 18 10
91 155 191 205 110 9
91 155 293 28 15
91 123 141 3 6
91 128 32 19
91 266 59 47
89 45 92
89 156 162 12 21
89 156 176 183 1 8
89 156 60 223 74 70 7
89 159 72 3
86 78 44
82 51 61
82 27 41 65 15
77 84 85 10
77 191 205 110 3
77 191 206 82 4
77 106 114 49 27
77 106 116 155 293 28 9
77 226 217 67 7
77 166 29 45
77 299 104 16
77 75 76 80 50 14
77 75 78 282 37 4
71 94 128
57 10 20
57 268 60 15
46 93 55
45 48 3
35 13 41
35 25 27 41 65 14
28 31 59 114 28
28 31 26 40 40 5
28 31 26 226 217 67 7
28 31 26 226 130 102 1
28 30 56 64 1
28 30 58 116 1
28 30 48 2 11
28 29 30 48 2 13
28 29 52 183 1 1
28 29 54 53 17
28 29 54 213 62 2
28 48 2 14
28 49 8 16
28 25 27 41 65 9
28 25 27 44 268 60 2
28 25 34 288 97 5
24 115 53
21 5 24
19 73 26
19 180 41 14
15 11 7
15 37 33 10
9 9 56
6 107 62
6 80 50 4
5 15 19

