201

299 83 89
299 291 298 32 9
299 134 123 136 42 4
299 134 87 50 18
278 28 43
276 33 32
272 4 44
272 262 261 264 281 35 5
272 262 261 270 85 21
272 262 261 271 47 3
272 262 260 263 273 5 1
272 262 20 68 11
272 154 17 9
256 49 62
255 119 12
255 142 64 3
249 41 69
249 234 235 59 87 15
249 234 253 93 6
249 170 173 38 4
249 170 42 50 44 20
237 36 39
237 148 63 80 110 6
237 46 40 41
225 228 14 24
225 291 298 32 13
225 265 284 62 6
225 265 168 69 15
225 291 298 32 5
225 291 42 50 44 8
225 291 42 51 81 7
225 267 53 19
225 283 75 38
225 277 30 40 43 59 87 2
225 277 30 40 32 57 3
225 171 54 18
225 171 160 117 6
225 163 8 39
225 163 101 66 4
225 106 113 10 5
225 106 113 10 15
225 64 84 138 11 4
225 64 291 42 51 81 9
225 64 291 42 53 58 3
225 64 154 17 5
225 41 46 40 6
225 30 40 32 57 5
225 30 117 107 20
225 11 230 238 76 4
225 11 230 238 76 20
225 11 230 290 295 90 1
225 11 230 172 222 7 8 3 7
225 3 138 11 11
225 1 7 8 3 21
225 1 7 8 3 2
225 1 160 117 1
225 1 26 116 5
219 7 53
219 244 91 95 72 10
219 244 91 96 118 7
219 244 91 264 281 35 1
219 45 0 19
219 45 40 32 57 4
217 108 76
217 131 13 4
212 34 61
212 258 295 90 9
212 110 97 35
203 78 36
193 65 87
193 162 147 161 102 18
190 99 41
188 105 18
188 30 117 107 22
185 21 28
185 202 45 40
185 195 26 26
185 175 13 25 130 115 1
185 175 13 26 116 9
185 106 113 10 6
185 106 114 29 7
185 106 76 112 5
164 48 62
164 259 43 42
164 259 235 59 87 1
159 61 36
159 218 50 44 1
150 63 31
150 275 39 14
150 139 88 5
124 139 88 5
124 140 70 6
124 142 64 29
124 144 114 4
124 261 271 47 7
124 231 232 233 247 73 6
124 231 232 233 248 31 5
124 183 218 50 44 5
124 183 178 198 192 95 16
124 183 178 192 95 5
124 264 281 35 3
124 264 88 91 40
124 131 13 12
124 122 132 109 4
124 122 120 126 12 9
124 121 130 115 18
124 121 61 73 22 11
124 121 61 248 31 11
124 120 126 12 4
124 120 128 46 15
124 120 129 59 87 9
124 30 117 107 5
124 30 114 29 20
124 30 114 144 114 4
119 82 53
119 123 137 89 2
118 60 25
111 111 31
111 265 168 69 1
111 265 168 38 16 10
105 108 52 11
105 109 257 59 4
105 110 97 3
105 147 161 102 4
105 147 239 96 32
105 123 137 89 1
105 234 253 93 1
105 260 263 273 5 30
105 260 267 53 16
105 156 146 40 32 57 10
105 134 87 50 13
105 0 2 74 15
105 0 177 192 95 7
105 0 51 81 5
100 2 37
94 94 44
94 160 117 20
94 90 93 67 14
89 104 52
86 80 15
86 145 153 77 16
86 145 13 26 116 8
86 65 88 91 1
66 20 12
60 64 154 17 2
60 64 248 31 6
60 64 62 63 80 110 1
60 64 62 76 112 3
60 67 24 10
60 68 101 36
60 69 15 10
60 234 253 93 4
60 234 254 51 12
60 234 149 167 68 101 22
60 107 115 55 17
60 107 116 92 5
60 107 42 53 58 12
60 206 100 29
60 31 38 16 5
60 31 43 59 87 1
60 31 13 26 116 12
58 19 25
58 79 6 39
58 79 53 58 2
55 113 31
55 23 103 13
48 23 50
48 221 184 180 204 253 93 3
48 221 184 179 201 247 73 1
48 221 140 70 21
48 41 46 40 4
47 98 27
36 84 76
36 279 9 16
35 86 64
34 25 68
34 186 37 32
33 56 27
33 41 46 40 7
33 283 75 10
33 30 114 144 114 1
24 27 36
24 44 106 22
21 79 30
18 30 29
18 165 18 10
12 20 68 20
12 23 103 29
12 182 214 1 14
12 182 215 161 102 6
12 92 176 179 201 247 73 2
12 63 80 110 3
12 63 81 71 21
12 108 52 27
12 0 51 81 4
12 0 131 13 13
10 264 88 91 7
10 261 271 47 7
10 261 149 167 68 101 5
10 50 44 2
10 140 70 26

