187

299 29 38
294 107 28
294 203 67 28
287 16 47
285 119 28
280 77 73
280 201 227 63 5
280 201 198 199 217 106 1
280 201 198 181 104 2
280 201 166 275 75 81 91 6
280 201 166 241 242 253 48 8
280 201 166 241 242 159 13 42 4
280 87 108 26
256 258 274 94 3
256 263 49 30
256 268 61 18
256 270 105 18
256 272 69 33
256 177 7 39 116 9
256 67 112 23
254 4 16
250 50 36
248 76 57
248 242 159 13 42 7
248 242 41 47 74 2
248 242 41 48 99 3
248 209 45 33
248 62 33 25
248 62 44 63 66 11
237 2 40
237 184 14 97 29
235 47 22
235 253 48 6
235 253 81 91 12
220 96 22
215 79 44
212 36 75
212 165 169 37 4
202 51 47
202 267 229 78 2
200 218 9 17
200 221 62 36
200 224 23 31
200 225 60 10
200 226 14 20
200 276 283 296 43 10
200 276 288 118 11
200 276 230 234 6 3
200 276 230 83 19 1
200 276 230 75 81 91 10
200 276 230 75 83 19 2
200 198 181 104 17
200 198 8 28 11
200 196 198 8 28 14
200 116 264 101 5
200 83 19 24
194 40 15
179 98 45
179 176 183 218 9 1
179 176 186 0 12
174 54 70
154 55 24
143 5 65
143 145 102 14
134 17 42
134 137 136 142 88 11
130 132 81 3
130 279 298 59 15
130 279 278 296 43 5
130 240 243 113 22
130 197 206 30 26
130 197 195 203 67 15
130 155 159 13 42 6
130 155 160 109 8
130 155 150 39 17
130 136 142 88 16
130 136 145 102 3
130 231 236 35 11
130 231 137 136 145 102 13
130 231 63 66 4
130 231 41 50 41 6
130 278 44 63 66 4
130 278 44 67 112 8
130 259 22 40
130 252 103 36
130 172 82 8
130 207 82 80 20
130 102 115 42
130 46 11 9
130 42 44 67 112 10
130 42 44 162 15 3
130 42 56 24 12
130 42 57 1 9
130 9 0 8 28 2
126 20 39
125 87 87
125 201 166 241 242 41 50 41 2
125 201 166 241 244 83 6
125 201 67 112 12
123 38 56
114 32 21
110 89 38
107 108 109 129 119 44 1
107 108 178 186 0 5
107 108 105 112 8 2
107 108 105 113 75 7
107 108 105 210 186 0 2
107 108 45 40 41 50 41 4
107 108 45 40 41 51 117 4
107 118 58 21
107 119 44 31
107 136 145 102 6
107 106 116 264 101 7
107 105 210 186 0 2
96 90 76
96 71 71 45
94 85 68
94 166 241 244 83 10
94 166 74 64 22
94 191 18 13
88 65 66
88 77 79 95 114 20
88 77 79 48 99 1
86 27 24
84 111 36
80 101 10 15
80 103 12 27
80 104 73 10
80 161 52 4
80 83 19 9
80 79 48 99 3
80 7 39 116 2
80 7 109 129 119 44 1
80 7 5 272 69 21
70 72 53 31
70 74 64 49
70 230 75 83 19 2
70 230 47 74 3
70 230 2 4 26 25 3
70 230 2 22 86 22
70 230 2 23 13 11
70 156 161 52 13
70 138 151 110 3
70 176 186 0 1
70 176 187 3 1
70 112 8 30
70 247 7 39
70 259 22 1
70 48 99 10
70 45 40 41 51 117 2
70 8 28 18
69 57 69
64 92 26
64 229 78 42
64 229 253 81 91 3
58 84 57
58 156 161 52 31
58 156 162 15 16
58 42 57 1 12
58 42 253 81 91 2
58 42 253 81 23 13 1
55 70 61
55 172 82 4
55 104 73 2
54 31 86
54 295 100 38
54 42 253 81 23 13 1
54 42 224 23 1
54 42 234 6 21
54 42 41 51 117 11
54 42 41 52 119 44 4
53 34 59
38 26 62
38 182 83 19 5
32 68 24
30 46 49
18 56 51
18 1 11 95 9
17 21 161
17 156 162 15 18
17 156 165 169 37 10
17 156 165 259 22 6
17 213 93 20
15 72 33
15 1 11 95 11
15 1 14 97 2
15 1 74 64 7

