125

155 68 62
155 159 74 75 21 15
155 159 157 7 12
155 158 30 42
155 157 7 17
153 27 64
153 141 11 15
153 34 118 70 147 64 9
153 34 24 49 6
153 34 122 124 3 7
153 34 40 28 5
153 154 96 19 10
148 57 130
148 140 36 44
148 149 1 139 4 21
146 42 92
146 147 64 22
146 145 44 37
146 144 147 64 29
143 48 67
143 139 4 17
143 83 24 49 7
143 83 120 69 5
143 141 11 30
143 141 65 67 14 3
135 31 98
135 44 24 28
135 137 17 50
134 54 60
134 137 17 14
130 32 73
130 106 65 67 14 5
130 106 107 67 10
130 33 132 10 22
130 131 1 38
130 84 26 24 49 5
130 84 67 14 4
130 84 133 41 26
129 58 87
129 77 23 32
129 97 96 19 17
128 37 154
128 1 24 49 41
128 127 98 96 19 5
126 18 154
112 25 69
112 4 96 19 14
112 86 23 45 13
110 2 48
109 56 136
109 8 7 8 21
109 107 67 33
103 16 69
103 104 158 30 18
100 35 191
100 34 40 28 11
100 34 137 17 7
100 34 33 132 10 9
100 34 33 132 131 1 8
100 34 33 58 60 9
100 34 33 68 40 6
100 30 32 45 5 10
100 30 32 137 17 6
100 30 40 28 3
95 63 139
92 34 60
90 22 93
90 86 23 45 17
90 86 82 125 75 21 11
90 86 82 120 69 21
87 39 73
87 89 33 34
87 88 89 33 14
64 47 93
64 68 40 6
64 67 14 34
63 6 92
63 67 14 5
49 20 122
49 51 62 21
49 50 48 133 41 13
49 50 48 51 62 14
49 50 47 52 21
49 47 52 22
43 71 95
43 53 43 46
43 68 40 28
43 151 2 69 66 13
42 50 116
41 38 107
41 33 68 40 36
37 26 151
37 120 69 2
37 45 5 14
37 0 40 28 2
37 0 48 51 62 15
37 38 12 30
37 35 55 30
29 15 121
29 150 60 58 60 21
29 150 38 12 18
29 85 123 124 3 1
29 85 123 121 124 3 9
29 85 139 4 4
29 85 139 138 59 10
29 2 69 66 28
28 61 70
27 53 103
19 70 159
17 13 174
16 65 234
16 24 49 7
16 32 137 17 10
16 80 154 96 19 1
16 80 89 33 19
15 51 159
15 56 7 8 10
15 56 4 96 19 5
15 56 47 52 30
12 9 83
12 14 29 16
12 13 51 62 3
10 0 74
9 46 76
9 7 8 24

