146

159 54 72
159 75 66 27
159 96 95 70 5 3
155 20 78
155 31 70 5 13
155 31 53 4 6
154 48 55
154 97 62 39
149 27 76
149 150 0 5
149 147 106 10 70 8
149 147 28 21 19
149 147 150 0 11
148 63 68
148 150 0 20
144 30 43
144 60 70 5 8
144 146 1 33
141 29 106
141 145 146 1 6
140 53 111
140 138 156 25 24
136 45 102
136 42 19 41
136 94 124 49 9
136 94 89 87 47 15
136 94 127 8 1
136 94 93 53 4 1
126 68 98
126 109 41 7
126 124 49 19
126 123 39 17 3
126 123 124 49 2
125 7 69
125 124 49 20
125 122 69 31
120 12 68
120 89 87 47 22
120 130 131 103 17 67 7
120 116 43 2
120 121 127 8 21
119 37 103
119 118 116 43 32
119 117 116 43 1
119 116 43 20
119 116 13 24 4
115 6 78
115 133 97 62 1
114 13 114
114 53 4 22
114 44 27 10 70 12
114 44 43 46 10
114 30 68 2 13
114 113 146 1 9
114 93 53 4 3
110 11 87
110 109 41 6
105 31 168
105 104 39 17 1
102 52 122
102 16 11 40 15
102 16 62 33 42 4
102 16 62 39 17 6
102 16 13 24 17
102 106 10 70 11
102 106 37 47 48 10 14
102 106 37 34 71 4
102 100 32 6
102 99 38 3
101 51 155
101 100 32 32
101 99 38 44
98 35 67
84 36 95
84 128 129 22 31
84 61 30 68 2 4
84 61 30 33 42 33
84 61 30 35 43 46 6
84 85 3 22
80 65 58
79 60 61
79 58 55 57 18
79 82 64 28
79 78 82 64 9
74 39 60
74 0 57 50 49 47 48 10 1
74 0 17 67 3
74 75 66 1
71 44 188
71 56 26 25
66 59 249
66 2 25 23 18 1
66 2 28 21 14
66 2 31 53 4 2
66 2 92 10 70 4
66 2 92 26 70 5 9
66 2 92 26 25 23 18 8
66 69 67 68 2 1
64 15 145
64 57 50 49 47 48 10 6
64 68 2 39
63 9 195
63 57 50 49 47 48 10 4
63 57 50 48 10 6
63 0 17 67 3
59 34 99
59 93 53 4 5
59 56 26 27
59 55 57 34
54 50 118
54 35 43 46 1
54 90 87 47 28
54 32 43 46 3
51 16 56
51 41 58 20
51 52 53 4 9
51 52 53 17 67 28
40 23 158
40 150 0 20
40 129 22 8
40 39 17 2
38 55 217
38 42 19 39
38 42 39 17 7
38 41 58 5
38 41 39 17 6
38 39 17 28
21 61 100
21 150 0 12
21 127 8 39
15 28 132
15 90 87 47 15
15 90 95 70 5 8
15 90 93 53 17 67 1
15 90 93 129 22 23
15 90 93 116 13 24 2
15 14 13 24 2
15 13 24 39
12 14 103
12 11 40 8
12 10 70 7
8 56 146
6 33 108
6 36 34 71 11
6 26 25 23 18 18
6 1 10 70 13

