125

158 52 66
158 104 102 130 37 6
158 159 74 40 18
157 0 104
157 155 38 30
149 5 105
146 49 140
146 3 7 43
146 0 14 21 3
146 150 155 38 43
146 80 87 66 19
146 80 89 6 10
141 30 102
141 65 46 45 54 3
141 142 27 45
141 140 22 41
141 85 135 138 8 14
141 85 129 13 11
136 2 67
136 137 138 8 24
134 32 41
134 133 23 25
131 50 104
131 84 123 64 20
131 130 37 30
131 129 13 30
131 129 77 15 6
128 24 90
128 42 10 35
128 25 75 12 20
128 130 37 46
128 129 77 15 1
127 28 67
127 90 87 66 21
127 90 88 43 23
127 98 48 17
127 130 37 8
126 46 126
126 125 75 12 7
126 84 123 64 8
118 34 127
114 67 150
114 80 89 6 20
114 80 92 25 10
113 57 77
113 46 45 54 2
112 65 128
112 3 7 26
112 86 87 66 10
109 31 143
109 83 108 125 75 12 1
109 83 80 92 25 6
101 71 84
100 16 203
100 82 14 21 30
96 4 93
96 3 7 18
96 98 48 35
95 68 124
95 81 143 39 12
95 81 78 79 76 44 16
95 81 86 87 66 12
91 9 67
91 89 6 11
91 88 43 7
72 29 58
72 82 14 21 1
72 73 76 44 9
70 56 147
70 147 33 9
70 58 58 33
70 24 16 51 21
70 24 4 69 11
70 24 130 37 10
69 26 65
69 22 25 75 12 20
67 47 186
67 123 64 42
67 62 65 46 45 54 13
64 35 70
59 55 86
59 88 43 22
59 123 64 22
56 20 98
56 14 21 3
56 58 58 2
55 70 98
55 16 51 24
55 93 92 25 14
52 1 61
52 51 14 17
48 61 97
48 133 23 33
47 11 102
43 18 119
43 45 54 11
43 42 10 12
43 42 25 75 12 10
43 42 25 77 15 1
39 53 71
34 45 115
34 85 129 77 15 1
34 85 143 39 26
34 35 25 77 15 16
34 32 46 45 54 12
34 32 151 25 77 15 2
28 42 125
28 23 45 54 21
28 29 30 147 33 27
27 3 78
18 59 100
18 78 79 76 44 3
18 78 77 15 26
18 78 76 44 16
15 41 174
11 60 65
11 73 76 44 5
7 19 78
7 0 14 21 24
7 10 62 40
7 10 8 36 5
7 8 36 30
5 63 68
2 17 57
2 4 69 42

