146

158 17 87
158 54 19 43
158 157 18 23
158 156 159 157 18 1
153 35 137
153 84 65 63 20
153 84 129 49 13
153 84 133 39 14
153 80 33 38 19
153 80 154 31 7
152 45 79
152 151 137 156 159 157 18 11
146 71 79
146 86 112 111 20 23
146 86 112 110 3 1
146 86 85 65 63 2
146 86 82 120 33 38 4
146 86 82 109 149 14 2
145 55 78
143 12 101
141 68 119
141 65 63 12
141 41 93 33 6
141 85 65 63 27
141 85 129 49 5
138 42 68
138 136 23 41
135 57 65
135 48 133 39 23
135 85 129 49 11
131 64 35
131 134 6 25
131 133 39 2
126 54 73
126 103 59 1
124 2 83
124 123 0 2
122 22 83
122 89 43 26
119 5 118
119 95 93 33 10
119 40 71 53 16
119 40 70 69 8
119 40 43 72 71 53 5
119 40 42 33 38 14
119 40 49 47 4
118 21 56
118 70 69 1
117 67 102
117 115 25 45
113 37 64
113 111 20 10
113 110 3 6
104 34 133
104 105 11 61 30
104 103 59 33
101 40 107
101 105 11 61 20
101 99 98 51 18
101 99 81 93 33 1
101 98 51 24
100 41 196
100 149 14 22
100 155 154 31 23
100 41 93 33 9
100 41 137 156 159 157 18 7
100 41 54 19 13
100 83 27 70 33
100 83 109 149 14 4
100 83 65 63 5
100 98 51 19
94 52 51
94 95 93 33 1
94 95 91 29 21
94 91 29 10
90 27 102
90 87 65 21
77 36 91
77 129 49 7
77 78 60 48
77 75 76 78 60 13
73 44 84
73 13 11 61 5
73 76 78 60 2
73 72 71 53 12
73 72 70 69 10
73 70 69 29
67 58 68
67 123 0 37
67 0 4 32 26
67 0 42 33 38 5
67 42 33 38 1
67 42 65 63 9
67 42 70 69 17
62 66 87
62 59 88 89 43 25
61 50 116
61 22 24 4 32 7
61 64 9 43
55 48 90
55 26 11 37
55 93 33 7
55 58 57 7 8
55 57 7 2
55 56 57 7 4
53 30 83
53 65 63 16
53 52 51 8 31
53 51 8 7
46 24 73
46 28 31 4 16
46 49 47 1
39 1 95
37 13 116
37 103 59 4
32 10 54
32 34 7 16 12
32 31 4 18
30 28 109
30 154 31 15
30 48 133 39 14
30 48 49 47 21
30 85 129 49 19
30 31 4 30
16 46 91
16 1 132 134 6 7
16 1 132 133 39 5
16 1 149 14 7
8 62 89
8 11 61 40
6 56 74
6 115 25 40
6 4 32 22
5 26 179
2 103 59 8
2 148 70 69 4
2 26 11 16
2 26 147 15 11
2 34 7 16 1
2 129 49 12
2 81 93 33 11
2 81 70 69 6
2 27 70 34
2 33 38 29
2 1 149 14 1
2 1 7 16 15

