137

154 41 80
154 156 138 136 7 6
154 156 155 10 21
154 155 10 15
154 113 132 42 1
154 113 83 86 87 14 4
154 113 108 70 20
153 8 68
153 112 136 7 4
153 112 137 46 9
149 47 131
149 73 31 74 17 2
149 2 22 52 13
147 21 137
147 53 144 55 11
147 53 23 62 1
147 53 55 127 64 4
147 53 55 106 16 10
147 148 12 44
146 57 99
146 108 70 3
146 144 55 11
142 48 111
142 115 54 16
142 129 74 17 5
142 140 144 55 9
142 140 138 136 7 2
142 140 137 46 29
142 138 136 7 22
142 137 46 41
142 137 136 7 2
142 136 7 24
141 58 60
141 138 136 7 1
141 136 7 11
139 15 115
139 136 7 16
135 4 72
130 56 101
130 155 10 14
130 132 42 1
130 131 23 41
130 129 74 17 16
130 129 132 42 20
130 111 91 32 12
130 111 116 51 69 9 13
126 29 97
126 78 22 28
122 5 49
122 121 127 64 16
120 37 92
120 91 32 44
120 31 74 17 2
119 13 88
119 110 24 23 62 22
118 31 83
118 131 23 19
118 136 7 24
118 115 54 26
109 25 58
109 58 50 86 87 14 3
109 58 56 40 44 40
109 43 6 15
109 53 55 106 16 9
109 53 55 107 11 10
109 53 74 17 8
109 108 70 15
109 107 11 12
103 51 84
102 68 80
102 114 155 10 5
90 39 75
90 59 7 35 15
90 91 32 23
85 61 76
85 123 59 9
85 87 14 7
80 53 58
80 81 63 44
80 79 82 71 29
80 79 81 63 3
76 30 83
76 78 22 10
76 77 78 22 4
75 67 92
75 6 60 33
70 36 95
70 50 86 87 14 2
70 69 9 13
67 49 60
67 69 9 6
63 20 90
63 81 63 7
62 1 110
62 49 48 47 66 5
62 49 47 66 7
62 110 24 23 62 3
62 110 26 27 30
62 110 96 117 115 54 8
57 18 85
44 38 68
44 2 22 23 62 3
42 28 60
42 43 6 25
35 45 157
35 33 43 14
35 31 74 17 8
34 24 56
34 33 43 11
34 32 33 1
29 26 145
29 26 27 40
28 50 73
28 26 27 28
25 2 179
25 148 12 7
17 0 93
17 16 52 24 23 62 1
17 16 52 123 59 13
15 40 139
15 59 7 35 5
15 59 51 69 9 1
10 65 89
10 55 107 11 17
10 11 69 8
9 34 56
9 11 69 41
8 19 104
8 91 32 3
8 7 35 2
8 0 32 33 19
8 0 140 137 136 7 5
8 0 31 74 17 8
4 3 114
4 127 64 36
4 6 60 19
4 3 23 62 1

