124

158 56 96
158 159 7 34
157 11 79
157 159 7 1
156 71 49
156 155 140 108 33 16
150 16 103
150 105 9 8
150 40 43 24 26
150 24 46 33
150 149 30 50
150 148 14 30
147 17 146
147 101 65 32
147 149 30 13
147 148 14 12
143 8 121
139 70 63
139 145 68 27
139 149 30 33
139 138 64 7
139 137 25 12
131 1 75
131 130 23 44
127 34 111
122 10 66
122 57 36 34
122 112 134 62 1
117 67 54
114 39 104
114 118 66 41
113 61 76
107 53 48
107 109 4 32
107 108 33 11
104 48 82
104 105 9 31
104 103 52 32
104 103 105 9 4
102 12 145
102 149 30 17
102 108 33 20
102 105 9 10
100 54 101
100 101 65 46
97 22 104
97 1 58 29 3
97 98 44 6
96 3 96
96 24 46 10
96 24 25 35 2
96 2 1 58 29 7
96 110 138 64 7
93 6 91
93 90 13 25
91 28 195
91 11 22 145 68 2
91 140 108 33 13
91 140 108 146 37 3
91 140 145 68 1
91 92 90 13 8
86 32 138
86 126 130 23 1
80 58 66
78 2 98
74 21 111
74 137 25 13
65 69 199
65 37 19 40
65 57 36 4
59 41 115
59 45 50 14
59 58 29 49
59 57 36 45
55 51 92
55 56 57 36 13
54 15 90
54 18 40 27
54 45 50 26
54 1 58 29 6
54 3 101 65 3
54 3 101 37 19 10
53 26 113
53 109 4 28
53 28 60 26
53 89 42 13
53 4 118 66 5
51 27 70
49 49 49
44 38 155
44 30 34 18 10
44 45 50 33
44 43 24 24
44 41 43 24 4
42 43 89
42 134 62 38
42 45 50 21
38 47 113
38 146 37 16
36 63 93
36 9 0 19
36 28 60 16
36 37 19 5
35 20 125
35 43 24 17
32 57 121
32 112 134 62 16
32 112 137 25 18
32 112 137 138 64 2
32 112 110 138 64 1
29 59 128
29 9 0 24
29 110 138 64 32
29 110 118 66 2
29 33 34 18 37
27 45 94
27 135 134 62 9
26 31 42
26 63 18 40 6
26 25 35 34
20 55 56
20 98 44 45
20 18 40 37
8 5 73

