252

299 105 79
298 65 69
292 113 92
292 150 148 81 7
292 14 50 16
292 260 8 110 16
292 260 272 270 78 16
290 101 99
290 60 283 46 11
290 60 276 38 9
290 289 8 38
290 262 29 84 21
287 132 134
287 202 238 16 8
287 202 249 205 170 178 106 2
287 202 93 56 128 2
287 289 8 31
279 120 77
279 102 104 19 23
279 163 104 19 7
279 163 27 29 84 1
279 163 161 102 11
279 181 75 9
279 170 178 106 5
279 280 58 15
274 62 57
274 11 36 23
269 29 64
265 79 81
265 146 21 11
265 170 178 106 21
265 262 283 46 9
265 262 286 47 12
265 266 9 17
265 266 146 21 8
265 264 126 9
258 49 75
258 255 74 9
258 254 238 16 9
258 254 255 74 22
256 20 78
256 255 74 20
256 255 148 81 2
248 85 101
248 264 126 14
248 246 245 100 21
242 60 38
242 244 83 9
240 129 90
240 129 13 44
236 88 90
236 11 36 20
235 18 141
235 233 150 148 81 13
235 233 20 18 151 223 25 16
227 41 67
227 281 241 59 19
227 201 223 25 5
218 71 118
218 276 38 39
212 104 81
212 189 188 35 20
212 210 209 201 223 25 14
207 115 95
207 200 69 40 6
207 200 252 251 55 5
207 200 262 286 47 25
199 109 72
199 238 16 25
199 198 63 39
195 92 37
190 24 88
190 192 191 6 16
190 191 6 13
187 61 140
187 188 35 47
177 98 118
177 241 59 41
177 5 165 89 20
176 134 115
176 148 81 10
176 16 54 17
168 122 119
168 203 8 110 10
168 165 89 39
166 82 151
166 165 89 2
164 3 211
164 30 53 37
164 162 161 102 35
164 161 102 15
160 112 138
160 74 94 29
160 161 102 4
152 80 76
152 217 2 43
152 115 120 64 12
152 132 157 117 17
152 132 188 35 5
152 132 19 99 5
152 132 130 122 52 124 2
149 66 55
149 244 83 7
149 148 81 2
147 30 151
147 281 241 59 14
147 281 282 107 15
147 281 282 280 58 1
147 281 280 58 5
147 71 67 23
147 146 21 38
143 27 59
141 39 204
141 38 36 77 6
141 204 180 181 75 1
141 204 241 59 3
141 131 214 283 46 10
141 131 204 241 59 19
141 130 122 52 124 12
140 7 96
137 116 55
137 136 223 25 13
134 42 130
134 135 111 37
124 93 116
119 5 149
119 4 48 7 95 12
119 4 56 128 8
116 56 113
116 120 64 42
116 120 117 273 45 4
114 32 70
114 113 19 99 1
114 65 91 121 6
114 65 61 74 94 4
110 114 106
109 72 176
109 263 253 250 91 17
108 48 93
108 221 34 41
103 15 55
103 247 245 100 21
103 105 4 56 128 19
103 105 104 19 4
103 104 19 1
101 70 105
101 238 16 5
101 171 181 75 17
101 171 185 96 17
101 171 188 35 7
101 100 271 97 39
101 100 90 44 11
98 103 87
98 128 129 13 8
98 95 276 38 6
96 14 84
96 95 276 38 6
96 63 44 43 10 14
96 63 7 95 8
96 63 27 29 84 6
96 63 36 77 10
96 63 264 126 5
94 23 100
94 186 188 35 3
92 90 74
92 145 22 32
92 47 48 7 95 20
92 93 56 128 9
92 91 121 32
86 86 179
86 231 69 40 10
86 231 71 67 12
86 16 54 28
86 194 33 32
85 68 146
85 91 121 4
85 154 71 67 18
85 154 71 43 10 4
85 261 273 45 1
85 261 276 38 7
85 261 260 272 270 78 13
85 261 260 272 270 271 97 5
82 19 99 13
82 264 126 31
82 84 52 39
80 76 62
80 79 28 15
80 62 15 14 50 3
80 62 297 117 273 45 17
80 62 219 221 34 7
77 125 62
76 51 82
76 74 94 13
73 108 115
73 90 44 47
73 252 251 55 32
73 252 251 250 91 4
73 252 250 91 10
73 75 185 96 18
73 74 94 9
72 118 52
72 48 7 95 3
72 75 185 96 1
68 43 72
68 271 97 35
68 69 40 7
67 26 89
67 182 181 75 28
67 69 40 15
57 31 64
57 44 43 10 18
57 58 297 117 273 45 10
57 58 170 178 106 3
57 58 59 133 30
53 87 119
51 11 98
51 217 2 15
51 198 63 13
51 52 124 17
50 130 114
50 100 90 44 3
50 52 124 17
49 119 100
49 36 77 26
49 52 124 4
41 1 64
41 42 40 43 10 7
37 0 121
37 230 232 27 29 84 3
37 198 63 7
37 36 77 28
35 69 57
35 224 37 33
35 34 33 172 244 83 2
32 123 75
32 3 38 36 77 18
24 127 267
24 184 171 188 35 5
24 184 183 12 35
22 17 77
22 89 90 44 3
17 73 84
17 157 117 33
17 14 50 33
17 0 90 44 3
17 0 4 56 128 7
9 4 139
9 158 57 29
9 293 59 133 2
6 131 82
6 8 110 5
6 7 95 39

