255

299 115 48
296 95 90
296 249 124 2
296 45 70 25
296 170 162 97 11
296 260 270 67 7
296 295 93 11
296 293 295 93 39
294 72 98
289 14 62
289 0 288 76 13
289 0 148 104 9
289 0 281 280 81 5
289 0 133 249 124 2
289 0 133 159 96 3
276 79 138
276 218 9 1 281 280 81 1
276 218 173 0 3
276 218 260 270 67 29
276 95 115 78 6
276 180 118 116 24
267 55 95
267 19 127 13
267 65 89 29
267 260 270 67 1
267 260 130 249 124 10
267 260 1 281 280 81 1
265 85 126
265 147 82 3
265 261 24 63 10
265 93 72 51 8
259 38 137
254 112 119
254 236 169 86 20
254 236 185 163 9 4
254 57 59 25 7
254 43 65 89 14
254 256 102 6
252 33 95
250 88 98
250 93 72 51 19
250 93 118 116 4
250 249 124 30
246 77 113
246 245 113 18
246 185 163 9 35
240 23 76
239 15 44
227 245 113 24
227 134 272 6 27
227 134 272 97 16 1
227 134 176 125 8
227 92 11 10 128 36
227 92 2 45 70 3
227 92 2 19 127 1
227 92 2 24 63 2
227 230 28 21
227 229 52 30
227 229 230 28 16
226 4 98
226 41 60 106 18
226 2 24 63 3
225 8 102
225 183 256 102 4
221 110 91
221 187 48 118 8
221 220 21 43
219 42 89
219 44 6 1 16
219 217 54 65 34
219 217 220 21 1
216 10 52
214 129 156
214 98 126 1
213 101 40
213 98 126 29
213 91 169 86 7
213 42 135 36 41
213 212 195 2 21
211 49 70
211 91 169 86 8
211 3 287 29 30 2
211 3 159 96 1
211 208 39 40
210 80 103
210 208 39 2
209 133 123
209 97 16 13
202 27 74
202 123 122 58 18
202 64 65 89 14
202 205 203 61 3
202 204 22 190 189 111 9
202 204 54 65 4
202 203 61 21
201 132 98
201 156 103 30
201 200 197 199 91 7
201 197 199 91 28
198 34 96
198 130 249 124 13
198 199 91 25
192 69 89
172 66 77
172 183 256 102 27
172 173 0 41
172 171 48 37
165 71 63
165 28 117 25
165 161 139 98 14
165 166 123 22
152 134 128
152 16 108 24
152 16 14 17 9
152 91 169 86 23
152 151 233 20 18
152 151 150 53 21
149 83 111
149 148 104 38
149 147 82 43
142 32 90
142 155 121 40
142 183 256 102 2
142 263 29 30 22
142 263 97 16 10
142 263 162 97 12
142 143 139 98 6
142 141 143 139 98 19
142 140 148 104 34
142 140 143 139 98 1
128 37 81
128 129 100 6
126 122 74
126 122 58 6
126 90 145 109 10
126 90 155 121 3
126 90 95 115 78 3
126 129 100 7
125 18 43
125 285 286 114 19
125 129 100 25
125 127 42 135 36 4
125 127 129 100 4
124 107 156
121 29 112
121 122 58 35
119 54 89
117 57 62
114 22 106
114 115 78 10
114 112 111 115 78 20
110 130 50
110 53 175 176 125 1
110 174 176 125 1
107 68 105
106 75 92
106 186 180 118 116 11
106 186 180 156 103 2
106 186 180 195 2 3
105 19 93
105 118 116 13
105 287 29 30 1
105 40 118 116 14
105 40 44 6 1 1
103 12 63
103 1 281 280 81 3
103 1 234 45 18
103 1 16 14 17 5
100 120 73
100 163 9 19
100 101 102 48 118 32
99 131 63
99 98 126 29
89 99 141
89 59 25 22
89 19 127 39
89 19 24 63 3
89 87 44 45
88 35 115
88 146 130 249 124 2
86 41 135
86 87 44 26
83 31 22
83 85 59 32
82 84 94
82 108 31 64 28
82 14 17 10
82 182 173 0 3
82 182 74 85 59 5
82 182 74 73 26 3
82 81 189 111 18
82 81 155 121 8
78 87 58
78 169 86 4
78 169 171 48 5
78 80 50 15
78 44 87 44 23
76 92 83
76 96 97 16 11
76 96 95 115 78 6
76 96 95 97 16 2
76 96 94 97 16 2
76 73 26 4
75 47 58
75 73 26 39
61 90 66
61 145 109 5
61 60 106 10
52 13 85
52 53 175 176 125 4
52 51 11 38
39 43 66
39 111 115 78 11
39 3 159 96 42
35 105 111
35 74 73 26 9
35 230 28 1
35 262 282 40 18
35 262 287 29 30 2
35 262 287 288 76 16
35 34 60 106 8
32 7 187
32 115 78 38
32 79 14 17 2
32 235 133 159 96 19
32 235 133 166 123 14
32 235 233 20 8
30 5 55
30 29 30 7
30 29 28 117 10
30 28 117 2
25 3 192
25 135 36 15
25 164 279 281 280 81 10
25 164 163 9 1
25 295 93 16
25 131 145 109 12
25 131 145 144 94 15
25 133 166 123 9
25 26 46 15
25 24 63 36
21 74 71
21 26 46 22
21 22 190 189 111 7
21 22 8 119 11
20 56 67
20 85 59 22
13 60 109
13 47 156 103 2
13 47 45 70 3
13 10 128 15
7 62 74
7 116 73 16
4 24 59
4 6 1 12

