268

297 78 183
297 24 112 38
297 203 74 63 8
297 299 118 2
297 298 15 32
296 128 99
296 249 14 3
296 162 100 207 106 12
296 4 56 67 27
296 4 200 226 241 242 7 11
296 4 200 31 28 1
296 295 93 23
292 37 97
291 44 129
289 75 59
289 3 229 134 13
285 87 66
285 225 209 208 123 3
285 225 235 237 60 5
284 66 55
284 237 60 6
281 85 130
281 146 77 10
281 241 240 39 31
281 161 136 86 71 7
281 161 136 135 53 3
281 161 135 53 6
281 161 265 55 6
281 161 160 249 14 17
281 282 80 27
279 114 61
279 181 62 34
279 64 124 99 19
279 64 98 97 2
279 64 60 249 14 2
279 277 104 10
278 54 92
273 89 91
273 274 91 38
269 50 77
269 272 270 43 4
269 270 43 31
259 108 52
257 38 96
257 253 6 3
255 68 101
254 115 94
254 65 263 164 48 2
254 61 277 104 14
254 61 120 126 32 19
254 61 69 131 7
254 253 6 41
252 3 157
252 72 12 5
252 159 158 73 20
252 62 17 94 29
252 0 48 92 11
252 200 31 28 7
252 200 175 72 25
252 256 28 23 22 2
250 1 84
250 39 16 32
250 160 249 14 12
250 251 52 21
250 248 264 83 7
250 248 249 14 15
236 76 90
236 171 24 112 1
236 237 60 14
232 86 101
232 228 82 19
232 202 157 20 7
232 202 135 53 14
231 31 129
231 229 134 18
231 228 82 15
223 120 107
223 150 204 238 88 5
223 150 204 242 7 8
223 221 132 23
223 201 33 65 11
223 201 146 77 15
217 64 68
217 219 17 21
217 215 127 22
217 214 198 24 112 16
217 214 203 74 63 2
213 81 69
213 110 60 249 14 2
213 216 113 95 20
213 216 62 17 94 8
213 216 62 219 17 1
213 215 127 22
213 200 175 72 18
213 200 262 265 55 10
199 133 86
199 238 88 46
199 198 24 112 11
197 51 86
197 184 185 26 14
197 260 238 88 22
193 130 19
193 191 124 11
190 24 66
188 45 44
188 189 74 11
188 185 26 19
187 36 160
187 95 98 97 10
187 205 258 59 13
187 205 202 135 53 3
187 189 74 21
187 185 26 9
186 109 54
186 93 90 16
186 189 74 1
186 185 26 3
183 4 78
183 63 221 132 17
183 162 100 207 106 2
183 162 264 83 12
183 162 154 195 79 14
182 42 169
182 293 9 157 20 9
182 293 62 219 17 9
182 66 240 39 2
182 262 265 55 13
182 262 1 143 8 8
180 23 111
180 181 62 38
177 100 214
177 178 111 49
173 98 43
173 299 118 15
173 171 24 112 5
170 113 76
166 34 94
166 27 295 93 8
166 27 29 28 23 22 3
153 29 135
153 158 73 23
153 155 40 41
151 18 152
151 61 69 131 1
151 61 74 63 14
151 155 40 25
151 154 195 79 1
151 154 44 46 16
140 21 277
140 1 143 8 4
140 1 21 23 22 3
140 143 8 39
133 10 57
133 27 29 28 23 22 7
133 27 28 23 22 6
133 63 221 132 5
133 63 86 71 1
132 0 100
132 240 39 10
132 240 242 7 3
132 130 70 31
132 129 130 70 5
127 119 166
127 9 157 20 32
127 277 104 38
127 155 40 32
127 126 32 19
127 124 99 47
118 107 82
118 119 135 53 5
118 119 115 113 95 3
118 119 113 95 18
118 113 95 10
112 110 119
112 238 88 1
112 138 123 71 48 92 8
112 0 48 92 29
112 0 10 12 56 5
108 9 63
108 208 123 6
107 25 59
107 221 132 5
107 33 65 12
104 61 66
104 117 119 113 95 3
104 117 115 113 95 5
104 287 31 28 19
104 103 239 242 7 12
92 33 112
92 56 67 49
92 49 84 7
92 87 88 126 23
89 30 162
89 72 12 29
89 99 98 97 9
85 96 101
81 69 91
81 19 47 48
81 264 83 35
79 129 56
79 95 98 97 15
79 95 93 90 3
79 62 219 17 11
77 41 134
77 88 126 39
77 200 262 1 21 23 22 1
77 200 206 207 106 4
77 78 2 19
77 76 78 2 21
77 75 270 43 15
73 116 56
73 74 63 13
73 72 12 2
73 71 48 92 9
70 125 75
70 146 77 21
70 69 131 31
59 27 130
59 205 202 135 53 7
59 58 82 11 6
59 58 121 249 14 16
57 57 99
57 44 46 21
51 5 76
46 121 112
46 265 55 4
46 121 249 14 6
46 49 84 32
46 48 92 4
46 4 200 210 208 123 21
46 4 0 10 12 56 2
41 117 87
41 40 39 16 8
41 299 118 26
38 13 140
38 131 130 70 2
38 131 128 130 70 2
38 3 229 134 5
38 36 39 16 1
37 19 156
34 103 89
34 235 237 60 12
34 35 58 31
34 35 33 65 1
34 33 65 31
30 101 53
30 31 28 2
20 105 111
20 264 83 8
20 36 39 16 11
20 263 164 48 23
20 263 82 11 24
18 122 60
18 19 47 14
18 17 94 19
15 35 117
15 44 46 29
15 163 33 65 28
15 163 74 63 2
15 163 295 93 2
15 163 195 79 9
15 16 82 11 2
15 16 17 94 1
11 49 161
11 274 91 7
11 12 56 27
8 102 83
8 7 48 92 1

