260

295 57 59
295 298 0 27
295 296 172 6 6
293 79 116
293 65 120 22
293 125 272 125 3
292 69 100
292 77 88 85 34
292 77 76 94 3
287 107 79
287 80 91 38
287 104 52 11
287 286 89 12
287 285 88 11
282 54 26
282 283 40 2
276 101 124
276 31 19 2
276 94 114 16 9
276 94 95 34 5
276 24 72 81 14
276 24 74 172 6 3
276 277 190 95 13
276 261 80 91 2
276 261 84 183 93 5
276 261 84 211 288 63 10
276 261 275 274 272 125 2
276 261 283 40 17
273 76 79
273 294 13 31
273 272 125 39
267 92 87
267 214 176 109 3
265 128 76
265 149 76 94 21
265 262 257 62 7
265 262 43 23 10
265 262 200 39 75 3
265 264 1 4
265 260 105 110 6
258 26 48
258 257 62 22
255 106 61
255 254 60 47 15
255 254 60 62 116 2
255 254 253 113 13
255 253 113 2
252 11 109
252 72 81 12
252 163 162 25 16
249 74 75
249 6 133 14
249 210 235 234 14 10
249 250 78 25
249 248 264 1 24
246 12 73
244 28 48
244 242 122 34
244 242 55 54 50 7
239 112 139
239 237 234 14 1
239 233 234 14 10
238 77 194
238 100 202 203 48 11
238 100 102 27 12
238 100 99 86 17
238 234 14 33
236 73 62
236 171 49 34
236 233 234 14 13
236 233 212 5 4 18 10
236 233 212 72 81 13
232 131 88
232 33 31 19 9
232 96 117 6
232 230 53 26
232 230 229 37 5
232 229 37 7
226 84 197
226 241 212 72 81 10
226 20 135 240 21 4
226 20 135 134 100 23
226 20 45 43 12
226 224 200 39 75 28
226 222 71 42
225 87 59
225 285 88 43
221 3 132
221 223 257 62 10
221 222 71 35
220 60 62
218 132 107
218 7 6 133 37
218 0 157 162 25 2
217 99 69
217 57 58 103 1
217 155 156 104 3
213 43 23 42
213 128 130 35
213 105 110 35
213 54 50 14
213 253 113 34
209 102 85
209 29 156 104 19
209 29 23 39 75 1
204 20 156
204 96 117 36
204 206 203 48 8
204 205 203 48 23
204 203 48 49
204 202 203 48 5
197 97 51
197 260 105 110 2
197 260 263 128 130 4
197 260 263 289 70 6
197 127 95 34 4
197 127 65 120 5
197 127 92 62 116 1
188 64 64
188 192 124 139 119 45 6
188 192 191 190 95 10
188 190 95 8
188 189 190 95 3
187 35 88
187 95 34 3
186 31 68
182 41 103
182 214 176 109 9
182 185 183 93 12
182 184 127 26
182 183 93 18
180 90 95
180 176 109 22
173 55 34
173 172 6 20
173 123 164 7 18
168 118 135
168 26 81 29 5
167 108 206
167 163 162 25 5
167 171 49 36
165 15 129
165 99 86 26
165 184 127 5
153 61 89
153 127 92 62 116 12
153 127 263 289 70 12
153 152 9 18
144 105 113
144 69 66 15
144 201 80 6
144 141 96 37
142 115 186
142 141 96 30
133 56 72
133 136 134 100 13
133 134 100 9
126 109 5 35
126 15 81 29 11
126 102 27 35
126 264 1 25
126 121 138 105 110 3
126 121 146 22 19
117 114 108
117 119 45 1
117 118 119 45 11
113 98 77
113 111 36 31
112 83 84
112 15 81 29 27
112 111 36 38
112 111 80 91 4
106 65 80
106 145 141 96 23
106 105 110 7
106 104 52 15
101 129 81
101 102 27 44
98 126 74
98 95 34 2
98 97 96 117 6
98 96 117 15
91 51 52
91 53 59 3
89 82 49
89 72 81 14
89 211 288 63 16
89 88 85 17
87 30 127
87 222 71 46
87 88 85 20
86 10 52
86 140 141 96 3
79 17 53
79 95 34 32
79 200 39 75 1
79 80 91 18
79 78 80 91 3
79 25 161 134 25
79 25 161 162 25 1
79 25 28 137 139 119 45 4
79 25 28 26 81 29 4
79 25 28 26 22 53 59 2
73 32 41
73 163 162 25 22
73 72 81 3
68 42 81
68 231 70 72 9
68 231 229 37 20
68 214 176 109 20
68 70 72 7
68 69 66 15
68 67 44 35
66 38 72
66 240 21 28
66 70 72 43
66 69 66 50
64 121 60
64 297 22 53 59 29
64 297 298 0 12
64 63 62 116 10
64 62 116 27
61 2 109
61 45 43 15
61 62 116 9
56 67 93
56 99 86 11
56 99 271 270 4 35
56 114 16 34
56 58 103 37
49 111 53
48 119 51
44 68 51
44 21 250 78 7
44 21 229 37 7
44 21 27 104 52 20
44 214 176 109 12
44 47 45 43 33
44 45 43 1
38 39 77
38 39 75 8
30 8 109
30 297 298 0 3
30 201 80 4
30 171 49 22
30 260 263 289 70 3
30 260 268 123 33
30 32 31 19 14
30 31 19 13
17 46 116
13 58 143
13 121 146 22 13
9 124 170
9 6 133 2
8 24 56
8 156 104 47
8 6 133 21
3 33 63
3 54 50 22
3 4 18 2

