694

798 95 62
798 537 216 18
797 319 81
797 231 119 36
797 591 596 122 88 30
797 591 596 134 233 1
797 795 220 35
797 791 242 1
796 273 118
796 24 314 372 25 18
796 795 220 1
796 793 715 716 222 3
796 793 791 242 3
796 791 242 14
794 196 75
794 795 220 10
794 795 791 242 9
792 235 69
792 785 353 316 174 6 5
792 785 353 316 627 299 1
792 785 353 355 336 20
792 7 795 791 242 5
792 791 242 14
784 355 111
784 434 436 300 301 254 14
784 25 244 11
784 80 381 123 1
784 80 86 144 64 3
784 80 86 148 136 13
784 80 81 597 100 1
779 166 99
779 202 330 7
779 174 6 1
779 781 313 246 328 8
776 318 82
776 117 358 29
773 182 141
773 597 100 13
773 771 125 126 124 156 12
773 771 125 124 156 2
772 332 51
772 444 17 4
772 50 344 34
768 251 45
768 90 754 215 2
768 769 200 177 1
767 278 86
767 531 532 530 272 15
767 426 41 120 29
763 131 82
762 140 109
762 726 496 66 20
762 726 722 321 483 11 1
762 726 660 675 142 10
762 726 156 219 111 10
760 252 72
760 761 125 34
759 70 122
759 473 393 179 3
759 761 125 13
752 7 60
752 324 185 41
752 744 3 19
752 755 618 317 19
752 754 215 15
750 193 89
750 790 323 14
750 223 77 210 16
750 223 264 127 8
747 67 127
747 283 285 117 8
747 749 22 50
747 748 90 23
747 746 55 13
745 184 66
745 722 321 323 286 4
745 722 321 322 200 21
734 305 72
734 510 603 208 4
734 736 1 44
732 257 75
732 731 231 13
729 236 48
729 212 211 243 33
729 212 208 79 17
729 318 321 322 200 7
729 733 731 231 31
729 730 430 147 8
719 24 46
719 583 63 15
719 718 321 19
717 110 56
717 718 321 4
709 298 88
709 708 543 143 206 16
709 708 363 134 233 21
703 227 112
703 26 124 27
703 704 148 18
703 702 219 21
701 349 60
701 171 169 143 2
701 704 148 28
701 702 219 16
701 662 693 267 8
701 662 700 265 4
694 47 118
694 398 557 748 90 1
694 398 557 748 746 55 10
694 697 696 357 133 19
694 697 695 308 6
694 696 357 133 12
692 170 83
692 207 277 33
692 691 85 46
692 689 693 267 22
692 689 691 85 28
686 172 65
686 687 312 17
685 112 129
685 712 713 630 217 5
685 712 711 444 17 10
685 96 546 189 7
685 96 167 348 35
685 403 625 356 24
685 684 169 143 5
685 684 687 312 26
679 29 83
679 463 208 79 18
679 405 799 289 18
679 405 408 190 354 10
679 405 720 384 226 2
679 678 188 39
679 660 675 142 22
679 660 680 262 20
674 340 88
674 676 675 142 4
674 675 142 12
668 337 173
668 115 117 358 8
668 115 116 38 13
668 315 633 315 3
668 315 381 123 8
668 670 669 326 6
668 669 326 31
668 667 41 33
668 667 669 326 5
659 146 73
659 657 72 316 1
651 237 43
651 648 261 15
644 223 108
644 647 199 11
644 646 647 199 9
642 239 59
642 649 648 261 9
642 310 574 575 303 16
637 176 175
637 170 247 5
637 488 0 31
637 488 489 238 3
637 596 134 233 29
637 151 368 84 12
637 639 56 47
635 201 89
635 45 324 185 23
635 689 691 85 5
635 689 690 176 14 7
635 636 284 41
635 634 83 573 281 15
635 634 636 284 3
635 633 315 17
626 290 202
626 43 540 195 16
626 298 357 4
626 622 621 159 27
626 627 299 44
626 625 356 16
626 624 705 86 20
626 624 627 299 9
619 98 76
619 620 279 32
615 153 102
615 17 459 725 198 81 16
615 17 459 725 297 80 1
615 17 6 14 630 217 3
615 17 6 297 80 11
615 737 524 188 296 11
611 255 118
611 425 426 41 120 16
611 141 549 559 52 1
611 407 26 124 21
611 614 213 3
611 613 108 1
611 612 162 7
609 256 120
609 608 607 613 108 12
609 608 606 74 8
609 607 613 108 12
609 606 74 30
604 276 65
604 605 259 7
601 16 115
601 603 208 45
601 602 603 208 32
600 304 133
598 324 216
598 603 208 9
588 118 138
588 633 315 28
588 589 366 169 38
586 270 68
586 389 76 4
586 708 363 134 233 14
586 708 593 8 61 8
586 579 16 31 22
586 579 578 229 8
582 157 213
582 385 386 163 5
582 290 743 744 3 5
582 663 444 17 3
582 663 191 34 10
582 583 63 36
582 581 789 116 38 5
580 230 53
580 246 328 11
580 250 33 3
580 579 578 229 7
580 578 229 33
577 221 92
576 69 68
576 51 77 9
576 499 300 30
576 161 160 313 32
576 317 603 208 3
576 575 303 5
576 506 54 211 5
572 94 72
572 52 757 78 13
572 52 51 77 1
572 700 265 18
572 573 281 15
569 352 107
569 751 723 55 567 96 17
569 751 723 42 787 123 124 156 10
569 751 723 749 22 10
569 4 481 138 46
569 4 53 10 2
569 570 310 22
569 568 97 46
563 8 90
563 567 96 48
563 566 567 96 4
563 566 565 174 15
563 566 564 104 12
562 282 70
562 594 41 120 4
562 594 603 208 2
562 594 593 8 61 2
562 594 409 499 300 7
562 594 409 403 625 356 2
562 505 559 52 13
552 291 185
552 513 500 324 185 8
552 132 134 233 12
552 555 342 695 308 7
544 205 40
544 543 143 206 1
535 173 84
535 107 81 597 100 12
534 45 97
534 504 630 217 13
534 504 721 565 174 7
534 504 721 727 788 89 2
529 103 128
529 629 672 675 142 2
529 629 630 217 16
529 18 483 11 21
529 0 6 297 80 9
529 0 10 8 61 4
529 0 12 228 10
529 0 318 321 322 200 8
529 0 663 191 34 12
521 241 81
521 634 636 284 2
521 634 633 315 28
519 35 129
516 218 60
516 517 648 261 2
514 168 91
514 799 289 30
511 155 96
495 320 73
495 496 66 17
476 341 46
476 480 345 4
476 479 72 27
475 293 76
475 464 149 3
475 727 788 89 34
475 727 790 323 16
475 663 191 34 17
475 474 473 393 179 2
475 473 393 179 16
475 473 297 80 1
472 109 55
471 113 117
471 470 73 1
471 469 467 102 5
471 467 102 28
466 139 81
466 757 78 30
466 610 421 422 93 2
466 443 444 17 9
466 264 127 13
466 465 161 160 313 5
466 465 549 559 52 12
466 464 149 27
462 48 53
458 178 111
458 680 262 28
458 457 269 29
454 353 75
454 673 77 210 7
454 410 175 15
454 135 84 129 249 18
454 170 247 1
449 58 78
449 236 235 75 1
449 236 234 235 75 8
449 450 322 36
448 154 172
448 450 322 45
446 42 61
440 245 100
440 441 338 44
440 438 442 439 53 12
440 438 439 53 31
437 59 110
437 261 20 21
437 156 219 111 24
437 442 439 53 20
433 246 61
433 432 25 244 10
429 121 75
429 391 790 323 27
429 430 147 6
428 150 119
428 153 154 188 296 14
428 430 147 33
424 339 71
419 83 87
419 423 502 518 126 124 156 8
419 423 502 528 27 11
419 423 422 93 8
419 423 401 5 121 2 3
419 422 93 15
419 421 422 93 16
416 253 68
416 172 202 3
397 132 73
397 661 240 242 294 2
397 318 321 322 200 10
397 318 298 357 3
392 23 55
392 393 179 18
392 391 790 323 8
387 106 70
387 774 191 33
387 406 400 206 207 277 12
387 406 400 408 190 354 19
387 386 163 19
387 384 226 13
376 207 73
376 483 11 8
376 375 65 24
374 101 99
374 368 84 23
374 375 65 17
374 373 705 86 28
371 141 103
371 497 499 300 3
371 441 338 26
371 368 84 4
369 105 59
352 307 39
352 240 242 294 32
352 384 226 9
352 547 546 189 6
349 13 135
349 528 27 34
349 122 88 18
345 266 113
345 646 647 199 15
345 477 480 345 10
345 344 467 102 4
340 134 76
337 15 81
337 338 26 124 11
333 43 56
333 631 53 10 4
333 332 130 16
330 161 101
330 756 757 78 10
330 409 403 625 356 3
327 292 58
326 190 62
320 167 153
320 332 130 33
320 506 54 211 21
320 506 273 271 135 2
320 506 505 559 52 18
320 506 502 528 27 1
309 263 51
309 497 499 300 5
309 72 316 11
307 158 63
307 305 36 25
306 346 167
306 175 176 14 10
306 507 500 324 185 11
306 507 500 501 559 52 8
306 507 82 209 627 299 2
306 507 81 597 100 4
306 305 36 19
299 268 85
299 543 143 206 2
299 503 614 213 15
299 503 500 501 559 52 2
299 301 254 8
299 298 357 28
299 298 301 254 2
299 228 99 288 22
296 21 108
296 187 57 14
296 595 678 188 30
296 590 597 100 8
296 295 664 354 353 355 336 8
296 295 664 81 597 100 1
296 227 200 177 4
291 209 139
291 294 612 162 15
288 264 69
287 186 73
287 310 574 575 303 23
287 310 754 215 15
287 310 322 200 3
287 310 322 323 286 2
287 227 200 177 9
284 224 68
284 285 117 32
282 306 81
282 281 285 1
280 122 103
280 335 334 203 4
280 226 412 386 163 1
280 226 412 410 175 17
280 226 502 528 27 1
275 60 130
275 276 137 38
274 5 112
274 277 239 566 564 104 10
274 277 276 137 15
269 309 81
269 480 345 37
269 217 219 111 1
269 151 368 84 29
269 151 368 174 6 1
269 151 260 749 22 1
269 151 169 143 1
269 271 135 18
269 270 274 33
269 270 614 213 10
265 287 127
265 266 107 13
263 160 77
263 264 127 21
256 351 116
256 160 313 23
256 255 670 669 326 1
253 335 110
253 322 323 286 12
253 665 207 205 51 5
253 665 698 736 1 18
253 665 718 321 14
251 144 129
251 343 312 539 537 216 7
251 343 312 316 627 299 1
251 343 312 316 386 163 13
251 343 312 316 389 76 7
251 250 33 27
251 247 250 33 3
244 129 121
244 28 331 11
244 780 725 297 80 1
244 245 246 328 12
237 145 105
237 220 258 260 749 22 7
237 220 238 12 6
230 327 111
230 231 119 13
229 275 98
229 60 413 410 175 8
229 60 314 372 25 8
229 231 119 8
214 39 37
214 216 302 27
214 215 183 34
210 165 60
210 216 302 9
210 209 627 299 3
210 209 211 243 9
203 50 46
203 10 8 61 30
203 204 28 21
199 91 70
199 298 301 254 15
199 58 720 384 226 9
199 58 720 171 169 143 19
199 58 54 211 4
199 198 81 3
199 197 325 15
196 295 56
196 198 81 31
196 155 540 195 11
196 155 202 330 12
195 92 122
194 68 68
194 417 301 31
194 86 148 136 9
184 44 42
182 329 70
180 126 85
180 501 559 52 5
179 297 160
179 16 31 46
179 633 315 14
179 101 171 3
179 311 332 130 7
177 271 103
177 774 191 13
177 350 695 308 25
177 366 169 12
177 366 65 67 248 4
177 176 14 2
173 152 86
173 581 789 116 38 3
173 581 216 390 343 4
173 174 6 21
173 172 202 13
173 152 176 14 5
168 212 88
168 137 136 260 14
168 167 348 24
168 151 169 143 3
165 40 101
165 166 9 43
165 164 49 12
163 334 161
163 166 9 6
163 164 49 22
145 214 130
145 76 408 190 354 3
145 720 171 169 143 2
145 720 728 30 27
145 146 234 24
145 144 64 39
139 37 105
139 110 112 746 55 5
139 110 112 311 332 130 3
139 110 112 311 334 203 1
133 99 109
133 134 233 6
133 131 496 66 22
133 131 134 233 6
127 204 68
120 192 79
120 749 22 11
120 677 71 72 316 4
120 83 573 281 17
120 83 702 219 23
120 119 51 77 6
114 82 61
114 639 56 8
114 117 358 14
113 333 125
109 350 75
109 487 483 11 1
105 62 167
105 154 188 296 23
103 232 128
103 742 744 3 1
102 19 90
102 101 171 48
100 4 81
100 632 10 8 61 2
100 632 205 51 2
100 101 171 2
100 99 288 12
97 164 63
97 612 162 31
97 98 314 44
95 311 63
95 663 191 34 6
95 663 264 127 1
88 26 93
88 92 633 315 25
88 91 250 13
87 359 137
87 673 77 210 27
87 324 185 50
87 91 250 12
87 89 91 250 6
74 347 63
74 206 207 205 51 9
74 206 205 51 16
70 71 142
70 170 247 28
70 749 22 6
70 749 746 55 2
70 470 73 36
64 151 99
64 63 115 116 38 21
61 187 91
61 687 312 17
59 280 130
59 150 65 67 248 9
59 150 157 87 29
59 55 567 96 2
59 54 211 3
56 258 118
56 200 177 19
56 200 202 330 4
56 417 301 42
56 58 54 211 9
56 55 567 96 10
56 55 54 211 14
56 4 53 10 26
44 18 132
44 565 174 21
44 3 96 167 348 7
44 3 6 297 80 3
44 3 1 125 124 156 4
44 3 1 705 86 2
44 3 1 23 46 16
40 116 70
40 786 727 790 323 1
38 342 57
38 129 249 37
38 350 695 308 12
38 350 788 89 5
38 39 225 45
38 2 667 669 326 12
38 2 36 181 25
38 2 317 603 208 11
37 198 50
37 627 299 39
37 480 345 8
37 540 195 2
37 39 225 3
35 194 123
35 190 354 3
35 85 393 179 4
35 85 143 206 12
35 30 115 27
34 114 116
34 187 57 8
34 29 705 86 1
33 283 175
33 30 115 41
33 29 705 86 11
31 128 132
31 30 115 23
27 54 35
27 422 93 1
27 28 331 19
27 26 124 44
27 25 244 19
27 25 28 331 9
21 180 77
21 297 80 5
19 32 188
19 5 121 2 12
19 5 202 330 13
19 5 633 315 2
19 5 65 67 248 4
19 20 18 483 11 19
15 240 114
15 546 189 12
15 14 630 217 15
9 197 135
9 754 215 44
9 317 603 208 31
9 317 316 389 76 6

