640

799 258 119
791 334 51
791 793 187 35
791 793 715 180 2
789 48 91
789 461 481 182 15
787 59 118
787 724 95 83 3
787 420 498 26 1
784 214 123
784 654 684 686 256 188 4
784 654 684 685 686 256 188 3
784 654 689 203 3
784 654 524 108 352 10
784 656 598 174 7
784 783 710 116 28
778 243 79
778 780 260 31
776 345 90
776 422 370 71 33
776 422 141 146 8
776 772 440 226 43
774 207 107
774 772 440 226 1
773 8 131
773 596 598 174 3
773 423 454 680 153 7
773 423 455 315 3
773 423 185 39 172 24
768 135 135
768 133 131 313 27
767 36 93
767 769 289 43
767 766 77 42 10
765 157 95
765 764 236 24
765 723 85 266 128 2
765 723 85 87 279 17
765 723 769 289 21
762 216 69
762 54 269 33
762 764 236 19
757 19 130
757 561 163 18
755 257 52
755 756 55 43 10
753 164 54
753 796 795 109 12
741 335 94
741 744 742 205 20
741 742 205 34
740 178 77
740 264 246 15
740 323 179 11
740 746 743 339 10
740 743 339 28
730 132 68
730 733 328 44
730 729 24 6
718 317 92
718 716 715 180 4
718 716 714 715 180 5
718 715 180 13
718 714 715 180 4
717 54 70
717 81 239 5
717 715 180 17
717 656 598 174 31
711 270 110
711 177 126 38
711 523 641 640 32 11
711 523 670 63 7
711 523 749 667 105 21
711 523 42 240 4
711 713 414 223 12
705 28 60
705 573 406 166 3
705 707 67 19
700 319 60
700 704 248 15
700 698 736 56 33
700 698 736 738 27 6
700 698 704 248 3
696 14 46
696 594 95 83 6
696 594 593 252 12
696 358 149 37
696 359 360 311 7
696 359 358 149 2
696 697 221 27
693 304 43
681 175 97
681 682 680 153 29
678 141 109
678 680 153 1
673 222 104
673 520 525 53 11
673 725 538 39 172 10
673 725 538 540 202 3
673 725 727 385 100 7
673 725 724 727 385 100 4
673 725 724 777 112 13
673 725 572 194 134 1
673 677 5 45
666 329 44
666 668 667 105 3
663 170 59
663 672 31 12
663 103 586 21 14
663 103 100 795 109 1
661 99 150
661 603 294 37
661 111 11 24
661 662 337 26
658 327 48
644 336 101
644 648 641 640 32 2
644 648 647 0 8
644 648 646 185 2
644 647 0 30
644 647 646 185 17
644 646 185 10
637 249 80
637 297 350 43
637 639 177 24
632 302 72
632 572 194 134 7
632 183 602 307 2
632 630 237 238 341 18
632 630 576 638 117 110 4
631 124 136
631 12 318 60 208 64 1
631 577 282 266 37
631 577 573 406 166 3
629 108 143
629 391 68 10
628 41 197
628 627 171 10
628 576 638 117 110 27
623 154 95
623 317 485 323 179 4
621 233 104
621 141 146 14
621 650 221 729 24 13
621 650 221 220 82 6
621 650 573 406 166 3
621 620 272 20
621 619 620 272 31
618 306 70
618 110 231 9
614 278 105
614 161 10 45
614 737 25 44
614 613 254 43
614 575 577 573 406 166 9
614 575 577 524 108 352 16
611 193 68
611 613 254 49
601 230 102
601 8 446 277 20
601 8 482 38 5
601 8 383 385 100 4
601 573 406 166 12
601 573 606 605 604 218 19
599 37 50
599 709 338 43
599 709 51 301 2
592 77 60
592 391 68 41
592 708 365 50 11
592 708 420 739 738 27 14
587 69 109
587 225 219 264 4
585 150 57
585 63 162 34
585 557 136 13
585 586 21 3
583 267 157
583 664 331 43
583 581 106 3
583 580 184 29
582 23 183
582 754 87 279 32
582 754 410 204 1
582 53 155 35
582 651 395 186 37
582 580 184 37
582 570 742 205 19
579 127 133
579 421 525 53 1
579 421 432 224 7
569 9 85
569 568 92 27
569 567 331 156 8
569 567 568 92 9
569 566 16 39
565 247 79
565 580 184 3
565 580 581 106 9
565 1 667 105 33
565 564 332 27
559 219 66
559 557 136 44
559 523 42 240 3
556 265 69
556 555 241 1
554 276 50
551 39 49
551 759 475 395 186 3
549 142 36
549 548 197 303 26
547 189 92
547 557 136 6
547 511 464 462 561 163 23
547 144 446 277 36
547 144 610 417 419 29 2
547 207 198 7
547 546 211 23
545 343 78
542 351 69
542 540 202 7
542 536 540 202 6
541 238 157
541 428 256 1
541 299 326 1
541 540 202 24
541 537 540 202 11
541 536 540 202 35
532 210 91
532 476 138 39
532 534 290 46
532 533 534 290 6
530 88 81
517 286 36
517 737 25 41
517 197 303 8
517 516 110 231 19
514 52 170
514 603 294 19
510 94 80
510 647 646 185 12
505 220 90
505 506 643 331 156 14
502 353 68
502 504 129 23
502 503 504 129 14
501 357 122
501 698 704 248 25
501 698 703 245 248 344 5
501 698 703 704 248 17
501 498 26 18
500 62 52
500 498 26 1
497 98 55
497 496 348 19
495 152 78
495 493 181 15
478 34 54
477 93 81
477 410 204 24
477 466 45 22
477 476 138 24
474 271 74
474 735 143 20
471 209 34
471 441 123 5
471 398 338 101 1
471 473 81 17
471 472 300 24
471 469 473 81 9
467 299 79
467 125 310 35
467 466 45 24
458 117 65
458 457 455 315 3
458 455 315 11
456 140 186
450 355 133
450 282 266 4
450 4 6 715 180 2
450 4 47 634 689 203 12
450 4 49 481 182 7
450 4 49 51 301 11
450 451 324 13
449 282 91
449 795 109 31
437 104 109
437 439 434 436 183 2
437 439 434 433 436 183 7
437 436 183 1
437 433 436 183 1
435 262 75
435 438 436 183 7
435 436 183 33
430 227 114
430 429 314 48
430 428 256 11
430 427 428 256 7
430 421 432 224 4
426 196 79
426 273 574 455 315 14
426 273 185 39 172 13
426 273 185 234 197 12
425 200 83
418 4 80
418 419 29 37
409 296 106
402 199 60
402 414 223 29
401 102 66
401 689 203 26
401 520 525 53 19
399 215 76
396 347 50
396 476 138 47
396 395 186 5
394 118 118
394 22 662 337 20
394 393 235 34
394 392 393 235 23
394 392 393 390 13 3
394 392 390 13 10
394 390 13 34
389 17 90
389 732 733 328 19
382 245 52
379 213 100
379 555 241 45
379 380 281 16
375 60 73
375 524 108 352 11
375 524 566 16 20
375 374 284 26
373 285 148
373 374 284 13
369 66 61
364 84 50
364 365 50 19
364 315 313 349 120 8
356 65 56
356 355 273 29
354 234 105
354 240 493 181 24
354 355 273 20
352 297 129
352 353 487 253 33
350 206 77
350 205 574 455 315 12
350 205 207 198 11
350 330 133 15
347 342 185
347 519 194 23
347 348 318 16
347 346 348 318 21
347 343 348 318 15
344 349 152
344 342 460 466 45 14
344 342 460 720 728 86 13
344 342 460 720 729 24 10
341 308 65
341 522 237 238 341 3
341 522 483 143 160 9
339 131 62
339 338 101 2
339 336 338 101 1
335 75 70
333 208 158
333 141 146 6
333 398 338 101 38
333 625 627 171 37
333 334 251 25
328 96 123
328 330 133 33
327 35 48
327 98 91 14
327 20 485 323 179 27
327 722 769 289 12
326 33 135
326 47 634 689 203 10
326 47 48 292 33
326 325 72 9
326 323 179 32
322 261 73
322 334 251 2
308 78 135
308 171 358 47
308 189 278 97 11
305 147 78
305 306 89 159 16
302 359 110
298 137 93
298 208 64 41
298 300 87 25
298 299 326 2
296 232 67
296 670 63 41
296 706 707 67 34
296 297 350 30
296 297 183 602 307 16
295 18 100
295 398 338 101 6
295 297 183 602 307 21
290 30 69
289 111 128
283 22 154
283 643 331 156 26
283 643 640 32 16
283 381 410 204 8
283 381 72 727 385 100 10
283 282 266 17
283 281 282 266 1
272 70 101
272 222 220 82 21
272 470 473 81 19
272 470 472 300 5
270 320 58
270 613 254 27
270 271 266 128 16
270 267 119 49
270 266 128 15
269 15 177
269 482 38 50
269 226 161 35
269 624 487 253 3
269 572 194 134 8
269 271 266 128 23
269 267 119 6
269 266 128 24
268 309 63
268 525 53 28
268 607 604 218 12
268 266 128 2
263 113 112
263 324 201 201 7
263 324 323 179 26
263 320 246 248 344 3
263 264 246 47
263 188 256 188 14
263 188 182 211 173 3
262 130 128
260 114 77
260 264 246 15
258 79 89
258 522 483 143 160 5
258 522 720 729 24 13
258 257 51 11
255 195 76
255 670 63 39
253 151 100
253 451 324 50
252 49 126
252 370 71 20
252 386 387 428 256 15
251 12 115
250 268 120
250 586 21 4
247 115 67
247 405 291 37
247 248 344 24
241 20 129
241 408 168 39
233 340 41
233 234 197 31
233 232 412 414 223 11
231 280 86
227 167 76
227 395 186 37
224 44 45
224 225 219 264 16
218 90 117
215 333 69
215 216 576 638 117 110 7
215 216 576 638 639 177 1
212 346 55
212 312 691 255 26
212 312 209 210 125 11
204 176 115
204 722 769 289 29
204 722 760 275 1
204 201 201 24
200 144 100
199 6 50
199 0 299 326 12
199 198 602 307 28
199 198 504 129 5
196 305 66
196 197 303 35
195 40 62
193 158 29
175 229 180
175 96 98 91 32
175 96 95 83 12
174 250 164
174 176 707 67 7
174 176 417 419 29 3
170 57 96
170 370 71 5
170 370 372 371 103 7
170 370 371 103 20
170 779 348 318 10
170 779 780 260 9
170 172 171 358 4
170 171 358 13
168 191 42
168 408 168 23
167 325 92
159 225 129
159 790 750 428 256 1
159 790 750 748 298 23
159 158 74 7
159 156 256 188 3
159 156 158 74 1
157 145 110
157 158 74 11
150 316 29
150 151 148 149 288 6
150 149 288 29
145 274 68
145 476 138 42
142 7 95
142 726 39 172 18
142 726 148 149 288 7
142 104 7 161 10 6
142 104 7 77 42 1
142 104 7 80 51 301 3
142 104 7 80 81 239 5
142 104 7 5 54 269 14
142 143 160 5
142 105 107 710 116 9
142 105 141 146 9
138 46 123
138 63 162 34
137 293 174
137 365 50 21
137 652 781 504 129 10
137 652 55 43 6
137 135 228 32
136 58 92
136 66 627 171 7
136 9 56 148 9
132 169 63
132 131 313 7
132 131 777 112 10
123 61 90
123 749 667 105 4
123 749 748 298 7
123 677 5 9
123 677 81 239 10
122 85 179
122 53 155 44
122 627 171 28
122 448 446 277 5
122 125 310 21
122 121 125 310 18
119 295 69
119 100 795 109 3
119 100 105 141 146 35
116 283 87
116 100 105 141 146 4
115 80 117
115 651 395 186 1
109 259 76
109 110 231 23
97 139 82
97 245 248 344 10
97 95 83 38
94 244 174
94 55 43 35
94 652 55 43 2
94 652 55 56 148 7
94 652 236 238 341 28
94 652 129 331 156 4
94 652 129 738 27 2
94 99 300 87 10
94 98 91 26
94 95 83 5
90 354 92
88 263 36
88 89 159 15
88 9 56 148 2
79 55 35
79 760 275 25
79 77 42 7
78 330 113
78 171 358 30
78 63 162 7
78 5 54 269 14
78 181 191 292 356 19
78 181 183 602 307 10
78 181 210 125 2
78 77 42 4
73 1 56
70 242 59
70 625 627 171 3
70 68 237 47
69 322 39
69 68 237 15
69 67 287 40
65 192 75
65 699 704 248 12
62 95 67
62 782 107 43
62 655 691 255 23
58 217 77
58 101 564 332 2
58 101 106 161 10 4
58 101 106 172 171 358 6
58 655 691 255 7
58 655 710 116 4
58 59 61 183 602 307 1
44 212 101
44 45 538 540 202 14
44 3 323 179 15
43 321 92
43 211 173 50
43 282 266 3
41 3 46
41 51 301 1
41 42 240 50
35 89 79
35 38 37 441 123 30
31 76 63
28 323 65
28 383 385 100 4
28 29 414 223 13
24 47 93
23 122 151
23 455 315 15
19 121 174
19 300 87 5
19 300 299 326 3
19 455 315 28
17 73 129
17 597 429 314 2
17 597 208 64 6
17 597 598 174 2
17 16 2 27
14 312 29
14 15 165 12
10 190 52

