937

795 106 106
795 454 39 17
795 344 342 57 30
795 57 31 79 34
795 797 168 49
795 796 101 4
795 794 796 101 8
791 249 127
791 579 330 23
791 710 311 15
791 54 677 22 14
791 54 592 191 1
791 54 55 767 140 23
791 793 196 34
791 793 723 724 273 5
791 792 130 497 84 1
791 789 115 116 51 4
791 789 583 587 282 5
784 153 104
784 428 210 39
784 143 197 196 7 3
784 143 197 195 235 13
784 143 185 120 10
784 787 260 259 231 2
784 787 352 554 172 1
784 787 783 381 215 32
784 787 783 718 246 1
784 786 335 194 5
784 785 783 718 246 17
778 170 43
778 726 722 197 2
778 281 30 17
778 780 237 47
778 779 64 198 152 4
778 779 556 321 11
778 779 780 237 2
778 779 777 352 19
778 777 352 17
774 296 73
774 176 285 19
774 391 393 634 346 22
774 2 509 638 351 14
774 775 44 31
774 773 8 7
774 708 508 763 138 1
770 155 106
770 282 344 24
770 202 200 27 20
770 771 17 46
770 707 431 259 231 1
770 707 287 14 5
770 707 158 137 24
770 707 702 724 273 5
770 707 701 448 127 8
768 129 47 41
768 549 93 44
768 702 724 273 33
768 769 244 32
768 767 140 40
760 161 88
760 83 214 12
760 432 62 6
760 761 67 35
760 761 759 150 9
760 758 129 47 12
760 758 759 150 11
757 245 72
757 565 178 27
757 467 387 192 8
757 247 245 114 6
757 247 212 216 33 129 47 8
757 247 212 215 134 211 3
757 247 212 215 209 223 103 1
757 247 212 215 216 33 129 47 2
757 247 212 51 75 50 3
757 146 797 168 43
757 146 208 48 5
757 755 24 32
757 704 11 12 34 19
757 704 261 262 259 231 14
757 704 261 260 259 231 1
757 704 65 246 288 6
757 704 65 67 685 118 6
756 325 81
756 755 24 41
751 343 150
751 571 570 225 16
751 571 569 236 8
751 616 158 137 4
751 753 265 39
751 752 753 265 23
751 750 426 124 32
751 748 559 381 215 14
751 748 559 402 203 1
751 748 750 426 124 7
751 703 75 50 4
751 703 549 93 3
745 185 101
745 316 484 487 56 6
745 316 740 764 217 17
745 316 740 764 766 765 308 3
745 316 317 191 61 3
742 256 155
742 514 137 177 16
742 514 302 198 152 1
742 514 552 49 23
742 514 553 94 2
742 741 31 42
742 738 173 26
742 703 549 93 13
742 703 705 559 402 203 1
742 703 705 28 183 5
739 68 146
739 586 587 282 9
739 145 716 319 318 20 16
739 743 288 333 31
739 741 31 50
739 738 173 1
731 309 141
731 735 243 23
731 734 735 243 12
731 734 735 506 229 10
731 732 735 506 229 16
719 166 76
719 720 381 215 16
719 210 211 233 76 4
719 210 228 83 7
719 210 231 230 45 19
719 718 246 20
719 717 65 39
711 281 80
711 243 82 31
711 23 25 180 33
711 23 22 426 124 2
711 335 194 29
711 712 284 22
711 710 311 28
711 710 363 21 4
711 710 290 249 338 187 3
706 668 198 43
706 627 228 23
706 627 626 147 7
706 747 281 30 24
706 176 285 46
706 542 202 23
706 229 38 201 200 27 7
706 229 38 280 241 4
706 400 358 5
706 708 508 763 138 12
706 708 387 192 7
706 707 701 448 127 27
706 707 701 29 9 2
706 769 244 8
706 705 28 183 12
706 705 245 114 5
706 705 765 308 16
706 703 705 765 308 12
706 701 29 9 4
706 701 718 246 8
706 2 509 638 351 2
706 2 527 277 270 21
686 12 41
686 160 159 89 21
686 688 175 116 38
686 688 687 158 2
686 687 158 40
686 685 118 46
684 99 59
684 254 175 36
684 687 158 16
684 428 210 11
684 615 456 457 54 2
684 615 612 676 53 3
679 322 63
679 151 26 28
679 683 95 5 27
679 680 29 9 15
675 85 85
675 85 725 724 273 1
675 85 86 277 7
675 85 84 227 28
675 119 604 607 96 230 5
675 119 121 291 14
675 119 120 349 21
675 357 428 210 1
675 357 519 31 79 2
675 357 519 538 133 11
675 357 351 384 97 10
675 357 351 443 498 499 302 2
675 354 692 267 7
675 614 676 53 12
671 171 86
671 455 280 241 4
671 455 442 533 767 140 6
671 455 458 457 54 3
671 455 457 54 31
671 661 46 30
671 83 214 2
671 83 213 84 227 6
671 86 277 21
671 673 39 775 44 1
671 673 670 169 19
671 672 254 33
671 670 169 40
663 299 119
663 560 561 559 402 203 19
663 94 786 335 194 19
663 235 233 76 32
663 144 34 481 131 5
663 662 418 575 91 11
663 661 46 31
660 81 165
660 378 76 79 109 6
660 378 76 78 79 109 5
660 378 377 297 14
660 378 376 377 297 21
660 662 418 575 91 20
660 662 27 98 15
660 661 46 10
660 661 670 169 6
653 305 64
653 19 74 15
653 507 117 49
653 356 184 107 14
653 656 224 4
653 655 656 224 5
653 655 654 151 1
653 655 652 190 5
653 654 151 20
653 652 190 38
646 216 123
646 19 74 25
646 56 672 254 4
646 56 701 718 246 12
646 56 516 518 568 145 11
646 56 50 564 565 178 2
646 56 50 133 332 10
644 28 49
644 161 336 10
641 64 176
641 169 380 335 194 5
641 169 171 170 132 6
641 169 171 168 135 5
641 169 170 132 5
641 169 168 135 9
641 489 315 1
641 56 50 133 332 2
641 56 50 650 651 37 8
641 355 578 69 8
641 355 356 184 107 4
641 642 174 24
640 41 78
640 758 759 150 7
640 643 162 47
640 642 174 15
594 156 61
594 595 25 29
594 595 717 65 6
594 593 427 142 12
594 593 12 34 6
594 517 571 569 236 8
594 517 591 592 191 11
594 517 512 458 457 54 6
584 313 138
584 401 400 358 17
584 288 333 6
584 753 265 8
584 618 185 120 28
584 587 282 5
584 586 587 282 5
584 583 587 282 25
576 209 127
576 569 236 2
576 577 200 13
576 577 723 724 273 3
576 577 723 722 197 9
576 516 518 568 145 9
576 516 518 603 266 306 11
576 575 91 35
576 574 122 46
576 573 575 91 3
576 573 574 122 16
576 573 574 698 287 15
557 72 135
557 666 480 266 11
557 666 668 198 22
557 666 668 31 79 7
557 759 150 42
557 558 725 724 273 19
557 558 725 722 197 5
557 556 321 20
551 223 47
551 147 355 10
551 197 195 235 9
551 466 213 16
551 552 49 30
551 550 268 13
548 338 147
548 95 5 19
548 12 34 50
548 549 93 20
548 549 542 202 16
548 546 545 84 227 8
548 546 542 202 17
548 545 84 227 3
548 543 544 542 202 9
548 543 542 202 7
548 542 202 32
541 36 70
541 346 242 37
529 345 165
529 654 151 39
529 692 267 37
529 692 402 203 5
529 266 306 16
529 57 280 241 7
529 530 625 86 10
529 512 458 457 54 5
525 307 127
525 759 150 13
525 759 474 275 14
525 106 537 316 37
525 62 411 208 18
525 618 185 120 4
525 618 185 184 107 6
525 618 699 698 287 9
525 618 617 556 321 3
525 618 216 33 129 47 10
525 618 216 583 587 282 3
525 618 216 268 339 7
525 524 337 5
520 328 163
520 125 738 173 30
520 125 123 287 14 9
520 125 122 10 2
520 444 474 275 21
520 444 481 131 3
520 444 491 90 21
520 523 638 351 17
520 523 599 271 26
520 522 148 31
520 521 522 148 6
520 510 156 159 89 7
520 510 626 147 18
515 696 695 143 21
515 696 694 361 310 3
515 288 333 12
515 519 538 133 3
515 519 608 607 96 230 14
515 519 518 598 474 275 11
515 517 512 458 457 54 3
515 562 258 13
515 566 565 178 3
515 566 563 283 13
515 568 145 8
515 570 225 47
515 514 553 94 23
515 513 419 179 96 5
515 513 419 606 112 58 1
515 513 538 133 36
515 511 256 254 175 4
515 511 773 8 15
505 32 145
505 413 130 50
505 648 281 30 6
505 554 172 28
505 441 452 1 25
505 507 117 46
505 506 229 8
505 504 507 117 7
503 252 168
503 485 651 37 15
503 188 87 41
503 501 155 240 2
503 501 499 302 41
503 499 302 25
503 499 63 263 8
500 248 118
500 578 69 24
500 499 63 263 4
500 445 575 91 1
496 18 77
496 403 402 203 24
496 436 437 218 11
496 436 435 342 6
496 315 327 348 4
496 495 11 11
488 286 45
488 108 318 24
488 108 109 157 20
488 108 107 88 4
488 211 233 76 4
488 491 90 24
488 490 491 90 14
488 489 315 22
482 77 163
482 722 197 9
482 487 56 3
482 486 629 293 9
482 486 346 242 2
482 485 651 37 13
482 484 487 56 34
475 357 90
475 747 281 30 8
475 148 147 355 14
475 536 109 157 1
475 350 356 184 107 13
475 350 356 426 124 1
475 350 359 43 10
475 350 362 363 21 10
475 350 362 361 310 1
464 221 135
464 207 3 14
464 531 15 208 48 26
464 531 530 625 86 22
464 677 22 24
464 466 213 46
464 462 184 5
463 100 124
463 677 22 8
463 677 678 340 15
463 291 193 676 53 3
463 291 294 170 132 4
463 467 387 192 15
463 466 213 22
463 466 462 184 5
463 465 467 387 192 2
463 465 466 462 184 21
463 465 462 184 7
463 462 184 30
459 327 68
459 678 340 14
459 708 387 192 6
459 708 569 236 16
438 167 129
438 353 228 83 17
438 353 632 112 28
438 353 654 151 1
438 354 692 402 203 6
438 354 12 34 5
438 439 437 218 3
438 439 435 342 5
438 437 218 22
423 220 161
423 597 440 583 587 282 4
423 395 186 40
423 395 394 165 2
423 312 86 277 37
423 4 481 131 7
423 4 432 62 19
423 424 232 29
416 353 103
416 24 25 180 8
416 721 276 5
416 417 413 130 14
416 414 6 12
416 413 130 46
415 92 106
415 605 609 207 20
415 414 6 22
415 413 130 13
415 413 414 6 17
408 234 34
408 126 110 10
408 213 84 227 4
408 411 208 21
408 410 171 168 135 11
408 409 125 50
408 407 245 114 4
408 407 409 125 3
397 66 118
397 474 275 9
385 319 56
385 23 22 426 124 3
385 23 22 25 180 6
385 53 57 280 241 13
385 53 511 773 8 17
385 387 192 19
385 386 63 19
385 384 97 16
385 384 387 192 13
385 384 386 63 12
383 274 187
383 49 574 698 287 4
383 49 762 758 759 474 275 4
383 281 30 5
383 0 451 160 36
383 0 451 147 355 3
383 0 368 364 257 2
383 0 413 414 6 3
383 510 626 147 8
383 510 626 137 177 2
383 510 445 575 91 1
383 510 519 518 598 474 275 10
383 510 519 518 598 600 290 6
383 387 192 7
383 386 63 12
383 384 386 63 1
375 199 74
375 435 342 14
375 705 765 308 2
375 377 297 2
375 377 763 138 9
370 238 96
370 176 285 17
370 176 175 116 15
370 71 613 665 259 231 5
370 71 74 206 26
370 591 592 191 2
370 591 589 212 14
370 369 368 364 257 11
370 369 364 257 14
370 368 364 257 1
370 367 716 319 318 20 3
370 367 716 714 111 1
370 366 129 24
370 366 369 364 257 4
370 366 368 364 257 2
370 366 364 257 5
370 364 257 1
349 323 96
349 29 9 26
349 595 717 65 1
337 605 609 207 2
337 214 537 316 19
337 214 230 45 10
337 214 230 170 132 1
337 214 144 34 481 131 2
337 214 144 489 315 13
337 214 144 195 235 2
337 144 195 235 7
337 144 190 279 37
337 341 340 528 139 3
337 341 338 187 2
337 340 528 139 14
337 339 338 187 24
337 338 187 42
336 341 114
336 330 298 30
336 445 575 91 11
336 445 494 295 29
336 341 338 187 8
336 340 528 139 1
336 338 187 9
336 295 335 194 12
336 295 342 57 12
336 295 709 776 116 51 3
336 295 709 705 765 308 5
336 295 294 170 132 2
336 295 293 389 426 124 8
334 303 84
334 283 285 432 62 2
334 283 285 512 458 457 54 1
334 283 284 133 332 22
334 335 194 8
333 300 42
333 776 116 51 24
333 799 278 29
333 799 506 229 11
333 332 402 203 42
331 259 82
331 45 137 177 8
331 400 358 41
331 330 298 19
331 329 163 48
328 52 81
328 635 636 23 15
328 330 298 23
328 330 534 147 355 14
328 329 163 2
328 329 330 534 147 355 14
328 329 294 170 132 3
326 326 69
326 421 419 606 112 58 7
326 421 419 606 147 355 13
326 137 177 29
326 400 358 9
326 396 269 42
326 523 599 271 1
326 523 527 277 270 10
326 323 262 35
326 294 170 132 11
321 179 111
321 322 318 20 22
321 320 292 45
321 319 318 20 11
321 318 20 1
308 331 107
308 311 103 38 26
308 311 158 137 9
308 310 128 44
301 95 92
301 642 174 23
301 474 275 39
301 304 430 428 210 7
301 304 103 38 20
301 303 613 665 259 231 12
301 303 613 668 31 79 1
297 250 52
297 531 530 625 86 10
297 298 607 96 230 8
297 298 25 180 23
297 298 296 136 4
297 296 136 12
292 581 580 280 40
292 581 579 330 2
292 720 381 215 7
292 720 721 276 23
292 605 609 207 10
292 605 607 96 230 11
292 605 607 96 624 102 6
292 348 785 783 718 246 15
292 590 592 191 7
292 522 148 7
292 294 170 132 1
292 294 327 348 8
292 293 389 426 124 37
292 293 317 191 61 1
292 313 334 29
292 313 312 86 277 2
292 1 31 79 14
286 40 72
286 473 59 28
286 289 288 333 14
286 289 287 14 15
286 288 333 30
286 287 14 14
279 105 41
279 282 344 7
279 281 30 48
279 280 241 8
279 217 697 69 204 12
279 217 380 335 194 5
278 29 99
278 470 400 358 19
278 470 469 320 11
278 470 443 498 499 63 263 12
278 217 380 335 194 3
278 217 216 268 339 15
275 149 63
275 237 121 38
275 472 256 254 175 23
275 272 239 46
270 226 100
270 220 219 729 728 261 7
270 469 320 23
270 146 208 48 13
270 216 268 339 9
269 80 58
269 271 356 46
267 359 77
267 481 131 21
267 224 226 189 13
267 224 225 223 103 6
267 629 293 36
267 268 339 27
267 266 306 27
263 13 126
263 386 63 3
263 386 387 192 5
263 421 419 606 147 355 2
263 421 419 606 609 207 4
263 421 419 606 609 268 339 2
263 421 419 497 84 2
263 212 51 75 50 12
263 264 35 29
248 123 57
248 591 589 212 2
248 582 294 327 348 7
248 252 19 39
242 233 166
242 281 30 5
242 281 282 344 5
242 257 578 69 4
242 25 180 2
242 213 252 19 1
242 244 582 580 280 11
242 244 566 563 283 8
242 244 643 162 26
242 243 82 4
241 219 90
241 252 19 38
241 244 643 162 20
238 205 93
238 347 346 242 35
238 315 617 556 321 11
238 492 494 295 4
238 610 132 131 182 4
238 610 624 102 20
238 610 624 625 86 8
238 239 410 171 168 135 7
238 239 410 409 125 29
238 239 433 260 14
238 237 121 12
238 237 568 145 5
234 272 84
234 431 259 231 16
234 450 329 21
234 444 491 90 7
234 444 491 489 315 21
234 444 440 583 587 282 3
234 444 440 271 356 6
234 444 440 448 127 2
227 70 54
227 538 133 16
227 226 189 32
227 223 103 46
218 324 52
218 222 220 219 729 728 261 8
205 251 106
205 299 664 108 37
203 16 110
203 98 255 27
203 200 27 4
203 199 769 244 1
203 199 201 200 27 2
203 199 201 198 152 40
203 199 200 27 5
203 198 152 49
194 146 128
194 599 271 16
187 304 113
187 41 567 565 178 26
187 41 567 563 283 5
187 41 134 211 4
187 526 528 139 16
187 552 49 37
187 552 550 268 3
187 189 253 47
187 188 87 19
186 33 94
186 31 79 2
186 31 126 110 2
186 300 668 31 126 110 2
186 189 253 1
186 188 87 4
178 289 140
178 273 272 239 6
178 182 126 110 12
178 179 96 43
167 201 135
167 612 676 53 32
167 612 617 556 321 9
167 612 617 695 143 5
166 193 123
166 702 724 273 4
166 162 435 342 20
166 162 435 437 218 5
164 0 97
164 243 82 39
164 619 110 78 3
164 612 617 695 143 28
141 478 128 144 2
141 146 208 48 9
141 146 140 120 349 2
141 146 140 638 351 34
141 145 716 714 111 27
141 144 190 279 2
141 144 190 191 61 2
141 142 344 342 57 3
141 142 775 44 6
141 152 222 25
141 155 240 18
141 155 154 71 6
141 159 89 17
141 161 336 49
141 610 624 625 86 2
141 610 294 327 348 15
141 140 638 351 5
138 42 114
138 174 141 5
138 109 157 9
138 139 137 177 21
138 139 135 104 26
138 137 177 12
138 135 104 47
127 60 60
127 777 352 9
127 556 321 23
127 350 362 361 310 21
127 126 110 42
124 75 162
124 363 21 36
124 771 17 26
124 440 448 127 8
124 123 287 14 22
124 122 10 39
118 48 578 69 10
118 632 112 34
118 453 687 158 5
118 453 445 494 295 8
118 453 445 497 84 3
118 453 454 39 9
118 121 291 26
118 120 349 42
111 4 63
111 701 718 246 19
111 113 317 33
111 112 58 26
111 112 110 78 8
111 110 78 23
102 350 63
102 320 292 9
102 101 347 40
102 101 243 82 9
102 101 103 38 1
93 294 72
93 310 128 20
93 310 590 592 191 16
93 50 650 651 37 6
93 50 69 204 23
93 52 95 5 14
89 314 132
89 446 320 292 18
89 446 320 318 20 1
89 446 497 84 5
89 91 88 134 22
89 91 87 181 7
89 90 88 134 24
89 87 181 23
82 301 123
82 151 26 14
82 780 237 45
82 420 767 140 6
82 174 141 42
82 174 175 116 6
82 81 312 35
82 81 766 765 308 11
73 335 57
73 74 206 40
73 72 113 35
70 126 73
70 632 112 8
70 290 249 338 187 9
70 290 249 252 19 16
70 290 433 260 20
70 290 294 327 348 1
59 2 128
59 98 255 22
59 63 263 5
59 62 411 208 4
59 62 63 263 19
59 62 61 569 236 12
59 62 61 569 570 225 2
59 62 61 63 263 2
59 60 63 263 3
58 306 305 271 356 40
58 634 346 48
58 631 497 84 44
58 230 170 132 2
58 230 170 168 135 1
58 103 38 37
58 103 363 21 5
58 131 182 39
58 133 332 3
58 55 767 140 4
58 53 511 773 8 5
58 53 50 69 204 8
58 52 95 96 624 625 86 5
58 52 55 767 140 2
58 52 90 88 134 5
44 154 38
44 769 244 5
44 769 767 140 9
44 480 266 3
44 480 481 131 3
44 46 55 22
43 354 178
43 672 254 42
43 659 599 271 12
43 659 107 88 11
43 659 662 27 98 8
43 659 661 670 169 3
43 507 117 13
43 352 554 172 25
43 352 554 131 182 3
43 352 554 553 94 9
43 352 578 69 2
43 352 402 203 1
43 42 195 6
43 41 134 211 23
43 41 42 195 9
43 4 432 62 5
43 4 68 183 184 107 14
43 4 680 29 9 10
40 164 54
40 630 74 206 31
40 630 633 670 169 1
40 630 629 293 7
40 542 202 27
40 773 8 8
40 773 592 191 3
35 119 96
35 128 144 33
35 345 176 175 116 1
35 36 46 55 11
35 34 481 131 11
32 264 75
32 592 191 27
32 189 253 15
32 355 356 426 124 2
32 355 356 426 427 142 3
32 355 414 6 4
32 355 418 575 91 4
26 115 51
26 590 589 212 4
26 590 589 592 191 11
26 424 232 22
26 424 730 15 11
26 28 183 9
17 176 163
17 396 269 11
17 396 394 165 12
17 518 598 600 290 6
17 3 340 528 139 12
17 3 99 636 23 1
17 20 16 247 31
17 19 74 4
17 18 20 16 247 9
17 18 19 74 6
17 16 247 18
14 73 155
14 461 30 29 9 6
14 325 140 134 211 12
14 145 716 714 111 3
14 145 196 7 25
14 19 74 36
14 16 247 6
14 16 387 192 2
14 16 556 321 2
7 159 64
7 636 23 23
7 202 200 27 25
7 611 133 332 18
7 611 616 158 137 1
7 611 634 346 17
7 5 10 188 31

