-- The C compiler identification is GNU 6.3.1
-- The CXX compiler identification is GNU 6.3.1
-- Check for working C compiler: /usr/bin/cc
-- Check for working C compiler: /usr/bin/cc -- works
-- Detecting C compiler ABI info
-- Detecting C compiler ABI info - done
-- Detecting C compile features
-- Detecting C compile features - done
-- Check for working CXX compiler: /usr/bin/c++
-- Check for working CXX compiler: /usr/bin/c++ -- works
-- Detecting CXX compiler ABI info
-- Detecting CXX compiler ABI info - done
-- Detecting CXX compile features
-- Detecting CXX compile features - done
-- Configuring done
-- Generating done
-- Build files have been written to: /home/sean/Workspace/Huawei/SDK-gcc/build
Scanning dependencies of target cdn
[ 25%] Building CXX object CMakeFiles/cdn.dir/cdn.cpp.o
[ 50%] Building CXX object CMakeFiles/cdn.dir/deploy.cpp.o
[ 75%] Building CXX object CMakeFiles/cdn.dir/io.cpp.o
[100%] Linking CXX executable /home/sean/Workspace/Huawei/SDK-gcc/bin/cdn
make[2]: *** Deleting file '/home/sean/Workspace/Huawei/SDK-gcc/bin/cdn'
make[2]: *** [CMakeFiles/cdn.dir/build.make:147: /home/sean/Workspace/Huawei/SDK-gcc/bin/cdn] Interrupt
make[1]: *** [CMakeFiles/Makefile2:68: CMakeFiles/cdn.dir/all] Interrupt
make: *** [Makefile:84: all] Interrupt
-- The C compiler identification is GNU 6.3.1
-- The CXX compiler identification is GNU 6.3.1
-- Check for working C compiler: /usr/bin/cc
-- Check for working C compiler: /usr/bin/cc -- works
-- Detecting C compiler ABI info
-- Detecting C compiler ABI info - done
-- Detecting C compile features
-- Detecting C compile features - done
-- Check for working CXX compiler: /usr/bin/c++
-- Check for working CXX compiler: /usr/bin/c++ -- works
-- Detecting CXX compiler ABI info
-- Detecting CXX compiler ABI info - done
-- Detecting CXX compile features
-- Detecting CXX compile features - done
-- Configuring done
-- Generating done
-- Build files have been written to: /home/sean/Workspace/Huawei/SDK-gcc/build
Scanning dependencies of target cdn
[ 25%] Building CXX object CMakeFiles/cdn.dir/cdn.cpp.o
[ 50%] Building CXX object CMakeFiles/cdn.dir/deploy.cpp.o
[ 75%] Building CXX object CMakeFiles/cdn.dir/io.cpp.o
[100%] Linking CXX executable /home/sean/Workspace/Huawei/SDK-gcc/bin/cdn
[100%] Built target cdn
