127

157 16 111
157 83 30 43
157 83 80 51 2
157 159 34 14
157 158 58 45 14
157 156 63 1
157 150 159 34 9
154 38 95
154 30 29 40 19
154 152 47 15
149 24 115
149 145 148 49 9
146 53 97
146 29 40 7
146 148 49 45
146 145 148 49 10
142 54 97
142 3 36 17 16
142 3 130 58 24
142 3 130 99 37 3
142 3 130 131 33 6
142 143 7 19
137 3 66
137 156 63 22
137 138 136 20 13
135 67 53
135 48 62 18
135 114 61 24
135 52 27 16
135 136 20 10
132 13 65
132 150 159 34 18
132 150 152 47 24
132 134 64 10
132 133 52 27 4
129 50 82
129 116 136 20 25
129 2 28 6 5
125 2 83
125 126 94 14 23
124 15 56
115 5 121
115 114 61 40
113 8 99
113 112 15 65 14
111 18 99
106 69 90
106 9 8 23 21
106 107 56 10
106 103 130 131 33 5
104 42 102
104 122 68 59 10
104 122 143 7 1
104 122 144 11 9
104 107 56 29
104 105 107 56 4
101 55 97
101 158 156 63 10
101 140 144 11 15
101 140 148 49 11
101 140 139 143 7 10
100 43 69
91 44 97
91 60 51 52 27 21
87 57 67
87 47 46 28 6 39
87 86 85 70 22
87 85 70 17
76 60 63
74 29 102
74 62 41 57 0 1
74 21 68 19
73 26 107
70 19 54
70 71 1 29
69 12 263
69 9 8 23 15
69 50 49 9 13
69 50 48 62 4
69 57 0 24
69 121 30 29 40 25
69 71 1 4
67 39 91
67 68 59 13
66 10 163
66 151 152 47 29
66 35 32 25 16
66 46 28 6 4
66 46 99 37 11
66 68 59 6
65 21 80
65 51 52 27 17
65 80 51 45
63 4 114
63 0 58 45 6
63 0 134 64 7
63 0 36 17 4
59 36 76
59 18 52 28
59 40 116 136 20 2
59 40 48 62 6
59 58 45 12
55 28 54
38 71 89
38 134 64 16
38 39 57 0 5
37 31 89
34 22 64
34 26 28 6 18
34 35 32 25 3
34 32 25 11
33 41 96
33 49 9 19
24 66 132
22 32 129
22 126 94 14 13
22 45 20 144 11 20
22 45 46 99 37 1
22 45 46 99 18 52 20
22 25 136 20 9
17 35 119
17 2 28 6 5
17 2 36 17 2
17 15 65 37
6 48 121
5 46 208
5 7 0 36 17 26

