253

290 73 67
290 288 287 86 15
290 287 86 1
290 216 286 56 21
290 216 211 94 119 22
285 53 181
285 171 294 61 13
285 281 10 41
282 98 66
280 72 88
280 283 263 262 74 11
280 281 10 2
279 39 134
279 101 103 19 18
279 0 63 58 7
279 281 10 37
276 44 93
276 24 33 17
276 94 119 18
276 214 4 84 17
276 214 269 52 16
276 275 96 17
273 125 119
273 275 96 2
271 42 116
271 99 0 30
271 272 133 40
271 270 75 74 66 1
271 270 272 133 6
267 107 46
267 17 25 102 12
267 17 16 71 1
267 268 269 52 19
266 69 51
265 9 89
265 120 72 7 22
265 120 210 215 25 102 5
265 217 261 227 112 32
265 217 261 262 74 1
265 217 215 25 102 3
257 70 64
250 75 92
250 247 108 15
250 246 22 21
249 97 126
249 247 108 40
249 246 22 40
249 246 247 108 7
244 59 98
238 49 76
238 210 215 220 130 7
238 210 223 221 14 18
238 210 235 46 24
230 82 108
230 212 260 116 9
230 20 41 114 4
230 20 35 36 17
230 233 27 22
230 231 281 10 5
230 231 218 136 67 21
230 231 218 297 298 88 13
230 227 112 25
228 118 85
228 233 27 27
228 227 112 8
224 15 78
222 123 105
222 223 221 14 3
207 132 90
207 204 208 13 4
206 18 109
206 251 208 13 16
206 21 74 66 2
206 21 233 27 3
206 208 13 8
206 173 208 13 8
206 173 256 72 7 2
200 60 108
200 203 202 201 16 6
200 202 201 16 31
200 172 125 38 39 51 19
200 172 191 103 24
200 172 124 287 86 7
199 32 96
199 36 234 111 6
195 54 39
195 85 134 13
195 194 20 3
193 115 147
193 188 37 15
193 196 194 20 25
193 194 20 10
186 45 56
186 16 71 22
186 189 113 35
186 188 37 47
183 29 102
183 293 25 8
178 76 175
178 111 55 75 74 66 12
178 49 219 30 17
177 64 125
176 48 103
176 50 208 13 34
174 38 57
174 170 171 294 61 14
165 31 93
165 236 96 272 133 2
165 163 53 189 113 20
165 163 161 92 17
165 161 92 40
162 77 95
162 212 260 116 21
162 164 161 92 4
160 79 71
160 164 161 92 3
160 157 23 37
156 6 40
156 128 1 5
156 155 110 23
156 155 196 194 20 4
154 80 67
153 109 72
153 55 75 74 66 22
149 34 81
149 248 247 108 8
149 151 150 40 3
149 150 40 11
149 122 16 71 3
149 122 91 87 15
148 99 94
148 150 40 47
147 93 194
147 70 235 46 5
147 150 40 39
143 43 81
143 298 88 28
143 93 98 62 3
143 142 47 13
140 106 77
134 50 94
134 239 241 83 18
134 26 91 9
134 136 67 38
132 17 207
132 2 65 36
132 119 136 67 15
132 130 123 35 36 4
131 21 65
131 171 294 61 4
113 11 101
113 220 130 2
113 220 219 30 2
112 68 67
112 242 241 83 22
107 126 92
107 85 134 29
107 103 19 21
106 124 98
106 142 47 35
106 2 65 36
106 123 35 36 22
106 123 298 88 4
106 121 139 243 103 19 2
106 103 19 32
105 94 136
105 103 19 3
97 129 212
97 98 62 30
97 94 119 12
97 93 98 62 5
89 101 131
89 72 7 9
89 99 0 17
89 88 77 85 20
89 87 171 294 61 11
86 63 98
82 78 132
82 64 297 298 88 8
82 64 297 298 127 12 21
82 64 63 58 8
82 83 104 14
81 81 78
81 264 16 71 13
81 85 134 6
81 84 275 96 5
81 84 83 104 13
81 83 104 16
79 117 88
79 124 287 86 10
79 124 295 293 25 25
71 122 40
69 57 84
68 55 138
68 235 46 8
68 64 63 58 11
66 5 109
61 3 128
61 38 39 51 9
61 60 100 12
59 41 93
59 60 100 18
57 95 93
57 221 14 15
57 221 219 30 7
52 26 91 37
52 44 28 33
52 91 87 40
52 95 98 62 20
52 95 96 272 133 14
52 95 96 98 62 2
52 211 94 119 12
52 51 54 74 66 5
52 51 54 74 76 8 8
52 51 75 74 76 8 14
52 51 77 85 18
52 50 208 13 5
52 50 62 128 12
52 22 43 63 58 2
45 105 187
42 127 52
42 41 114 35
33 90 136
31 131 144
31 26 91 38
30 89 117
30 27 260 116 26
23 24 181
23 297 298 127 12 1
23 201 16 34
23 56 289 287 86 14
23 56 73 72 7 8
23 25 102 14
23 24 33 8
18 4 73
18 88 77 85 5
18 88 77 78 35 5
15 121 87
12 120 141
12 85 134 24
12 85 235 46 9
12 85 83 104 6
12 13 157 23 6
12 11 43 63 58 10
12 1 296 41 114 4
12 1 296 293 25 3
12 1 16 71 11
12 1 0 63 58 2
12 1 0 4 84 5
7 26 108
5 2 67
5 128 1 22
5 293 25 10

