633

799 77 97
799 600 111 746 63 18
799 600 665 239 18
799 607 558 748 310 8
799 607 103 137 1
799 797 226 12
791 14 65
791 792 110 44
790 12 129
790 360 198 9
790 397 559 4 27
790 397 399 140 9
790 602 171 36 12
790 789 115 330 2
790 788 15 14
787 81 84
787 708 13 308 2
786 97 138
786 414 754 8 573 369 165 5
786 708 13 308 11
786 708 707 775 331 4
786 708 701 627 180 18
784 172 142
784 24 326 15
784 5 93 327 3
784 71 74 103 137 10
781 152 91
781 504 32 15
781 2 441 240 3
781 2 532 113 19
781 2 1 638 256 9
780 108 98
780 783 718 340 37
778 71 59
778 726 197 28
778 291 648 205 20
778 776 43 49
774 258 103
774 773 772 771 282 30
770 220 106
770 771 282 10
767 300 93
767 532 113 2
767 299 296 22 15
767 769 280 17
757 130 138
757 564 21 17
757 761 758 7 37
757 759 705 763 764 114 4
757 759 705 765 266 3
756 342 63
756 329 93 40
756 755 50 38
756 754 8 573 369 165 5
751 80 80
751 201 206 269 150 9
751 752 323 322 284 12
750 185 139
749 75 86
749 256 202 16
749 665 239 4
749 2 1 638 256 21
744 323 58
742 148 113
742 206 269 150 18
742 743 741 58 11
742 741 58 26
738 167 124
737 223 117
737 456 9 8 573 369 165 2
733 358 52
733 325 311 312 53 6
733 732 292 17
729 139 98
729 670 263 35
725 189 79
725 391 584 52 9
725 726 197 17
722 132 63
722 483 334 44
722 724 721 418 34 11
722 724 721 719 349 17
722 724 719 349 4
722 723 719 349 11
722 719 349 22
713 46 171
713 526 446 275 10
713 526 511 514 216 1
713 712 235 11
713 710 358 359 42 3
711 293 128
711 714 712 235 3
711 712 235 35
711 710 358 359 42 2
696 336 112
696 697 249 24
696 695 229 6
694 245 115
694 355 296 26
694 691 324 10
686 98 80
686 155 109 17
686 687 685 141 34
686 685 141 14
682 159 42
682 167 144 28
679 176 84
679 150 190 27
675 157 98
675 609 691 324 16
674 57 75
669 166 54
669 614 27 15
663 248 96
663 559 4 16
663 74 103 137 34
663 74 57 309 13
663 606 7 8 573 369 165 1
655 64 67
655 656 3 21
653 49 126
653 614 27 4
653 508 218 16
653 604 448 449 24 5
653 604 609 691 324 13
653 604 608 3 22 295 6
653 604 644 645 348 2
653 604 600 665 239 10
646 213 89
642 133 103
641 184 243
641 490 118 33
641 518 519 136 2
641 143 399 140 5
634 246 106
634 13 308 27
634 635 332 333 238 3
633 131 166
633 670 263 12
631 325 133
631 498 9 24
631 628 627 180 23
629 255 129
629 627 180 16
625 143 43
625 626 83 13
623 84 87
623 624 151 13
623 622 339 45
619 124 247
619 110 108 107 66 22
619 142 360 198 42
619 142 162 1 5
619 618 120 34
617 72 69
617 75 775 331 14
617 75 76 114 274 15
612 111 37
612 613 314 36
598 359 52
598 193 169 13
598 596 207 10
598 595 45 21
597 290 218
597 503 504 32 4
597 281 192 666 664 233 3
597 281 388 335 25
597 596 207 38
597 595 45 42
593 232 49
593 484 123 20
593 594 717 316 1
593 527 592 429 355 15
593 527 585 586 30 2
590 11 102
590 246 54 24
590 588 199 12
589 287 146
589 588 199 17
587 318 113
587 388 335 26
587 543 347 3
580 206 140
580 15 104 36
579 307 57
579 582 398 112 21
579 582 171 36 9
568 162 83
568 575 573 369 165 2
568 567 115 17
566 40 94
566 274 353 594 717 316 12
566 563 281 24
565 269 36
565 564 21 43
565 563 281 10
556 346 106
556 341 614 27 13
556 666 664 233 26
555 225 100
555 709 797 226 3
555 553 350 8 3
550 138 106
550 146 446 275 22
550 146 147 288 21
548 38 119
548 602 171 36 21
548 602 624 151 10
546 268 61
546 563 281 14
546 637 603 169 251 30
541 154 78
541 543 347 14
540 121 93
540 350 8 25
540 222 37 49
540 332 333 238 23
540 273 707 775 331 7
540 144 182 212 12
540 543 347 15
537 332 112
537 255 577 576 289 1
537 225 302 24
537 539 538 95 7
537 538 95 27
533 343 56
533 536 534 129 16
533 535 718 340 12
533 535 534 129 2
533 534 129 15
533 521 150 190 20
502 19 75
502 613 314 13
502 504 32 41
501 356 108
501 577 576 289 35
501 504 32 7
501 504 486 299 3
495 20 44
495 498 9 41
495 496 499 498 9 1
482 149 50
482 483 334 34
479 35 92
479 771 282 21
479 709 797 226 16
479 709 702 433 96 4
479 478 303 15
475 44 193
475 399 140 21
475 473 608 3 22 295 17
475 473 477 476 400 350 13
475 461 288 156 18
475 461 480 0 23
472 70 97
472 476 400 350 7
472 474 296 22 9
471 311 123
471 460 193 169 24
471 460 193 195 329 8
471 460 463 491 493 244 13
469 305 54
469 343 265 17
469 470 294 40
468 51 74
468 382 247 1
468 614 27 10
468 470 294 30
468 460 463 491 493 244 3
468 460 463 491 493 492 158 6
468 460 463 491 492 158 1
466 217 78
466 470 294 5
465 61 125 8
465 508 218 46
465 512 350 8 11
465 512 515 511 514 216 1
465 512 514 216 2
465 464 348 795 449 24 5
465 463 491 492 158 4
465 463 494 116 8
465 463 500 504 486 299 2
465 462 319 236 5 7
465 203 204 433 96 5
465 203 204 717 316 13
465 203 204 61 125 10
465 203 234 171 5
465 203 236 5 11
458 85 87
453 10 94
450 222 107
450 406 418 34 16
450 290 126 15
450 168 92 35
450 0 155 109 5
450 0 664 233 15
450 0 1 638 256 3
450 0 1 3 22 295 1
440 61 92
439 69 70
439 444 443 102 4
439 442 443 102 16
439 442 441 240 9
438 286 66
438 372 763 764 114 11
438 372 143 399 140 10
438 497 25 32
438 436 147 12
437 241 61
437 370 369 165 7
437 436 147 22
430 193 121
428 262 95
428 24 326 7
428 427 94 13
425 41 131
425 426 60 7
422 264 100
422 423 173 29
419 304 169
419 115 330 38
419 421 273 17
416 2 42
413 283 106
412 194 93
412 170 169 251 10
412 73 423 173 11
412 73 776 43 19
412 73 567 115 1
412 73 76 114 274 10
405 183 106
405 192 666 664 233 5
405 192 195 329 9
405 192 191 195 329 5
405 497 25 12
405 392 697 249 27
405 392 697 695 229 9
405 392 145 144 182 212 2
402 352 224
402 303 664 233 3
402 303 211 306 19
402 404 558 748 310 4
401 320 88
386 315 133
386 732 292 9
384 210 83
384 420 423 173 21
384 420 421 273 16
384 385 170 38
383 90 57
383 351 236 5 31
383 351 275 347 194 195 329 13
383 248 253 4
383 382 247 1
383 279 741 58 5
383 279 281 388 335 10
383 279 270 284 797 226 2
383 279 270 289 106 9
383 279 270 290 126 2
383 279 270 297 296 22 9
380 28 97
380 381 379 201 15
378 128 98
378 69 16 40
378 390 400 350 5
378 379 201 24
375 328 158
375 485 486 299 22
374 261 97
374 372 143 399 140 7
349 29 134
349 37 38 55 13
345 271 61
339 142 158
338 31 67
338 293 301 27
337 6 58
337 776 43 30
330 160 84
330 630 627 180 6
330 398 112 18
330 514 216 16
330 0 1 3 22 295 3
330 329 93 28
328 82 67
328 648 205 39
328 431 100 46
324 257 154
324 326 230 45
318 277 53
318 319 236 5 10
317 177 100
308 319 110
308 312 53 15
306 341 64
292 175 88
292 293 301 35
287 250 57
285 227 90
285 288 156 23
285 286 288 156 13
267 89 27
267 269 150 23
267 268 470 294 5
265 39 157
265 702 433 96 7
265 263 322 24
265 262 344 33
264 242 154
261 91 185
261 393 394 429 355 2
261 259 262 344 3
260 333 109
260 263 322 21
260 262 344 24
260 258 263 322 17
254 231 101
254 313 56 32
254 424 426 60 35
251 146 80
251 704 747 748 310 4
251 704 747 746 63 13
251 704 703 741 58 1
251 250 178 9
249 47 70
249 250 178 24
247 313 117
247 342 343 265 44
247 248 253 21
247 246 54 46
245 105 104
245 441 240 40
245 248 253 40
245 246 54 10
243 252 67
243 409 243 42
243 409 411 127 5
240 168 158
240 241 343 265 1
240 238 187 32
235 101 27
235 567 115 25
233 155 190
233 635 332 333 238 1
233 391 584 52 12
233 232 285 17
233 230 231 232 285 21
233 230 228 232 285 2
233 228 232 285 14
233 228 232 445 186 3
233 227 86 5
226 74 35
226 269 150 7
226 225 302 22
220 260 70
220 276 277 792 110 3
220 276 357 359 42 10
220 276 273 707 775 331 3
220 222 37 39
220 221 219 145 26
220 219 145 11
218 163 122
218 92 93 327 10
218 217 222 37 4
209 103 56
209 211 306 35
208 209 105
208 212 211 306 6
207 164 85
207 40 227 86 17
207 40 290 126 5
207 40 707 775 331 1
207 40 41 775 331 10
198 195 118
198 769 280 48
197 33 105
197 57 309 40
188 117 127
188 649 651 486 299 2
188 202 227 86 13
188 202 256 202 10
188 202 223 224 203 8
188 186 551 205 573 369 165 3
187 278 125
187 504 486 299 8
185 221 163
183 79 113
179 259 115
179 181 180 215 1
179 180 215 22
178 17 70
178 464 348 795 449 24 9
178 464 144 182 212 2
176 276 148
176 395 445 186 21
176 395 447 200 3
176 180 215 27
173 107 44
173 314 93 327 25
173 174 224 14
166 338 72
166 162 1 17
161 254 77
161 762 764 114 6
152 236 48
152 154 155 109 3
151 270 62
151 149 150 190 11
151 141 775 331 1
138 182 71
138 171 36 6
138 137 297 17
134 237 42
134 136 161 49
129 59 246
129 131 181 23
129 126 131 181 3
127 192 127
127 777 234 22
127 601 609 698 699 87 14
127 131 181 10
127 130 792 110 25
127 128 67 43
127 128 131 181 5
125 78 119
125 511 514 216 14
125 124 122 211 6
125 122 211 41
119 208 200
119 443 102 49
119 310 223 224 203 6
119 310 140 148 147 288 4
119 310 312 53 13
119 613 314 1
118 345 85
118 120 13 42
109 291 87
109 110 107 66 12
101 214 114
101 103 137 2
101 100 15 104 10
101 99 103 137 21
96 321 73
96 624 151 37
95 23 77
95 165 162 1 11
95 97 76 18
94 119 126
86 298 122
86 671 670 263 2
86 87 73 31
85 18 64
85 87 73 40
84 312 99
84 48 228 29
84 526 511 514 216 12
84 526 584 52 29
83 188 75
83 448 449 24 6
83 702 433 96 13
82 99 110
82 150 190 4
82 707 775 331 14
81 62 23
81 766 219 27
81 766 765 266 19
77 153 95
63 337 117
63 523 483 334 2
63 523 543 347 21
63 62 114 274 19
63 62 697 695 229 1
63 61 125 36
59 353 184
59 225 302 4
59 409 410 411 127 6
59 607 103 137 9
59 61 125 23
59 61 182 212 11
58 351 257
58 171 36 21
54 135 66
52 26 133
52 53 49 191 11
52 50 577 576 289 2
52 50 49 191 15
52 49 191 7
51 196 180
51 762 764 114 17
51 396 702 433 96 6
51 49 191 9
51 6 99 103 137 15
51 6 69 16 14
47 88 130
47 137 297 27
47 137 626 83 3
47 48 228 15
47 46 769 280 2
47 46 48 228 19
47 45 508 218 6
39 272 81
39 5 93 327 26
39 5 3 22 295 2
35 357 117
35 704 703 741 58 5
35 704 702 433 96 1
34 204 134
33 354 116
32 279 131
32 4 797 226 22
30 174 44
25 317 176
23 65 66
23 603 169 251 16
23 603 169 699 87 3
23 603 290 126 5
23 603 626 83 16
23 22 295 20
18 134 56
18 382 247 49
18 140 148 147 288 3
17 267 56
16 122 156
16 329 93 8
16 592 429 355 33
16 592 429 431 100 2
14 179 64
14 700 717 316 3
14 700 726 197 3
14 15 104 9
14 13 308 6
10 48 28
10 12 68 30

