666

796 226 44
796 23 356 47
796 798 56 30
796 795 448 77 9
788 202 87
788 789 90 8
788 787 786 789 90 17
788 786 789 90 18
780 242 91
780 778 781 244 8
776 241 101
776 333 320 12
775 282 114
775 611 521 97 19
775 777 774 253 18
775 774 253 41
773 101 168
773 114 58 9
773 592 229 31
769 21 74
769 295 347 4
769 46 325 11
769 46 484 208 2
769 46 48 38 212 4
767 179 110
767 527 526 204 26
767 295 347 3
767 768 543 548 547 113 8
767 768 543 547 113 2
767 768 543 545 202 309 6
765 285 18
765 766 286 7
765 764 272 8
761 170 59
760 321 80
760 85 1 10
759 106 75
759 478 679 678 337 7
759 557 205 19
757 135 87
757 261 409 249 8
755 57 69
755 621 96 42
755 741 553 570 568 53 12
755 741 553 575 271 5
754 54 202
754 366 78 39
751 28 80
751 571 232 16
751 352 82 239 3
739 174 58
736 42 131
736 104 73 20
735 256 110
735 743 747 251 10
728 34 60
720 152 37
720 778 781 244 4
720 721 304 20
720 719 558 142 3
720 719 690 366 78 16
717 137 78
717 793 792 794 201 1
717 577 150 28
717 2 569 54 160 5
717 2 569 570 568 53 7
717 2 29 357 8
717 713 185 165 10
716 290 22
716 486 488 210 3
716 715 80 32
716 715 713 185 165 1
716 714 682 348 11
716 714 692 693 729 236 3
716 714 692 709 177 5
710 19 190
710 319 276 34
710 319 752 314 12
710 539 541 540 235 11
710 711 709 177 8
707 154 115
707 28 425 162 28
707 28 29 357 2
707 28 26 29 357 3
707 708 6 17
700 83 122
700 306 119 2
700 730 139 13
700 217 276 143 9
700 217 218 344 23
700 3 6 784 108 33
700 699 698 361 330 6
700 699 698 362 23 6
700 698 362 23 8
695 335 52
695 697 161 34
695 696 693 729 236 14
687 350 80
687 134 550 488 210 20
687 689 144 26
686 164 157
686 638 37 48
685 200 89
685 207 86 14
685 684 227 49
675 49 97
675 676 468 469 311 8
675 676 6 784 108 3
675 670 216 218 344 19
675 670 266 609 274 257 1
665 38 131
665 484 208 18
665 557 205 16
665 166 226 228 218 7
665 166 161 164 23 356 4
664 197 82
664 256 151 18
664 552 146 225 18
664 552 583 220 180 4
664 552 566 91 15
664 744 597 196 30
662 136 48
662 560 354 23
662 315 327 2 6
662 315 318 352 19
662 96 166 7
661 240 150
661 29 357 32
660 221 110
660 80 270 8
660 252 228 19
660 659 149 1
658 147 75
658 638 37 32
658 657 172 6
654 140 27
654 784 108 25
654 656 655 277 12
654 655 277 5
649 211 52
649 650 52 24
647 163 55
647 646 296 9
644 3 51
644 643 124 30
642 355 76
642 786 789 90 3
642 115 183 4
642 241 51 30
642 241 566 91 7
637 346 112
636 331 51
636 541 540 235 12
636 741 553 575 271 9
636 635 209 301 10
636 635 101 248 7
636 635 634 231 1
636 634 231 6
632 118 140
631 265 113
631 680 681 678 337 2
630 15 92
627 146 76
627 219 216 218 344 4
627 75 488 210 4
627 75 74 202 309 27
627 629 42 122 10
627 629 584 287 9
625 158 93
625 82 239 32
625 139 93 20
625 624 268 10
622 299 123
622 623 349 30
622 621 96 18
620 316 166
620 623 349 23
620 621 96 5
620 621 623 349 4
620 621 619 16 20
620 619 16 28
618 173 135
618 77 781 244 5
618 77 154 251 168 9
618 610 679 678 337 9
618 610 626 131 184 11
618 610 626 785 792 794 201 5
608 222 113
608 607 18 6
608 555 550 488 210 2
608 555 550 560 354 12
608 555 355 350 131 184 8
608 555 355 350 361 330 2
605 43 53
605 416 298 4
605 691 584 287 1
605 691 703 74 10
604 278 96
600 351 31
600 601 243 25
594 190 48
594 597 196 14
594 596 95 20
593 22 79
593 597 196 7
593 596 95 12
588 261 74
588 538 105 3
588 590 101 248 16
588 587 209 38
580 99 94
579 66 139
579 791 794 201 26
579 581 260 264 308 87 18
561 75 146
561 560 354 35
554 23 356 5
554 462 178 10
554 211 315 14
554 39 110 45
554 370 369 191 9
554 586 138 36
554 592 229 18
554 551 402 584 287 21
554 551 1 583 220 180 17
542 92 101
542 547 113 30
542 544 27 34
533 798 56 42
533 534 245 40
532 234 74
532 458 597 196 5
519 156 152
519 518 181 9
519 517 521 97 9
519 517 516 518 181 6
513 5 83
513 515 24 35
513 514 515 24 9
513 511 280 35
512 327 125
512 364 50 24
512 511 280 40
506 102 89
506 369 191 28
506 359 617 525 297 300 6
506 359 356 585 584 287 13
506 359 356 691 703 74 9
506 359 353 251 168 3
506 359 353 439 353 4
506 359 352 82 239 8
504 100 106
504 578 50 175 12
503 213 97
503 56 259 32
503 175 703 74 1
503 175 227 228 218 1
503 175 266 609 274 257 8
503 175 266 609 607 18 2
502 72 123
502 313 80 270 8
502 376 128 17
495 295 17
495 494 159 25
492 292 110
483 264 102
483 482 39 6
483 480 469 311 4
481 267 44
481 482 39 8
477 35 49
477 292 203 28
477 729 236 9
477 119 114 13
477 473 238 26
476 71 95
476 468 469 311 10
476 742 439 353 14
476 742 57 203 207 86 3
476 742 559 748 31 10
476 742 741 553 575 271 8
476 742 741 764 272 1
475 69 324 31
475 473 238 9
475 473 276 143 5
472 46 75
470 328 75
470 72 74 114 58 8
470 72 101 248 8
465 254 154
465 22 141 34
465 464 462 178 4
465 462 178 30
449 260 165
449 745 67 65 193 19
447 219 176
447 85 1 44
447 448 77 10
444 308 101
444 231 206 18
444 445 443 167 233 336 4
442 29 105
442 459 683 251 168 2
442 459 538 105 4
442 459 545 202 309 1
442 459 545 544 27 6
442 446 443 167 233 336 1
442 441 546 544 27 4
440 323 48
440 34 592 229 16
440 34 35 269 29
440 439 353 28
436 188 84
436 656 655 277 11
434 283 71
434 435 167 25
430 333 66
430 324 323 293 22
430 431 358 34
424 233 142
424 640 521 97 15
424 640 260 264 308 87 9
424 640 260 264 311 68 3
424 426 425 162 13
424 425 162 5
424 358 154 251 168 18
420 326 54
420 184 709 177 1
420 184 690 521 97 18
417 274 82
417 416 298 38
408 207 49
408 242 4 6
404 134 122
404 172 586 138 14
403 342 78
403 559 748 31 9
403 559 558 142 29
403 559 558 560 354 4
401 36 84
401 402 584 287 2
401 402 399 182 8
401 399 182 24
389 76 72
389 347 314 318 352 7
388 294 65
388 745 67 65 193 1
388 745 69 324 6
388 387 338 4
380 252 154
380 7 4 582 343 30
380 228 218 30
380 379 659 149 13
380 377 307 45
378 192 112
378 379 659 149 14
378 377 307 2
375 40 113
375 376 128 5
368 81 68
368 366 78 30
349 258 163
349 347 314 318 352 5
346 313 72
346 515 24 12
346 548 547 113 14
346 692 722 279 23
345 32 83
345 376 128 50
345 37 65 27
345 37 38 212 10
345 343 112 35
345 268 568 53 4
345 268 333 320 7
344 125 74
344 120 60 41
344 691 703 74 19
344 691 706 70 12
342 195 28
338 64 96
338 227 228 218 6
338 339 0 4
337 217 149
337 798 56 11
337 697 161 7
337 456 425 162 11
337 456 454 68 33 2
337 340 522 116 11
337 340 482 39 8
337 339 0 47
336 85 123
336 96 166 29
326 312 104
326 139 93 22
326 327 2 6
320 303 76
320 104 73 29
320 454 68 33 8
320 168 214 220 180 6
320 168 242 4 23
316 47 109
316 488 210 3
316 318 352 3
312 131 142
312 311 68 1
307 306 25
307 309 255 22
307 308 87 31
307 306 119 2
304 104 108
304 431 358 23
304 431 462 178 11
304 305 277 280 41 13
303 10 61
303 539 541 540 235 2
302 340 131
298 12 37
298 607 18 4
298 297 300 4
294 291 69
294 584 287 11
294 2 29 357 1
294 296 176 5
294 295 347 18
293 223 52
293 125 62 4
293 296 176 15
293 295 347 8
287 67 167
287 747 251 2
287 778 781 244 4
287 611 521 97 9
287 611 521 522 116 7
287 611 616 743 747 251 4
287 353 439 353 5
273 237 54
273 274 257 10
269 17 124
269 721 304 15
269 387 338 21
269 165 575 271 5
269 165 167 233 336 10
259 25 87
259 256 151 18
258 20 179
258 74 114 58 2
253 121 118
253 309 255 31
253 309 306 119 11
253 252 228 33
250 194 74
250 120 60 23
250 120 50 175 1
248 98 116
248 460 61 18
248 249 94 14
245 262 115
245 582 343 21
240 84 95
240 159 55 37
240 103 68 33 6
239 133 104
238 127 61
238 249 94 24
238 540 235 10
238 235 315 318 352 10
238 235 496 123 26
238 235 6 784 108 3
238 235 6 68 33 2
232 224 169
232 634 231 43
232 265 268 333 320 13
232 231 206 10
232 230 148 21
224 45 99
224 78 414 30 34
224 78 76 74 114 58 1
210 289 103
210 299 169 29
206 126 98
206 779 781 244 10
206 207 86 23
206 204 132 39
206 203 207 86 3
205 48 103
205 207 86 11
205 204 132 36
205 204 469 311 10
200 82 100
200 343 112 11
195 7 122
195 185 165 9
195 197 317 30
191 319 70
191 189 99 89 30
183 9 149
183 279 280 41 39
183 279 277 280 41 8
183 185 165 12
183 182 185 165 13
178 266 132
152 117 73
151 230 128
151 163 680 681 678 337 2
151 163 680 678 337 5
151 163 243 88 7
151 163 209 301 18
151 163 162 169 251 168 12
149 155 22
143 171 88
143 479 747 251 20
143 479 399 182 9
143 147 69 19
143 146 225 8
143 145 250 24
143 144 103 19
142 359 77
142 545 544 27 19
142 606 114 58 20
142 147 69 26
142 146 225 2
141 185 82
141 147 69 23
141 146 225 30
141 146 678 337 1
141 144 103 6
141 144 147 69 7
138 8 60
138 172 586 138 1
138 172 173 263 5
135 247 102
135 290 292 203 20
132 63 55
132 792 794 201 16
132 131 184 14
130 334 130
130 482 39 36
130 482 771 214 7
130 131 184 44
128 215 176
128 409 249 1
128 125 62 40
128 124 189 43
127 310 118
127 324 323 293 12
127 732 59 18
127 124 189 13
126 109 129
126 364 50 10
126 364 704 703 74 8
126 364 164 23 356 4
126 364 164 220 180 3
126 771 214 30
126 124 189 1
121 329 275
121 306 119 38
121 749 746 748 31 12
121 182 185 165 6
121 674 268 333 320 21
117 79 93
117 789 90 15
117 115 183 8
116 153 30
116 115 183 40
113 120 119
113 713 185 165 21
113 713 439 353 16
113 746 748 31 29
113 740 86 48 38 212 4
113 740 743 747 251 1
113 740 743 771 214 6
113 740 746 748 31 1
113 740 450 457 509 414 30 15
113 740 450 460 61 11
112 281 67
108 305 132
108 107 288 14
108 73 242 4 18
105 246 155
105 311 68 32
105 104 73 34
100 44 114
100 4 582 343 18
100 4 171 302 13
100 4 5 54 160 5
100 615 571 232 11
100 101 248 2
98 341 41
98 623 349 3
98 607 18 12
97 220 42
97 682 348 32
97 171 302 33
97 99 89 21
95 332 74
95 310 488 210 2
95 310 171 302 14
91 187 82
91 1 583 220 180 8
91 71 310 171 302 2
91 71 99 89 5
91 71 552 566 91 11
91 71 350 361 330 22
88 318 94
88 319 752 314 1
88 261 409 249 9
88 261 276 143 21
88 71 350 361 330 19
83 129 94
83 766 286 21
83 85 1 17
81 26 59
81 217 218 344 10
81 82 239 35
81 80 270 32
66 130 40
66 65 193 2
66 64 65 193 5
58 297 160
58 243 88 46
58 613 35 269 8
58 56 259 13
55 145 55
55 526 204 29
55 54 160 17
53 13 44
53 393 395 220 180 16
52 186 97
52 756 325 323 293 4
52 634 231 15
51 199 120
51 384 69 324 2
51 384 69 68 33 10
51 384 0 10 284 5
51 50 175 9
51 49 772 771 214 3
51 49 50 175 2
45 322 226
45 455 459 545 544 27 5
45 455 459 549 709 177 4
45 455 457 509 414 30 1
45 455 453 496 123 4
45 455 451 484 208 25
45 43 157 48
44 107 139
44 42 122 4
44 41 43 157 21
40 198 121
40 226 228 218 12
40 43 157 4
40 43 136 60 684 227 13
40 42 122 43
32 339 87
32 30 111 17
20 11 66
19 273 101
19 659 149 24
19 6 68 33 7
16 216 245
16 18 730 139 9
14 275 244
11 345 89
11 18 730 139 27
11 17 15 102 115 19
8 14 73
8 575 271 16

