664

798 149 124
798 533 534 253 9
798 797 279 129 9
798 797 513 544 167 12
795 281 81
795 454 45 44
795 796 331 8
790 4 88
790 360 754 579 578 172 11
790 750 433 434 49 19
790 750 752 111 11
790 793 294 34
790 792 791 14 4
783 208 119
783 447 70 41
783 711 337 36
775 191 92
775 41 676 140 27
775 72 535 278 6
775 144 181 320 8
775 776 774 61 9
771 199 84
771 770 772 302 2
766 97 67
766 767 16 29
764 71 100
764 740 225 8
764 761 323 46
763 329 110
763 765 238 40
763 761 323 33
757 87 75
757 566 24 19
757 146 204 201 27
757 146 140 692 691 175 160 1
757 146 140 651 117 3
757 756 48 44
748 118 61
748 560 409 65 1
748 746 747 3 15
748 746 744 752 111 6
742 344 48
742 102 240 13
742 429 165 46
737 125 69
737 461 22 197 9
737 611 124 4
737 738 236 41
733 404 10 35
733 426 216 28
733 736 582 75 4
733 758 19 28
733 760 27 38
733 772 302 44
726 305 57
726 736 582 75 20
726 728 226 49
726 725 728 226 1
715 263 80
715 716 578 172 30
715 714 264 39
715 712 154 20
713 145 91
713 395 299 357 20
713 712 154 26
706 190 187
706 631 258 138 8
706 553 556 747 3 20
706 553 587 2 11
706 553 552 574 207 2
703 86 57
703 791 14 40
703 5 642 268 26
703 705 233 15
703 704 105 176 13
703 627 694 205 4
703 627 732 447 70 10
701 72 72
701 700 62 91 25
701 700 62 63 126 1
695 170 51
695 409 65 35
695 555 610 217 15
695 696 266 10
693 198 92
693 691 175 160 16
690 215 78
690 410 343 19
690 689 300 29
685 135 48
685 682 151 89 4
685 625 735 788 53 1
685 625 620 627 732 447 70 12
685 625 620 622 285 196 4
684 175 81
684 532 334 48
684 313 256 12
675 185 64
675 47 58 35
665 317 161
665 580 92 10
665 425 794 796 331 9
665 667 325 49
665 664 673 636 144 181 320 4
665 624 629 498 21 12
665 624 629 714 264 17
663 224 107
663 373 77 17
662 243 91
662 107 62 19
662 642 268 16
656 84 72
656 649 228 15
656 21 100 24
656 211 64 65 315 12
656 211 186 144 2
656 211 222 594 198 338 10
656 211 212 241 234 12
656 211 210 539 542 274 8
656 654 298 26
652 141 63
652 189 232 17
652 654 298 8
646 189 86
646 786 260 48
646 649 228 15
646 647 1 45
646 645 649 228 23
646 645 647 1 5
646 645 647 161 39 3
646 621 311 273 3
646 621 629 714 264 8
646 621 629 717 123 15
641 162 46
641 1 143 280 242 241 234 1
641 1 143 280 281 52 3
641 642 268 45
641 640 69 28
638 50 126
638 327 11 23
633 132 77
633 301 262 20
606 96 242
606 422 155 20
604 158 116
604 607 613 79 27
600 81 120
600 602 17 18
600 601 171 31
598 157 91
598 626 476 133 15
598 626 667 325 6
591 261 53
591 640 69 21
591 593 590 301 11
591 592 219 37
591 592 590 301 7
591 590 301 13
585 349 144
585 753 796 331 4
585 753 752 111 17
584 235 106
584 789 324 3
584 680 676 140 12
581 173 24
581 580 92 21
581 578 172 7
573 36 60
573 575 574 207 13
573 575 571 574 207 1
573 574 207 8
562 257 159
562 582 75 28
562 565 339 33
562 563 565 339 11
562 563 564 82 36
561 44 172
561 564 82 2
561 563 564 82 2
558 271 135
558 336 696 266 8
558 343 31 193 10
558 343 314 243 13 4
558 343 472 332 3
558 559 59 13
557 212 124
557 779 74 7
557 551 138 115 10
557 551 431 723 721 252 4
557 551 431 434 49 29
557 559 59 27
547 146 98
543 326 50
543 351 159 22
541 32 51
541 565 339 29
541 542 274 18
541 540 164 19
541 539 542 274 7
527 128 96
527 767 16 18
527 1 143 280 281 52 3
527 1 143 280 279 129 13
527 528 213 42
527 511 512 381 309 1
527 511 512 105 176 20
527 511 530 475 476 133 5
525 202 188
525 3 397 462 103 11
525 3 46 231 18
521 327 121
521 393 395 299 357 18
521 393 429 165 5
521 393 390 261 127 2
508 328 101
507 179 89
507 509 340 19
505 293 95
505 651 117 2
505 506 728 226 4
504 80 199
504 630 301 262 4
504 630 629 717 123 2
504 630 629 722 279 21
504 630 6 791 14 6
504 400 498 21 5
504 400 399 486 104 18
504 400 390 261 127 16
502 270 63
502 499 200 19
501 187 73
501 499 200 8
497 139 59
497 634 208 8 25
497 426 216 25
485 247 90
485 654 298 20
485 177 333 49
483 186 32
483 486 104 3
480 321 42
480 669 510 789 324 17
480 669 510 268 381 309 8
480 669 671 258 138 3
480 46 231 8
474 242 76
474 404 10 7
474 478 731 736 582 75 1
474 478 731 736 138 115 18
474 478 731 732 447 70 4
474 478 731 743 203 8
473 330 114
473 728 226 26
468 143 78
468 466 359 28
467 85 113
467 382 106 10
467 444 287 19
467 464 472 332 11
465 304 76
465 199 178 20
465 476 133 11
453 295 99
453 343 472 332 14
453 457 251 18
453 454 45 13
445 68 87
445 712 154 39
442 346 98
442 370 371 153 7
442 391 390 261 127 6
442 441 283 13
439 20 110
438 107 91
438 264 261 127 11
438 512 105 176 1
438 512 538 284 4
438 440 734 735 788 53 1
438 440 734 735 791 14 1
438 440 734 781 114 24
438 440 734 730 243 13 5
438 394 399 486 104 3
438 394 444 287 11
436 183 74
435 122 97
435 23 796 331 7
435 23 24 433 434 49 2
435 23 24 22 197 7
435 23 22 197 23
430 109 99
430 644 489 490 297 23
430 311 273 5
430 429 165 38
428 218 112
428 124 126 43 18
428 124 122 78 15
428 613 79 31
424 40 85
424 422 155 2
423 113 143
423 392 205 204 201 3
423 392 398 390 261 127 1
423 392 398 390 611 124 11
423 392 418 417 130 10
423 392 551 431 434 49 5
420 316 106
414 277 105
414 250 314 10
414 416 180 14
414 415 416 180 27
411 90 81
408 237 83
408 410 343 4
402 182 106
388 35 86
388 589 588 239 17
388 589 587 2 20
383 28 83
383 255 290 24
383 556 747 3 14
383 556 613 79 5
383 382 106 28
383 382 381 309 11
383 381 309 1
378 31 256
378 69 471 472 332 2
378 535 278 45
378 373 77 21
378 342 718 717 123 1
378 342 344 370 371 153 2
377 249 89
377 380 373 77 24
374 116 155
374 7 10 33 16
374 373 77 9
366 356 59
366 770 772 302 11
366 512 538 284 2
366 512 539 542 274 10
357 5 62
357 356 354 229 4
357 354 229 27
353 136 56
353 31 193 28
352 64 69
352 785 204 16
352 629 722 279 21
350 259 69
350 535 278 19
350 535 327 11 2
350 515 7 7
350 486 104 9
350 351 159 24
350 351 243 13 5
350 340 649 228 1
350 340 324 756 48 14
350 340 324 322 245 4
347 220 80
347 346 37 15
347 345 779 74 26
347 345 346 37 1
337 214 78
337 336 696 266 1
337 336 343 472 332 13
335 161 118
335 94 786 260 18
335 344 370 371 153 17
334 66 167
334 786 260 14
334 786 785 204 3
332 56 131
332 756 48 43
332 328 42 1
330 181 88
330 331 142 30
330 328 42 8
329 168 56
329 331 142 4
329 328 42 10
325 94 102
325 407 144 181 320 6
325 517 399 486 104 16
325 517 399 491 60 6
325 327 11 12
325 326 335 34
320 222 81
319 169 139
319 102 240 12
319 321 785 204 1
316 47 64
316 266 101 31
312 98 112
312 498 21 26
312 313 256 28
312 311 273 47
308 211 85
308 261 127 13
308 309 93 140 651 117 1
308 309 174 342 19
308 309 166 165 347 3
308 309 310 54 19
307 30 43
307 306 121 26
305 134 111
305 230 404 10 10
305 230 231 341 20
303 151 131
300 188 115
300 301 262 32
300 299 357 4
298 312 75
298 667 325 3
298 301 262 6
298 301 198 338 6
294 131 65
294 296 295 210 20
294 296 293 743 203 3
294 295 210 12
294 293 743 203 16
286 163 151
286 651 117 20
286 747 3 9
286 285 196 39
286 284 285 196 5
278 206 89
278 58 172 138 115 11
278 281 52 34
278 279 129 25
277 267 86
277 275 227 43
277 275 225 288 4
276 241 108
276 534 253 46
276 274 310 24
276 216 281 52 15
273 67 30
273 610 217 5
273 272 481 29 18
267 265 62
267 740 225 33
267 266 101 16
263 258 62
263 342 344 370 371 153 4
263 342 363 41 13
263 262 261 127 9
263 261 127 5
253 352 74
253 254 247 250 314 2
249 166 164
249 251 250 314 46
249 250 314 38
248 307 101
246 303 91
246 540 164 13
246 245 38 10
246 243 13 50
239 306 73
239 450 452 0 30
239 620 622 285 196 2
236 299 24
236 237 313 7
224 308 140
224 722 279 31
224 722 721 252 11
224 226 225 288 24
224 225 288 13
221 683 120 50
221 322 245 40
221 326 335 4
221 730 243 13 2
221 216 281 52 10
221 215 509 340 30
221 214 258 138 10
221 212 241 234 8
221 212 244 417 130 17
221 211 210 539 542 274 9
221 211 210 539 540 164 3
221 210 539 540 164 8
202 292 74
201 194 44
201 779 74 31
197 358 37
197 199 178 49
193 73 113
193 410 343 32
193 49 282 11
191 105 94
190 76 63
190 180 51 10
190 189 232 39
187 152 90
187 186 144 27
187 185 275 39
183 348 61
183 61 63 126 35
182 23 81
182 126 43 12
182 181 320 16
182 180 51 20
178 9 118
178 157 141 152 209 2
178 15 582 75 4
178 100 98 250 21
178 177 333 35
176 221 104
176 774 61 33
176 349 788 53 8
176 365 364 363 41 3
176 365 363 41 6
176 185 275 3
176 185 186 144 13
170 148 128
170 499 200 23
170 395 299 357 11
170 395 397 462 103 4
170 174 342 7
170 171 177 38
162 88 168
162 678 676 140 31
162 516 515 7 22
160 353 39
160 161 39 46
159 285 75
158 254 67
158 310 54 30
156 345 62
156 155 153 156 13
156 153 156 5
154 195 47
154 153 156 5
147 25 104
147 528 213 22
147 545 466 359 11
147 148 112 23
136 83 59
136 167 410 343 17
136 167 165 347 18
136 138 115 22
133 55 116
133 132 289 11
133 130 132 289 38
131 322 106
131 132 289 26
129 192 201
129 619 785 204 3
129 449 448 137 21
129 449 447 70 14
129 14 542 274 4
129 14 331 142 23
129 14 331 409 65 13
129 128 119 22
129 127 777 276 16
129 127 128 119 16
125 336 98
125 514 515 7 14
125 126 43 15
125 122 78 50
123 99 85
123 122 78 2
119 230 125
119 448 137 27
119 749 753 752 111 6
119 749 752 111 10
119 177 333 26
119 341 256 255 290 24
119 341 475 476 133 19
118 57 108
118 50 49 282 15
118 258 138 25
115 351 99
115 789 324 30
115 789 788 53 6
115 774 61 6
113 350 78
110 95 110
110 611 124 27
110 111 93 6
110 73 151 89 6
110 73 76 536 538 284 10
110 73 76 696 266 17
110 73 72 535 327 11 7
109 354 81
108 296 86
108 111 93 40
99 246 108
99 554 532 334 2
99 554 593 590 301 9
99 100 98 250 9
99 97 291 20
99 71 481 29 10
99 71 90 286 5
99 71 102 240 28
96 248 49
91 34 106
91 640 69 12
91 92 108 33
91 92 225 288 2
91 90 286 10
89 184 52
89 92 225 288 5
89 90 286 17
87 147 6
86 110 64
86 674 272 12
86 85 718 717 123 18
82 63 264
82 151 89 20
82 151 152 209 16
82 674 272 36
82 780 781 114 20
82 780 779 74 10
82 174 342 21
82 215 509 340 2
82 145 172 138 115 9
82 83 674 272 20
82 70 61 63 126 12
82 70 71 102 240 4
80 18 113
80 618 137 319 13
80 205 204 201 14
80 244 417 130 17
80 244 245 38 28
77 102 48
68 311 94
60 318 110
60 688 689 300 11
55 174 64
55 199 178 15
55 74 635 63 126 12
55 74 311 273 3
55 74 234 232 532 334 15
55 57 198 338 25
52 26 171
52 98 250 28
52 6 791 14 9
52 6 2 111 93 3
52 6 0 11 12 355 9
51 280 80
51 575 571 574 207 13
51 49 282 8
48 244 59
48 47 58 19
48 47 137 319 8
48 47 132 289 8
48 47 132 63 126 4
45 6 46
45 46 231 8
40 15 132
40 285 196 6
37 255 74
37 128 119 22
32 12 82
32 33 186 144 14
32 31 193 42
30 150 35
30 29 223 29
26 22 67
20 269 68
20 21 100 17
20 19 212 244 245 38 1
16 46 235
16 594 198 338 10
16 736 138 115 6
16 17 208 8 12

